              t              M           TEMP          PRESS             RH            H2O            DEC       BLHEIGHT         DILUTE           JFAC           ROOF            RO2
  9.000000E+001  2.461493E+019  2.981500E+002  1.013250E+003 -1.000000E+000  3.910000E+017  4.100000E-001 -1.000000E+000 -1.000000E+000  1.000000E+000  1.000000E+000  3.490722E+009
  1.800000E+002  2.461493E+019  2.981500E+002  1.013250E+003 -1.000000E+000  3.910000E+017  4.100000E-001 -1.000000E+000 -1.000000E+000  1.000000E+000  1.000000E+000  6.164512E+009
  2.700000E+002  2.461493E+019  2.981500E+002  1.013250E+003 -1.000000E+000  3.910000E+017  4.100000E-001 -1.000000E+000 -1.000000E+000  1.000000E+000  1.000000E+000  8.060832E+009
  3.600000E+002  2.461493E+019  2.981500E+002  1.013250E+003 -1.000000E+000  3.910000E+017  4.100000E-001 -1.000000E+000 -1.000000E+000  1.000000E+000  1.000000E+000  9.539600E+009
  4.500000E+002  2.461493E+019  2.981500E+002  1.013250E+003 -1.000000E+000  3.910000E+017  4.100000E-001 -1.000000E+000 -1.000000E+000  1.000000E+000  1.000000E+000  1.079435E+010
  5.400000E+002  2.461493E+019  2.981500E+002  1.013250E+003 -1.000000E+000  3.910000E+017  4.100000E-001 -1.000000E+000 -1.000000E+000  1.000000E+000  1.000000E+000  1.189755E+010
  6.300000E+002  2.461493E+019  2.981500E+002  1.013250E+003 -1.000000E+000  3.910000E+017  4.100000E-001 -1.000000E+000 -1.000000E+000  1.000000E+000  1.000000E+000  1.287436E+010
  7.200000E+002  2.461493E+019  2.981500E+002  1.013250E+003 -1.000000E+000  3.910000E+017  4.100000E-001 -1.000000E+000 -1.000000E+000  1.000000E+000  1.000000E+000  1.373693E+010
  8.100000E+002  2.461493E+019  2.981500E+002  1.013250E+003 -1.000000E+000  3.910000E+017  4.100000E-001 -1.000000E+000 -1.000000E+000  1.000000E+000  1.000000E+000  1.449575E+010
  9.000000E+002  2.461493E+019  2.981500E+002  1.013250E+003 -1.000000E+000  3.910000E+017  4.100000E-001 -1.000000E+000 -1.000000E+000  1.000000E+000  1.000000E+000  1.516222E+010
  9.900000E+002  2.461493E+019  2.981500E+002  1.013250E+003 -1.000000E+000  3.910000E+017  4.100000E-001 -1.000000E+000 -1.000000E+000  1.000000E+000  1.000000E+000  1.574841E+010
  1.080000E+003  2.461493E+019  2.981500E+002  1.013250E+003 -1.000000E+000  3.910000E+017  4.100000E-001 -1.000000E+000 -1.000000E+000  1.000000E+000  1.000000E+000  1.626603E+010
  1.170000E+003  2.461493E+019  2.981500E+002  1.013250E+003 -1.000000E+000  3.910000E+017  4.100000E-001 -1.000000E+000 -1.000000E+000  1.000000E+000  1.000000E+000  1.672565E+010
  1.260000E+003  2.461493E+019  2.981500E+002  1.013250E+003 -1.000000E+000  3.910000E+017  4.100000E-001 -1.000000E+000 -1.000000E+000  1.000000E+000  1.000000E+000  1.713653E+010
  1.350000E+003  2.461493E+019  2.981500E+002  1.013250E+003 -1.000000E+000  3.910000E+017  4.100000E-001 -1.000000E+000 -1.000000E+000  1.000000E+000  1.000000E+000  1.750661E+010
  1.440000E+003  2.461493E+019  2.981500E+002  1.013250E+003 -1.000000E+000  3.910000E+017  4.100000E-001 -1.000000E+000 -1.000000E+000  1.000000E+000  1.000000E+000  1.784246E+010
  1.530000E+003  2.461493E+019  2.981500E+002  1.013250E+003 -1.000000E+000  3.910000E+017  4.100000E-001 -1.000000E+000 -1.000000E+000  1.000000E+000  1.000000E+000  1.814945E+010
  1.620000E+003  2.461493E+019  2.981500E+002  1.013250E+003 -1.000000E+000  3.910000E+017  4.100000E-001 -1.000000E+000 -1.000000E+000  1.000000E+000  1.000000E+000  1.843193E+010
  1.710000E+003  2.461493E+019  2.981500E+002  1.013250E+003 -1.000000E+000  3.910000E+017  4.100000E-001 -1.000000E+000 -1.000000E+000  1.000000E+000  1.000000E+000  1.869345E+010
  1.800000E+003  2.461493E+019  2.981500E+002  1.013250E+003 -1.000000E+000  3.910000E+017  4.100000E-001 -1.000000E+000 -1.000000E+000  1.000000E+000  1.000000E+000  1.893691E+010
  1.890000E+003  2.461493E+019  2.981500E+002  1.013250E+003 -1.000000E+000  3.910000E+017  4.100000E-001 -1.000000E+000 -1.000000E+000  1.000000E+000  1.000000E+000  1.916465E+010
  1.980000E+003  2.461493E+019  2.981500E+002  1.013250E+003 -1.000000E+000  3.910000E+017  4.100000E-001 -1.000000E+000 -1.000000E+000  1.000000E+000  1.000000E+000  1.937855E+010
  2.070000E+003  2.461493E+019  2.981500E+002  1.013250E+003 -1.000000E+000  3.910000E+017  4.100000E-001 -1.000000E+000 -1.000000E+000  1.000000E+000  1.000000E+000  1.958014E+010
  2.160000E+003  2.461493E+019  2.981500E+002  1.013250E+003 -1.000000E+000  3.910000E+017  4.100000E-001 -1.000000E+000 -1.000000E+000  1.000000E+000  1.000000E+000  1.977069E+010
  2.250000E+003  2.461493E+019  2.981500E+002  1.013250E+003 -1.000000E+000  3.910000E+017  4.100000E-001 -1.000000E+000 -1.000000E+000  1.000000E+000  1.000000E+000  1.995125E+010
  2.340000E+003  2.461493E+019  2.981500E+002  1.013250E+003 -1.000000E+000  3.910000E+017  4.100000E-001 -1.000000E+000 -1.000000E+000  1.000000E+000  1.000000E+000  2.012267E+010
  2.430000E+003  2.461493E+019  2.981500E+002  1.013250E+003 -1.000000E+000  3.910000E+017  4.100000E-001 -1.000000E+000 -1.000000E+000  1.000000E+000  1.000000E+000  2.028568E+010
  2.520000E+003  2.461493E+019  2.981500E+002  1.013250E+003 -1.000000E+000  3.910000E+017  4.100000E-001 -1.000000E+000 -1.000000E+000  1.000000E+000  1.000000E+000  2.044089E+010
  2.610000E+003  2.461493E+019  2.981500E+002  1.013250E+003 -1.000000E+000  3.910000E+017  4.100000E-001 -1.000000E+000 -1.000000E+000  1.000000E+000  1.000000E+000  2.058885E+010
  2.700000E+003  2.461493E+019  2.981500E+002  1.013250E+003 -1.000000E+000  3.910000E+017  4.100000E-001 -1.000000E+000 -1.000000E+000  1.000000E+000  1.000000E+000  2.073001E+010
  2.790000E+003  2.461493E+019  2.981500E+002  1.013250E+003 -1.000000E+000  3.910000E+017  4.100000E-001 -1.000000E+000 -1.000000E+000  1.000000E+000  1.000000E+000  2.086478E+010
  2.880000E+003  2.461493E+019  2.981500E+002  1.013250E+003 -1.000000E+000  3.910000E+017  4.100000E-001 -1.000000E+000 -1.000000E+000  1.000000E+000  1.000000E+000  2.099350E+010
  2.970000E+003  2.461493E+019  2.981500E+002  1.013250E+003 -1.000000E+000  3.910000E+017  4.100000E-001 -1.000000E+000 -1.000000E+000  1.000000E+000  1.000000E+000  2.111650E+010
  3.060000E+003  2.461493E+019  2.981500E+002  1.013250E+003 -1.000000E+000  3.910000E+017  4.100000E-001 -1.000000E+000 -1.000000E+000  1.000000E+000  1.000000E+000  2.123406E+010
  3.150000E+003  2.461493E+019  2.981500E+002  1.013250E+003 -1.000000E+000  3.910000E+017  4.100000E-001 -1.000000E+000 -1.000000E+000  1.000000E+000  1.000000E+000  2.134645E+010
  3.240000E+003  2.461493E+019  2.981500E+002  1.013250E+003 -1.000000E+000  3.910000E+017  4.100000E-001 -1.000000E+000 -1.000000E+000  1.000000E+000  1.000000E+000  2.145389E+010
  3.330000E+003  2.461493E+019  2.981500E+002  1.013250E+003 -1.000000E+000  3.910000E+017  4.100000E-001 -1.000000E+000 -1.000000E+000  1.000000E+000  1.000000E+000  2.155660E+010
  3.420000E+003  2.461493E+019  2.981500E+002  1.013250E+003 -1.000000E+000  3.910000E+017  4.100000E-001 -1.000000E+000 -1.000000E+000  1.000000E+000  1.000000E+000  2.165479E+010
  3.510000E+003  2.461493E+019  2.981500E+002  1.013250E+003 -1.000000E+000  3.910000E+017  4.100000E-001 -1.000000E+000 -1.000000E+000  1.000000E+000  1.000000E+000  2.174864E+010
  3.600000E+003  2.461493E+019  2.981500E+002  1.013250E+003 -1.000000E+000  3.910000E+017  4.100000E-001 -1.000000E+000 -1.000000E+000  1.000000E+000  1.000000E+000  2.183833E+010
  3.690000E+003  2.461493E+019  2.981500E+002  1.013250E+003 -1.000000E+000  3.910000E+017  4.100000E-001 -1.000000E+000 -1.000000E+000  1.000000E+000  1.000000E+000  2.192401E+010
  3.780000E+003  2.461493E+019  2.981500E+002  1.013250E+003 -1.000000E+000  3.910000E+017  4.100000E-001 -1.000000E+000 -1.000000E+000  1.000000E+000  1.000000E+000  2.200585E+010
  3.870000E+003  2.461493E+019  2.981500E+002  1.013250E+003 -1.000000E+000  3.910000E+017  4.100000E-001 -1.000000E+000 -1.000000E+000  1.000000E+000  1.000000E+000  2.208399E+010
  3.960000E+003  2.461493E+019  2.981500E+002  1.013250E+003 -1.000000E+000  3.910000E+017  4.100000E-001 -1.000000E+000 -1.000000E+000  1.000000E+000  1.000000E+000  2.215857E+010
  4.050000E+003  2.461493E+019  2.981500E+002  1.013250E+003 -1.000000E+000  3.910000E+017  4.100000E-001 -1.000000E+000 -1.000000E+000  1.000000E+000  1.000000E+000  2.222970E+010
  4.140000E+003  2.461493E+019  2.981500E+002  1.013250E+003 -1.000000E+000  3.910000E+017  4.100000E-001 -1.000000E+000 -1.000000E+000  1.000000E+000  1.000000E+000  2.229753E+010
  4.230000E+003  2.461493E+019  2.981500E+002  1.013250E+003 -1.000000E+000  3.910000E+017  4.100000E-001 -1.000000E+000 -1.000000E+000  1.000000E+000  1.000000E+000  2.236217E+010
  4.320000E+003  2.461493E+019  2.981500E+002  1.013250E+003 -1.000000E+000  3.910000E+017  4.100000E-001 -1.000000E+000 -1.000000E+000  1.000000E+000  1.000000E+000  2.242372E+010
  4.410000E+003  2.461493E+019  2.981500E+002  1.013250E+003 -1.000000E+000  3.910000E+017  4.100000E-001 -1.000000E+000 -1.000000E+000  1.000000E+000  1.000000E+000  2.248230E+010
  4.500000E+003  2.461493E+019  2.981500E+002  1.013250E+003 -1.000000E+000  3.910000E+017  4.100000E-001 -1.000000E+000 -1.000000E+000  1.000000E+000  1.000000E+000  2.253800E+010
  4.590000E+003  2.461493E+019  2.981500E+002  1.013250E+003 -1.000000E+000  3.910000E+017  4.100000E-001 -1.000000E+000 -1.000000E+000  1.000000E+000  1.000000E+000  2.259093E+010
  4.680000E+003  2.461493E+019  2.981500E+002  1.013250E+003 -1.000000E+000  3.910000E+017  4.100000E-001 -1.000000E+000 -1.000000E+000  1.000000E+000  1.000000E+000  2.264118E+010
  4.770000E+003  2.461493E+019  2.981500E+002  1.013250E+003 -1.000000E+000  3.910000E+017  4.100000E-001 -1.000000E+000 -1.000000E+000  1.000000E+000  1.000000E+000  2.268883E+010
  4.860000E+003  2.461493E+019  2.981500E+002  1.013250E+003 -1.000000E+000  3.910000E+017  4.100000E-001 -1.000000E+000 -1.000000E+000  1.000000E+000  1.000000E+000  2.273397E+010
  4.950000E+003  2.461493E+019  2.981500E+002  1.013250E+003 -1.000000E+000  3.910000E+017  4.100000E-001 -1.000000E+000 -1.000000E+000  1.000000E+000  1.000000E+000  2.277669E+010
  5.040000E+003  2.461493E+019  2.981500E+002  1.013250E+003 -1.000000E+000  3.910000E+017  4.100000E-001 -1.000000E+000 -1.000000E+000  1.000000E+000  1.000000E+000  2.281706E+010
  5.130000E+003  2.461493E+019  2.981500E+002  1.013250E+003 -1.000000E+000  3.910000E+017  4.100000E-001 -1.000000E+000 -1.000000E+000  1.000000E+000  1.000000E+000  2.285516E+010
  5.220000E+003  2.461493E+019  2.981500E+002  1.013250E+003 -1.000000E+000  3.910000E+017  4.100000E-001 -1.000000E+000 -1.000000E+000  1.000000E+000  1.000000E+000  2.289105E+010
  5.310000E+003  2.461493E+019  2.981500E+002  1.013250E+003 -1.000000E+000  3.910000E+017  4.100000E-001 -1.000000E+000 -1.000000E+000  1.000000E+000  1.000000E+000  2.292482E+010
  5.400000E+003  2.461493E+019  2.981500E+002  1.013250E+003 -1.000000E+000  3.910000E+017  4.100000E-001 -1.000000E+000 -1.000000E+000  1.000000E+000  1.000000E+000  2.295653E+010
  5.490000E+003  2.461493E+019  2.981500E+002  1.013250E+003 -1.000000E+000  3.910000E+017  4.100000E-001 -1.000000E+000 -1.000000E+000  1.000000E+000  1.000000E+000  2.298623E+010
  5.580000E+003  2.461493E+019  2.981500E+002  1.013250E+003 -1.000000E+000  3.910000E+017  4.100000E-001 -1.000000E+000 -1.000000E+000  1.000000E+000  1.000000E+000  2.301401E+010
  5.670000E+003  2.461493E+019  2.981500E+002  1.013250E+003 -1.000000E+000  3.910000E+017  4.100000E-001 -1.000000E+000 -1.000000E+000  1.000000E+000  1.000000E+000  2.303990E+010
  5.760000E+003  2.461493E+019  2.981500E+002  1.013250E+003 -1.000000E+000  3.910000E+017  4.100000E-001 -1.000000E+000 -1.000000E+000  1.000000E+000  1.000000E+000  2.306398E+010
  5.850000E+003  2.461493E+019  2.981500E+002  1.013250E+003 -1.000000E+000  3.910000E+017  4.100000E-001 -1.000000E+000 -1.000000E+000  1.000000E+000  1.000000E+000  2.308630E+010
  5.940000E+003  2.461493E+019  2.981500E+002  1.013250E+003 -1.000000E+000  3.910000E+017  4.100000E-001 -1.000000E+000 -1.000000E+000  1.000000E+000  1.000000E+000  2.310690E+010
  6.030000E+003  2.461493E+019  2.981500E+002  1.013250E+003 -1.000000E+000  3.910000E+017  4.100000E-001 -1.000000E+000 -1.000000E+000  1.000000E+000  1.000000E+000  2.312585E+010
  6.120000E+003  2.461493E+019  2.981500E+002  1.013250E+003 -1.000000E+000  3.910000E+017  4.100000E-001 -1.000000E+000 -1.000000E+000  1.000000E+000  1.000000E+000  2.314320E+010
  6.210000E+003  2.461493E+019  2.981500E+002  1.013250E+003 -1.000000E+000  3.910000E+017  4.100000E-001 -1.000000E+000 -1.000000E+000  1.000000E+000  1.000000E+000  2.315898E+010
  6.300000E+003  2.461493E+019  2.981500E+002  1.013250E+003 -1.000000E+000  3.910000E+017  4.100000E-001 -1.000000E+000 -1.000000E+000  1.000000E+000  1.000000E+000  2.317325E+010
  6.390000E+003  2.461493E+019  2.981500E+002  1.013250E+003 -1.000000E+000  3.910000E+017  4.100000E-001 -1.000000E+000 -1.000000E+000  1.000000E+000  1.000000E+000  2.318606E+010
  6.480000E+003  2.461493E+019  2.981500E+002  1.013250E+003 -1.000000E+000  3.910000E+017  4.100000E-001 -1.000000E+000 -1.000000E+000  1.000000E+000  1.000000E+000  2.319745E+010
  6.570000E+003  2.461493E+019  2.981500E+002  1.013250E+003 -1.000000E+000  3.910000E+017  4.100000E-001 -1.000000E+000 -1.000000E+000  1.000000E+000  1.000000E+000  2.320745E+010
  6.660000E+003  2.461493E+019  2.981500E+002  1.013250E+003 -1.000000E+000  3.910000E+017  4.100000E-001 -1.000000E+000 -1.000000E+000  1.000000E+000  1.000000E+000  2.321611E+010
  6.750000E+003  2.461493E+019  2.981500E+002  1.013250E+003 -1.000000E+000  3.910000E+017  4.100000E-001 -1.000000E+000 -1.000000E+000  1.000000E+000  1.000000E+000  2.322348E+010
  6.840000E+003  2.461493E+019  2.981500E+002  1.013250E+003 -1.000000E+000  3.910000E+017  4.100000E-001 -1.000000E+000 -1.000000E+000  1.000000E+000  1.000000E+000  2.322958E+010
  6.930000E+003  2.461493E+019  2.981500E+002  1.013250E+003 -1.000000E+000  3.910000E+017  4.100000E-001 -1.000000E+000 -1.000000E+000  1.000000E+000  1.000000E+000  2.323446E+010
  7.020000E+003  2.461493E+019  2.981500E+002  1.013250E+003 -1.000000E+000  3.910000E+017  4.100000E-001 -1.000000E+000 -1.000000E+000  1.000000E+000  1.000000E+000  2.323815E+010
  7.110000E+003  2.461493E+019  2.981500E+002  1.013250E+003 -1.000000E+000  3.910000E+017  4.100000E-001 -1.000000E+000 -1.000000E+000  1.000000E+000  1.000000E+000  2.324068E+010
  7.200000E+003  2.461493E+019  2.981500E+002  1.013250E+003 -1.000000E+000  3.910000E+017  4.100000E-001 -1.000000E+000 -1.000000E+000  1.000000E+000  1.000000E+000  2.324209E+010
  7.290000E+003  2.461493E+019  2.981500E+002  1.013250E+003 -1.000000E+000  3.910000E+017  4.100000E-001 -1.000000E+000 -1.000000E+000  1.000000E+000  1.000000E+000  2.324242E+010
  7.380000E+003  2.461493E+019  2.981500E+002  1.013250E+003 -1.000000E+000  3.910000E+017  4.100000E-001 -1.000000E+000 -1.000000E+000  1.000000E+000  1.000000E+000  2.324169E+010
  7.470000E+003  2.461493E+019  2.981500E+002  1.013250E+003 -1.000000E+000  3.910000E+017  4.100000E-001 -1.000000E+000 -1.000000E+000  1.000000E+000  1.000000E+000  2.323993E+010
  7.560000E+003  2.461493E+019  2.981500E+002  1.013250E+003 -1.000000E+000  3.910000E+017  4.100000E-001 -1.000000E+000 -1.000000E+000  1.000000E+000  1.000000E+000  2.323718E+010
  7.650000E+003  2.461493E+019  2.981500E+002  1.013250E+003 -1.000000E+000  3.910000E+017  4.100000E-001 -1.000000E+000 -1.000000E+000  1.000000E+000  1.000000E+000  2.323346E+010
  7.740000E+003  2.461493E+019  2.981500E+002  1.013250E+003 -1.000000E+000  3.910000E+017  4.100000E-001 -1.000000E+000 -1.000000E+000  1.000000E+000  1.000000E+000  2.322880E+010
  7.830000E+003  2.461493E+019  2.981500E+002  1.013250E+003 -1.000000E+000  3.910000E+017  4.100000E-001 -1.000000E+000 -1.000000E+000  1.000000E+000  1.000000E+000  2.322323E+010
  7.920000E+003  2.461493E+019  2.981500E+002  1.013250E+003 -1.000000E+000  3.910000E+017  4.100000E-001 -1.000000E+000 -1.000000E+000  1.000000E+000  1.000000E+000  2.321678E+010
  8.010000E+003  2.461493E+019  2.981500E+002  1.013250E+003 -1.000000E+000  3.910000E+017  4.100000E-001 -1.000000E+000 -1.000000E+000  1.000000E+000  1.000000E+000  2.320947E+010
  8.100000E+003  2.461493E+019  2.981500E+002  1.013250E+003 -1.000000E+000  3.910000E+017  4.100000E-001 -1.000000E+000 -1.000000E+000  1.000000E+000  1.000000E+000  2.320132E+010
  8.190000E+003  2.461493E+019  2.981500E+002  1.013250E+003 -1.000000E+000  3.910000E+017  4.100000E-001 -1.000000E+000 -1.000000E+000  1.000000E+000  1.000000E+000  2.319236E+010
  8.280000E+003  2.461493E+019  2.981500E+002  1.013250E+003 -1.000000E+000  3.910000E+017  4.100000E-001 -1.000000E+000 -1.000000E+000  1.000000E+000  1.000000E+000  2.318261E+010
  8.370000E+003  2.461493E+019  2.981500E+002  1.013250E+003 -1.000000E+000  3.910000E+017  4.100000E-001 -1.000000E+000 -1.000000E+000  1.000000E+000  1.000000E+000  2.317210E+010
  8.460000E+003  2.461493E+019  2.981500E+002  1.013250E+003 -1.000000E+000  3.910000E+017  4.100000E-001 -1.000000E+000 -1.000000E+000  1.000000E+000  1.000000E+000  2.316085E+010
  8.550000E+003  2.461493E+019  2.981500E+002  1.013250E+003 -1.000000E+000  3.910000E+017  4.100000E-001 -1.000000E+000 -1.000000E+000  1.000000E+000  1.000000E+000  2.314888E+010
  8.640000E+003  2.461493E+019  2.981500E+002  1.013250E+003 -1.000000E+000  3.910000E+017  4.100000E-001 -1.000000E+000 -1.000000E+000  1.000000E+000  1.000000E+000  2.313620E+010
  8.730000E+003  2.461493E+019  2.981500E+002  1.013250E+003 -1.000000E+000  3.910000E+017  4.100000E-001 -1.000000E+000 -1.000000E+000  1.000000E+000  1.000000E+000  2.312285E+010
  8.820000E+003  2.461493E+019  2.981500E+002  1.013250E+003 -1.000000E+000  3.910000E+017  4.100000E-001 -1.000000E+000 -1.000000E+000  1.000000E+000  1.000000E+000  2.310884E+010
  8.910000E+003  2.461493E+019  2.981500E+002  1.013250E+003 -1.000000E+000  3.910000E+017  4.100000E-001 -1.000000E+000 -1.000000E+000  1.000000E+000  1.000000E+000  2.309419E+010
  9.000000E+003  2.461493E+019  2.981500E+002  1.013250E+003 -1.000000E+000  3.910000E+017  4.100000E-001 -1.000000E+000 -1.000000E+000  1.000000E+000  1.000000E+000  2.307892E+010
  9.090000E+003  2.461493E+019  2.981500E+002  1.013250E+003 -1.000000E+000  3.910000E+017  4.100000E-001 -1.000000E+000 -1.000000E+000  1.000000E+000  1.000000E+000  2.306304E+010
  9.180000E+003  2.461493E+019  2.981500E+002  1.013250E+003 -1.000000E+000  3.910000E+017  4.100000E-001 -1.000000E+000 -1.000000E+000  1.000000E+000  1.000000E+000  2.304658E+010
  9.270000E+003  2.461493E+019  2.981500E+002  1.013250E+003 -1.000000E+000  3.910000E+017  4.100000E-001 -1.000000E+000 -1.000000E+000  1.000000E+000  1.000000E+000  2.302955E+010
  9.360000E+003  2.461493E+019  2.981500E+002  1.013250E+003 -1.000000E+000  3.910000E+017  4.100000E-001 -1.000000E+000 -1.000000E+000  1.000000E+000  1.000000E+000  2.301197E+010
  9.450000E+003  2.461493E+019  2.981500E+002  1.013250E+003 -1.000000E+000  3.910000E+017  4.100000E-001 -1.000000E+000 -1.000000E+000  1.000000E+000  1.000000E+000  2.299385E+010
  9.540000E+003  2.461493E+019  2.981500E+002  1.013250E+003 -1.000000E+000  3.910000E+017  4.100000E-001 -1.000000E+000 -1.000000E+000  1.000000E+000  1.000000E+000  2.297521E+010
  9.630000E+003  2.461493E+019  2.981500E+002  1.013250E+003 -1.000000E+000  3.910000E+017  4.100000E-001 -1.000000E+000 -1.000000E+000  1.000000E+000  1.000000E+000  2.295607E+010
  9.720000E+003  2.461493E+019  2.981500E+002  1.013250E+003 -1.000000E+000  3.910000E+017  4.100000E-001 -1.000000E+000 -1.000000E+000  1.000000E+000  1.000000E+000  2.293644E+010
  9.810000E+003  2.461493E+019  2.981500E+002  1.013250E+003 -1.000000E+000  3.910000E+017  4.100000E-001 -1.000000E+000 -1.000000E+000  1.000000E+000  1.000000E+000  2.291633E+010
  9.900000E+003  2.461493E+019  2.981500E+002  1.013250E+003 -1.000000E+000  3.910000E+017  4.100000E-001 -1.000000E+000 -1.000000E+000  1.000000E+000  1.000000E+000  2.289577E+010
  9.990000E+003  2.461493E+019  2.981500E+002  1.013250E+003 -1.000000E+000  3.910000E+017  4.100000E-001 -1.000000E+000 -1.000000E+000  1.000000E+000  1.000000E+000  2.287475E+010
  1.008000E+004  2.461493E+019  2.981500E+002  1.013250E+003 -1.000000E+000  3.910000E+017  4.100000E-001 -1.000000E+000 -1.000000E+000  1.000000E+000  1.000000E+000  2.285331E+010
  1.017000E+004  2.461493E+019  2.981500E+002  1.013250E+003 -1.000000E+000  3.910000E+017  4.100000E-001 -1.000000E+000 -1.000000E+000  1.000000E+000  1.000000E+000  2.283144E+010
  1.026000E+004  2.461493E+019  2.981500E+002  1.013250E+003 -1.000000E+000  3.910000E+017  4.100000E-001 -1.000000E+000 -1.000000E+000  1.000000E+000  1.000000E+000  2.280917E+010
  1.035000E+004  2.461493E+019  2.981500E+002  1.013250E+003 -1.000000E+000  3.910000E+017  4.100000E-001 -1.000000E+000 -1.000000E+000  1.000000E+000  1.000000E+000  2.278650E+010
  1.044000E+004  2.461493E+019  2.981500E+002  1.013250E+003 -1.000000E+000  3.910000E+017  4.100000E-001 -1.000000E+000 -1.000000E+000  1.000000E+000  1.000000E+000  2.276345E+010
  1.053000E+004  2.461493E+019  2.981500E+002  1.013250E+003 -1.000000E+000  3.910000E+017  4.100000E-001 -1.000000E+000 -1.000000E+000  1.000000E+000  1.000000E+000  2.274003E+010
  1.062000E+004  2.461493E+019  2.981500E+002  1.013250E+003 -1.000000E+000  3.910000E+017  4.100000E-001 -1.000000E+000 -1.000000E+000  1.000000E+000  1.000000E+000  2.271625E+010
  1.071000E+004  2.461493E+019  2.981500E+002  1.013250E+003 -1.000000E+000  3.910000E+017  4.100000E-001 -1.000000E+000 -1.000000E+000  1.000000E+000  1.000000E+000  2.269212E+010
  1.080000E+004  2.461493E+019  2.981500E+002  1.013250E+003 -1.000000E+000  3.910000E+017  4.100000E-001 -1.000000E+000 -1.000000E+000  1.000000E+000  1.000000E+000  2.266766E+010
  1.089000E+004  2.461493E+019  2.981500E+002  1.013250E+003 -1.000000E+000  3.910000E+017  4.100000E-001 -1.000000E+000 -1.000000E+000  1.000000E+000  1.000000E+000  2.264287E+010
  1.098000E+004  2.461493E+019  2.981500E+002  1.013250E+003 -1.000000E+000  3.910000E+017  4.100000E-001 -1.000000E+000 -1.000000E+000  1.000000E+000  1.000000E+000  2.261776E+010
  1.107000E+004  2.461493E+019  2.981500E+002  1.013250E+003 -1.000000E+000  3.910000E+017  4.100000E-001 -1.000000E+000 -1.000000E+000  1.000000E+000  1.000000E+000  2.259234E+010
  1.116000E+004  2.461493E+019  2.981500E+002  1.013250E+003 -1.000000E+000  3.910000E+017  4.100000E-001 -1.000000E+000 -1.000000E+000  1.000000E+000  1.000000E+000  2.256663E+010
  1.125000E+004  2.461493E+019  2.981500E+002  1.013250E+003 -1.000000E+000  3.910000E+017  4.100000E-001 -1.000000E+000 -1.000000E+000  1.000000E+000  1.000000E+000  2.254063E+010
  1.134000E+004  2.461493E+019  2.981500E+002  1.013250E+003 -1.000000E+000  3.910000E+017  4.100000E-001 -1.000000E+000 -1.000000E+000  1.000000E+000  1.000000E+000  2.251435E+010
  1.143000E+004  2.461493E+019  2.981500E+002  1.013250E+003 -1.000000E+000  3.910000E+017  4.100000E-001 -1.000000E+000 -1.000000E+000  1.000000E+000  1.000000E+000  2.248781E+010
  1.152000E+004  2.461493E+019  2.981500E+002  1.013250E+003 -1.000000E+000  3.910000E+017  4.100000E-001 -1.000000E+000 -1.000000E+000  1.000000E+000  1.000000E+000  2.246101E+010
  1.161000E+004  2.461493E+019  2.981500E+002  1.013250E+003 -1.000000E+000  3.910000E+017  4.100000E-001 -1.000000E+000 -1.000000E+000  1.000000E+000  1.000000E+000  2.243395E+010
  1.170000E+004  2.461493E+019  2.981500E+002  1.013250E+003 -1.000000E+000  3.910000E+017  4.100000E-001 -1.000000E+000 -1.000000E+000  1.000000E+000  1.000000E+000  2.240665E+010
  1.179000E+004  2.461493E+019  2.981500E+002  1.013250E+003 -1.000000E+000  3.910000E+017  4.100000E-001 -1.000000E+000 -1.000000E+000  1.000000E+000  1.000000E+000  2.237912E+010
  1.188000E+004  2.461493E+019  2.981500E+002  1.013250E+003 -1.000000E+000  3.910000E+017  4.100000E-001 -1.000000E+000 -1.000000E+000  1.000000E+000  1.000000E+000  2.235136E+010
  1.197000E+004  2.461493E+019  2.981500E+002  1.013250E+003 -1.000000E+000  3.910000E+017  4.100000E-001 -1.000000E+000 -1.000000E+000  1.000000E+000  1.000000E+000  2.232338E+010
  1.206000E+004  2.461493E+019  2.981500E+002  1.013250E+003 -1.000000E+000  3.910000E+017  4.100000E-001 -1.000000E+000 -1.000000E+000  1.000000E+000  1.000000E+000  2.229519E+010
  1.215000E+004  2.461493E+019  2.981500E+002  1.013250E+003 -1.000000E+000  3.910000E+017  4.100000E-001 -1.000000E+000 -1.000000E+000  1.000000E+000  1.000000E+000  2.226679E+010
  1.224000E+004  2.461493E+019  2.981500E+002  1.013250E+003 -1.000000E+000  3.910000E+017  4.100000E-001 -1.000000E+000 -1.000000E+000  1.000000E+000  1.000000E+000  2.223820E+010
  1.233000E+004  2.461493E+019  2.981500E+002  1.013250E+003 -1.000000E+000  3.910000E+017  4.100000E-001 -1.000000E+000 -1.000000E+000  1.000000E+000  1.000000E+000  2.220942E+010
  1.242000E+004  2.461493E+019  2.981500E+002  1.013250E+003 -1.000000E+000  3.910000E+017  4.100000E-001 -1.000000E+000 -1.000000E+000  1.000000E+000  1.000000E+000  2.218046E+010
  1.251000E+004  2.461493E+019  2.981500E+002  1.013250E+003 -1.000000E+000  3.910000E+017  4.100000E-001 -1.000000E+000 -1.000000E+000  1.000000E+000  1.000000E+000  2.215132E+010
  1.260000E+004  2.461493E+019  2.981500E+002  1.013250E+003 -1.000000E+000  3.910000E+017  4.100000E-001 -1.000000E+000 -1.000000E+000  1.000000E+000  1.000000E+000  2.212201E+010
  1.269000E+004  2.461493E+019  2.981500E+002  1.013250E+003 -1.000000E+000  3.910000E+017  4.100000E-001 -1.000000E+000 -1.000000E+000  1.000000E+000  1.000000E+000  2.209254E+010
  1.278000E+004  2.461493E+019  2.981500E+002  1.013250E+003 -1.000000E+000  3.910000E+017  4.100000E-001 -1.000000E+000 -1.000000E+000  1.000000E+000  1.000000E+000  2.206290E+010
  1.287000E+004  2.461493E+019  2.981500E+002  1.013250E+003 -1.000000E+000  3.910000E+017  4.100000E-001 -1.000000E+000 -1.000000E+000  1.000000E+000  1.000000E+000  2.203312E+010
  1.296000E+004  2.461493E+019  2.981500E+002  1.013250E+003 -1.000000E+000  3.910000E+017  4.100000E-001 -1.000000E+000 -1.000000E+000  1.000000E+000  1.000000E+000  2.200319E+010
  1.305000E+004  2.461493E+019  2.981500E+002  1.013250E+003 -1.000000E+000  3.910000E+017  4.100000E-001 -1.000000E+000 -1.000000E+000  1.000000E+000  1.000000E+000  2.197313E+010
  1.314000E+004  2.461493E+019  2.981500E+002  1.013250E+003 -1.000000E+000  3.910000E+017  4.100000E-001 -1.000000E+000 -1.000000E+000  1.000000E+000  1.000000E+000  2.194292E+010
  1.323000E+004  2.461493E+019  2.981500E+002  1.013250E+003 -1.000000E+000  3.910000E+017  4.100000E-001 -1.000000E+000 -1.000000E+000  1.000000E+000  1.000000E+000  2.191259E+010
  1.332000E+004  2.461493E+019  2.981500E+002  1.013250E+003 -1.000000E+000  3.910000E+017  4.100000E-001 -1.000000E+000 -1.000000E+000  1.000000E+000  1.000000E+000  2.188214E+010
  1.341000E+004  2.461493E+019  2.981500E+002  1.013250E+003 -1.000000E+000  3.910000E+017  4.100000E-001 -1.000000E+000 -1.000000E+000  1.000000E+000  1.000000E+000  2.185157E+010
  1.350000E+004  2.461493E+019  2.981500E+002  1.013250E+003 -1.000000E+000  3.910000E+017  4.100000E-001 -1.000000E+000 -1.000000E+000  1.000000E+000  1.000000E+000  2.182088E+010
  1.359000E+004  2.461493E+019  2.981500E+002  1.013250E+003 -1.000000E+000  3.910000E+017  4.100000E-001 -1.000000E+000 -1.000000E+000  1.000000E+000  1.000000E+000  2.179008E+010
  1.368000E+004  2.461493E+019  2.981500E+002  1.013250E+003 -1.000000E+000  3.910000E+017  4.100000E-001 -1.000000E+000 -1.000000E+000  1.000000E+000  1.000000E+000  2.175919E+010
  1.377000E+004  2.461493E+019  2.981500E+002  1.013250E+003 -1.000000E+000  3.910000E+017  4.100000E-001 -1.000000E+000 -1.000000E+000  1.000000E+000  1.000000E+000  2.172819E+010
  1.386000E+004  2.461493E+019  2.981500E+002  1.013250E+003 -1.000000E+000  3.910000E+017  4.100000E-001 -1.000000E+000 -1.000000E+000  1.000000E+000  1.000000E+000  2.169709E+010
  1.395000E+004  2.461493E+019  2.981500E+002  1.013250E+003 -1.000000E+000  3.910000E+017  4.100000E-001 -1.000000E+000 -1.000000E+000  1.000000E+000  1.000000E+000  2.166591E+010
  1.404000E+004  2.461493E+019  2.981500E+002  1.013250E+003 -1.000000E+000  3.910000E+017  4.100000E-001 -1.000000E+000 -1.000000E+000  1.000000E+000  1.000000E+000  2.163464E+010
  1.413000E+004  2.461493E+019  2.981500E+002  1.013250E+003 -1.000000E+000  3.910000E+017  4.100000E-001 -1.000000E+000 -1.000000E+000  1.000000E+000  1.000000E+000  2.160329E+010
  1.422000E+004  2.461493E+019  2.981500E+002  1.013250E+003 -1.000000E+000  3.910000E+017  4.100000E-001 -1.000000E+000 -1.000000E+000  1.000000E+000  1.000000E+000  2.157186E+010
  1.431000E+004  2.461493E+019  2.981500E+002  1.013250E+003 -1.000000E+000  3.910000E+017  4.100000E-001 -1.000000E+000 -1.000000E+000  1.000000E+000  1.000000E+000  2.154036E+010
  1.440000E+004  2.461493E+019  2.981500E+002  1.013250E+003 -1.000000E+000  3.910000E+017  4.100000E-001 -1.000000E+000 -1.000000E+000  1.000000E+000  1.000000E+000  2.150879E+010
  1.449000E+004  2.461493E+019  2.981500E+002  1.013250E+003 -1.000000E+000  3.910000E+017  4.100000E-001 -1.000000E+000 -1.000000E+000  1.000000E+000  1.000000E+000  2.147716E+010
  1.458000E+004  2.461493E+019  2.981500E+002  1.013250E+003 -1.000000E+000  3.910000E+017  4.100000E-001 -1.000000E+000 -1.000000E+000  1.000000E+000  1.000000E+000  2.144549E+010
  1.467000E+004  2.461493E+019  2.981500E+002  1.013250E+003 -1.000000E+000  3.910000E+017  4.100000E-001 -1.000000E+000 -1.000000E+000  1.000000E+000  1.000000E+000  2.141381E+010
  1.476000E+004  2.461493E+019  2.981500E+002  1.013250E+003 -1.000000E+000  3.910000E+017  4.100000E-001 -1.000000E+000 -1.000000E+000  1.000000E+000  1.000000E+000  2.138215E+010
  1.485000E+004  2.461493E+019  2.981500E+002  1.013250E+003 -1.000000E+000  3.910000E+017  4.100000E-001 -1.000000E+000 -1.000000E+000  1.000000E+000  1.000000E+000  2.135051E+010
  1.494000E+004  2.461493E+019  2.981500E+002  1.013250E+003 -1.000000E+000  3.910000E+017  4.100000E-001 -1.000000E+000 -1.000000E+000  1.000000E+000  1.000000E+000  2.131888E+010
  1.503000E+004  2.461493E+019  2.981500E+002  1.013250E+003 -1.000000E+000  3.910000E+017  4.100000E-001 -1.000000E+000 -1.000000E+000  1.000000E+000  1.000000E+000  2.128718E+010
  1.512000E+004  2.461493E+019  2.981500E+002  1.013250E+003 -1.000000E+000  3.910000E+017  4.100000E-001 -1.000000E+000 -1.000000E+000  1.000000E+000  1.000000E+000  2.125529E+010
  1.521000E+004  2.461493E+019  2.981500E+002  1.013250E+003 -1.000000E+000  3.910000E+017  4.100000E-001 -1.000000E+000 -1.000000E+000  1.000000E+000  1.000000E+000  2.122301E+010
  1.530000E+004  2.461493E+019  2.981500E+002  1.013250E+003 -1.000000E+000  3.910000E+017  4.100000E-001 -1.000000E+000 -1.000000E+000  1.000000E+000  1.000000E+000  2.119013E+010
  1.539000E+004  2.461493E+019  2.981500E+002  1.013250E+003 -1.000000E+000  3.910000E+017  4.100000E-001 -1.000000E+000 -1.000000E+000  1.000000E+000  1.000000E+000  2.115636E+010
  1.548000E+004  2.461493E+019  2.981500E+002  1.013250E+003 -1.000000E+000  3.910000E+017  4.100000E-001 -1.000000E+000 -1.000000E+000  1.000000E+000  1.000000E+000  2.112142E+010
  1.557000E+004  2.461493E+019  2.981500E+002  1.013250E+003 -1.000000E+000  3.910000E+017  4.100000E-001 -1.000000E+000 -1.000000E+000  1.000000E+000  1.000000E+000  2.108498E+010
  1.566000E+004  2.461493E+019  2.981500E+002  1.013250E+003 -1.000000E+000  3.910000E+017  4.100000E-001 -1.000000E+000 -1.000000E+000  1.000000E+000  1.000000E+000  2.104670E+010
  1.575000E+004  2.461493E+019  2.981500E+002  1.013250E+003 -1.000000E+000  3.910000E+017  4.100000E-001 -1.000000E+000 -1.000000E+000  1.000000E+000  1.000000E+000  2.100628E+010
  1.584000E+004  2.461493E+019  2.981500E+002  1.013250E+003 -1.000000E+000  3.910000E+017  4.100000E-001 -1.000000E+000 -1.000000E+000  1.000000E+000  1.000000E+000  2.096338E+010
  1.593000E+004  2.461493E+019  2.981500E+002  1.013250E+003 -1.000000E+000  3.910000E+017  4.100000E-001 -1.000000E+000 -1.000000E+000  1.000000E+000  1.000000E+000  2.091771E+010
  1.602000E+004  2.461493E+019  2.981500E+002  1.013250E+003 -1.000000E+000  3.910000E+017  4.100000E-001 -1.000000E+000 -1.000000E+000  1.000000E+000  1.000000E+000  2.086898E+010
  1.611000E+004  2.461493E+019  2.981500E+002  1.013250E+003 -1.000000E+000  3.910000E+017  4.100000E-001 -1.000000E+000 -1.000000E+000  1.000000E+000  1.000000E+000  2.081693E+010
  1.620000E+004  2.461493E+019  2.981500E+002  1.013250E+003 -1.000000E+000  3.910000E+017  4.100000E-001 -1.000000E+000 -1.000000E+000  1.000000E+000  1.000000E+000  2.076131E+010
  1.629000E+004  2.461493E+019  2.981500E+002  1.013250E+003 -1.000000E+000  3.910000E+017  4.100000E-001 -1.000000E+000 -1.000000E+000  1.000000E+000  1.000000E+000  2.070193E+010
  1.638000E+004  2.461493E+019  2.981500E+002  1.013250E+003 -1.000000E+000  3.910000E+017  4.100000E-001 -1.000000E+000 -1.000000E+000  1.000000E+000  1.000000E+000  2.063860E+010
  1.647000E+004  2.461493E+019  2.981500E+002  1.013250E+003 -1.000000E+000  3.910000E+017  4.100000E-001 -1.000000E+000 -1.000000E+000  1.000000E+000  1.000000E+000  2.057115E+010
  1.656000E+004  2.461493E+019  2.981500E+002  1.013250E+003 -1.000000E+000  3.910000E+017  4.100000E-001 -1.000000E+000 -1.000000E+000  1.000000E+000  1.000000E+000  2.049946E+010
  1.665000E+004  2.461493E+019  2.981500E+002  1.013250E+003 -1.000000E+000  3.910000E+017  4.100000E-001 -1.000000E+000 -1.000000E+000  1.000000E+000  1.000000E+000  2.042342E+010
  1.674000E+004  2.461493E+019  2.981500E+002  1.013250E+003 -1.000000E+000  3.910000E+017  4.100000E-001 -1.000000E+000 -1.000000E+000  1.000000E+000  1.000000E+000  2.034295E+010
  1.683000E+004  2.461493E+019  2.981500E+002  1.013250E+003 -1.000000E+000  3.910000E+017  4.100000E-001 -1.000000E+000 -1.000000E+000  1.000000E+000  1.000000E+000  2.025798E+010
  1.692000E+004  2.461493E+019  2.981500E+002  1.013250E+003 -1.000000E+000  3.910000E+017  4.100000E-001 -1.000000E+000 -1.000000E+000  1.000000E+000  1.000000E+000  2.016849E+010
  1.701000E+004  2.461493E+019  2.981500E+002  1.013250E+003 -1.000000E+000  3.910000E+017  4.100000E-001 -1.000000E+000 -1.000000E+000  1.000000E+000  1.000000E+000  2.007444E+010
  1.710000E+004  2.461493E+019  2.981500E+002  1.013250E+003 -1.000000E+000  3.910000E+017  4.100000E-001 -1.000000E+000 -1.000000E+000  1.000000E+000  1.000000E+000  1.997584E+010
  1.719000E+004  2.461493E+019  2.981500E+002  1.013250E+003 -1.000000E+000  3.910000E+017  4.100000E-001 -1.000000E+000 -1.000000E+000  1.000000E+000  1.000000E+000  1.987271E+010
  1.728000E+004  2.461493E+019  2.981500E+002  1.013250E+003 -1.000000E+000  3.910000E+017  4.100000E-001 -1.000000E+000 -1.000000E+000  1.000000E+000  1.000000E+000  1.976508E+010
  1.737000E+004  2.461493E+019  2.981500E+002  1.013250E+003 -1.000000E+000  3.910000E+017  4.100000E-001 -1.000000E+000 -1.000000E+000  1.000000E+000  1.000000E+000  1.965299E+010
  1.746000E+004  2.461493E+019  2.981500E+002  1.013250E+003 -1.000000E+000  3.910000E+017  4.100000E-001 -1.000000E+000 -1.000000E+000  1.000000E+000  1.000000E+000  1.953650E+010
  1.755000E+004  2.461493E+019  2.981500E+002  1.013250E+003 -1.000000E+000  3.910000E+017  4.100000E-001 -1.000000E+000 -1.000000E+000  1.000000E+000  1.000000E+000  1.941568E+010
  1.764000E+004  2.461493E+019  2.981500E+002  1.013250E+003 -1.000000E+000  3.910000E+017  4.100000E-001 -1.000000E+000 -1.000000E+000  1.000000E+000  1.000000E+000  1.929062E+010
  1.773000E+004  2.461493E+019  2.981500E+002  1.013250E+003 -1.000000E+000  3.910000E+017  4.100000E-001 -1.000000E+000 -1.000000E+000  1.000000E+000  1.000000E+000  1.916139E+010
  1.782000E+004  2.461493E+019  2.981500E+002  1.013250E+003 -1.000000E+000  3.910000E+017  4.100000E-001 -1.000000E+000 -1.000000E+000  1.000000E+000  1.000000E+000  1.902811E+010
  1.791000E+004  2.461493E+019  2.981500E+002  1.013250E+003 -1.000000E+000  3.910000E+017  4.100000E-001 -1.000000E+000 -1.000000E+000  1.000000E+000  1.000000E+000  1.889087E+010
  1.800000E+004  2.461493E+019  2.981500E+002  1.013250E+003 -1.000000E+000  3.910000E+017  4.100000E-001 -1.000000E+000 -1.000000E+000  1.000000E+000  1.000000E+000  1.874980E+010
  1.809000E+004  2.461493E+019  2.981500E+002  1.013250E+003 -1.000000E+000  3.910000E+017  4.100000E-001 -1.000000E+000 -1.000000E+000  1.000000E+000  1.000000E+000  1.860499E+010
  1.818000E+004  2.461493E+019  2.981500E+002  1.013250E+003 -1.000000E+000  3.910000E+017  4.100000E-001 -1.000000E+000 -1.000000E+000  1.000000E+000  1.000000E+000  1.845659E+010
  1.827000E+004  2.461493E+019  2.981500E+002  1.013250E+003 -1.000000E+000  3.910000E+017  4.100000E-001 -1.000000E+000 -1.000000E+000  1.000000E+000  1.000000E+000  1.830472E+010
  1.836000E+004  2.461493E+019  2.981500E+002  1.013250E+003 -1.000000E+000  3.910000E+017  4.100000E-001 -1.000000E+000 -1.000000E+000  1.000000E+000  1.000000E+000  1.814951E+010
  1.845000E+004  2.461493E+019  2.981500E+002  1.013250E+003 -1.000000E+000  3.910000E+017  4.100000E-001 -1.000000E+000 -1.000000E+000  1.000000E+000  1.000000E+000  1.799110E+010
  1.854000E+004  2.461493E+019  2.981500E+002  1.013250E+003 -1.000000E+000  3.910000E+017  4.100000E-001 -1.000000E+000 -1.000000E+000  1.000000E+000  1.000000E+000  1.782963E+010
  1.863000E+004  2.461493E+019  2.981500E+002  1.013250E+003 -1.000000E+000  3.910000E+017  4.100000E-001 -1.000000E+000 -1.000000E+000  1.000000E+000  1.000000E+000  1.766523E+010
  1.872000E+004  2.461493E+019  2.981500E+002  1.013250E+003 -1.000000E+000  3.910000E+017  4.100000E-001 -1.000000E+000 -1.000000E+000  1.000000E+000  1.000000E+000  1.749807E+010
  1.881000E+004  2.461493E+019  2.981500E+002  1.013250E+003 -1.000000E+000  3.910000E+017  4.100000E-001 -1.000000E+000 -1.000000E+000  1.000000E+000  1.000000E+000  1.732827E+010
  1.890000E+004  2.461493E+019  2.981500E+002  1.013250E+003 -1.000000E+000  3.910000E+017  4.100000E-001 -1.000000E+000 -1.000000E+000  1.000000E+000  1.000000E+000  1.715599E+010
  1.899000E+004  2.461493E+019  2.981500E+002  1.013250E+003 -1.000000E+000  3.910000E+017  4.100000E-001 -1.000000E+000 -1.000000E+000  1.000000E+000  1.000000E+000  1.698139E+010
  1.908000E+004  2.461493E+019  2.981500E+002  1.013250E+003 -1.000000E+000  3.910000E+017  4.100000E-001 -1.000000E+000 -1.000000E+000  1.000000E+000  1.000000E+000  1.680461E+010
  1.917000E+004  2.461493E+019  2.981500E+002  1.013250E+003 -1.000000E+000  3.910000E+017  4.100000E-001 -1.000000E+000 -1.000000E+000  1.000000E+000  1.000000E+000  1.662581E+010
  1.926000E+004  2.461493E+019  2.981500E+002  1.013250E+003 -1.000000E+000  3.910000E+017  4.100000E-001 -1.000000E+000 -1.000000E+000  1.000000E+000  1.000000E+000  1.644513E+010
  1.935000E+004  2.461493E+019  2.981500E+002  1.013250E+003 -1.000000E+000  3.910000E+017  4.100000E-001 -1.000000E+000 -1.000000E+000  1.000000E+000  1.000000E+000  1.626274E+010
  1.944000E+004  2.461493E+019  2.981500E+002  1.013250E+003 -1.000000E+000  3.910000E+017  4.100000E-001 -1.000000E+000 -1.000000E+000  1.000000E+000  1.000000E+000  1.607879E+010
  1.953000E+004  2.461493E+019  2.981500E+002  1.013250E+003 -1.000000E+000  3.910000E+017  4.100000E-001 -1.000000E+000 -1.000000E+000  1.000000E+000  1.000000E+000  1.589344E+010
  1.962000E+004  2.461493E+019  2.981500E+002  1.013250E+003 -1.000000E+000  3.910000E+017  4.100000E-001 -1.000000E+000 -1.000000E+000  1.000000E+000  1.000000E+000  1.570684E+010
  1.971000E+004  2.461493E+019  2.981500E+002  1.013250E+003 -1.000000E+000  3.910000E+017  4.100000E-001 -1.000000E+000 -1.000000E+000  1.000000E+000  1.000000E+000  1.551916E+010
  1.980000E+004  2.461493E+019  2.981500E+002  1.013250E+003 -1.000000E+000  3.910000E+017  4.100000E-001 -1.000000E+000 -1.000000E+000  1.000000E+000  1.000000E+000  1.533053E+010
  1.989000E+004  2.461493E+019  2.981500E+002  1.013250E+003 -1.000000E+000  3.910000E+017  4.100000E-001 -1.000000E+000 -1.000000E+000  1.000000E+000  1.000000E+000  1.514113E+010
  1.998000E+004  2.461493E+019  2.981500E+002  1.013250E+003 -1.000000E+000  3.910000E+017  4.100000E-001 -1.000000E+000 -1.000000E+000  1.000000E+000  1.000000E+000  1.495111E+010
  2.007000E+004  2.461493E+019  2.981500E+002  1.013250E+003 -1.000000E+000  3.910000E+017  4.100000E-001 -1.000000E+000 -1.000000E+000  1.000000E+000  1.000000E+000  1.476062E+010
  2.016000E+004  2.461493E+019  2.981500E+002  1.013250E+003 -1.000000E+000  3.910000E+017  4.100000E-001 -1.000000E+000 -1.000000E+000  1.000000E+000  1.000000E+000  1.456983E+010
  2.025000E+004  2.461493E+019  2.981500E+002  1.013250E+003 -1.000000E+000  3.910000E+017  4.100000E-001 -1.000000E+000 -1.000000E+000  1.000000E+000  1.000000E+000  1.437888E+010
  2.034000E+004  2.461493E+019  2.981500E+002  1.013250E+003 -1.000000E+000  3.910000E+017  4.100000E-001 -1.000000E+000 -1.000000E+000  1.000000E+000  1.000000E+000  1.418792E+010
  2.043000E+004  2.461493E+019  2.981500E+002  1.013250E+003 -1.000000E+000  3.910000E+017  4.100000E-001 -1.000000E+000 -1.000000E+000  1.000000E+000  1.000000E+000  1.399713E+010
  2.052000E+004  2.461493E+019  2.981500E+002  1.013250E+003 -1.000000E+000  3.910000E+017  4.100000E-001 -1.000000E+000 -1.000000E+000  1.000000E+000  1.000000E+000  1.380663E+010
  2.061000E+004  2.461493E+019  2.981500E+002  1.013250E+003 -1.000000E+000  3.910000E+017  4.100000E-001 -1.000000E+000 -1.000000E+000  1.000000E+000  1.000000E+000  1.361660E+010
  2.070000E+004  2.461493E+019  2.981500E+002  1.013250E+003 -1.000000E+000  3.910000E+017  4.100000E-001 -1.000000E+000 -1.000000E+000  1.000000E+000  1.000000E+000  1.342716E+010
  2.079000E+004  2.461493E+019  2.981500E+002  1.013250E+003 -1.000000E+000  3.910000E+017  4.100000E-001 -1.000000E+000 -1.000000E+000  1.000000E+000  1.000000E+000  1.323848E+010
  2.088000E+004  2.461493E+019  2.981500E+002  1.013250E+003 -1.000000E+000  3.910000E+017  4.100000E-001 -1.000000E+000 -1.000000E+000  1.000000E+000  1.000000E+000  1.305070E+010
  2.097000E+004  2.461493E+019  2.981500E+002  1.013250E+003 -1.000000E+000  3.910000E+017  4.100000E-001 -1.000000E+000 -1.000000E+000  1.000000E+000  1.000000E+000  1.286396E+010
  2.106000E+004  2.461493E+019  2.981500E+002  1.013250E+003 -1.000000E+000  3.910000E+017  4.100000E-001 -1.000000E+000 -1.000000E+000  1.000000E+000  1.000000E+000  1.267841E+010
  2.115000E+004  2.461493E+019  2.981500E+002  1.013250E+003 -1.000000E+000  3.910000E+017  4.100000E-001 -1.000000E+000 -1.000000E+000  1.000000E+000  1.000000E+000  1.249417E+010
  2.124000E+004  2.461493E+019  2.981500E+002  1.013250E+003 -1.000000E+000  3.910000E+017  4.100000E-001 -1.000000E+000 -1.000000E+000  1.000000E+000  1.000000E+000  1.231139E+010
  2.133000E+004  2.461493E+019  2.981500E+002  1.013250E+003 -1.000000E+000  3.910000E+017  4.100000E-001 -1.000000E+000 -1.000000E+000  1.000000E+000  1.000000E+000  1.213020E+010
  2.142000E+004  2.461493E+019  2.981500E+002  1.013250E+003 -1.000000E+000  3.910000E+017  4.100000E-001 -1.000000E+000 -1.000000E+000  1.000000E+000  1.000000E+000  1.195073E+010
  2.151000E+004  2.461493E+019  2.981500E+002  1.013250E+003 -1.000000E+000  3.910000E+017  4.100000E-001 -1.000000E+000 -1.000000E+000  1.000000E+000  1.000000E+000  1.177310E+010
  2.160000E+004  2.461493E+019  2.981500E+002  1.013250E+003 -1.000000E+000  3.910000E+017  4.100000E-001 -1.000000E+000 -1.000000E+000  1.000000E+000  1.000000E+000  1.159743E+010
  2.169000E+004  2.461493E+019  2.981500E+002  1.013250E+003 -1.000000E+000  3.910000E+017  4.100000E-001 -1.000000E+000 -1.000000E+000  1.000000E+000  1.000000E+000  1.142384E+010
  2.178000E+004  2.461493E+019  2.981500E+002  1.013250E+003 -1.000000E+000  3.910000E+017  4.100000E-001 -1.000000E+000 -1.000000E+000  1.000000E+000  1.000000E+000  1.125244E+010
  2.187000E+004  2.461493E+019  2.981500E+002  1.013250E+003 -1.000000E+000  3.910000E+017  4.100000E-001 -1.000000E+000 -1.000000E+000  1.000000E+000  1.000000E+000  1.108334E+010
  2.196000E+004  2.461493E+019  2.981500E+002  1.013250E+003 -1.000000E+000  3.910000E+017  4.100000E-001 -1.000000E+000 -1.000000E+000  1.000000E+000  1.000000E+000  1.091663E+010
  2.205000E+004  2.461493E+019  2.981500E+002  1.013250E+003 -1.000000E+000  3.910000E+017  4.100000E-001 -1.000000E+000 -1.000000E+000  1.000000E+000  1.000000E+000  1.075243E+010
  2.214000E+004  2.461493E+019  2.981500E+002  1.013250E+003 -1.000000E+000  3.910000E+017  4.100000E-001 -1.000000E+000 -1.000000E+000  1.000000E+000  1.000000E+000  1.059080E+010
  2.223000E+004  2.461493E+019  2.981500E+002  1.013250E+003 -1.000000E+000  3.910000E+017  4.100000E-001 -1.000000E+000 -1.000000E+000  1.000000E+000  1.000000E+000  1.043185E+010
  2.232000E+004  2.461493E+019  2.981500E+002  1.013250E+003 -1.000000E+000  3.910000E+017  4.100000E-001 -1.000000E+000 -1.000000E+000  1.000000E+000  1.000000E+000  1.027564E+010
  2.241000E+004  2.461493E+019  2.981500E+002  1.013250E+003 -1.000000E+000  3.910000E+017  4.100000E-001 -1.000000E+000 -1.000000E+000  1.000000E+000  1.000000E+000  1.012224E+010
  2.250000E+004  2.461493E+019  2.981500E+002  1.013250E+003 -1.000000E+000  3.910000E+017  4.100000E-001 -1.000000E+000 -1.000000E+000  1.000000E+000  1.000000E+000  9.971730E+009
  2.259000E+004  2.461493E+019  2.981500E+002  1.013250E+003 -1.000000E+000  3.910000E+017  4.100000E-001 -1.000000E+000 -1.000000E+000  1.000000E+000  1.000000E+000  9.824155E+009
  2.268000E+004  2.461493E+019  2.981500E+002  1.013250E+003 -1.000000E+000  3.910000E+017  4.100000E-001 -1.000000E+000 -1.000000E+000  1.000000E+000  1.000000E+000  9.679569E+009
  2.277000E+004  2.461493E+019  2.981500E+002  1.013250E+003 -1.000000E+000  3.910000E+017  4.100000E-001 -1.000000E+000 -1.000000E+000  1.000000E+000  1.000000E+000  9.538015E+009
  2.286000E+004  2.461493E+019  2.981500E+002  1.013250E+003 -1.000000E+000  3.910000E+017  4.100000E-001 -1.000000E+000 -1.000000E+000  1.000000E+000  1.000000E+000  9.399529E+009
  2.295000E+004  2.461493E+019  2.981500E+002  1.013250E+003 -1.000000E+000  3.910000E+017  4.100000E-001 -1.000000E+000 -1.000000E+000  1.000000E+000  1.000000E+000  9.264140E+009
  2.304000E+004  2.461493E+019  2.981500E+002  1.013250E+003 -1.000000E+000  3.910000E+017  4.100000E-001 -1.000000E+000 -1.000000E+000  1.000000E+000  1.000000E+000  9.131868E+009
  2.313000E+004  2.461493E+019  2.981500E+002  1.013250E+003 -1.000000E+000  3.910000E+017  4.100000E-001 -1.000000E+000 -1.000000E+000  1.000000E+000  1.000000E+000  9.002729E+009
  2.322000E+004  2.461493E+019  2.981500E+002  1.013250E+003 -1.000000E+000  3.910000E+017  4.100000E-001 -1.000000E+000 -1.000000E+000  1.000000E+000  1.000000E+000  8.876731E+009
  2.331000E+004  2.461493E+019  2.981500E+002  1.013250E+003 -1.000000E+000  3.910000E+017  4.100000E-001 -1.000000E+000 -1.000000E+000  1.000000E+000  1.000000E+000  8.753872E+009
  2.340000E+004  2.461493E+019  2.981500E+002  1.013250E+003 -1.000000E+000  3.910000E+017  4.100000E-001 -1.000000E+000 -1.000000E+000  1.000000E+000  1.000000E+000  8.634147E+009
  2.349000E+004  2.461493E+019  2.981500E+002  1.013250E+003 -1.000000E+000  3.910000E+017  4.100000E-001 -1.000000E+000 -1.000000E+000  1.000000E+000  1.000000E+000  8.517543E+009
  2.358000E+004  2.461493E+019  2.981500E+002  1.013250E+003 -1.000000E+000  3.910000E+017  4.100000E-001 -1.000000E+000 -1.000000E+000  1.000000E+000  1.000000E+000  8.404040E+009
  2.367000E+004  2.461493E+019  2.981500E+002  1.013250E+003 -1.000000E+000  3.910000E+017  4.100000E-001 -1.000000E+000 -1.000000E+000  1.000000E+000  1.000000E+000  8.293612E+009
  2.376000E+004  2.461493E+019  2.981500E+002  1.013250E+003 -1.000000E+000  3.910000E+017  4.100000E-001 -1.000000E+000 -1.000000E+000  1.000000E+000  1.000000E+000  8.186229E+009
  2.385000E+004  2.461493E+019  2.981500E+002  1.013250E+003 -1.000000E+000  3.910000E+017  4.100000E-001 -1.000000E+000 -1.000000E+000  1.000000E+000  1.000000E+000  8.081853E+009
  2.394000E+004  2.461493E+019  2.981500E+002  1.013250E+003 -1.000000E+000  3.910000E+017  4.100000E-001 -1.000000E+000 -1.000000E+000  1.000000E+000  1.000000E+000  7.980442E+009
  2.403000E+004  2.461493E+019  2.981500E+002  1.013250E+003 -1.000000E+000  3.910000E+017  4.100000E-001 -1.000000E+000 -1.000000E+000  1.000000E+000  1.000000E+000  7.881949E+009
  2.412000E+004  2.461493E+019  2.981500E+002  1.013250E+003 -1.000000E+000  3.910000E+017  4.100000E-001 -1.000000E+000 -1.000000E+000  1.000000E+000  1.000000E+000  7.786323E+009
  2.421000E+004  2.461493E+019  2.981500E+002  1.013250E+003 -1.000000E+000  3.910000E+017  4.100000E-001 -1.000000E+000 -1.000000E+000  1.000000E+000  1.000000E+000  7.693508E+009
  2.430000E+004  2.461493E+019  2.981500E+002  1.013250E+003 -1.000000E+000  3.910000E+017  4.100000E-001 -1.000000E+000 -1.000000E+000  1.000000E+000  1.000000E+000  7.603446E+009
  2.439000E+004  2.461493E+019  2.981500E+002  1.013250E+003 -1.000000E+000  3.910000E+017  4.100000E-001 -1.000000E+000 -1.000000E+000  1.000000E+000  1.000000E+000  7.516073E+009
  2.448000E+004  2.461493E+019  2.981500E+002  1.013250E+003 -1.000000E+000  3.910000E+017  4.100000E-001 -1.000000E+000 -1.000000E+000  1.000000E+000  1.000000E+000  7.431326E+009
  2.457000E+004  2.461493E+019  2.981500E+002  1.013250E+003 -1.000000E+000  3.910000E+017  4.100000E-001 -1.000000E+000 -1.000000E+000  1.000000E+000  1.000000E+000  7.349137E+009
  2.466000E+004  2.461493E+019  2.981500E+002  1.013250E+003 -1.000000E+000  3.910000E+017  4.100000E-001 -1.000000E+000 -1.000000E+000  1.000000E+000  1.000000E+000  7.269435E+009
  2.475000E+004  2.461493E+019  2.981500E+002  1.013250E+003 -1.000000E+000  3.910000E+017  4.100000E-001 -1.000000E+000 -1.000000E+000  1.000000E+000  1.000000E+000  7.192150E+009
  2.484000E+004  2.461493E+019  2.981500E+002  1.013250E+003 -1.000000E+000  3.910000E+017  4.100000E-001 -1.000000E+000 -1.000000E+000  1.000000E+000  1.000000E+000  7.117211E+009
  2.493000E+004  2.461493E+019  2.981500E+002  1.013250E+003 -1.000000E+000  3.910000E+017  4.100000E-001 -1.000000E+000 -1.000000E+000  1.000000E+000  1.000000E+000  7.044543E+009
  2.502000E+004  2.461493E+019  2.981500E+002  1.013250E+003 -1.000000E+000  3.910000E+017  4.100000E-001 -1.000000E+000 -1.000000E+000  1.000000E+000  1.000000E+000  6.974073E+009
  2.511000E+004  2.461493E+019  2.981500E+002  1.013250E+003 -1.000000E+000  3.910000E+017  4.100000E-001 -1.000000E+000 -1.000000E+000  1.000000E+000  1.000000E+000  6.905728E+009
  2.520000E+004  2.461493E+019  2.981500E+002  1.013250E+003 -1.000000E+000  3.910000E+017  4.100000E-001 -1.000000E+000 -1.000000E+000  1.000000E+000  1.000000E+000  6.839433E+009
  2.529000E+004  2.461493E+019  2.981500E+002  1.013250E+003 -1.000000E+000  3.910000E+017  4.100000E-001 -1.000000E+000 -1.000000E+000  1.000000E+000  1.000000E+000  6.775116E+009
  2.538000E+004  2.461493E+019  2.981500E+002  1.013250E+003 -1.000000E+000  3.910000E+017  4.100000E-001 -1.000000E+000 -1.000000E+000  1.000000E+000  1.000000E+000  6.712705E+009
  2.547000E+004  2.461493E+019  2.981500E+002  1.013250E+003 -1.000000E+000  3.910000E+017  4.100000E-001 -1.000000E+000 -1.000000E+000  1.000000E+000  1.000000E+000  6.652127E+009
  2.556000E+004  2.461493E+019  2.981500E+002  1.013250E+003 -1.000000E+000  3.910000E+017  4.100000E-001 -1.000000E+000 -1.000000E+000  1.000000E+000  1.000000E+000  6.593313E+009
  2.565000E+004  2.461493E+019  2.981500E+002  1.013250E+003 -1.000000E+000  3.910000E+017  4.100000E-001 -1.000000E+000 -1.000000E+000  1.000000E+000  1.000000E+000  6.536193E+009
  2.574000E+004  2.461493E+019  2.981500E+002  1.013250E+003 -1.000000E+000  3.910000E+017  4.100000E-001 -1.000000E+000 -1.000000E+000  1.000000E+000  1.000000E+000  6.480701E+009
  2.583000E+004  2.461493E+019  2.981500E+002  1.013250E+003 -1.000000E+000  3.910000E+017  4.100000E-001 -1.000000E+000 -1.000000E+000  1.000000E+000  1.000000E+000  6.426771E+009
  2.592000E+004  2.461493E+019  2.981500E+002  1.013250E+003 -1.000000E+000  3.910000E+017  4.100000E-001 -1.000000E+000 -1.000000E+000  1.000000E+000  1.000000E+000  6.374339E+009
  2.601000E+004  2.461493E+019  2.981500E+002  1.013250E+003 -1.000000E+000  3.910000E+017  4.100000E-001 -1.000000E+000 -1.000000E+000  1.000000E+000  1.000000E+000  6.323344E+009
  2.610000E+004  2.461493E+019  2.981500E+002  1.013250E+003 -1.000000E+000  3.910000E+017  4.100000E-001 -1.000000E+000 -1.000000E+000  1.000000E+000  1.000000E+000  6.273725E+009
  2.619000E+004  2.461493E+019  2.981500E+002  1.013250E+003 -1.000000E+000  3.910000E+017  4.100000E-001 -1.000000E+000 -1.000000E+000  1.000000E+000  1.000000E+000  6.225425E+009
  2.628000E+004  2.461493E+019  2.981500E+002  1.013250E+003 -1.000000E+000  3.910000E+017  4.100000E-001 -1.000000E+000 -1.000000E+000  1.000000E+000  1.000000E+000  6.178389E+009
  2.637000E+004  2.461493E+019  2.981500E+002  1.013250E+003 -1.000000E+000  3.910000E+017  4.100000E-001 -1.000000E+000 -1.000000E+000  1.000000E+000  1.000000E+000  6.132563E+009
  2.646000E+004  2.461493E+019  2.981500E+002  1.013250E+003 -1.000000E+000  3.910000E+017  4.100000E-001 -1.000000E+000 -1.000000E+000  1.000000E+000  1.000000E+000  6.087896E+009
  2.655000E+004  2.461493E+019  2.981500E+002  1.013250E+003 -1.000000E+000  3.910000E+017  4.100000E-001 -1.000000E+000 -1.000000E+000  1.000000E+000  1.000000E+000  6.044339E+009
  2.664000E+004  2.461493E+019  2.981500E+002  1.013250E+003 -1.000000E+000  3.910000E+017  4.100000E-001 -1.000000E+000 -1.000000E+000  1.000000E+000  1.000000E+000  6.001846E+009
  2.673000E+004  2.461493E+019  2.981500E+002  1.013250E+003 -1.000000E+000  3.910000E+017  4.100000E-001 -1.000000E+000 -1.000000E+000  1.000000E+000  1.000000E+000  5.960371E+009
  2.682000E+004  2.461493E+019  2.981500E+002  1.013250E+003 -1.000000E+000  3.910000E+017  4.100000E-001 -1.000000E+000 -1.000000E+000  1.000000E+000  1.000000E+000  5.919873E+009
  2.691000E+004  2.461493E+019  2.981500E+002  1.013250E+003 -1.000000E+000  3.910000E+017  4.100000E-001 -1.000000E+000 -1.000000E+000  1.000000E+000  1.000000E+000  5.880311E+009
  2.700000E+004  2.461493E+019  2.981500E+002  1.013250E+003 -1.000000E+000  3.910000E+017  4.100000E-001 -1.000000E+000 -1.000000E+000  1.000000E+000  1.000000E+000  5.841647E+009
  2.709000E+004  2.461493E+019  2.981500E+002  1.013250E+003 -1.000000E+000  3.910000E+017  4.100000E-001 -1.000000E+000 -1.000000E+000  1.000000E+000  1.000000E+000  5.803845E+009
  2.718000E+004  2.461493E+019  2.981500E+002  1.013250E+003 -1.000000E+000  3.910000E+017  4.100000E-001 -1.000000E+000 -1.000000E+000  1.000000E+000  1.000000E+000  5.766869E+009
  2.727000E+004  2.461493E+019  2.981500E+002  1.013250E+003 -1.000000E+000  3.910000E+017  4.100000E-001 -1.000000E+000 -1.000000E+000  1.000000E+000  1.000000E+000  5.730687E+009
  2.736000E+004  2.461493E+019  2.981500E+002  1.013250E+003 -1.000000E+000  3.910000E+017  4.100000E-001 -1.000000E+000 -1.000000E+000  1.000000E+000  1.000000E+000  5.695269E+009
  2.745000E+004  2.461493E+019  2.981500E+002  1.013250E+003 -1.000000E+000  3.910000E+017  4.100000E-001 -1.000000E+000 -1.000000E+000  1.000000E+000  1.000000E+000  5.660586E+009
  2.754000E+004  2.461493E+019  2.981500E+002  1.013250E+003 -1.000000E+000  3.910000E+017  4.100000E-001 -1.000000E+000 -1.000000E+000  1.000000E+000  1.000000E+000  5.626609E+009
  2.763000E+004  2.461493E+019  2.981500E+002  1.013250E+003 -1.000000E+000  3.910000E+017  4.100000E-001 -1.000000E+000 -1.000000E+000  1.000000E+000  1.000000E+000  5.593313E+009
  2.772000E+004  2.461493E+019  2.981500E+002  1.013250E+003 -1.000000E+000  3.910000E+017  4.100000E-001 -1.000000E+000 -1.000000E+000  1.000000E+000  1.000000E+000  5.560674E+009
  2.781000E+004  2.461493E+019  2.981500E+002  1.013250E+003 -1.000000E+000  3.910000E+017  4.100000E-001 -1.000000E+000 -1.000000E+000  1.000000E+000  1.000000E+000  5.528668E+009
  2.790000E+004  2.461493E+019  2.981500E+002  1.013250E+003 -1.000000E+000  3.910000E+017  4.100000E-001 -1.000000E+000 -1.000000E+000  1.000000E+000  1.000000E+000  5.497273E+009
  2.799000E+004  2.461493E+019  2.981500E+002  1.013250E+003 -1.000000E+000  3.910000E+017  4.100000E-001 -1.000000E+000 -1.000000E+000  1.000000E+000  1.000000E+000  5.466470E+009
  2.808000E+004  2.461493E+019  2.981500E+002  1.013250E+003 -1.000000E+000  3.910000E+017  4.100000E-001 -1.000000E+000 -1.000000E+000  1.000000E+000  1.000000E+000  5.436238E+009
  2.817000E+004  2.461493E+019  2.981500E+002  1.013250E+003 -1.000000E+000  3.910000E+017  4.100000E-001 -1.000000E+000 -1.000000E+000  1.000000E+000  1.000000E+000  5.406560E+009
  2.826000E+004  2.461493E+019  2.981500E+002  1.013250E+003 -1.000000E+000  3.910000E+017  4.100000E-001 -1.000000E+000 -1.000000E+000  1.000000E+000  1.000000E+000  5.377418E+009
  2.835000E+004  2.461493E+019  2.981500E+002  1.013250E+003 -1.000000E+000  3.910000E+017  4.100000E-001 -1.000000E+000 -1.000000E+000  1.000000E+000  1.000000E+000  5.348797E+009
  2.844000E+004  2.461493E+019  2.981500E+002  1.013250E+003 -1.000000E+000  3.910000E+017  4.100000E-001 -1.000000E+000 -1.000000E+000  1.000000E+000  1.000000E+000  5.320681E+009
  2.853000E+004  2.461493E+019  2.981500E+002  1.013250E+003 -1.000000E+000  3.910000E+017  4.100000E-001 -1.000000E+000 -1.000000E+000  1.000000E+000  1.000000E+000  5.293056E+009
  2.862000E+004  2.461493E+019  2.981500E+002  1.013250E+003 -1.000000E+000  3.910000E+017  4.100000E-001 -1.000000E+000 -1.000000E+000  1.000000E+000  1.000000E+000  5.265907E+009
  2.871000E+004  2.461493E+019  2.981500E+002  1.013250E+003 -1.000000E+000  3.910000E+017  4.100000E-001 -1.000000E+000 -1.000000E+000  1.000000E+000  1.000000E+000  5.239223E+009
  2.880000E+004  2.461493E+019  2.981500E+002  1.013250E+003 -1.000000E+000  3.910000E+017  4.100000E-001 -1.000000E+000 -1.000000E+000  1.000000E+000  1.000000E+000  5.212992E+009
  2.889000E+004  2.461493E+019  2.981500E+002  1.013250E+003 -1.000000E+000  3.910000E+017  4.100000E-001 -1.000000E+000 -1.000000E+000  1.000000E+000  1.000000E+000  5.187201E+009
  2.898000E+004  2.461493E+019  2.981500E+002  1.013250E+003 -1.000000E+000  3.910000E+017  4.100000E-001 -1.000000E+000 -1.000000E+000  1.000000E+000  1.000000E+000  5.161840E+009
  2.907000E+004  2.461493E+019  2.981500E+002  1.013250E+003 -1.000000E+000  3.910000E+017  4.100000E-001 -1.000000E+000 -1.000000E+000  1.000000E+000  1.000000E+000  5.136899E+009
  2.916000E+004  2.461493E+019  2.981500E+002  1.013250E+003 -1.000000E+000  3.910000E+017  4.100000E-001 -1.000000E+000 -1.000000E+000  1.000000E+000  1.000000E+000  5.112368E+009
  2.925000E+004  2.461493E+019  2.981500E+002  1.013250E+003 -1.000000E+000  3.910000E+017  4.100000E-001 -1.000000E+000 -1.000000E+000  1.000000E+000  1.000000E+000  5.088238E+009
  2.934000E+004  2.461493E+019  2.981500E+002  1.013250E+003 -1.000000E+000  3.910000E+017  4.100000E-001 -1.000000E+000 -1.000000E+000  1.000000E+000  1.000000E+000  5.064499E+009
  2.943000E+004  2.461493E+019  2.981500E+002  1.013250E+003 -1.000000E+000  3.910000E+017  4.100000E-001 -1.000000E+000 -1.000000E+000  1.000000E+000  1.000000E+000  5.041144E+009
  2.952000E+004  2.461493E+019  2.981500E+002  1.013250E+003 -1.000000E+000  3.910000E+017  4.100000E-001 -1.000000E+000 -1.000000E+000  1.000000E+000  1.000000E+000  5.018165E+009
  2.961000E+004  2.461493E+019  2.981500E+002  1.013250E+003 -1.000000E+000  3.910000E+017  4.100000E-001 -1.000000E+000 -1.000000E+000  1.000000E+000  1.000000E+000  4.995554E+009
  2.970000E+004  2.461493E+019  2.981500E+002  1.013250E+003 -1.000000E+000  3.910000E+017  4.100000E-001 -1.000000E+000 -1.000000E+000  1.000000E+000  1.000000E+000  4.973304E+009
  2.979000E+004  2.461493E+019  2.981500E+002  1.013250E+003 -1.000000E+000  3.910000E+017  4.100000E-001 -1.000000E+000 -1.000000E+000  1.000000E+000  1.000000E+000  4.951407E+009
  2.988000E+004  2.461493E+019  2.981500E+002  1.013250E+003 -1.000000E+000  3.910000E+017  4.100000E-001 -1.000000E+000 -1.000000E+000  1.000000E+000  1.000000E+000  4.929858E+009
  2.997000E+004  2.461493E+019  2.981500E+002  1.013250E+003 -1.000000E+000  3.910000E+017  4.100000E-001 -1.000000E+000 -1.000000E+000  1.000000E+000  1.000000E+000  4.908650E+009
  3.006000E+004  2.461493E+019  2.981500E+002  1.013250E+003 -1.000000E+000  3.910000E+017  4.100000E-001 -1.000000E+000 -1.000000E+000  1.000000E+000  1.000000E+000  4.887776E+009
  3.015000E+004  2.461493E+019  2.981500E+002  1.013250E+003 -1.000000E+000  3.910000E+017  4.100000E-001 -1.000000E+000 -1.000000E+000  1.000000E+000  1.000000E+000  4.867231E+009
  3.024000E+004  2.461493E+019  2.981500E+002  1.013250E+003 -1.000000E+000  3.910000E+017  4.100000E-001 -1.000000E+000 -1.000000E+000  1.000000E+000  1.000000E+000  4.847009E+009
  3.033000E+004  2.461493E+019  2.981500E+002  1.013250E+003 -1.000000E+000  3.910000E+017  4.100000E-001 -1.000000E+000 -1.000000E+000  1.000000E+000  1.000000E+000  4.827105E+009
  3.042000E+004  2.461493E+019  2.981500E+002  1.013250E+003 -1.000000E+000  3.910000E+017  4.100000E-001 -1.000000E+000 -1.000000E+000  1.000000E+000  1.000000E+000  4.807513E+009
  3.051000E+004  2.461493E+019  2.981500E+002  1.013250E+003 -1.000000E+000  3.910000E+017  4.100000E-001 -1.000000E+000 -1.000000E+000  1.000000E+000  1.000000E+000  4.788229E+009
  3.060000E+004  2.461493E+019  2.981500E+002  1.013250E+003 -1.000000E+000  3.910000E+017  4.100000E-001 -1.000000E+000 -1.000000E+000  1.000000E+000  1.000000E+000  4.769247E+009
  3.069000E+004  2.461493E+019  2.981500E+002  1.013250E+003 -1.000000E+000  3.910000E+017  4.100000E-001 -1.000000E+000 -1.000000E+000  1.000000E+000  1.000000E+000  4.750563E+009
  3.078000E+004  2.461493E+019  2.981500E+002  1.013250E+003 -1.000000E+000  3.910000E+017  4.100000E-001 -1.000000E+000 -1.000000E+000  1.000000E+000  1.000000E+000  4.732172E+009
  3.087000E+004  2.461493E+019  2.981500E+002  1.013250E+003 -1.000000E+000  3.910000E+017  4.100000E-001 -1.000000E+000 -1.000000E+000  1.000000E+000  1.000000E+000  4.714070E+009
  3.096000E+004  2.461493E+019  2.981500E+002  1.013250E+003 -1.000000E+000  3.910000E+017  4.100000E-001 -1.000000E+000 -1.000000E+000  1.000000E+000  1.000000E+000  4.696252E+009
  3.105000E+004  2.461493E+019  2.981500E+002  1.013250E+003 -1.000000E+000  3.910000E+017  4.100000E-001 -1.000000E+000 -1.000000E+000  1.000000E+000  1.000000E+000  4.678714E+009
  3.114000E+004  2.461493E+019  2.981500E+002  1.013250E+003 -1.000000E+000  3.910000E+017  4.100000E-001 -1.000000E+000 -1.000000E+000  1.000000E+000  1.000000E+000  4.661453E+009
  3.123000E+004  2.461493E+019  2.981500E+002  1.013250E+003 -1.000000E+000  3.910000E+017  4.100000E-001 -1.000000E+000 -1.000000E+000  1.000000E+000  1.000000E+000  4.644464E+009
  3.132000E+004  2.461493E+019  2.981500E+002  1.013250E+003 -1.000000E+000  3.910000E+017  4.100000E-001 -1.000000E+000 -1.000000E+000  1.000000E+000  1.000000E+000  4.627742E+009
  3.141000E+004  2.461493E+019  2.981500E+002  1.013250E+003 -1.000000E+000  3.910000E+017  4.100000E-001 -1.000000E+000 -1.000000E+000  1.000000E+000  1.000000E+000  4.611286E+009
  3.150000E+004  2.461493E+019  2.981500E+002  1.013250E+003 -1.000000E+000  3.910000E+017  4.100000E-001 -1.000000E+000 -1.000000E+000  1.000000E+000  1.000000E+000  4.595090E+009
  3.159000E+004  2.461493E+019  2.981500E+002  1.013250E+003 -1.000000E+000  3.910000E+017  4.100000E-001 -1.000000E+000 -1.000000E+000  1.000000E+000  1.000000E+000  4.579152E+009
  3.168000E+004  2.461493E+019  2.981500E+002  1.013250E+003 -1.000000E+000  3.910000E+017  4.100000E-001 -1.000000E+000 -1.000000E+000  1.000000E+000  1.000000E+000  4.563468E+009
  3.177000E+004  2.461493E+019  2.981500E+002  1.013250E+003 -1.000000E+000  3.910000E+017  4.100000E-001 -1.000000E+000 -1.000000E+000  1.000000E+000  1.000000E+000  4.548034E+009
  3.186000E+004  2.461493E+019  2.981500E+002  1.013250E+003 -1.000000E+000  3.910000E+017  4.100000E-001 -1.000000E+000 -1.000000E+000  1.000000E+000  1.000000E+000  4.532848E+009
  3.195000E+004  2.461493E+019  2.981500E+002  1.013250E+003 -1.000000E+000  3.910000E+017  4.100000E-001 -1.000000E+000 -1.000000E+000  1.000000E+000  1.000000E+000  4.517905E+009
  3.204000E+004  2.461493E+019  2.981500E+002  1.013250E+003 -1.000000E+000  3.910000E+017  4.100000E-001 -1.000000E+000 -1.000000E+000  1.000000E+000  1.000000E+000  4.503203E+009
  3.213000E+004  2.461493E+019  2.981500E+002  1.013250E+003 -1.000000E+000  3.910000E+017  4.100000E-001 -1.000000E+000 -1.000000E+000  1.000000E+000  1.000000E+000  4.488740E+009
  3.222000E+004  2.461493E+019  2.981500E+002  1.013250E+003 -1.000000E+000  3.910000E+017  4.100000E-001 -1.000000E+000 -1.000000E+000  1.000000E+000  1.000000E+000  4.474511E+009
  3.231000E+004  2.461493E+019  2.981500E+002  1.013250E+003 -1.000000E+000  3.910000E+017  4.100000E-001 -1.000000E+000 -1.000000E+000  1.000000E+000  1.000000E+000  4.460514E+009
  3.240000E+004  2.461493E+019  2.981500E+002  1.013250E+003 -1.000000E+000  3.910000E+017  4.100000E-001 -1.000000E+000 -1.000000E+000  1.000000E+000  1.000000E+000  4.446746E+009
  3.249000E+004  2.461493E+019  2.981500E+002  1.013250E+003 -1.000000E+000  3.910000E+017  4.100000E-001 -1.000000E+000 -1.000000E+000  1.000000E+000  1.000000E+000  4.433205E+009
  3.258000E+004  2.461493E+019  2.981500E+002  1.013250E+003 -1.000000E+000  3.910000E+017  4.100000E-001 -1.000000E+000 -1.000000E+000  1.000000E+000  1.000000E+000  4.419887E+009
  3.267000E+004  2.461493E+019  2.981500E+002  1.013250E+003 -1.000000E+000  3.910000E+017  4.100000E-001 -1.000000E+000 -1.000000E+000  1.000000E+000  1.000000E+000  4.406790E+009
  3.276000E+004  2.461493E+019  2.981500E+002  1.013250E+003 -1.000000E+000  3.910000E+017  4.100000E-001 -1.000000E+000 -1.000000E+000  1.000000E+000  1.000000E+000  4.393911E+009
  3.285000E+004  2.461493E+019  2.981500E+002  1.013250E+003 -1.000000E+000  3.910000E+017  4.100000E-001 -1.000000E+000 -1.000000E+000  1.000000E+000  1.000000E+000  4.381248E+009
  3.294000E+004  2.461493E+019  2.981500E+002  1.013250E+003 -1.000000E+000  3.910000E+017  4.100000E-001 -1.000000E+000 -1.000000E+000  1.000000E+000  1.000000E+000  4.368798E+009
  3.303000E+004  2.461493E+019  2.981500E+002  1.013250E+003 -1.000000E+000  3.910000E+017  4.100000E-001 -1.000000E+000 -1.000000E+000  1.000000E+000  1.000000E+000  4.356559E+009
  3.312000E+004  2.461493E+019  2.981500E+002  1.013250E+003 -1.000000E+000  3.910000E+017  4.100000E-001 -1.000000E+000 -1.000000E+000  1.000000E+000  1.000000E+000  4.344529E+009
  3.321000E+004  2.461493E+019  2.981500E+002  1.013250E+003 -1.000000E+000  3.910000E+017  4.100000E-001 -1.000000E+000 -1.000000E+000  1.000000E+000  1.000000E+000  4.332704E+009
  3.330000E+004  2.461493E+019  2.981500E+002  1.013250E+003 -1.000000E+000  3.910000E+017  4.100000E-001 -1.000000E+000 -1.000000E+000  1.000000E+000  1.000000E+000  4.321084E+009
  3.339000E+004  2.461493E+019  2.981500E+002  1.013250E+003 -1.000000E+000  3.910000E+017  4.100000E-001 -1.000000E+000 -1.000000E+000  1.000000E+000  1.000000E+000  4.309664E+009
  3.348000E+004  2.461493E+019  2.981500E+002  1.013250E+003 -1.000000E+000  3.910000E+017  4.100000E-001 -1.000000E+000 -1.000000E+000  1.000000E+000  1.000000E+000  4.298444E+009
  3.357000E+004  2.461493E+019  2.981500E+002  1.013250E+003 -1.000000E+000  3.910000E+017  4.100000E-001 -1.000000E+000 -1.000000E+000  1.000000E+000  1.000000E+000  4.287421E+009
  3.366000E+004  2.461493E+019  2.981500E+002  1.013250E+003 -1.000000E+000  3.910000E+017  4.100000E-001 -1.000000E+000 -1.000000E+000  1.000000E+000  1.000000E+000  4.276594E+009
  3.375000E+004  2.461493E+019  2.981500E+002  1.013250E+003 -1.000000E+000  3.910000E+017  4.100000E-001 -1.000000E+000 -1.000000E+000  1.000000E+000  1.000000E+000  4.265958E+009
  3.384000E+004  2.461493E+019  2.981500E+002  1.013250E+003 -1.000000E+000  3.910000E+017  4.100000E-001 -1.000000E+000 -1.000000E+000  1.000000E+000  1.000000E+000  4.255514E+009
  3.393000E+004  2.461493E+019  2.981500E+002  1.013250E+003 -1.000000E+000  3.910000E+017  4.100000E-001 -1.000000E+000 -1.000000E+000  1.000000E+000  1.000000E+000  4.245259E+009
  3.402000E+004  2.461493E+019  2.981500E+002  1.013250E+003 -1.000000E+000  3.910000E+017  4.100000E-001 -1.000000E+000 -1.000000E+000  1.000000E+000  1.000000E+000  4.235190E+009
  3.411000E+004  2.461493E+019  2.981500E+002  1.013250E+003 -1.000000E+000  3.910000E+017  4.100000E-001 -1.000000E+000 -1.000000E+000  1.000000E+000  1.000000E+000  4.225306E+009
  3.420000E+004  2.461493E+019  2.981500E+002  1.013250E+003 -1.000000E+000  3.910000E+017  4.100000E-001 -1.000000E+000 -1.000000E+000  1.000000E+000  1.000000E+000  4.215606E+009
  3.429000E+004  2.461493E+019  2.981500E+002  1.013250E+003 -1.000000E+000  3.910000E+017  4.100000E-001 -1.000000E+000 -1.000000E+000  1.000000E+000  1.000000E+000  4.206086E+009
  3.438000E+004  2.461493E+019  2.981500E+002  1.013250E+003 -1.000000E+000  3.910000E+017  4.100000E-001 -1.000000E+000 -1.000000E+000  1.000000E+000  1.000000E+000  4.196745E+009
  3.447000E+004  2.461493E+019  2.981500E+002  1.013250E+003 -1.000000E+000  3.910000E+017  4.100000E-001 -1.000000E+000 -1.000000E+000  1.000000E+000  1.000000E+000  4.187582E+009
  3.456000E+004  2.461493E+019  2.981500E+002  1.013250E+003 -1.000000E+000  3.910000E+017  4.100000E-001 -1.000000E+000 -1.000000E+000  1.000000E+000  1.000000E+000  4.178595E+009
  3.465000E+004  2.461493E+019  2.981500E+002  1.013250E+003 -1.000000E+000  3.910000E+017  4.100000E-001 -1.000000E+000 -1.000000E+000  1.000000E+000  1.000000E+000  4.169781E+009
  3.474000E+004  2.461493E+019  2.981500E+002  1.013250E+003 -1.000000E+000  3.910000E+017  4.100000E-001 -1.000000E+000 -1.000000E+000  1.000000E+000  1.000000E+000  4.161139E+009
  3.483000E+004  2.461493E+019  2.981500E+002  1.013250E+003 -1.000000E+000  3.910000E+017  4.100000E-001 -1.000000E+000 -1.000000E+000  1.000000E+000  1.000000E+000  4.152668E+009
  3.492000E+004  2.461493E+019  2.981500E+002  1.013250E+003 -1.000000E+000  3.910000E+017  4.100000E-001 -1.000000E+000 -1.000000E+000  1.000000E+000  1.000000E+000  4.144365E+009
  3.501000E+004  2.461493E+019  2.981500E+002  1.013250E+003 -1.000000E+000  3.910000E+017  4.100000E-001 -1.000000E+000 -1.000000E+000  1.000000E+000  1.000000E+000  4.136229E+009
  3.510000E+004  2.461493E+019  2.981500E+002  1.013250E+003 -1.000000E+000  3.910000E+017  4.100000E-001 -1.000000E+000 -1.000000E+000  1.000000E+000  1.000000E+000  4.128258E+009
  3.519000E+004  2.461493E+019  2.981500E+002  1.013250E+003 -1.000000E+000  3.910000E+017  4.100000E-001 -1.000000E+000 -1.000000E+000  1.000000E+000  1.000000E+000  4.120451E+009
  3.528000E+004  2.461493E+019  2.981500E+002  1.013250E+003 -1.000000E+000  3.910000E+017  4.100000E-001 -1.000000E+000 -1.000000E+000  1.000000E+000  1.000000E+000  4.112805E+009
  3.537000E+004  2.461493E+019  2.981500E+002  1.013250E+003 -1.000000E+000  3.910000E+017  4.100000E-001 -1.000000E+000 -1.000000E+000  1.000000E+000  1.000000E+000  4.105320E+009
  3.546000E+004  2.461493E+019  2.981500E+002  1.013250E+003 -1.000000E+000  3.910000E+017  4.100000E-001 -1.000000E+000 -1.000000E+000  1.000000E+000  1.000000E+000  4.097994E+009
  3.555000E+004  2.461493E+019  2.981500E+002  1.013250E+003 -1.000000E+000  3.910000E+017  4.100000E-001 -1.000000E+000 -1.000000E+000  1.000000E+000  1.000000E+000  4.090825E+009
  3.564000E+004  2.461493E+019  2.981500E+002  1.013250E+003 -1.000000E+000  3.910000E+017  4.100000E-001 -1.000000E+000 -1.000000E+000  1.000000E+000  1.000000E+000  4.083811E+009
  3.573000E+004  2.461493E+019  2.981500E+002  1.013250E+003 -1.000000E+000  3.910000E+017  4.100000E-001 -1.000000E+000 -1.000000E+000  1.000000E+000  1.000000E+000  4.076952E+009
  3.582000E+004  2.461493E+019  2.981500E+002  1.013250E+003 -1.000000E+000  3.910000E+017  4.100000E-001 -1.000000E+000 -1.000000E+000  1.000000E+000  1.000000E+000  4.070244E+009
  3.591000E+004  2.461493E+019  2.981500E+002  1.013250E+003 -1.000000E+000  3.910000E+017  4.100000E-001 -1.000000E+000 -1.000000E+000  1.000000E+000  1.000000E+000  4.063688E+009
  3.600000E+004  2.461493E+019  2.981500E+002  1.013250E+003 -1.000000E+000  3.910000E+017  4.100000E-001 -1.000000E+000 -1.000000E+000  1.000000E+000  1.000000E+000  4.057281E+009
  3.609000E+004  2.461493E+019  2.981500E+002  1.013250E+003 -1.000000E+000  3.910000E+017  4.100000E-001 -1.000000E+000 -1.000000E+000  1.000000E+000  1.000000E+000  4.051021E+009
  3.618000E+004  2.461493E+019  2.981500E+002  1.013250E+003 -1.000000E+000  3.910000E+017  4.100000E-001 -1.000000E+000 -1.000000E+000  1.000000E+000  1.000000E+000  4.044908E+009
  3.627000E+004  2.461493E+019  2.981500E+002  1.013250E+003 -1.000000E+000  3.910000E+017  4.100000E-001 -1.000000E+000 -1.000000E+000  1.000000E+000  1.000000E+000  4.038940E+009
  3.636000E+004  2.461493E+019  2.981500E+002  1.013250E+003 -1.000000E+000  3.910000E+017  4.100000E-001 -1.000000E+000 -1.000000E+000  1.000000E+000  1.000000E+000  4.033115E+009
  3.645000E+004  2.461493E+019  2.981500E+002  1.013250E+003 -1.000000E+000  3.910000E+017  4.100000E-001 -1.000000E+000 -1.000000E+000  1.000000E+000  1.000000E+000  4.027431E+009
  3.654000E+004  2.461493E+019  2.981500E+002  1.013250E+003 -1.000000E+000  3.910000E+017  4.100000E-001 -1.000000E+000 -1.000000E+000  1.000000E+000  1.000000E+000  4.021888E+009
  3.663000E+004  2.461493E+019  2.981500E+002  1.013250E+003 -1.000000E+000  3.910000E+017  4.100000E-001 -1.000000E+000 -1.000000E+000  1.000000E+000  1.000000E+000  4.016483E+009
  3.672000E+004  2.461493E+019  2.981500E+002  1.013250E+003 -1.000000E+000  3.910000E+017  4.100000E-001 -1.000000E+000 -1.000000E+000  1.000000E+000  1.000000E+000  4.011216E+009
  3.681000E+004  2.461493E+019  2.981500E+002  1.013250E+003 -1.000000E+000  3.910000E+017  4.100000E-001 -1.000000E+000 -1.000000E+000  1.000000E+000  1.000000E+000  4.006084E+009
  3.690000E+004  2.461493E+019  2.981500E+002  1.013250E+003 -1.000000E+000  3.910000E+017  4.100000E-001 -1.000000E+000 -1.000000E+000  1.000000E+000  1.000000E+000  4.001086E+009
  3.699000E+004  2.461493E+019  2.981500E+002  1.013250E+003 -1.000000E+000  3.910000E+017  4.100000E-001 -1.000000E+000 -1.000000E+000  1.000000E+000  1.000000E+000  3.996221E+009
  3.708000E+004  2.461493E+019  2.981500E+002  1.013250E+003 -1.000000E+000  3.910000E+017  4.100000E-001 -1.000000E+000 -1.000000E+000  1.000000E+000  1.000000E+000  3.991488E+009
  3.717000E+004  2.461493E+019  2.981500E+002  1.013250E+003 -1.000000E+000  3.910000E+017  4.100000E-001 -1.000000E+000 -1.000000E+000  1.000000E+000  1.000000E+000  3.986884E+009
  3.726000E+004  2.461493E+019  2.981500E+002  1.013250E+003 -1.000000E+000  3.910000E+017  4.100000E-001 -1.000000E+000 -1.000000E+000  1.000000E+000  1.000000E+000  3.982408E+009
  3.735000E+004  2.461493E+019  2.981500E+002  1.013250E+003 -1.000000E+000  3.910000E+017  4.100000E-001 -1.000000E+000 -1.000000E+000  1.000000E+000  1.000000E+000  3.978058E+009
  3.744000E+004  2.461493E+019  2.981500E+002  1.013250E+003 -1.000000E+000  3.910000E+017  4.100000E-001 -1.000000E+000 -1.000000E+000  1.000000E+000  1.000000E+000  3.973834E+009
  3.753000E+004  2.461493E+019  2.981500E+002  1.013250E+003 -1.000000E+000  3.910000E+017  4.100000E-001 -1.000000E+000 -1.000000E+000  1.000000E+000  1.000000E+000  3.969734E+009
  3.762000E+004  2.461493E+019  2.981500E+002  1.013250E+003 -1.000000E+000  3.910000E+017  4.100000E-001 -1.000000E+000 -1.000000E+000  1.000000E+000  1.000000E+000  3.965756E+009
  3.771000E+004  2.461493E+019  2.981500E+002  1.013250E+003 -1.000000E+000  3.910000E+017  4.100000E-001 -1.000000E+000 -1.000000E+000  1.000000E+000  1.000000E+000  3.961898E+009
  3.780000E+004  2.461493E+019  2.981500E+002  1.013250E+003 -1.000000E+000  3.910000E+017  4.100000E-001 -1.000000E+000 -1.000000E+000  1.000000E+000  1.000000E+000  3.958160E+009
  3.789000E+004  2.461493E+019  2.981500E+002  1.013250E+003 -1.000000E+000  3.910000E+017  4.100000E-001 -1.000000E+000 -1.000000E+000  1.000000E+000  1.000000E+000  3.954539E+009
  3.798000E+004  2.461493E+019  2.981500E+002  1.013250E+003 -1.000000E+000  3.910000E+017  4.100000E-001 -1.000000E+000 -1.000000E+000  1.000000E+000  1.000000E+000  3.951034E+009
  3.807000E+004  2.461493E+019  2.981500E+002  1.013250E+003 -1.000000E+000  3.910000E+017  4.100000E-001 -1.000000E+000 -1.000000E+000  1.000000E+000  1.000000E+000  3.947643E+009
  3.816000E+004  2.461493E+019  2.981500E+002  1.013250E+003 -1.000000E+000  3.910000E+017  4.100000E-001 -1.000000E+000 -1.000000E+000  1.000000E+000  1.000000E+000  3.944366E+009
  3.825000E+004  2.461493E+019  2.981500E+002  1.013250E+003 -1.000000E+000  3.910000E+017  4.100000E-001 -1.000000E+000 -1.000000E+000  1.000000E+000  1.000000E+000  3.941200E+009
  3.834000E+004  2.461493E+019  2.981500E+002  1.013250E+003 -1.000000E+000  3.910000E+017  4.100000E-001 -1.000000E+000 -1.000000E+000  1.000000E+000  1.000000E+000  3.938144E+009
  3.843000E+004  2.461493E+019  2.981500E+002  1.013250E+003 -1.000000E+000  3.910000E+017  4.100000E-001 -1.000000E+000 -1.000000E+000  1.000000E+000  1.000000E+000  3.935196E+009
  3.852000E+004  2.461493E+019  2.981500E+002  1.013250E+003 -1.000000E+000  3.910000E+017  4.100000E-001 -1.000000E+000 -1.000000E+000  1.000000E+000  1.000000E+000  3.932354E+009
  3.861000E+004  2.461493E+019  2.981500E+002  1.013250E+003 -1.000000E+000  3.910000E+017  4.100000E-001 -1.000000E+000 -1.000000E+000  1.000000E+000  1.000000E+000  3.929618E+009
  3.870000E+004  2.461493E+019  2.981500E+002  1.013250E+003 -1.000000E+000  3.910000E+017  4.100000E-001 -1.000000E+000 -1.000000E+000  1.000000E+000  1.000000E+000  3.926986E+009
  3.879000E+004  2.461493E+019  2.981500E+002  1.013250E+003 -1.000000E+000  3.910000E+017  4.100000E-001 -1.000000E+000 -1.000000E+000  1.000000E+000  1.000000E+000  3.924456E+009
  3.888000E+004  2.461493E+019  2.981500E+002  1.013250E+003 -1.000000E+000  3.910000E+017  4.100000E-001 -1.000000E+000 -1.000000E+000  1.000000E+000  1.000000E+000  3.922026E+009
  3.897000E+004  2.461493E+019  2.981500E+002  1.013250E+003 -1.000000E+000  3.910000E+017  4.100000E-001 -1.000000E+000 -1.000000E+000  1.000000E+000  1.000000E+000  3.919695E+009
  3.906000E+004  2.461493E+019  2.981500E+002  1.013250E+003 -1.000000E+000  3.910000E+017  4.100000E-001 -1.000000E+000 -1.000000E+000  1.000000E+000  1.000000E+000  3.917461E+009
  3.915000E+004  2.461493E+019  2.981500E+002  1.013250E+003 -1.000000E+000  3.910000E+017  4.100000E-001 -1.000000E+000 -1.000000E+000  1.000000E+000  1.000000E+000  3.915322E+009
  3.924000E+004  2.461493E+019  2.981500E+002  1.013250E+003 -1.000000E+000  3.910000E+017  4.100000E-001 -1.000000E+000 -1.000000E+000  1.000000E+000  1.000000E+000  3.913278E+009
  3.933000E+004  2.461493E+019  2.981500E+002  1.013250E+003 -1.000000E+000  3.910000E+017  4.100000E-001 -1.000000E+000 -1.000000E+000  1.000000E+000  1.000000E+000  3.911326E+009
  3.942000E+004  2.461493E+019  2.981500E+002  1.013250E+003 -1.000000E+000  3.910000E+017  4.100000E-001 -1.000000E+000 -1.000000E+000  1.000000E+000  1.000000E+000  3.909464E+009
  3.951000E+004  2.461493E+019  2.981500E+002  1.013250E+003 -1.000000E+000  3.910000E+017  4.100000E-001 -1.000000E+000 -1.000000E+000  1.000000E+000  1.000000E+000  3.907692E+009
  3.960000E+004  2.461493E+019  2.981500E+002  1.013250E+003 -1.000000E+000  3.910000E+017  4.100000E-001 -1.000000E+000 -1.000000E+000  1.000000E+000  1.000000E+000  3.906007E+009
  3.969000E+004  2.461493E+019  2.981500E+002  1.013250E+003 -1.000000E+000  3.910000E+017  4.100000E-001 -1.000000E+000 -1.000000E+000  1.000000E+000  1.000000E+000  3.904408E+009
  3.978000E+004  2.461493E+019  2.981500E+002  1.013250E+003 -1.000000E+000  3.910000E+017  4.100000E-001 -1.000000E+000 -1.000000E+000  1.000000E+000  1.000000E+000  3.902893E+009
  3.987000E+004  2.461493E+019  2.981500E+002  1.013250E+003 -1.000000E+000  3.910000E+017  4.100000E-001 -1.000000E+000 -1.000000E+000  1.000000E+000  1.000000E+000  3.901460E+009
  3.996000E+004  2.461493E+019  2.981500E+002  1.013250E+003 -1.000000E+000  3.910000E+017  4.100000E-001 -1.000000E+000 -1.000000E+000  1.000000E+000  1.000000E+000  3.900108E+009
  4.005000E+004  2.461493E+019  2.981500E+002  1.013250E+003 -1.000000E+000  3.910000E+017  4.100000E-001 -1.000000E+000 -1.000000E+000  1.000000E+000  1.000000E+000  3.898836E+009
  4.014000E+004  2.461493E+019  2.981500E+002  1.013250E+003 -1.000000E+000  3.910000E+017  4.100000E-001 -1.000000E+000 -1.000000E+000  1.000000E+000  1.000000E+000  3.897640E+009
  4.023000E+004  2.461493E+019  2.981500E+002  1.013250E+003 -1.000000E+000  3.910000E+017  4.100000E-001 -1.000000E+000 -1.000000E+000  1.000000E+000  1.000000E+000  3.896521E+009
  4.032000E+004  2.461493E+019  2.981500E+002  1.013250E+003 -1.000000E+000  3.910000E+017  4.100000E-001 -1.000000E+000 -1.000000E+000  1.000000E+000  1.000000E+000  3.895475E+009
  4.041000E+004  2.461493E+019  2.981500E+002  1.013250E+003 -1.000000E+000  3.910000E+017  4.100000E-001 -1.000000E+000 -1.000000E+000  1.000000E+000  1.000000E+000  3.894502E+009
  4.050000E+004  2.461493E+019  2.981500E+002  1.013250E+003 -1.000000E+000  3.910000E+017  4.100000E-001 -1.000000E+000 -1.000000E+000  1.000000E+000  1.000000E+000  3.893599E+009
  4.059000E+004  2.461493E+019  2.981500E+002  1.013250E+003 -1.000000E+000  3.910000E+017  4.100000E-001 -1.000000E+000 -1.000000E+000  1.000000E+000  1.000000E+000  3.892765E+009
  4.068000E+004  2.461493E+019  2.981500E+002  1.013250E+003 -1.000000E+000  3.910000E+017  4.100000E-001 -1.000000E+000 -1.000000E+000  1.000000E+000  1.000000E+000  3.891999E+009
  4.077000E+004  2.461493E+019  2.981500E+002  1.013250E+003 -1.000000E+000  3.910000E+017  4.100000E-001 -1.000000E+000 -1.000000E+000  1.000000E+000  1.000000E+000  3.891298E+009
  4.086000E+004  2.461493E+019  2.981500E+002  1.013250E+003 -1.000000E+000  3.910000E+017  4.100000E-001 -1.000000E+000 -1.000000E+000  1.000000E+000  1.000000E+000  3.890660E+009
  4.095000E+004  2.461493E+019  2.981500E+002  1.013250E+003 -1.000000E+000  3.910000E+017  4.100000E-001 -1.000000E+000 -1.000000E+000  1.000000E+000  1.000000E+000  3.890085E+009
  4.104000E+004  2.461493E+019  2.981500E+002  1.013250E+003 -1.000000E+000  3.910000E+017  4.100000E-001 -1.000000E+000 -1.000000E+000  1.000000E+000  1.000000E+000  3.889570E+009
  4.113000E+004  2.461493E+019  2.981500E+002  1.013250E+003 -1.000000E+000  3.910000E+017  4.100000E-001 -1.000000E+000 -1.000000E+000  1.000000E+000  1.000000E+000  3.889114E+009
  4.122000E+004  2.461493E+019  2.981500E+002  1.013250E+003 -1.000000E+000  3.910000E+017  4.100000E-001 -1.000000E+000 -1.000000E+000  1.000000E+000  1.000000E+000  3.888714E+009
  4.131000E+004  2.461493E+019  2.981500E+002  1.013250E+003 -1.000000E+000  3.910000E+017  4.100000E-001 -1.000000E+000 -1.000000E+000  1.000000E+000  1.000000E+000  3.888370E+009
  4.140000E+004  2.461493E+019  2.981500E+002  1.013250E+003 -1.000000E+000  3.910000E+017  4.100000E-001 -1.000000E+000 -1.000000E+000  1.000000E+000  1.000000E+000  3.888078E+009
  4.149000E+004  2.461493E+019  2.981500E+002  1.013250E+003 -1.000000E+000  3.910000E+017  4.100000E-001 -1.000000E+000 -1.000000E+000  1.000000E+000  1.000000E+000  3.887839E+009
  4.158000E+004  2.461493E+019  2.981500E+002  1.013250E+003 -1.000000E+000  3.910000E+017  4.100000E-001 -1.000000E+000 -1.000000E+000  1.000000E+000  1.000000E+000  3.887649E+009
  4.167000E+004  2.461493E+019  2.981500E+002  1.013250E+003 -1.000000E+000  3.910000E+017  4.100000E-001 -1.000000E+000 -1.000000E+000  1.000000E+000  1.000000E+000  3.887508E+009
  4.176000E+004  2.461493E+019  2.981500E+002  1.013250E+003 -1.000000E+000  3.910000E+017  4.100000E-001 -1.000000E+000 -1.000000E+000  1.000000E+000  1.000000E+000  3.887413E+009
  4.185000E+004  2.461493E+019  2.981500E+002  1.013250E+003 -1.000000E+000  3.910000E+017  4.100000E-001 -1.000000E+000 -1.000000E+000  1.000000E+000  1.000000E+000  3.887362E+009
  4.194000E+004  2.461493E+019  2.981500E+002  1.013250E+003 -1.000000E+000  3.910000E+017  4.100000E-001 -1.000000E+000 -1.000000E+000  1.000000E+000  1.000000E+000  3.887355E+009
  4.203000E+004  2.461493E+019  2.981500E+002  1.013250E+003 -1.000000E+000  3.910000E+017  4.100000E-001 -1.000000E+000 -1.000000E+000  1.000000E+000  1.000000E+000  3.887389E+009
  4.212000E+004  2.461493E+019  2.981500E+002  1.013250E+003 -1.000000E+000  3.910000E+017  4.100000E-001 -1.000000E+000 -1.000000E+000  1.000000E+000  1.000000E+000  3.887462E+009
  4.221000E+004  2.461493E+019  2.981500E+002  1.013250E+003 -1.000000E+000  3.910000E+017  4.100000E-001 -1.000000E+000 -1.000000E+000  1.000000E+000  1.000000E+000  3.887573E+009
  4.230000E+004  2.461493E+019  2.981500E+002  1.013250E+003 -1.000000E+000  3.910000E+017  4.100000E-001 -1.000000E+000 -1.000000E+000  1.000000E+000  1.000000E+000  3.887720E+009
  4.239000E+004  2.461493E+019  2.981500E+002  1.013250E+003 -1.000000E+000  3.910000E+017  4.100000E-001 -1.000000E+000 -1.000000E+000  1.000000E+000  1.000000E+000  3.887901E+009
  4.248000E+004  2.461493E+019  2.981500E+002  1.013250E+003 -1.000000E+000  3.910000E+017  4.100000E-001 -1.000000E+000 -1.000000E+000  1.000000E+000  1.000000E+000  3.888115E+009
  4.257000E+004  2.461493E+019  2.981500E+002  1.013250E+003 -1.000000E+000  3.910000E+017  4.100000E-001 -1.000000E+000 -1.000000E+000  1.000000E+000  1.000000E+000  3.888360E+009
  4.266000E+004  2.461493E+019  2.981500E+002  1.013250E+003 -1.000000E+000  3.910000E+017  4.100000E-001 -1.000000E+000 -1.000000E+000  1.000000E+000  1.000000E+000  3.888634E+009
  4.275000E+004  2.461493E+019  2.981500E+002  1.013250E+003 -1.000000E+000  3.910000E+017  4.100000E-001 -1.000000E+000 -1.000000E+000  1.000000E+000  1.000000E+000  3.888935E+009
  4.284000E+004  2.461493E+019  2.981500E+002  1.013250E+003 -1.000000E+000  3.910000E+017  4.100000E-001 -1.000000E+000 -1.000000E+000  1.000000E+000  1.000000E+000  3.889262E+009
  4.293000E+004  2.461493E+019  2.981500E+002  1.013250E+003 -1.000000E+000  3.910000E+017  4.100000E-001 -1.000000E+000 -1.000000E+000  1.000000E+000  1.000000E+000  3.889613E+009
  4.302000E+004  2.461493E+019  2.981500E+002  1.013250E+003 -1.000000E+000  3.910000E+017  4.100000E-001 -1.000000E+000 -1.000000E+000  1.000000E+000  1.000000E+000  3.889986E+009
  4.311000E+004  2.461493E+019  2.981500E+002  1.013250E+003 -1.000000E+000  3.910000E+017  4.100000E-001 -1.000000E+000 -1.000000E+000  1.000000E+000  1.000000E+000  3.890380E+009
  4.320000E+004  2.461493E+019  2.981500E+002  1.013250E+003 -1.000000E+000  3.910000E+017  4.100000E-001 -1.000000E+000 -1.000000E+000  1.000000E+000  1.000000E+000  3.890793E+009
