 O            1429.4518286632515     
 O3           232725927634.69168     
 NO          -8.8962809985643016E-010
 NO2         -4.4392239842348991E-009
 NO3         -7.9991524208221210E-014
 O1D          7.5117900288577556E-003
 N2O5         9.6314897855141642E-033
 OH           505740.30727750319     
 HO2          145270414.62873295     
 H2           64959955622.688911     
 CO           236878444450.84708     
 H2O2         44645974030.390137     
 HONO        -2.4172705249330644E-012
 HNO3        -1.7920759757615105E-008
 HO2NO2      -7.6637163486533539E-012
 SO2          0.0000000000000000     
 SO3          0.0000000000000000     
 HSO3         0.0000000000000000     
 NA          -3.3407352308983999E-009
 SA           0.0000000000000000     
 APINENE      55409451318.676353     
 NAPINAO2     7.6050064927456665E-011
 NAPINBO2    -2.0089548531578571E-012
 APINOOA     0.72800110200636103     
 APINOOB     0.48533405595083912     
 APINAO2      334802377.33534729     
 APINBO2      80957533.485311300     
 APINCO2      184020483.01220417     
 NAPINAOOH    7.2487329930990742E-008
 NAPINAO      3.7301611667214992E-019
 APINBNO3     2.3896683224358891E-010
 NAPINBOOH    9.4509262721456133E-010
 NAPINBO      7.3285770171112214E-021
 APINANO3    -1.7345263874353527E-008
 NC101CO      1.0749790294292975E-008
 C107O2       196983259.57228073     
 C109O2       30460154.274468005     
 APINBOO      38788.074648709167     
 C96O2        280924315.37457025     
 APINAOOH     31183824811.434174     
 APINAO      0.24359324718742911     
 APINBOH      27668115802.258675     
 APINBOOH     5486036838.8524017     
 APINBO      0.19441001243885242     
 APINBCO      17551598847.734009     
 APINCOOH     8737030668.4812069     
 APINCNO3    -3.6310496993465009E-009
 APINCO       6.6920447351661957E-002
 APINCOH      375451817.68240744     
 PINAL        65384490256.507896     
 NC101O2      1.0497845921437122E-011
 C96CO3       26092720.163905490     
 C107OOH      17288201251.055454     
 C107O       0.77408101419001452     
 C107OH       11036456186.871225     
 C109OOH      1822529942.1078508     
 C109O       0.25404089202840946     
 C109CO       727833055.59934449     
 C109OH       1520129805.4886444     
 PINONIC      17069451151.333046     
 C96OOH       13546838642.872595     
 C96NO3      -7.1643406896100986E-009
 C96O         3.2903384463314254     
 C96OH        16259804431.702377     
 NORPINAL     12973330069.381001     
 CH3COCH3     86609003907.274017     
 HCC7CO       1289199449.2918572     
 C720O2       18100355.978648257     
 PINALO2      130537030.16699408     
 NC101OOH     6.8654113354654459E-010
 NC101O       3.7896681230657374E-021
 PERPINONIC   345670611.18963313     
 C10PAN2     -2.6205991337339506E-009
 C108O2       285660859.60245687     
 C89CO3       8202904.9738650601     
 HCHO         71842307761.070038     
 C920CO3      1245826.5138763145     
 C920O2       11304279.878852312     
 C97O2        411869190.22389436     
 C85CO3       4239108.9508561688     
 C85O2        149723412.54613551     
 CH3COCH2O2   536153.75607090374     
 CH3CO3       38093808.269578233     
 CH3O2        330467333.97212684     
 C719O2       40934359.471743457     
 C720OOH      530661401.91215265     
 C720NO3     -5.9291773588923167E-010
 C720O       0.28178030774770890     
 C720OH       210352861.54330394     
 PINALOOH     7644612719.1458845     
 PINALNO3    -1.4342735780775521E-009
 PINALO      0.17850350406207030     
 PINALOH      344699815.00140876     
 NC102O2      1.3022560345374517E-012
 C108OOH      3150436591.1976361     
 C108NO3     -1.1971210469978851E-009
 C108O       0.83403192657913239     
 C108OH       22351975.369018603     
 C89CO2      0.53167455623108273     
 C89CO2H      9670389226.1978855     
 C89CO3H      129626525.01939078     
 C89PAN      -8.5116253898843000E-010
 C920CO3H     28209310.165841471     
 HOPINONIC    3454150381.0203915     
 C920PAN     -1.3468386910940182E-010
 C920OOH      626600147.95626843     
 C920O       0.20139159728060571     
 C97OOH       39887286379.133530     
 C97O        0.36540602594936666     
 C97OH        3140993957.2633824     
 C85CO3H      61851383.795836702     
 C9PAN2      -3.9784119141138149E-010
 C85OOH       6418749925.0424719     
 C85O         5.7984843680166244E-002
 CH3COCH2O    4.3285171031050658E-003
 HYPERACET    6749647.9971103398     
 ACETOL       22776904.894986015     
 MGLYOX       52440102.826525718     
 CH3CO2H      18318226656.831825     
 CH3CO3H      736083221.55078387     
 PAN         -4.1925070252115394E-009
 CH3OOH       5100864017.9942112     
 CH3NO3      -6.4764440804673243E-011
 CH3O         36.141745858687187     
 CH3O2NO2    -5.6595806666183557E-012
 CH3OH        11739286942.612108     
 C719OOH      1384825126.2391152     
 C719NO3     -2.9426455481809621E-010
 C719O        2.3707256665355569E-002
 C719OH       187087321.19909078     
 CO235C6CHO   4026088264.3595314     
 C106O2       88121189.611897647     
 NC102OOH     6.4934984715959300E-011
 NC102O       3.6650141299943132E-022
 C717O2       226456692.39501122     
 C811CO3      10419621.404036621     
 C89O2        69638684.194884360     
 CO13C4CHO    466610648.82703847     
 C921O2       33775583.181395382     
 C98O2        125699768.75463100     
 C86O2        23613628.055479426     
 C716OH       486705431.21066624     
 CO235C6CO3   3338503.7848633626     
 CHOC3COCO3   26421723.247346394     
 C106OOH      2343368130.6195250     
 C106NO3     -9.8927586593620943E-010
 C106O        5.6302097235351602E-002
 C106OH       41871569.514061928     
 NC71O2       1.1071767813559147E-013
 C717OOH      1904327804.8622351     
 C717NO3     -2.3583301826336149E-009
 C717O        14.267430015292117     
 C717OH       168741984.09308934     
 C811CO3H     163621907.68378329     
 C811O2       42137492.721002705     
 PINIC        10432241576.076363     
 C811PAN     -1.0620190245001179E-009
 C89OOH       5154198396.2270355     
 C89NO3      -2.0678247392116109E-009
 C89O         2.2705993097176966     
 C89OH        402028590.41750884     
 CHOC3COO2    126404476.75391230     
 C921OOH      5905731741.0417709     
 C921O        5.0639794672258036E-002
 C98OOH       1263852949.2661872     
 C98NO3      -4.4028991832836408E-010
 C98O        0.33419593677739762     
 C98OH        7451000.5625855252     
 C86OOH       663065849.05512130     
 C86O         1.5428505481784564E-002
 H3C25C6CO3   413441.05420570698     
 H3C25C6O2    2127566.0916736489     
 C235C6CO3H   18533576.497895170     
 CO235C6O2    13475189.089372901     
 C7PAN3      -3.7788560095818495E-010
 CHOC3COOOH   478319384.49032050     
 CHOC3COPAN  -2.7313987235372344E-009
 C716O2       9087173.7888657656     
 NC71OOH      3.0282878747874245E-012
 NC71O        1.4139589291446148E-021
 C811OOH      2266566297.8929458     
 C811NO3     -1.1121057970335489E-009
 C811O       0.13948747872746267     
 C721CHO      3359657000.3593678     
 C811OH       4511940056.3927326     
 C810O2       75112293.425279886     
 C413COOOH    3804507688.3790441     
 CHOC3COO     1.0811912544016471     
 C922O2       22433447.754127458     
 C614CO       2179407845.0921741     
 C614O2       55677888.675353400     
 C511O2       2935632.3298900332     
 H3C25CCO2H   103590477.66204037     
 H3C25CCO3H   4444735.9445965057     
 H3C25C6PAN  -3.8786566184966998E-011
 H3C25C6OOH   65531906.761844523     
 H3C25C6O     1.0702182487521391E-002
 H3C25C5CHO   28027849.642222259     
 H3C25C6OH    61955255.908672646     
 CO235C6OOH   165534515.52938405     
 CO235C6O    0.14807147577050142     
 CO235C5CHO   22089354.059704449     
 C4CODIAL    -9.5873242642875185E-010
 C716OOH      152355116.34951070     
 C716O        2.2071755406022724E-002
 NC71CO       3.0610529407619410E-012
 C812O2       50677940.845051967     
 C721CO3      1093431.5698032831     
 C721O2       11913000.761274118     
 C810OOH      2430568437.6912456     
 C810NO3     -9.9835009308791151E-010
 C810O        1.0467620356970653     
 C810OH       67111987.482442960     
 HCOCH2CO3    35461643.388445824     
 C922OOH      2184788200.1490607     
 C922O        1.8992949437679523E-002
 BIACETO2     20349034.140882608     
 HOCH2CO3     2063237.3701261317     
 C614OOH      448925437.53877795     
 C614NO3     -1.5039433709612048E-010
 C614O       0.26673770058539537     
 C614OH       137394556.06995785     
 C511OOH      44952707.301728629     
 C511O        1.1055550646132341E-002
 H3C2C4CO3    356179.66854857065     
 HMVKAO2      1171875.7602788787     
 CO23C4CO3    4403793.8144728355     
 C312COCO3   -4.0271487372133083E-013
 CHOCOCH2O2  -3.5365292971114539E-012
 NC72O2       3.3098987746993065E-016
 C812OOH      4279669260.7267919     
 C812O        4.5199984013494968E-002
 C812OH       2820487917.9792600     
 C721CO3H     13026357.159451334     
 NORPINIC     367335229.24391979     
 C721PAN     -1.0557684343207101E-010
 C721OOH      429804270.45722991     
 C721O        6.2457490239777605E-002
 C514O2       17769248.284558527     
 HCOCH2CO2H   11992053987.998764     
 HCOCH2CO3H   517481283.34846085     
 HCOCH2O2     150066606.36642450     
 C3PAN2      -3.6985864090311722E-009
 C621O2       3851905.2188213002     
 BIACETOOH    186503433.01403421     
 BIACETO     0.14369577557488583     
 BIACETOH     151944302.14486098     
 CO23C3CHO    95610042.318973139     
 HOCH2CO2H    879507078.62299609     
 HOCH2CO3H    32432170.806731828     
 PHAN        -2.0888562233071188E-010
 CO23C4CHO    862721271.84091914     
 HCOCH2CHO    199929295.11478287     
 H3C2C4CO2H   73676125.199592710     
 H3C2C4CO3H   3487802.5034820111     
 H3C2C4PAN   -3.2877148759068669E-011
 HMVKAOOH     25640276.308582921     
 HMVKANO3    -2.0208511316115881E-012
 HMVKAO       5.6027432009098663E-003
 CO2H3CHO     32670948.128269158     
 HO12CO3C4    32318698.460996687     
 CO23C4CO3H   97833084.042558506     
 C5PAN9      -4.7821828817748636E-010
 C312COCO3H  -3.3169703824703404E-012
 C312COPAN    4.1322629607486834E-029
 ALCOCH2OOH  -4.2025285405492888E-011
 CHOCOCH2O   -3.2731195646776926E-020
 NC72OOH      1.1345311586145932E-014
 NC72O        1.1913785299906677E-024
 C813O2       17875451.220729616     
 C722O2       29770120.014654133     
 C514OOH      280287090.48649406     
 C514NO3     -1.6979202127577668E-010
 C514O       0.60245758372572256     
 C514OH       55823242.586236067     
 HCOCH2OOH    2906616299.7644506     
 HCOCH2O     0.71553942044760910     
 GLYOX        3330124632.2633152     
 HOCH2CHO     6107624087.7966080     
 C621OOH      81893691.031940103     
 C621O        1.3878531693164883E-002
 HCOCO        3.2443603307138026E-004
 CO2H3CO3     9887.0215178657345     
 C33CO        2.8248756459413575E-030
 NC61CO3      2.9170217446725609E-017
 C813OOH      702852430.06684637     
 C813NO3     -2.8547248865937590E-010
 C813O        9.4552394666042552E-002
 C813OH       55334857.443492837     
 C722OOH      1214409167.4280844     
 C722O        6.9954526878263637E-003
 H1C23C4CHO   45903024.156663068     
 HCOCO3       103723.29009797868     
 CO2H3CO3H    101881.69661181657     
 C4PAN6      -8.3832610221445377E-013
 NC61CO3H     4.1239115184054356E-016
 NC6PAN1     -2.6030840004560165E-033
 CO13C3CO2H   740032875.60462332     
 C516O2       19843735.127658576     
 C44O2        1416282.7236008663     
 H1C23C4CO3   13440.981414701791     
 H1C23C4O2    136527.05890946108     
 HCOCO2H      12075162.237989319     
 HCOCO3H      1407725.1321884731     
 C516OOH      1105521463.8020160     
 C516O        7.7257593245769807E-002
 C44OOH       22948645.450282764     
 C44O         4.9667344684709291E-003
 HC23C4CO3H   64470.411149006286     
 H1C23C4PAN  -1.3214952681413672E-012
 H1C23C4OOH   1164556.8937164794     
 H1C23C4O     1.3664070420472843E-003
 H1CO23CHO   -6.4855928428702546E-015
