           time speciesNumber speciesName reactionNumber           rate  reaction                                                                                                                                                                                                                                                                                                                                                                                                                                                                                                                                                                                                                                                                                                                                                                                                                                                                                                                                                        
  9.000000E+002            76        HCHO            227  0.000000E+000  HCHO=CO+HO2+HO2
  9.000000E+002            76        HCHO            228  0.000000E+000  HCHO=H2+CO
  9.000000E+002            76        HCHO            229 -1.237574E-020  NO3+HCHO=HNO3+CO+HO2
  9.000000E+002            76        HCHO            230  2.336854E+004  OH+HCHO=HO2+CO
  1.800000E+003            76        HCHO            227  0.000000E+000  HCHO=CO+HO2+HO2
  1.800000E+003            76        HCHO            228  0.000000E+000  HCHO=H2+CO
  1.800000E+003            76        HCHO            229  7.897981E-020  NO3+HCHO=HNO3+CO+HO2
  1.800000E+003            76        HCHO            230  4.241943E+004  OH+HCHO=HO2+CO
  2.700000E+003            76        HCHO            227  0.000000E+000  HCHO=CO+HO2+HO2
  2.700000E+003            76        HCHO            228  0.000000E+000  HCHO=H2+CO
  2.700000E+003            76        HCHO            229 -3.106039E-019  NO3+HCHO=HNO3+CO+HO2
  2.700000E+003            76        HCHO            230  5.607214E+004  OH+HCHO=HO2+CO
  3.600000E+003            76        HCHO            227  0.000000E+000  HCHO=CO+HO2+HO2
  3.600000E+003            76        HCHO            228  0.000000E+000  HCHO=H2+CO
  3.600000E+003            76        HCHO            229 -1.360293E-018  NO3+HCHO=HNO3+CO+HO2
  3.600000E+003            76        HCHO            230  6.627271E+004  OH+HCHO=HO2+CO
  4.500000E+003            76        HCHO            227  0.000000E+000  HCHO=CO+HO2+HO2
  4.500000E+003            76        HCHO            228  0.000000E+000  HCHO=H2+CO
  4.500000E+003            76        HCHO            229 -3.325595E-017  NO3+HCHO=HNO3+CO+HO2
  4.500000E+003            76        HCHO            230  7.385342E+004  OH+HCHO=HO2+CO
  5.400000E+003            76        HCHO            227  0.000000E+000  HCHO=CO+HO2+HO2
  5.400000E+003            76        HCHO            228  0.000000E+000  HCHO=H2+CO
  5.400000E+003            76        HCHO            229 -7.274194E-015  NO3+HCHO=HNO3+CO+HO2
  5.400000E+003            76        HCHO            230  7.947220E+004  OH+HCHO=HO2+CO
  6.300000E+003            76        HCHO            227  0.000000E+000  HCHO=CO+HO2+HO2
  6.300000E+003            76        HCHO            228  0.000000E+000  HCHO=H2+CO
  6.300000E+003            76        HCHO            229  2.988778E-017  NO3+HCHO=HNO3+CO+HO2
  6.300000E+003            76        HCHO            230  8.347648E+004  OH+HCHO=HO2+CO
  7.200000E+003            76        HCHO            227  0.000000E+000  HCHO=CO+HO2+HO2
  7.200000E+003            76        HCHO            228  0.000000E+000  HCHO=H2+CO
  7.200000E+003            76        HCHO            229 -9.235811E-016  NO3+HCHO=HNO3+CO+HO2
  7.200000E+003            76        HCHO            230  8.629203E+004  OH+HCHO=HO2+CO
  8.100000E+003            76        HCHO            227  0.000000E+000  HCHO=CO+HO2+HO2
  8.100000E+003            76        HCHO            228  0.000000E+000  HCHO=H2+CO
  8.100000E+003            76        HCHO            229  5.082641E-015  NO3+HCHO=HNO3+CO+HO2
  8.100000E+003            76        HCHO            230  8.817506E+004  OH+HCHO=HO2+CO
  9.000000E+003            76        HCHO            227  0.000000E+000  HCHO=CO+HO2+HO2
  9.000000E+003            76        HCHO            228  0.000000E+000  HCHO=H2+CO
  9.000000E+003            76        HCHO            229 -1.433439E-013  NO3+HCHO=HNO3+CO+HO2
  9.000000E+003            76        HCHO            230  8.929568E+004  OH+HCHO=HO2+CO
  9.900000E+003            76        HCHO            227  0.000000E+000  HCHO=CO+HO2+HO2
  9.900000E+003            76        HCHO            228  0.000000E+000  HCHO=H2+CO
  9.900000E+003            76        HCHO            229  1.822439E-012  NO3+HCHO=HNO3+CO+HO2
  9.900000E+003            76        HCHO            230  8.981126E+004  OH+HCHO=HO2+CO
  1.080000E+004            76        HCHO            227  0.000000E+000  HCHO=CO+HO2+HO2
  1.080000E+004            76        HCHO            228  0.000000E+000  HCHO=H2+CO
  1.080000E+004            76        HCHO            229 -1.418093E-011  NO3+HCHO=HNO3+CO+HO2
  1.080000E+004            76        HCHO            230  8.992481E+004  OH+HCHO=HO2+CO
  1.170000E+004            76        HCHO            227  0.000000E+000  HCHO=CO+HO2+HO2
  1.170000E+004            76        HCHO            228  0.000000E+000  HCHO=H2+CO
  1.170000E+004            76        HCHO            229  2.137310E-010  NO3+HCHO=HNO3+CO+HO2
  1.170000E+004            76        HCHO            230  8.966413E+004  OH+HCHO=HO2+CO
  1.260000E+004            76        HCHO            227  0.000000E+000  HCHO=CO+HO2+HO2
  1.260000E+004            76        HCHO            228  0.000000E+000  HCHO=H2+CO
  1.260000E+004            76        HCHO            229  1.949051E-010  NO3+HCHO=HNO3+CO+HO2
  1.260000E+004            76        HCHO            230  8.903648E+004  OH+HCHO=HO2+CO
  1.350000E+004            76        HCHO            227  0.000000E+000  HCHO=CO+HO2+HO2
  1.350000E+004            76        HCHO            228  0.000000E+000  HCHO=H2+CO
  1.350000E+004            76        HCHO            229 -4.698330E-010  NO3+HCHO=HNO3+CO+HO2
  1.350000E+004            76        HCHO            230  8.822869E+004  OH+HCHO=HO2+CO
  1.440000E+004            76        HCHO            227  3.187595E-004  HCHO=CO+HO2+HO2
  1.440000E+004            76        HCHO            228  7.684767E-003  HCHO=H2+CO
  1.440000E+004            76        HCHO            229 -3.046490E-014  NO3+HCHO=HNO3+CO+HO2
  1.440000E+004            76        HCHO            230  8.727669E+004  OH+HCHO=HO2+CO
  1.530000E+004            76        HCHO            227  2.641482E+002  HCHO=CO+HO2+HO2
  1.530000E+004            76        HCHO            228  1.585210E+003  HCHO=H2+CO
  1.530000E+004            76        HCHO            229 -1.917773E-017  NO3+HCHO=HNO3+CO+HO2
  1.530000E+004            76        HCHO            230  8.755602E+004  OH+HCHO=HO2+CO
  1.620000E+004            76        HCHO            227  5.192210E+003  HCHO=CO+HO2+HO2
  1.620000E+004            76        HCHO            228  2.180015E+004  HCHO=H2+CO
  1.620000E+004            76        HCHO            229 -1.684090E-017  NO3+HCHO=HNO3+CO+HO2
  1.620000E+004            76        HCHO            230  9.338211E+004  OH+HCHO=HO2+CO
  1.710000E+004            76        HCHO            227  2.270309E+004  HCHO=CO+HO2+HO2
  1.710000E+004            76        HCHO            228  7.834901E+004  HCHO=H2+CO
  1.710000E+004            76        HCHO            229 -1.465949E-017  NO3+HCHO=HNO3+CO+HO2
  1.710000E+004            76        HCHO            230  1.039497E+005  OH+HCHO=HO2+CO
  1.800000E+004            76        HCHO            227  5.634256E+004  HCHO=CO+HO2+HO2
  1.800000E+004            76        HCHO            228  1.708013E+005  HCHO=H2+CO
  1.800000E+004            76        HCHO            229 -1.266834E-017  NO3+HCHO=HNO3+CO+HO2
  1.800000E+004            76        HCHO            230  1.173470E+005  OH+HCHO=HO2+CO
  1.890000E+004            76        HCHO            227  1.066985E+005  HCHO=CO+HO2+HO2
  1.890000E+004            76        HCHO            228  2.940667E+005  HCHO=H2+CO
  1.890000E+004            76        HCHO            229 -1.102629E-017  NO3+HCHO=HNO3+CO+HO2
  1.890000E+004            76        HCHO            230  1.326737E+005  OH+HCHO=HO2+CO
  1.980000E+004            76        HCHO            227  1.736235E+005  HCHO=CO+HO2+HO2
  1.980000E+004            76        HCHO            228  4.441334E+005  HCHO=H2+CO
  1.980000E+004            76        HCHO            229 -8.419503E-018  NO3+HCHO=HNO3+CO+HO2
  1.980000E+004            76        HCHO            230  1.495074E+005  OH+HCHO=HO2+CO
  2.070000E+004            76        HCHO            227  2.568626E+005  HCHO=CO+HO2+HO2
  2.070000E+004            76        HCHO            228  6.182798E+005  HCHO=H2+CO
  2.070000E+004            76        HCHO            229 -7.908714E-018  NO3+HCHO=HNO3+CO+HO2
  2.070000E+004            76        HCHO            230  1.674937E+005  OH+HCHO=HO2+CO
  2.160000E+004            76        HCHO            227  3.559348E+005  HCHO=CO+HO2+HO2
  2.160000E+004            76        HCHO            228  8.140878E+005  HCHO=H2+CO
  2.160000E+004            76        HCHO            229 -7.492000E-018  NO3+HCHO=HNO3+CO+HO2
  2.160000E+004            76        HCHO            230  1.861984E+005  OH+HCHO=HO2+CO
  2.250000E+004            76        HCHO            227  4.698324E+005  HCHO=CO+HO2+HO2
  2.250000E+004            76        HCHO            228  1.028558E+006  HCHO=H2+CO
  2.250000E+004            76        HCHO            229 -5.831553E-018  NO3+HCHO=HNO3+CO+HO2
  2.250000E+004            76        HCHO            230  2.051116E+005  OH+HCHO=HO2+CO
  2.340000E+004            76        HCHO            227  5.968101E+005  HCHO=CO+HO2+HO2
  2.340000E+004            76        HCHO            228  1.257685E+006  HCHO=H2+CO
  2.340000E+004            76        HCHO            229 -5.214399E-018  NO3+HCHO=HNO3+CO+HO2
  2.340000E+004            76        HCHO            230  2.236898E+005  OH+HCHO=HO2+CO
  2.430000E+004            76        HCHO            227  7.343769E+005  HCHO=CO+HO2+HO2
  2.430000E+004            76        HCHO            228  1.496521E+006  HCHO=H2+CO
  2.430000E+004            76        HCHO            229 -4.762950E-018  NO3+HCHO=HNO3+CO+HO2
  2.430000E+004            76        HCHO            230  2.415609E+005  OH+HCHO=HO2+CO
  2.520000E+004            76        HCHO            227  8.794746E+005  HCHO=CO+HO2+HO2
  2.520000E+004            76        HCHO            228  1.739580E+006  HCHO=H2+CO
  2.520000E+004            76        HCHO            229 -4.503400E-018  NO3+HCHO=HNO3+CO+HO2
  2.520000E+004            76        HCHO            230  2.580912E+005  OH+HCHO=HO2+CO
  2.610000E+004            76        HCHO            227  1.028745E+006  HCHO=CO+HO2+HO2
  2.610000E+004            76        HCHO            228  1.981332E+006  HCHO=H2+CO
  2.610000E+004            76        HCHO            229 -4.405202E-018  NO3+HCHO=HNO3+CO+HO2
  2.610000E+004            76        HCHO            230  2.733692E+005  OH+HCHO=HO2+CO
  2.700000E+004            76        HCHO            227  1.178737E+006  HCHO=CO+HO2+HO2
  2.700000E+004            76        HCHO            228  2.216513E+006  HCHO=H2+CO
  2.700000E+004            76        HCHO            229 -1.517850E-019  NO3+HCHO=HNO3+CO+HO2
  2.700000E+004            76        HCHO            230  2.869117E+005  OH+HCHO=HO2+CO
  2.790000E+004            76        HCHO            227  1.326105E+006  HCHO=CO+HO2+HO2
  2.790000E+004            76        HCHO            228  2.440386E+006  HCHO=H2+CO
  2.790000E+004            76        HCHO            229 -4.462380E-018  NO3+HCHO=HNO3+CO+HO2
  2.790000E+004            76        HCHO            230  2.988091E+005  OH+HCHO=HO2+CO
  2.880000E+004            76        HCHO            227  1.467733E+006  HCHO=CO+HO2+HO2
  2.880000E+004            76        HCHO            228  2.648859E+006  HCHO=H2+CO
  2.880000E+004            76        HCHO            229 -4.276457E-018  NO3+HCHO=HNO3+CO+HO2
  2.880000E+004            76        HCHO            230  3.089164E+005  OH+HCHO=HO2+CO
  2.970000E+004            76        HCHO            227  1.600854E+006  HCHO=CO+HO2+HO2
  2.970000E+004            76        HCHO            228  2.838587E+006  HCHO=H2+CO
  2.970000E+004            76        HCHO            229 -4.264357E-018  NO3+HCHO=HNO3+CO+HO2
  2.970000E+004            76        HCHO            230  3.173354E+005  OH+HCHO=HO2+CO
  3.060000E+004            76        HCHO            227  1.723130E+006  HCHO=CO+HO2+HO2
  3.060000E+004            76        HCHO            228  3.007029E+006  HCHO=H2+CO
  3.060000E+004            76        HCHO            229 -4.271147E-018  NO3+HCHO=HNO3+CO+HO2
  3.060000E+004            76        HCHO            230  3.242382E+005  OH+HCHO=HO2+CO
  3.150000E+004            76        HCHO            227  1.832712E+006  HCHO=CO+HO2+HO2
  3.150000E+004            76        HCHO            228  3.152458E+006  HCHO=H2+CO
  3.150000E+004            76        HCHO            229 -4.263055E-018  NO3+HCHO=HNO3+CO+HO2
  3.150000E+004            76        HCHO            230  3.295925E+005  OH+HCHO=HO2+CO
  3.240000E+004            76        HCHO            227  1.928255E+006  HCHO=CO+HO2+HO2
  3.240000E+004            76        HCHO            228  3.273926E+006  HCHO=H2+CO
  3.240000E+004            76        HCHO            229 -4.245501E-018  NO3+HCHO=HNO3+CO+HO2
  3.240000E+004            76        HCHO            230  3.336943E+005  OH+HCHO=HO2+CO
  3.330000E+004            76        HCHO            227  2.008920E+006  HCHO=CO+HO2+HO2
  3.330000E+004            76        HCHO            228  3.371214E+006  HCHO=H2+CO
  3.330000E+004            76        HCHO            229 -4.215730E-018  NO3+HCHO=HNO3+CO+HO2
  3.330000E+004            76        HCHO            230  3.365285E+005  OH+HCHO=HO2+CO
  3.420000E+004            76        HCHO            227  2.074337E+006  HCHO=CO+HO2+HO2
  3.420000E+004            76        HCHO            228  3.444735E+006  HCHO=H2+CO
  3.420000E+004            76        HCHO            229 -4.172526E-018  NO3+HCHO=HNO3+CO+HO2
  3.420000E+004            76        HCHO            230  3.383285E+005  OH+HCHO=HO2+CO
  3.510000E+004            76        HCHO            227  2.124564E+006  HCHO=CO+HO2+HO2
  3.510000E+004            76        HCHO            228  3.495441E+006  HCHO=H2+CO
  3.510000E+004            76        HCHO            229 -4.117982E-018  NO3+HCHO=HNO3+CO+HO2
  3.510000E+004            76        HCHO            230  3.390991E+005  OH+HCHO=HO2+CO
  3.600000E+004            76        HCHO            227  2.160026E+006  HCHO=CO+HO2+HO2
  3.600000E+004            76        HCHO            228  3.524714E+006  HCHO=H2+CO
  3.600000E+004            76        HCHO            229 -4.062124E-018  NO3+HCHO=HNO3+CO+HO2
  3.600000E+004            76        HCHO            230  3.389235E+005  OH+HCHO=HO2+CO
  3.690000E+004            76        HCHO            227  2.181446E+006  HCHO=CO+HO2+HO2
  3.690000E+004            76        HCHO            228  3.534253E+006  HCHO=H2+CO
  3.690000E+004            76        HCHO            229 -3.927866E-018  NO3+HCHO=HNO3+CO+HO2
  3.690000E+004            76        HCHO            230  3.378193E+005  OH+HCHO=HO2+CO
  3.780000E+004            76        HCHO            227  2.189771E+006  HCHO=CO+HO2+HO2
  3.780000E+004            76        HCHO            228  3.525963E+006  HCHO=H2+CO
  3.780000E+004            76        HCHO            229 -2.169574E-018  NO3+HCHO=HNO3+CO+HO2
  3.780000E+004            76        HCHO            230  3.358809E+005  OH+HCHO=HO2+CO
  3.870000E+004            76        HCHO            227  2.186108E+006  HCHO=CO+HO2+HO2
  3.870000E+004            76        HCHO            228  3.501865E+006  HCHO=H2+CO
  3.870000E+004            76        HCHO            229 -7.919652E-018  NO3+HCHO=HNO3+CO+HO2
  3.870000E+004            76        HCHO            230  3.329389E+005  OH+HCHO=HO2+CO
  3.960000E+004            76        HCHO            227  2.171656E+006  HCHO=CO+HO2+HO2
  3.960000E+004            76        HCHO            228  3.464003E+006  HCHO=H2+CO
  3.960000E+004            76        HCHO            229 -1.504167E-017  NO3+HCHO=HNO3+CO+HO2
  3.960000E+004            76        HCHO            230  3.294885E+005  OH+HCHO=HO2+CO
  4.050000E+004            76        HCHO            227  2.147647E+006  HCHO=CO+HO2+HO2
  4.050000E+004            76        HCHO            228  3.414370E+006  HCHO=H2+CO
  4.050000E+004            76        HCHO            229  1.464947E-017  NO3+HCHO=HNO3+CO+HO2
  4.050000E+004            76        HCHO            230  3.254127E+005  OH+HCHO=HO2+CO
  4.140000E+004            76        HCHO            227  2.115301E+006  HCHO=CO+HO2+HO2
  4.140000E+004            76        HCHO            228  3.354858E+006  HCHO=H2+CO
  4.140000E+004            76        HCHO            229 -2.719831E-017  NO3+HCHO=HNO3+CO+HO2
  4.140000E+004            76        HCHO            230  3.204503E+005  OH+HCHO=HO2+CO
  4.230000E+004            76        HCHO            227  2.075784E+006  HCHO=CO+HO2+HO2
  4.230000E+004            76        HCHO            228  3.287206E+006  HCHO=H2+CO
  4.230000E+004            76        HCHO            229 -4.385516E-018  NO3+HCHO=HNO3+CO+HO2
  4.230000E+004            76        HCHO            230  3.147684E+005  OH+HCHO=HO2+CO
  4.320000E+004            76        HCHO            227  2.030181E+006  HCHO=CO+HO2+HO2
  4.320000E+004            76        HCHO            228  3.212975E+006  HCHO=H2+CO
  4.320000E+004            76        HCHO            229  3.067241E-018  NO3+HCHO=HNO3+CO+HO2
  4.320000E+004            76        HCHO            230  3.086346E+005  OH+HCHO=HO2+CO
