              t       latitude      longitude           secx           cosx            lha          sinld          cosld         eqtime
  0.000000E+000  5.151000E+001  1.300000E-001  0.000000E+000  0.000000E+000  0.000000E+000  0.000000E+000  0.000000E+000  0.000000E+000
  9.000000E+001  5.151000E+001  1.300000E-001  1.000000E+002  0.000000E+000 -3.152354E+000  3.119982E-001  5.707959E-001 -1.510746E-002
  1.800000E+002  5.151000E+001  1.300000E-001  1.000000E+002  0.000000E+000 -3.145650E+000  3.119982E-001  5.707959E-001 -1.510746E-002
  2.700000E+002  5.151000E+001  1.300000E-001  1.000000E+002  0.000000E+000 -3.138480E+000  3.119982E-001  5.707959E-001 -1.510746E-002
  3.600000E+002  5.151000E+001  1.300000E-001  1.000000E+002  0.000000E+000 -3.132245E+000  3.119982E-001  5.707959E-001 -1.510746E-002
  4.500000E+002  5.151000E+001  1.300000E-001  1.000000E+002  0.000000E+000 -3.124482E+000  3.119982E-001  5.707959E-001 -1.510746E-002
  5.400000E+002  5.151000E+001  1.300000E-001  1.000000E+002  0.000000E+000 -3.118659E+000  3.119982E-001  5.707959E-001 -1.510746E-002
  6.300000E+002  5.151000E+001  1.300000E-001  1.000000E+002  0.000000E+000 -3.112667E+000  3.119982E-001  5.707959E-001 -1.510746E-002
  7.200000E+002  5.151000E+001  1.300000E-001  1.000000E+002  0.000000E+000 -3.103678E+000  3.119982E-001  5.707959E-001 -1.510746E-002
  8.100000E+002  5.151000E+001  1.300000E-001  1.000000E+002  0.000000E+000 -3.097686E+000  3.119982E-001  5.707959E-001 -1.510746E-002
  9.000000E+002  5.151000E+001  1.300000E-001  1.000000E+002  0.000000E+000 -3.092864E+000  3.119982E-001  5.707959E-001 -1.510746E-002
  9.900000E+002  5.151000E+001  1.300000E-001  1.000000E+002  0.000000E+000 -3.083220E+000  3.119982E-001  5.707959E-001 -1.510746E-002
  1.080000E+003  5.151000E+001  1.300000E-001  1.000000E+002  0.000000E+000 -3.078399E+000  3.119982E-001  5.707959E-001 -1.510746E-002
  1.170000E+003  5.151000E+001  1.300000E-001  1.000000E+002  0.000000E+000 -3.073577E+000  3.119982E-001  5.707959E-001 -1.510746E-002
  1.260000E+003  5.151000E+001  1.300000E-001  1.000000E+002  0.000000E+000 -3.061483E+000  3.119982E-001  5.707959E-001 -1.510746E-002
  1.350000E+003  5.151000E+001  1.300000E-001  1.000000E+002  0.000000E+000 -3.054210E+000  3.119982E-001  5.707959E-001 -1.510746E-002
  1.440000E+003  5.151000E+001  1.300000E-001  1.000000E+002  0.000000E+000 -3.054210E+000  3.119982E-001  5.707959E-001 -1.510746E-002
  1.530000E+003  5.151000E+001  1.300000E-001  1.000000E+002  0.000000E+000 -3.046938E+000  3.119982E-001  5.707959E-001 -1.510746E-002
  1.620000E+003  5.151000E+001  1.300000E-001  1.000000E+002  0.000000E+000 -3.039666E+000  3.119982E-001  5.707959E-001 -1.510746E-002
  1.710000E+003  5.151000E+001  1.300000E-001  1.000000E+002  0.000000E+000 -3.032394E+000  3.119982E-001  5.707959E-001 -1.510746E-002
  1.800000E+003  5.151000E+001  1.300000E-001  1.000000E+002  0.000000E+000 -3.025121E+000  3.119982E-001  5.707959E-001 -1.510746E-002
  1.890000E+003  5.151000E+001  1.300000E-001  1.000000E+002  0.000000E+000 -3.017849E+000  3.119982E-001  5.707959E-001 -1.510746E-002
  1.980000E+003  5.151000E+001  1.300000E-001  1.000000E+002  0.000000E+000 -3.010577E+000  3.119982E-001  5.707959E-001 -1.510746E-002
  2.070000E+003  5.151000E+001  1.300000E-001  1.000000E+002  0.000000E+000 -3.003305E+000  3.119982E-001  5.707959E-001 -1.510746E-002
  2.160000E+003  5.151000E+001  1.300000E-001  1.000000E+002  0.000000E+000 -2.996033E+000  3.119982E-001  5.707959E-001 -1.510746E-002
  2.250000E+003  5.151000E+001  1.300000E-001  1.000000E+002  0.000000E+000 -2.988760E+000  3.119982E-001  5.707959E-001 -1.510746E-002
  2.340000E+003  5.151000E+001  1.300000E-001  1.000000E+002  0.000000E+000 -2.988760E+000  3.119982E-001  5.707959E-001 -1.510746E-002
  2.430000E+003  5.151000E+001  1.300000E-001  1.000000E+002  0.000000E+000 -2.981488E+000  3.119982E-001  5.707959E-001 -1.510746E-002
  2.520000E+003  5.151000E+001  1.300000E-001  1.000000E+002  0.000000E+000 -2.974216E+000  3.119982E-001  5.707959E-001 -1.510746E-002
  2.610000E+003  5.151000E+001  1.300000E-001  1.000000E+002  0.000000E+000 -2.966944E+000  3.119982E-001  5.707959E-001 -1.510746E-002
  2.700000E+003  5.151000E+001  1.300000E-001  1.000000E+002  0.000000E+000 -2.959672E+000  3.119982E-001  5.707959E-001 -1.510746E-002
  2.790000E+003  5.151000E+001  1.300000E-001  1.000000E+002  0.000000E+000 -2.952399E+000  3.119982E-001  5.707959E-001 -1.510746E-002
  2.880000E+003  5.151000E+001  1.300000E-001  1.000000E+002  0.000000E+000 -2.945127E+000  3.119982E-001  5.707959E-001 -1.510746E-002
  2.970000E+003  5.151000E+001  1.300000E-001  1.000000E+002  0.000000E+000 -2.937855E+000  3.119982E-001  5.707959E-001 -1.510746E-002
  3.060000E+003  5.151000E+001  1.300000E-001  1.000000E+002  0.000000E+000 -2.930583E+000  3.119982E-001  5.707959E-001 -1.510746E-002
  3.150000E+003  5.151000E+001  1.300000E-001  1.000000E+002  0.000000E+000 -2.923311E+000  3.119982E-001  5.707959E-001 -1.510746E-002
  3.240000E+003  5.151000E+001  1.300000E-001  1.000000E+002  0.000000E+000 -2.923311E+000  3.119982E-001  5.707959E-001 -1.510746E-002
  3.330000E+003  5.151000E+001  1.300000E-001  1.000000E+002  0.000000E+000 -2.916038E+000  3.119982E-001  5.707959E-001 -1.510746E-002
  3.420000E+003  5.151000E+001  1.300000E-001  1.000000E+002  0.000000E+000 -2.908766E+000  3.119982E-001  5.707959E-001 -1.510746E-002
  3.510000E+003  5.151000E+001  1.300000E-001  1.000000E+002  0.000000E+000 -2.901494E+000  3.119982E-001  5.707959E-001 -1.510746E-002
  3.600000E+003  5.151000E+001  1.300000E-001  1.000000E+002  0.000000E+000 -2.894222E+000  3.119982E-001  5.707959E-001 -1.510746E-002
  3.690000E+003  5.151000E+001  1.300000E-001  1.000000E+002  0.000000E+000 -2.886950E+000  3.119982E-001  5.707959E-001 -1.510746E-002
  3.780000E+003  5.151000E+001  1.300000E-001  1.000000E+002  0.000000E+000 -2.879677E+000  3.119982E-001  5.707959E-001 -1.510746E-002
  3.870000E+003  5.151000E+001  1.300000E-001  1.000000E+002  0.000000E+000 -2.872405E+000  3.119982E-001  5.707959E-001 -1.510746E-002
  3.960000E+003  5.151000E+001  1.300000E-001  1.000000E+002  0.000000E+000 -2.865133E+000  3.119982E-001  5.707959E-001 -1.510746E-002
  4.050000E+003  5.151000E+001  1.300000E-001  1.000000E+002  0.000000E+000 -2.857861E+000  3.119982E-001  5.707959E-001 -1.510746E-002
  4.140000E+003  5.151000E+001  1.300000E-001  1.000000E+002  0.000000E+000 -2.857861E+000  3.119982E-001  5.707959E-001 -1.510746E-002
  4.230000E+003  5.151000E+001  1.300000E-001  1.000000E+002  0.000000E+000 -2.850589E+000  3.119982E-001  5.707959E-001 -1.510746E-002
  4.320000E+003  5.151000E+001  1.300000E-001  1.000000E+002  0.000000E+000 -2.843316E+000  3.119982E-001  5.707959E-001 -1.510746E-002
  4.410000E+003  5.151000E+001  1.300000E-001  1.000000E+002  0.000000E+000 -2.836044E+000  3.119982E-001  5.707959E-001 -1.510746E-002
  4.500000E+003  5.151000E+001  1.300000E-001  1.000000E+002  0.000000E+000 -2.828772E+000  3.119982E-001  5.707959E-001 -1.510746E-002
  4.590000E+003  5.151000E+001  1.300000E-001  1.000000E+002  0.000000E+000 -2.821500E+000  3.119982E-001  5.707959E-001 -1.510746E-002
  4.680000E+003  5.151000E+001  1.300000E-001  1.000000E+002  0.000000E+000 -2.814228E+000  3.119982E-001  5.707959E-001 -1.510746E-002
  4.770000E+003  5.151000E+001  1.300000E-001  1.000000E+002  0.000000E+000 -2.806955E+000  3.119982E-001  5.707959E-001 -1.510746E-002
  4.860000E+003  5.151000E+001  1.300000E-001  1.000000E+002  0.000000E+000 -2.799683E+000  3.119982E-001  5.707959E-001 -1.510746E-002
  4.950000E+003  5.151000E+001  1.300000E-001  1.000000E+002  0.000000E+000 -2.792411E+000  3.119982E-001  5.707959E-001 -1.510746E-002
  5.040000E+003  5.151000E+001  1.300000E-001  1.000000E+002  0.000000E+000 -2.792411E+000  3.119982E-001  5.707959E-001 -1.510746E-002
  5.130000E+003  5.151000E+001  1.300000E-001  1.000000E+002  0.000000E+000 -2.785139E+000  3.119982E-001  5.707959E-001 -1.510746E-002
  5.220000E+003  5.151000E+001  1.300000E-001  1.000000E+002  0.000000E+000 -2.777866E+000  3.119982E-001  5.707959E-001 -1.510746E-002
  5.310000E+003  5.151000E+001  1.300000E-001  1.000000E+002  0.000000E+000 -2.770594E+000  3.119982E-001  5.707959E-001 -1.510746E-002
  5.400000E+003  5.151000E+001  1.300000E-001  1.000000E+002  0.000000E+000 -2.763322E+000  3.119982E-001  5.707959E-001 -1.510746E-002
  5.490000E+003  5.151000E+001  1.300000E-001  1.000000E+002  0.000000E+000 -2.756050E+000  3.119982E-001  5.707959E-001 -1.510746E-002
  5.580000E+003  5.151000E+001  1.300000E-001  1.000000E+002  0.000000E+000 -2.748778E+000  3.119982E-001  5.707959E-001 -1.510746E-002
  5.670000E+003  5.151000E+001  1.300000E-001  1.000000E+002  0.000000E+000 -2.741505E+000  3.119982E-001  5.707959E-001 -1.510746E-002
  5.760000E+003  5.151000E+001  1.300000E-001  1.000000E+002  0.000000E+000 -2.734233E+000  3.119982E-001  5.707959E-001 -1.510746E-002
  5.850000E+003  5.151000E+001  1.300000E-001  1.000000E+002  0.000000E+000 -2.726961E+000  3.119982E-001  5.707959E-001 -1.510746E-002
  5.940000E+003  5.151000E+001  1.300000E-001  1.000000E+002  0.000000E+000 -2.726961E+000  3.119982E-001  5.707959E-001 -1.510746E-002
  6.030000E+003  5.151000E+001  1.300000E-001  1.000000E+002  0.000000E+000 -2.719689E+000  3.119982E-001  5.707959E-001 -1.510746E-002
  6.120000E+003  5.151000E+001  1.300000E-001  1.000000E+002  0.000000E+000 -2.712417E+000  3.119982E-001  5.707959E-001 -1.510746E-002
  6.210000E+003  5.151000E+001  1.300000E-001  1.000000E+002  0.000000E+000 -2.705144E+000  3.119982E-001  5.707959E-001 -1.510746E-002
  6.300000E+003  5.151000E+001  1.300000E-001  1.000000E+002  0.000000E+000 -2.697872E+000  3.119982E-001  5.707959E-001 -1.510746E-002
  6.390000E+003  5.151000E+001  1.300000E-001  1.000000E+002  0.000000E+000 -2.690600E+000  3.119982E-001  5.707959E-001 -1.510746E-002
  6.480000E+003  5.151000E+001  1.300000E-001  1.000000E+002  0.000000E+000 -2.683328E+000  3.119982E-001  5.707959E-001 -1.510746E-002
  6.570000E+003  5.151000E+001  1.300000E-001  1.000000E+002  0.000000E+000 -2.676056E+000  3.119982E-001  5.707959E-001 -1.510746E-002
  6.660000E+003  5.151000E+001  1.300000E-001  1.000000E+002  0.000000E+000 -2.668783E+000  3.119982E-001  5.707959E-001 -1.510746E-002
  6.750000E+003  5.151000E+001  1.300000E-001  1.000000E+002  0.000000E+000 -2.661511E+000  3.119982E-001  5.707959E-001 -1.510746E-002
  6.840000E+003  5.151000E+001  1.300000E-001  1.000000E+002  0.000000E+000 -2.661511E+000  3.119982E-001  5.707959E-001 -1.510746E-002
  6.930000E+003  5.151000E+001  1.300000E-001  1.000000E+002  0.000000E+000 -2.654239E+000  3.119982E-001  5.707959E-001 -1.510746E-002
  7.020000E+003  5.151000E+001  1.300000E-001  1.000000E+002  0.000000E+000 -2.646967E+000  3.119982E-001  5.707959E-001 -1.510746E-002
  7.110000E+003  5.151000E+001  1.300000E-001  1.000000E+002  0.000000E+000 -2.639695E+000  3.119982E-001  5.707959E-001 -1.510746E-002
  7.200000E+003  5.151000E+001  1.300000E-001  1.000000E+002  0.000000E+000 -2.632422E+000  3.119982E-001  5.707959E-001 -1.510746E-002
  7.290000E+003  5.151000E+001  1.300000E-001  1.000000E+002  0.000000E+000 -2.625150E+000  3.119982E-001  5.707959E-001 -1.510746E-002
  7.380000E+003  5.151000E+001  1.300000E-001  1.000000E+002  0.000000E+000 -2.617878E+000  3.119982E-001  5.707959E-001 -1.510746E-002
  7.470000E+003  5.151000E+001  1.300000E-001  1.000000E+002  0.000000E+000 -2.610606E+000  3.119982E-001  5.707959E-001 -1.510746E-002
  7.560000E+003  5.151000E+001  1.300000E-001  1.000000E+002  0.000000E+000 -2.603334E+000  3.119982E-001  5.707959E-001 -1.510746E-002
  7.650000E+003  5.151000E+001  1.300000E-001  1.000000E+002  0.000000E+000 -2.596061E+000  3.119982E-001  5.707959E-001 -1.510746E-002
  7.740000E+003  5.151000E+001  1.300000E-001  1.000000E+002  0.000000E+000 -2.596061E+000  3.119982E-001  5.707959E-001 -1.510746E-002
  7.830000E+003  5.151000E+001  1.300000E-001  1.000000E+002  0.000000E+000 -2.588789E+000  3.119982E-001  5.707959E-001 -1.510746E-002
  7.920000E+003  5.151000E+001  1.300000E-001  1.000000E+002  0.000000E+000 -2.581517E+000  3.119982E-001  5.707959E-001 -1.510746E-002
  8.010000E+003  5.151000E+001  1.300000E-001  1.000000E+002  0.000000E+000 -2.574245E+000  3.119982E-001  5.707959E-001 -1.510746E-002
  8.100000E+003  5.151000E+001  1.300000E-001  1.000000E+002  0.000000E+000 -2.566973E+000  3.119982E-001  5.707959E-001 -1.510746E-002
  8.190000E+003  5.151000E+001  1.300000E-001  1.000000E+002  0.000000E+000 -2.559700E+000  3.119982E-001  5.707959E-001 -1.510746E-002
  8.280000E+003  5.151000E+001  1.300000E-001  1.000000E+002  0.000000E+000 -2.552428E+000  3.119982E-001  5.707959E-001 -1.510746E-002
  8.370000E+003  5.151000E+001  1.300000E-001  1.000000E+002  0.000000E+000 -2.545156E+000  3.119982E-001  5.707959E-001 -1.510746E-002
  8.460000E+003  5.151000E+001  1.300000E-001  1.000000E+002  0.000000E+000 -2.537884E+000  3.119982E-001  5.707959E-001 -1.510746E-002
  8.550000E+003  5.151000E+001  1.300000E-001  1.000000E+002  0.000000E+000 -2.530612E+000  3.119982E-001  5.707959E-001 -1.510746E-002
  8.640000E+003  5.151000E+001  1.300000E-001  1.000000E+002  0.000000E+000 -2.530612E+000  3.119982E-001  5.707959E-001 -1.510746E-002
  8.730000E+003  5.151000E+001  1.300000E-001  1.000000E+002  0.000000E+000 -2.523339E+000  3.119982E-001  5.707959E-001 -1.510746E-002
  8.820000E+003  5.151000E+001  1.300000E-001  1.000000E+002  0.000000E+000 -2.516067E+000  3.119982E-001  5.707959E-001 -1.510746E-002
  8.910000E+003  5.151000E+001  1.300000E-001  1.000000E+002  0.000000E+000 -2.508795E+000  3.119982E-001  5.707959E-001 -1.510746E-002
  9.000000E+003  5.151000E+001  1.300000E-001  1.000000E+002  0.000000E+000 -2.501523E+000  3.119982E-001  5.707959E-001 -1.510746E-002
  9.090000E+003  5.151000E+001  1.300000E-001  1.000000E+002  0.000000E+000 -2.494250E+000  3.119982E-001  5.707959E-001 -1.510746E-002
  9.180000E+003  5.151000E+001  1.300000E-001  1.000000E+002  0.000000E+000 -2.486978E+000  3.119982E-001  5.707959E-001 -1.510746E-002
  9.270000E+003  5.151000E+001  1.300000E-001  1.000000E+002  0.000000E+000 -2.479706E+000  3.119982E-001  5.707959E-001 -1.510746E-002
  9.360000E+003  5.151000E+001  1.300000E-001  1.000000E+002  0.000000E+000 -2.472434E+000  3.119982E-001  5.707959E-001 -1.510746E-002
  9.450000E+003  5.151000E+001  1.300000E-001  1.000000E+002  0.000000E+000 -2.465162E+000  3.119982E-001  5.707959E-001 -1.510746E-002
  9.540000E+003  5.151000E+001  1.300000E-001  1.000000E+002  0.000000E+000 -2.465162E+000  3.119982E-001  5.707959E-001 -1.510746E-002
  9.630000E+003  5.151000E+001  1.300000E-001  1.000000E+002  0.000000E+000 -2.457889E+000  3.119982E-001  5.707959E-001 -1.510746E-002
  9.720000E+003  5.151000E+001  1.300000E-001  1.000000E+002  0.000000E+000 -2.450617E+000  3.119982E-001  5.707959E-001 -1.510746E-002
  9.810000E+003  5.151000E+001  1.300000E-001  1.000000E+002  0.000000E+000 -2.443345E+000  3.119982E-001  5.707959E-001 -1.510746E-002
  9.900000E+003  5.151000E+001  1.300000E-001  1.000000E+002  0.000000E+000 -2.436073E+000  3.119982E-001  5.707959E-001 -1.510746E-002
  9.990000E+003  5.151000E+001  1.300000E-001  1.000000E+002  0.000000E+000 -2.428801E+000  3.119982E-001  5.707959E-001 -1.510746E-002
  1.008000E+004  5.151000E+001  1.300000E-001  1.000000E+002  0.000000E+000 -2.421528E+000  3.119982E-001  5.707959E-001 -1.510746E-002
  1.017000E+004  5.151000E+001  1.300000E-001  1.000000E+002  0.000000E+000 -2.414256E+000  3.119982E-001  5.707959E-001 -1.510746E-002
  1.026000E+004  5.151000E+001  1.300000E-001  1.000000E+002  0.000000E+000 -2.406984E+000  3.119982E-001  5.707959E-001 -1.510746E-002
  1.035000E+004  5.151000E+001  1.300000E-001  1.000000E+002  0.000000E+000 -2.399712E+000  3.119982E-001  5.707959E-001 -1.510746E-002
  1.044000E+004  5.151000E+001  1.300000E-001  1.000000E+002  0.000000E+000 -2.399712E+000  3.119982E-001  5.707959E-001 -1.510746E-002
  1.053000E+004  5.151000E+001  1.300000E-001  1.000000E+002  0.000000E+000 -2.392440E+000  3.119982E-001  5.707959E-001 -1.510746E-002
  1.062000E+004  5.151000E+001  1.300000E-001  1.000000E+002  0.000000E+000 -2.385167E+000  3.119982E-001  5.707959E-001 -1.510746E-002
  1.071000E+004  5.151000E+001  1.300000E-001  1.000000E+002  0.000000E+000 -2.377895E+000  3.119982E-001  5.707959E-001 -1.510746E-002
  1.080000E+004  5.151000E+001  1.300000E-001  1.000000E+002  0.000000E+000 -2.370623E+000  3.119982E-001  5.707959E-001 -1.510746E-002
  1.089000E+004  5.151000E+001  1.300000E-001  1.000000E+002  0.000000E+000 -2.363351E+000  3.119982E-001  5.707959E-001 -1.510746E-002
  1.098000E+004  5.151000E+001  1.300000E-001  1.000000E+002  0.000000E+000 -2.356079E+000  3.119982E-001  5.707959E-001 -1.510746E-002
  1.107000E+004  5.151000E+001  1.300000E-001  1.000000E+002  0.000000E+000 -2.348806E+000  3.119982E-001  5.707959E-001 -1.510746E-002
  1.116000E+004  5.151000E+001  1.300000E-001  1.000000E+002  0.000000E+000 -2.341534E+000  3.119982E-001  5.707959E-001 -1.510746E-002
  1.125000E+004  5.151000E+001  1.300000E-001  1.000000E+002  0.000000E+000 -2.334262E+000  3.119982E-001  5.707959E-001 -1.510746E-002
  1.134000E+004  5.151000E+001  1.300000E-001  1.000000E+002  0.000000E+000 -2.334262E+000  3.119982E-001  5.707959E-001 -1.510746E-002
  1.143000E+004  5.151000E+001  1.300000E-001  1.000000E+002  0.000000E+000 -2.326990E+000  3.119982E-001  5.707959E-001 -1.510746E-002
  1.152000E+004  5.151000E+001  1.300000E-001  1.000000E+002  0.000000E+000 -2.319718E+000  3.119982E-001  5.707959E-001 -1.510746E-002
  1.161000E+004  5.151000E+001  1.300000E-001  1.000000E+002  0.000000E+000 -2.312445E+000  3.119982E-001  5.707959E-001 -1.510746E-002
  1.170000E+004  5.151000E+001  1.300000E-001  1.000000E+002  0.000000E+000 -2.305173E+000  3.119982E-001  5.707959E-001 -1.510746E-002
  1.179000E+004  5.151000E+001  1.300000E-001  1.000000E+002  0.000000E+000 -2.297901E+000  3.119982E-001  5.707959E-001 -1.510746E-002
  1.188000E+004  5.151000E+001  1.300000E-001  1.000000E+002  0.000000E+000 -2.290629E+000  3.119982E-001  5.707959E-001 -1.510746E-002
  1.197000E+004  5.151000E+001  1.300000E-001  1.000000E+002  0.000000E+000 -2.283357E+000  3.119982E-001  5.707959E-001 -1.510746E-002
  1.206000E+004  5.151000E+001  1.300000E-001  1.000000E+002  0.000000E+000 -2.276084E+000  3.119982E-001  5.707959E-001 -1.510746E-002
  1.215000E+004  5.151000E+001  1.300000E-001  1.000000E+002  0.000000E+000 -2.268812E+000  3.119982E-001  5.707959E-001 -1.510746E-002
  1.224000E+004  5.151000E+001  1.300000E-001  1.000000E+002  0.000000E+000 -2.268812E+000  3.119982E-001  5.707959E-001 -1.510746E-002
  1.233000E+004  5.151000E+001  1.300000E-001  1.000000E+002  0.000000E+000 -2.261540E+000  3.119982E-001  5.707959E-001 -1.510746E-002
  1.242000E+004  5.151000E+001  1.300000E-001  1.000000E+002  0.000000E+000 -2.254268E+000  3.119982E-001  5.707959E-001 -1.510746E-002
  1.251000E+004  5.151000E+001  1.300000E-001  1.000000E+002  0.000000E+000 -2.246996E+000  3.119982E-001  5.707959E-001 -1.510746E-002
  1.260000E+004  5.151000E+001  1.300000E-001  1.000000E+002  0.000000E+000 -2.239723E+000  3.119982E-001  5.707959E-001 -1.510746E-002
  1.269000E+004  5.151000E+001  1.300000E-001  1.000000E+002  0.000000E+000 -2.232451E+000  3.119982E-001  5.707959E-001 -1.510746E-002
  1.278000E+004  5.151000E+001  1.300000E-001  1.000000E+002  0.000000E+000 -2.225179E+000  3.119982E-001  5.707959E-001 -1.510746E-002
  1.287000E+004  5.151000E+001  1.300000E-001  1.000000E+002  0.000000E+000 -2.217907E+000  3.119982E-001  5.707959E-001 -1.510746E-002
  1.296000E+004  5.151000E+001  1.300000E-001  1.000000E+002  0.000000E+000 -2.210634E+000  3.119982E-001  5.707959E-001 -1.510746E-002
  1.305000E+004  5.151000E+001  1.300000E-001  1.000000E+002  0.000000E+000 -2.203362E+000  3.119982E-001  5.707959E-001 -1.510746E-002
  1.314000E+004  5.151000E+001  1.300000E-001  1.000000E+002  0.000000E+000 -2.203362E+000  3.119982E-001  5.707959E-001 -1.510746E-002
  1.323000E+004  5.151000E+001  1.300000E-001  1.000000E+002  0.000000E+000 -2.196090E+000  3.119982E-001  5.707959E-001 -1.510746E-002
  1.332000E+004  5.151000E+001  1.300000E-001  1.000000E+002  0.000000E+000 -2.188818E+000  3.119982E-001  5.707959E-001 -1.510746E-002
  1.341000E+004  5.151000E+001  1.300000E-001  1.000000E+002  0.000000E+000 -2.181546E+000  3.119982E-001  5.707959E-001 -1.510746E-002
  1.350000E+004  5.151000E+001  1.300000E-001  1.000000E+002  0.000000E+000 -2.174273E+000  3.119982E-001  5.707959E-001 -1.510746E-002
  1.359000E+004  5.151000E+001  1.300000E-001  1.000000E+002  0.000000E+000 -2.167001E+000  3.119982E-001  5.707959E-001 -1.510746E-002
  1.368000E+004  5.151000E+001  1.300000E-001  1.000000E+002  0.000000E+000 -2.159729E+000  3.119982E-001  5.707959E-001 -1.510746E-002
  1.377000E+004  5.151000E+001  1.300000E-001  1.000000E+002  0.000000E+000 -2.152457E+000  3.119982E-001  5.707959E-001 -1.510746E-002
  1.386000E+004  5.151000E+001  1.300000E-001  1.000000E+002  0.000000E+000 -2.145185E+000  3.119982E-001  5.707959E-001 -1.510746E-002
  1.395000E+004  5.151000E+001  1.300000E-001  1.000000E+002  0.000000E+000 -2.137912E+000  3.119982E-001  5.707959E-001 -1.510746E-002
  1.404000E+004  5.151000E+001  1.300000E-001  1.000000E+002  0.000000E+000 -2.137912E+000  3.119982E-001  5.707959E-001 -1.510746E-002
  1.413000E+004  5.151000E+001  1.300000E-001  1.000000E+002  0.000000E+000 -2.130640E+000  3.119982E-001  5.707959E-001 -1.510746E-002
  1.422000E+004  5.151000E+001  1.300000E-001  8.143249E+001  1.228011E-002 -2.123615E+000  3.119982E-001  5.707959E-001 -1.510746E-002
  1.431000E+004  5.151000E+001  1.300000E-001  6.577258E+001  1.520390E-002 -2.117607E+000  3.119982E-001  5.707959E-001 -1.510746E-002
  1.440000E+004  5.151000E+001  1.300000E-001  5.502636E+001  1.817311E-002 -2.111529E+000  3.119982E-001  5.707959E-001 -1.510746E-002
  1.449000E+004  5.151000E+001  1.300000E-001  4.592393E+001  2.177514E-002 -2.104184E+000  3.119982E-001  5.707959E-001 -1.510746E-002
  1.458000E+004  5.151000E+001  1.300000E-001  4.053827E+001  2.466805E-002 -2.098308E+000  3.119982E-001  5.707959E-001 -1.510746E-002
  1.467000E+004  5.151000E+001  1.300000E-001  3.533804E+001  2.829812E-002 -2.090964E+000  3.119982E-001  5.707959E-001 -1.510746E-002
  1.476000E+004  5.151000E+001  1.300000E-001  3.203773E+001  3.121320E-002 -2.085088E+000  3.119982E-001  5.707959E-001 -1.510746E-002
  1.485000E+004  5.151000E+001  1.300000E-001  2.851747E+001  3.506623E-002 -2.077352E+000  3.119982E-001  5.707959E-001 -1.510746E-002
  1.494000E+004  5.151000E+001  1.300000E-001  2.586256E+001  3.866593E-002 -2.070154E+000  3.119982E-001  5.707959E-001 -1.510746E-002
  1.503000E+004  5.151000E+001  1.300000E-001  2.345651E+001  4.263209E-002 -2.062256E+000  3.119982E-001  5.707959E-001 -1.510746E-002
  1.512000E+004  5.151000E+001  1.300000E-001  2.241073E+001  4.462149E-002 -2.058307E+000  3.119982E-001  5.707959E-001 -1.510746E-002
  1.521000E+004  5.151000E+001  1.300000E-001  2.006944E+001  4.982700E-002 -2.048013E+000  3.119982E-001  5.707959E-001 -1.510746E-002
  1.530000E+004  5.151000E+001  1.300000E-001  1.885032E+001  5.304950E-002 -2.041667E+000  3.119982E-001  5.707959E-001 -1.510746E-002
  1.539000E+004  5.151000E+001  1.300000E-001  1.776753E+001  5.628243E-002 -2.035322E+000  3.119982E-001  5.707959E-001 -1.510746E-002
  1.548000E+004  5.151000E+001  1.300000E-001  1.666660E+001  6.000024E-002 -2.028050E+000  3.119982E-001  5.707959E-001 -1.510746E-002
  1.557000E+004  5.151000E+001  1.300000E-001  1.569086E+001  6.373139E-002 -2.020777E+000  3.119982E-001  5.707959E-001 -1.510746E-002
  1.566000E+004  5.151000E+001  1.300000E-001  1.482016E+001  6.747566E-002 -2.013505E+000  3.119982E-001  5.707959E-001 -1.510746E-002
  1.575000E+004  5.151000E+001  1.300000E-001  1.482016E+001  6.747566E-002 -2.013505E+000  3.119982E-001  5.707959E-001 -1.510746E-002
  1.584000E+004  5.151000E+001  1.300000E-001  1.403846E+001  7.123286E-002 -2.006233E+000  3.119982E-001  5.707959E-001 -1.510746E-002
  1.593000E+004  5.151000E+001  1.300000E-001  1.333284E+001  7.500280E-002 -1.998961E+000  3.119982E-001  5.707959E-001 -1.510746E-002
  1.602000E+004  5.151000E+001  1.300000E-001  1.269273E+001  7.878527E-002 -1.991689E+000  3.119982E-001  5.707959E-001 -1.510746E-002
  1.611000E+004  5.151000E+001  1.300000E-001  1.210946E+001  8.258007E-002 -1.984416E+000  3.119982E-001  5.707959E-001 -1.510746E-002
  1.620000E+004  5.151000E+001  1.300000E-001  1.157581E+001  8.638701E-002 -1.977144E+000  3.119982E-001  5.707959E-001 -1.510746E-002
  1.629000E+004  5.151000E+001  1.300000E-001  1.108575E+001  9.020587E-002 -1.969872E+000  3.119982E-001  5.707959E-001 -1.510746E-002
  1.638000E+004  5.151000E+001  1.300000E-001  1.063417E+001  9.403647E-002 -1.962600E+000  3.119982E-001  5.707959E-001 -1.510746E-002
  1.647000E+004  5.151000E+001  1.300000E-001  1.021674E+001  9.787859E-002 -1.955328E+000  3.119982E-001  5.707959E-001 -1.510746E-002
  1.656000E+004  5.151000E+001  1.300000E-001  9.829745E+000  1.017320E-001 -1.948055E+000  3.119982E-001  5.707959E-001 -1.510746E-002
  1.665000E+004  5.151000E+001  1.300000E-001  9.829745E+000  1.017320E-001 -1.948055E+000  3.119982E-001  5.707959E-001 -1.510746E-002
  1.674000E+004  5.151000E+001  1.300000E-001  9.470001E+000  1.055966E-001 -1.940783E+000  3.119982E-001  5.707959E-001 -1.510746E-002
  1.683000E+004  5.151000E+001  1.300000E-001  9.134748E+000  1.094721E-001 -1.933511E+000  3.119982E-001  5.707959E-001 -1.510746E-002
  1.692000E+004  5.151000E+001  1.300000E-001  8.821587E+000  1.133583E-001 -1.926239E+000  3.119982E-001  5.707959E-001 -1.510746E-002
  1.701000E+004  5.151000E+001  1.300000E-001  8.528422E+000  1.172550E-001 -1.918967E+000  3.119982E-001  5.707959E-001 -1.510746E-002
  1.710000E+004  5.151000E+001  1.300000E-001  8.253414E+000  1.211620E-001 -1.911694E+000  3.119982E-001  5.707959E-001 -1.510746E-002
  1.719000E+004  5.151000E+001  1.300000E-001  7.994943E+000  1.250791E-001 -1.904422E+000  3.119982E-001  5.707959E-001 -1.510746E-002
  1.728000E+004  5.151000E+001  1.300000E-001  7.751575E+000  1.290060E-001 -1.897150E+000  3.119982E-001  5.707959E-001 -1.510746E-002
  1.737000E+004  5.151000E+001  1.300000E-001  7.522038E+000  1.329427E-001 -1.889878E+000  3.119982E-001  5.707959E-001 -1.510746E-002
  1.746000E+004  5.151000E+001  1.300000E-001  7.305199E+000  1.368888E-001 -1.882606E+000  3.119982E-001  5.707959E-001 -1.510746E-002
  1.755000E+004  5.151000E+001  1.300000E-001  7.305199E+000  1.368888E-001 -1.882606E+000  3.119982E-001  5.707959E-001 -1.510746E-002
  1.764000E+004  5.151000E+001  1.300000E-001  7.100044E+000  1.408442E-001 -1.875333E+000  3.119982E-001  5.707959E-001 -1.510746E-002
  1.773000E+004  5.151000E+001  1.300000E-001  6.905666E+000  1.448086E-001 -1.868061E+000  3.119982E-001  5.707959E-001 -1.510746E-002
  1.782000E+004  5.151000E+001  1.300000E-001  6.721247E+000  1.487819E-001 -1.860789E+000  3.119982E-001  5.707959E-001 -1.510746E-002
  1.791000E+004  5.151000E+001  1.300000E-001  6.546053E+000  1.527638E-001 -1.853517E+000  3.119982E-001  5.707959E-001 -1.510746E-002
  1.800000E+004  5.151000E+001  1.300000E-001  6.379417E+000  1.567541E-001 -1.846245E+000  3.119982E-001  5.707959E-001 -1.510746E-002
  1.809000E+004  5.151000E+001  1.300000E-001  6.220736E+000  1.607527E-001 -1.838972E+000  3.119982E-001  5.707959E-001 -1.510746E-002
  1.818000E+004  5.151000E+001  1.300000E-001  6.069463E+000  1.647592E-001 -1.831700E+000  3.119982E-001  5.707959E-001 -1.510746E-002
  1.827000E+004  5.151000E+001  1.300000E-001  5.925099E+000  1.687735E-001 -1.824428E+000  3.119982E-001  5.707959E-001 -1.510746E-002
  1.836000E+004  5.151000E+001  1.300000E-001  5.787190E+000  1.727954E-001 -1.817156E+000  3.119982E-001  5.707959E-001 -1.510746E-002
  1.845000E+004  5.151000E+001  1.300000E-001  5.787190E+000  1.727954E-001 -1.817156E+000  3.119982E-001  5.707959E-001 -1.510746E-002
  1.854000E+004  5.151000E+001  1.300000E-001  5.655319E+000  1.768247E-001 -1.809884E+000  3.119982E-001  5.707959E-001 -1.510746E-002
  1.863000E+004  5.151000E+001  1.300000E-001  5.529105E+000  1.808611E-001 -1.802611E+000  3.119982E-001  5.707959E-001 -1.510746E-002
  1.872000E+004  5.151000E+001  1.300000E-001  5.408199E+000  1.849044E-001 -1.795339E+000  3.119982E-001  5.707959E-001 -1.510746E-002
  1.881000E+004  5.151000E+001  1.300000E-001  5.292279E+000  1.889545E-001 -1.788067E+000  3.119982E-001  5.707959E-001 -1.510746E-002
  1.890000E+004  5.151000E+001  1.300000E-001  5.181050E+000  1.930111E-001 -1.780795E+000  3.119982E-001  5.707959E-001 -1.510746E-002
  1.899000E+004  5.151000E+001  1.300000E-001  5.074237E+000  1.970739E-001 -1.773522E+000  3.119982E-001  5.707959E-001 -1.510746E-002
  1.908000E+004  5.151000E+001  1.300000E-001  4.971590E+000  2.011429E-001 -1.766250E+000  3.119982E-001  5.707959E-001 -1.510746E-002
  1.917000E+004  5.151000E+001  1.300000E-001  4.872874E+000  2.052177E-001 -1.758978E+000  3.119982E-001  5.707959E-001 -1.510746E-002
  1.926000E+004  5.151000E+001  1.300000E-001  4.777873E+000  2.092981E-001 -1.751706E+000  3.119982E-001  5.707959E-001 -1.510746E-002
  1.935000E+004  5.151000E+001  1.300000E-001  4.777873E+000  2.092981E-001 -1.751706E+000  3.119982E-001  5.707959E-001 -1.510746E-002
  1.944000E+004  5.151000E+001  1.300000E-001  4.686386E+000  2.133840E-001 -1.744434E+000  3.119982E-001  5.707959E-001 -1.510746E-002
  1.953000E+004  5.151000E+001  1.300000E-001  4.598227E+000  2.174751E-001 -1.737161E+000  3.119982E-001  5.707959E-001 -1.510746E-002
  1.962000E+004  5.151000E+001  1.300000E-001  4.513222E+000  2.215712E-001 -1.729889E+000  3.119982E-001  5.707959E-001 -1.510746E-002
  1.971000E+004  5.151000E+001  1.300000E-001  4.431208E+000  2.256721E-001 -1.722617E+000  3.119982E-001  5.707959E-001 -1.510746E-002
  1.980000E+004  5.151000E+001  1.300000E-001  4.352035E+000  2.297775E-001 -1.715345E+000  3.119982E-001  5.707959E-001 -1.510746E-002
  1.989000E+004  5.151000E+001  1.300000E-001  4.275563E+000  2.338873E-001 -1.708073E+000  3.119982E-001  5.707959E-001 -1.510746E-002
  1.998000E+004  5.151000E+001  1.300000E-001  4.201658E+000  2.380013E-001 -1.700800E+000  3.119982E-001  5.707959E-001 -1.510746E-002
  2.007000E+004  5.151000E+001  1.300000E-001  4.130199E+000  2.421191E-001 -1.693528E+000  3.119982E-001  5.707959E-001 -1.510746E-002
  2.016000E+004  5.151000E+001  1.300000E-001  4.061068E+000  2.462406E-001 -1.686256E+000  3.119982E-001  5.707959E-001 -1.510746E-002
  2.025000E+004  5.151000E+001  1.300000E-001  4.061068E+000  2.462406E-001 -1.686256E+000  3.119982E-001  5.707959E-001 -1.510746E-002
  2.034000E+004  5.151000E+001  1.300000E-001  3.994158E+000  2.503656E-001 -1.678984E+000  3.119982E-001  5.707959E-001 -1.510746E-002
  2.043000E+004  5.151000E+001  1.300000E-001  3.929367E+000  2.544939E-001 -1.671712E+000  3.119982E-001  5.707959E-001 -1.510746E-002
  2.052000E+004  5.151000E+001  1.300000E-001  3.866599E+000  2.586252E-001 -1.664439E+000  3.119982E-001  5.707959E-001 -1.510746E-002
  2.061000E+004  5.151000E+001  1.300000E-001  3.805764E+000  2.627594E-001 -1.657167E+000  3.119982E-001  5.707959E-001 -1.510746E-002
  2.070000E+004  5.151000E+001  1.300000E-001  3.746777E+000  2.668961E-001 -1.649895E+000  3.119982E-001  5.707959E-001 -1.510746E-002
  2.079000E+004  5.151000E+001  1.300000E-001  3.689558E+000  2.710352E-001 -1.642623E+000  3.119982E-001  5.707959E-001 -1.510746E-002
  2.088000E+004  5.151000E+001  1.300000E-001  3.634031E+000  2.751765E-001 -1.635351E+000  3.119982E-001  5.707959E-001 -1.510746E-002
  2.097000E+004  5.151000E+001  1.300000E-001  3.580127E+000  2.793197E-001 -1.628078E+000  3.119982E-001  5.707959E-001 -1.510746E-002
  2.106000E+004  5.151000E+001  1.300000E-001  3.527776E+000  2.834647E-001 -1.620806E+000  3.119982E-001  5.707959E-001 -1.510746E-002
  2.115000E+004  5.151000E+001  1.300000E-001  3.527776E+000  2.834647E-001 -1.620806E+000  3.119982E-001  5.707959E-001 -1.510746E-002
  2.124000E+004  5.151000E+001  1.300000E-001  3.476916E+000  2.876112E-001 -1.613534E+000  3.119982E-001  5.707959E-001 -1.510746E-002
  2.133000E+004  5.151000E+001  1.300000E-001  3.427487E+000  2.917589E-001 -1.606262E+000  3.119982E-001  5.707959E-001 -1.510746E-002
  2.142000E+004  5.151000E+001  1.300000E-001  3.379431E+000  2.959078E-001 -1.598990E+000  3.119982E-001  5.707959E-001 -1.510746E-002
  2.151000E+004  5.151000E+001  1.300000E-001  3.332695E+000  3.000575E-001 -1.591717E+000  3.119982E-001  5.707959E-001 -1.510746E-002
  2.160000E+004  5.151000E+001  1.300000E-001  3.287227E+000  3.042078E-001 -1.584445E+000  3.119982E-001  5.707959E-001 -1.510746E-002
  2.169000E+004  5.151000E+001  1.300000E-001  3.242979E+000  3.083585E-001 -1.577173E+000  3.119982E-001  5.707959E-001 -1.510746E-002
  2.178000E+004  5.151000E+001  1.300000E-001  3.199904E+000  3.125094E-001 -1.569901E+000  3.119982E-001  5.707959E-001 -1.510746E-002
  2.187000E+004  5.151000E+001  1.300000E-001  3.157958E+000  3.166603E-001 -1.562629E+000  3.119982E-001  5.707959E-001 -1.510746E-002
  2.196000E+004  5.151000E+001  1.300000E-001  3.117101E+000  3.208110E-001 -1.555356E+000  3.119982E-001  5.707959E-001 -1.510746E-002
  2.205000E+004  5.151000E+001  1.300000E-001  3.117101E+000  3.208110E-001 -1.555356E+000  3.119982E-001  5.707959E-001 -1.510746E-002
  2.214000E+004  5.151000E+001  1.300000E-001  3.077291E+000  3.249611E-001 -1.548084E+000  3.119982E-001  5.707959E-001 -1.510746E-002
  2.223000E+004  5.151000E+001  1.300000E-001  3.038492E+000  3.291106E-001 -1.540812E+000  3.119982E-001  5.707959E-001 -1.510746E-002
  2.232000E+004  5.151000E+001  1.300000E-001  3.000667E+000  3.332592E-001 -1.533540E+000  3.119982E-001  5.707959E-001 -1.510746E-002
  2.241000E+004  5.151000E+001  1.300000E-001  2.963782E+000  3.374067E-001 -1.526268E+000  3.119982E-001  5.707959E-001 -1.510746E-002
  2.250000E+004  5.151000E+001  1.300000E-001  2.927805E+000  3.415528E-001 -1.518995E+000  3.119982E-001  5.707959E-001 -1.510746E-002
  2.259000E+004  5.151000E+001  1.300000E-001  2.892704E+000  3.456974E-001 -1.511723E+000  3.119982E-001  5.707959E-001 -1.510746E-002
  2.268000E+004  5.151000E+001  1.300000E-001  2.858448E+000  3.498401E-001 -1.504451E+000  3.119982E-001  5.707959E-001 -1.510746E-002
  2.277000E+004  5.151000E+001  1.300000E-001  2.825011E+000  3.539809E-001 -1.497179E+000  3.119982E-001  5.707959E-001 -1.510746E-002
  2.286000E+004  5.151000E+001  1.300000E-001  2.792364E+000  3.581195E-001 -1.489906E+000  3.119982E-001  5.707959E-001 -1.510746E-002
  2.295000E+004  5.151000E+001  1.300000E-001  2.792364E+000  3.581195E-001 -1.489906E+000  3.119982E-001  5.707959E-001 -1.510746E-002
  2.304000E+004  5.151000E+001  1.300000E-001  2.760482E+000  3.622556E-001 -1.482634E+000  3.119982E-001  5.707959E-001 -1.510746E-002
  2.313000E+004  5.151000E+001  1.300000E-001  2.729339E+000  3.663890E-001 -1.475362E+000  3.119982E-001  5.707959E-001 -1.510746E-002
  2.322000E+004  5.151000E+001  1.300000E-001  2.698912E+000  3.705196E-001 -1.468090E+000  3.119982E-001  5.707959E-001 -1.510746E-002
  2.331000E+004  5.151000E+001  1.300000E-001  2.669178E+000  3.746471E-001 -1.460818E+000  3.119982E-001  5.707959E-001 -1.510746E-002
  2.340000E+004  5.151000E+001  1.300000E-001  2.640116E+000  3.787713E-001 -1.453545E+000  3.119982E-001  5.707959E-001 -1.510746E-002
  2.349000E+004  5.151000E+001  1.300000E-001  2.611703E+000  3.828919E-001 -1.446273E+000  3.119982E-001  5.707959E-001 -1.510746E-002
  2.358000E+004  5.151000E+001  1.300000E-001  2.583920E+000  3.870088E-001 -1.439001E+000  3.119982E-001  5.707959E-001 -1.510746E-002
  2.367000E+004  5.151000E+001  1.300000E-001  2.556749E+000  3.911217E-001 -1.431729E+000  3.119982E-001  5.707959E-001 -1.510746E-002
  2.376000E+004  5.151000E+001  1.300000E-001  2.530169E+000  3.952305E-001 -1.424457E+000  3.119982E-001  5.707959E-001 -1.510746E-002
  2.385000E+004  5.151000E+001  1.300000E-001  2.530169E+000  3.952305E-001 -1.424457E+000  3.119982E-001  5.707959E-001 -1.510746E-002
  2.394000E+004  5.151000E+001  1.300000E-001  2.504164E+000  3.993348E-001 -1.417184E+000  3.119982E-001  5.707959E-001 -1.510746E-002
  2.403000E+004  5.151000E+001  1.300000E-001  2.478717E+000  4.034345E-001 -1.409912E+000  3.119982E-001  5.707959E-001 -1.510746E-002
  2.412000E+004  5.151000E+001  1.300000E-001  2.453810E+000  4.075294E-001 -1.402640E+000  3.119982E-001  5.707959E-001 -1.510746E-002
  2.421000E+004  5.151000E+001  1.300000E-001  2.429430E+000  4.116193E-001 -1.395368E+000  3.119982E-001  5.707959E-001 -1.510746E-002
  2.430000E+004  5.151000E+001  1.300000E-001  2.405559E+000  4.157038E-001 -1.388096E+000  3.119982E-001  5.707959E-001 -1.510746E-002
  2.439000E+004  5.151000E+001  1.300000E-001  2.382184E+000  4.197829E-001 -1.380823E+000  3.119982E-001  5.707959E-001 -1.510746E-002
  2.448000E+004  5.151000E+001  1.300000E-001  2.359290E+000  4.238563E-001 -1.373551E+000  3.119982E-001  5.707959E-001 -1.510746E-002
  2.457000E+004  5.151000E+001  1.300000E-001  2.336865E+000  4.279238E-001 -1.366279E+000  3.119982E-001  5.707959E-001 -1.510746E-002
  2.466000E+004  5.151000E+001  1.300000E-001  2.314895E+000  4.319851E-001 -1.359007E+000  3.119982E-001  5.707959E-001 -1.510746E-002
  2.475000E+004  5.151000E+001  1.300000E-001  2.314895E+000  4.319851E-001 -1.359007E+000  3.119982E-001  5.707959E-001 -1.510746E-002
  2.484000E+004  5.151000E+001  1.300000E-001  2.293367E+000  4.360401E-001 -1.351735E+000  3.119982E-001  5.707959E-001 -1.510746E-002
  2.493000E+004  5.151000E+001  1.300000E-001  2.272270E+000  4.400885E-001 -1.344462E+000  3.119982E-001  5.707959E-001 -1.510746E-002
  2.502000E+004  5.151000E+001  1.300000E-001  2.251592E+000  4.441302E-001 -1.337190E+000  3.119982E-001  5.707959E-001 -1.510746E-002
  2.511000E+004  5.151000E+001  1.300000E-001  2.231322E+000  4.481648E-001 -1.329918E+000  3.119982E-001  5.707959E-001 -1.510746E-002
  2.520000E+004  5.151000E+001  1.300000E-001  2.211449E+000  4.521923E-001 -1.322646E+000  3.119982E-001  5.707959E-001 -1.510746E-002
  2.529000E+004  5.151000E+001  1.300000E-001  2.191962E+000  4.562123E-001 -1.315374E+000  3.119982E-001  5.707959E-001 -1.510746E-002
  2.538000E+004  5.151000E+001  1.300000E-001  2.172851E+000  4.602248E-001 -1.308101E+000  3.119982E-001  5.707959E-001 -1.510746E-002
  2.547000E+004  5.151000E+001  1.300000E-001  2.154108E+000  4.642294E-001 -1.300829E+000  3.119982E-001  5.707959E-001 -1.510746E-002
  2.556000E+004  5.151000E+001  1.300000E-001  2.135721E+000  4.682259E-001 -1.293557E+000  3.119982E-001  5.707959E-001 -1.510746E-002
  2.565000E+004  5.151000E+001  1.300000E-001  2.135721E+000  4.682259E-001 -1.293557E+000  3.119982E-001  5.707959E-001 -1.510746E-002
  2.574000E+004  5.151000E+001  1.300000E-001  2.117683E+000  4.722142E-001 -1.286285E+000  3.119982E-001  5.707959E-001 -1.510746E-002
  2.583000E+004  5.151000E+001  1.300000E-001  2.099985E+000  4.761940E-001 -1.279013E+000  3.119982E-001  5.707959E-001 -1.510746E-002
  2.592000E+004  5.151000E+001  1.300000E-001  2.082617E+000  4.801651E-001 -1.271740E+000  3.119982E-001  5.707959E-001 -1.510746E-002
  2.601000E+004  5.151000E+001  1.300000E-001  2.065572E+000  4.841273E-001 -1.264468E+000  3.119982E-001  5.707959E-001 -1.510746E-002
  2.610000E+004  5.151000E+001  1.300000E-001  2.048843E+000  4.880804E-001 -1.257196E+000  3.119982E-001  5.707959E-001 -1.510746E-002
  2.619000E+004  5.151000E+001  1.300000E-001  2.032420E+000  4.920242E-001 -1.249924E+000  3.119982E-001  5.707959E-001 -1.510746E-002
  2.628000E+004  5.151000E+001  1.300000E-001  2.016298E+000  4.959585E-001 -1.242652E+000  3.119982E-001  5.707959E-001 -1.510746E-002
  2.637000E+004  5.151000E+001  1.300000E-001  2.000468E+000  4.998831E-001 -1.235379E+000  3.119982E-001  5.707959E-001 -1.510746E-002
  2.646000E+004  5.151000E+001  1.300000E-001  1.984924E+000  5.037977E-001 -1.228107E+000  3.119982E-001  5.707959E-001 -1.510746E-002
  2.655000E+004  5.151000E+001  1.300000E-001  1.984924E+000  5.037977E-001 -1.228107E+000  3.119982E-001  5.707959E-001 -1.510746E-002
  2.664000E+004  5.151000E+001  1.300000E-001  1.969659E+000  5.077022E-001 -1.220835E+000  3.119982E-001  5.707959E-001 -1.510746E-002
  2.673000E+004  5.151000E+001  1.300000E-001  1.954666E+000  5.115963E-001 -1.213563E+000  3.119982E-001  5.707959E-001 -1.510746E-002
  2.682000E+004  5.151000E+001  1.300000E-001  1.939940E+000  5.154799E-001 -1.206290E+000  3.119982E-001  5.707959E-001 -1.510746E-002
  2.691000E+004  5.151000E+001  1.300000E-001  1.925474E+000  5.193527E-001 -1.199018E+000  3.119982E-001  5.707959E-001 -1.510746E-002
  2.700000E+004  5.151000E+001  1.300000E-001  1.911262E+000  5.232145E-001 -1.191746E+000  3.119982E-001  5.707959E-001 -1.510746E-002
  2.709000E+004  5.151000E+001  1.300000E-001  1.897298E+000  5.270652E-001 -1.184474E+000  3.119982E-001  5.707959E-001 -1.510746E-002
  2.718000E+004  5.151000E+001  1.300000E-001  1.883578E+000  5.309045E-001 -1.177202E+000  3.119982E-001  5.707959E-001 -1.510746E-002
  2.727000E+004  5.151000E+001  1.300000E-001  1.870095E+000  5.347323E-001 -1.169929E+000  3.119982E-001  5.707959E-001 -1.510746E-002
  2.736000E+004  5.151000E+001  1.300000E-001  1.856844E+000  5.385482E-001 -1.162657E+000  3.119982E-001  5.707959E-001 -1.510746E-002
  2.745000E+004  5.151000E+001  1.300000E-001  1.856844E+000  5.385482E-001 -1.162657E+000  3.119982E-001  5.707959E-001 -1.510746E-002
  2.754000E+004  5.151000E+001  1.300000E-001  1.843820E+000  5.423522E-001 -1.155385E+000  3.119982E-001  5.707959E-001 -1.510746E-002
  2.763000E+004  5.151000E+001  1.300000E-001  1.831019E+000  5.461440E-001 -1.148113E+000  3.119982E-001  5.707959E-001 -1.510746E-002
  2.772000E+004  5.151000E+001  1.300000E-001  1.818435E+000  5.499234E-001 -1.140841E+000  3.119982E-001  5.707959E-001 -1.510746E-002
  2.781000E+004  5.151000E+001  1.300000E-001  1.806064E+000  5.536902E-001 -1.133568E+000  3.119982E-001  5.707959E-001 -1.510746E-002
  2.790000E+004  5.151000E+001  1.300000E-001  1.793901E+000  5.574442E-001 -1.126296E+000  3.119982E-001  5.707959E-001 -1.510746E-002
  2.799000E+004  5.151000E+001  1.300000E-001  1.781943E+000  5.611853E-001 -1.119024E+000  3.119982E-001  5.707959E-001 -1.510746E-002
  2.808000E+004  5.151000E+001  1.300000E-001  1.770184E+000  5.649131E-001 -1.111752E+000  3.119982E-001  5.707959E-001 -1.510746E-002
  2.817000E+004  5.151000E+001  1.300000E-001  1.758620E+000  5.686276E-001 -1.104480E+000  3.119982E-001  5.707959E-001 -1.510746E-002
  2.826000E+004  5.151000E+001  1.300000E-001  1.747248E+000  5.723286E-001 -1.097207E+000  3.119982E-001  5.707959E-001 -1.510746E-002
  2.835000E+004  5.151000E+001  1.300000E-001  1.747248E+000  5.723286E-001 -1.097207E+000  3.119982E-001  5.707959E-001 -1.510746E-002
  2.844000E+004  5.151000E+001  1.300000E-001  1.736064E+000  5.760157E-001 -1.089935E+000  3.119982E-001  5.707959E-001 -1.510746E-002
  2.853000E+004  5.151000E+001  1.300000E-001  1.725063E+000  5.796889E-001 -1.082663E+000  3.119982E-001  5.707959E-001 -1.510746E-002
  2.862000E+004  5.151000E+001  1.300000E-001  1.714243E+000  5.833480E-001 -1.075391E+000  3.119982E-001  5.707959E-001 -1.510746E-002
  2.871000E+004  5.151000E+001  1.300000E-001  1.703599E+000  5.869927E-001 -1.068119E+000  3.119982E-001  5.707959E-001 -1.510746E-002
  2.880000E+004  5.151000E+001  1.300000E-001  1.693128E+000  5.906228E-001 -1.060846E+000  3.119982E-001  5.707959E-001 -1.510746E-002
  2.889000E+004  5.151000E+001  1.300000E-001  1.682827E+000  5.942382E-001 -1.053574E+000  3.119982E-001  5.707959E-001 -1.510746E-002
  2.898000E+004  5.151000E+001  1.300000E-001  1.672692E+000  5.978387E-001 -1.046302E+000  3.119982E-001  5.707959E-001 -1.510746E-002
  2.907000E+004  5.151000E+001  1.300000E-001  1.662720E+000  6.014241E-001 -1.039030E+000  3.119982E-001  5.707959E-001 -1.510746E-002
  2.916000E+004  5.151000E+001  1.300000E-001  1.652908E+000  6.049942E-001 -1.031758E+000  3.119982E-001  5.707959E-001 -1.510746E-002
  2.925000E+004  5.151000E+001  1.300000E-001  1.652908E+000  6.049942E-001 -1.031758E+000  3.119982E-001  5.707959E-001 -1.510746E-002
  2.934000E+004  5.151000E+001  1.300000E-001  1.643254E+000  6.085488E-001 -1.024485E+000  3.119982E-001  5.707959E-001 -1.510746E-002
  2.943000E+004  5.151000E+001  1.300000E-001  1.633753E+000  6.120876E-001 -1.017213E+000  3.119982E-001  5.707959E-001 -1.510746E-002
  2.952000E+004  5.151000E+001  1.300000E-001  1.624403E+000  6.156107E-001 -1.009941E+000  3.119982E-001  5.707959E-001 -1.510746E-002
  2.961000E+004  5.151000E+001  1.300000E-001  1.615202E+000  6.191176E-001 -1.002669E+000  3.119982E-001  5.707959E-001 -1.510746E-002
  2.970000E+004  5.151000E+001  1.300000E-001  1.606146E+000  6.226083E-001 -9.953965E-001  3.119982E-001  5.707959E-001 -1.510746E-002
  2.979000E+004  5.151000E+001  1.300000E-001  1.597233E+000  6.260826E-001 -9.881243E-001  3.119982E-001  5.707959E-001 -1.510746E-002
  2.988000E+004  5.151000E+001  1.300000E-001  1.588461E+000  6.295403E-001 -9.808521E-001  3.119982E-001  5.707959E-001 -1.510746E-002
  2.997000E+004  5.151000E+001  1.300000E-001  1.579826E+000  6.329812E-001 -9.735799E-001  3.119982E-001  5.707959E-001 -1.510746E-002
  3.006000E+004  5.151000E+001  1.300000E-001  1.571326E+000  6.364051E-001 -9.663077E-001  3.119982E-001  5.707959E-001 -1.510746E-002
  3.015000E+004  5.151000E+001  1.300000E-001  1.571326E+000  6.364051E-001 -9.663077E-001  3.119982E-001  5.707959E-001 -1.510746E-002
  3.024000E+004  5.151000E+001  1.300000E-001  1.562959E+000  6.398119E-001 -9.590355E-001  3.119982E-001  5.707959E-001 -1.510746E-002
  3.033000E+004  5.151000E+001  1.300000E-001  1.554723E+000  6.432013E-001 -9.517633E-001  3.119982E-001  5.707959E-001 -1.510746E-002
  3.042000E+004  5.151000E+001  1.300000E-001  1.546615E+000  6.465732E-001 -9.444911E-001  3.119982E-001  5.707959E-001 -1.510746E-002
  3.051000E+004  5.151000E+001  1.300000E-001  1.538633E+000  6.499274E-001 -9.372189E-001  3.119982E-001  5.707959E-001 -1.510746E-002
  3.060000E+004  5.151000E+001  1.300000E-001  1.530775E+000  6.532638E-001 -9.299467E-001  3.119982E-001  5.707959E-001 -1.510746E-002
  3.069000E+004  5.151000E+001  1.300000E-001  1.523039E+000  6.565821E-001 -9.226745E-001  3.119982E-001  5.707959E-001 -1.510746E-002
  3.078000E+004  5.151000E+001  1.300000E-001  1.515422E+000  6.598821E-001 -9.154023E-001  3.119982E-001  5.707959E-001 -1.510746E-002
  3.087000E+004  5.151000E+001  1.300000E-001  1.507923E+000  6.631638E-001 -9.081301E-001  3.119982E-001  5.707959E-001 -1.510746E-002
  3.096000E+004  5.151000E+001  1.300000E-001  1.500540E+000  6.664269E-001 -9.008579E-001  3.119982E-001  5.707959E-001 -1.510746E-002
  3.105000E+004  5.151000E+001  1.300000E-001  1.500540E+000  6.664269E-001 -9.008579E-001  3.119982E-001  5.707959E-001 -1.510746E-002
  3.114000E+004  5.151000E+001  1.300000E-001  1.493270E+000  6.696713E-001 -8.935857E-001  3.119982E-001  5.707959E-001 -1.510746E-002
  3.123000E+004  5.151000E+001  1.300000E-001  1.486112E+000  6.728967E-001 -8.863134E-001  3.119982E-001  5.707959E-001 -1.510746E-002
  3.132000E+004  5.151000E+001  1.300000E-001  1.479064E+000  6.761031E-001 -8.790412E-001  3.119982E-001  5.707959E-001 -1.510746E-002
  3.141000E+004  5.151000E+001  1.300000E-001  1.472125E+000  6.792902E-001 -8.717690E-001  3.119982E-001  5.707959E-001 -1.510746E-002
  3.150000E+004  5.151000E+001  1.300000E-001  1.465292E+000  6.824578E-001 -8.644968E-001  3.119982E-001  5.707959E-001 -1.510746E-002
  3.159000E+004  5.151000E+001  1.300000E-001  1.458564E+000  6.856059E-001 -8.572246E-001  3.119982E-001  5.707959E-001 -1.510746E-002
  3.168000E+004  5.151000E+001  1.300000E-001  1.451939E+000  6.887343E-001 -8.499524E-001  3.119982E-001  5.707959E-001 -1.510746E-002
  3.177000E+004  5.151000E+001  1.300000E-001  1.445415E+000  6.918427E-001 -8.426802E-001  3.119982E-001  5.707959E-001 -1.510746E-002
  3.186000E+004  5.151000E+001  1.300000E-001  1.438992E+000  6.949310E-001 -8.354080E-001  3.119982E-001  5.707959E-001 -1.510746E-002
  3.195000E+004  5.151000E+001  1.300000E-001  1.438992E+000  6.949310E-001 -8.354080E-001  3.119982E-001  5.707959E-001 -1.510746E-002
  3.204000E+004  5.151000E+001  1.300000E-001  1.432667E+000  6.979990E-001 -8.281358E-001  3.119982E-001  5.707959E-001 -1.510746E-002
  3.213000E+004  5.151000E+001  1.300000E-001  1.426439E+000  7.010467E-001 -8.208636E-001  3.119982E-001  5.707959E-001 -1.510746E-002
  3.222000E+004  5.151000E+001  1.300000E-001  1.420306E+000  7.040738E-001 -8.135914E-001  3.119982E-001  5.707959E-001 -1.510746E-002
  3.231000E+004  5.151000E+001  1.300000E-001  1.414267E+000  7.070801E-001 -8.063192E-001  3.119982E-001  5.707959E-001 -1.510746E-002
  3.240000E+004  5.151000E+001  1.300000E-001  1.408321E+000  7.100656E-001 -7.990470E-001  3.119982E-001  5.707959E-001 -1.510746E-002
  3.249000E+004  5.151000E+001  1.300000E-001  1.402466E+000  7.130300E-001 -7.917748E-001  3.119982E-001  5.707959E-001 -1.510746E-002
  3.258000E+004  5.151000E+001  1.300000E-001  1.396700E+000  7.159731E-001 -7.845026E-001  3.119982E-001  5.707959E-001 -1.510746E-002
  3.267000E+004  5.151000E+001  1.300000E-001  1.391024E+000  7.188950E-001 -7.772304E-001  3.119982E-001  5.707959E-001 -1.510746E-002
  3.276000E+004  5.151000E+001  1.300000E-001  1.385434E+000  7.217953E-001 -7.699582E-001  3.119982E-001  5.707959E-001 -1.510746E-002
  3.285000E+004  5.151000E+001  1.300000E-001  1.385434E+000  7.217953E-001 -7.699582E-001  3.119982E-001  5.707959E-001 -1.510746E-002
  3.294000E+004  5.151000E+001  1.300000E-001  1.379931E+000  7.246739E-001 -7.626860E-001  3.119982E-001  5.707959E-001 -1.510746E-002
  3.303000E+004  5.151000E+001  1.300000E-001  1.374512E+000  7.275307E-001 -7.554138E-001  3.119982E-001  5.707959E-001 -1.510746E-002
  3.312000E+004  5.151000E+001  1.300000E-001  1.369177E+000  7.303655E-001 -7.481416E-001  3.119982E-001  5.707959E-001 -1.510746E-002
  3.321000E+004  5.151000E+001  1.300000E-001  1.363925E+000  7.331783E-001 -7.408693E-001  3.119982E-001  5.707959E-001 -1.510746E-002
  3.330000E+004  5.151000E+001  1.300000E-001  1.358753E+000  7.359687E-001 -7.335971E-001  3.119982E-001  5.707959E-001 -1.510746E-002
  3.339000E+004  5.151000E+001  1.300000E-001  1.353662E+000  7.387367E-001 -7.263249E-001  3.119982E-001  5.707959E-001 -1.510746E-002
  3.348000E+004  5.151000E+001  1.300000E-001  1.348650E+000  7.414821E-001 -7.190527E-001  3.119982E-001  5.707959E-001 -1.510746E-002
  3.357000E+004  5.151000E+001  1.300000E-001  1.343716E+000  7.442049E-001 -7.117805E-001  3.119982E-001  5.707959E-001 -1.510746E-002
  3.366000E+004  5.151000E+001  1.300000E-001  1.338859E+000  7.469048E-001 -7.045083E-001  3.119982E-001  5.707959E-001 -1.510746E-002
  3.375000E+004  5.151000E+001  1.300000E-001  1.338859E+000  7.469048E-001 -7.045083E-001  3.119982E-001  5.707959E-001 -1.510746E-002
  3.384000E+004  5.151000E+001  1.300000E-001  1.334078E+000  7.495816E-001 -6.972361E-001  3.119982E-001  5.707959E-001 -1.510746E-002
  3.393000E+004  5.151000E+001  1.300000E-001  1.329371E+000  7.522354E-001 -6.899639E-001  3.119982E-001  5.707959E-001 -1.510746E-002
  3.402000E+004  5.151000E+001  1.300000E-001  1.324739E+000  7.548658E-001 -6.826917E-001  3.119982E-001  5.707959E-001 -1.510746E-002
  3.411000E+004  5.151000E+001  1.300000E-001  1.320179E+000  7.574728E-001 -6.754195E-001  3.119982E-001  5.707959E-001 -1.510746E-002
  3.420000E+004  5.151000E+001  1.300000E-001  1.315692E+000  7.600563E-001 -6.681473E-001  3.119982E-001  5.707959E-001 -1.510746E-002
  3.429000E+004  5.151000E+001  1.300000E-001  1.311276E+000  7.626161E-001 -6.608751E-001  3.119982E-001  5.707959E-001 -1.510746E-002
  3.438000E+004  5.151000E+001  1.300000E-001  1.306930E+000  7.651520E-001 -6.536029E-001  3.119982E-001  5.707959E-001 -1.510746E-002
  3.447000E+004  5.151000E+001  1.300000E-001  1.302653E+000  7.676640E-001 -6.463307E-001  3.119982E-001  5.707959E-001 -1.510746E-002
  3.456000E+004  5.151000E+001  1.300000E-001  1.298445E+000  7.701519E-001 -6.390585E-001  3.119982E-001  5.707959E-001 -1.510746E-002
  3.465000E+004  5.151000E+001  1.300000E-001  1.298445E+000  7.701519E-001 -6.390585E-001  3.119982E-001  5.707959E-001 -1.510746E-002
  3.474000E+004  5.151000E+001  1.300000E-001  1.294305E+000  7.726155E-001 -6.317863E-001  3.119982E-001  5.707959E-001 -1.510746E-002
  3.483000E+004  5.151000E+001  1.300000E-001  1.290231E+000  7.750548E-001 -6.245141E-001  3.119982E-001  5.707959E-001 -1.510746E-002
  3.492000E+004  5.151000E+001  1.300000E-001  1.286224E+000  7.774696E-001 -6.172419E-001  3.119982E-001  5.707959E-001 -1.510746E-002
  3.501000E+004  5.151000E+001  1.300000E-001  1.282282E+000  7.798598E-001 -6.099697E-001  3.119982E-001  5.707959E-001 -1.510746E-002
  3.510000E+004  5.151000E+001  1.300000E-001  1.278404E+000  7.822253E-001 -6.026974E-001  3.119982E-001  5.707959E-001 -1.510746E-002
  3.519000E+004  5.151000E+001  1.300000E-001  1.274590E+000  7.845659E-001 -5.954252E-001  3.119982E-001  5.707959E-001 -1.510746E-002
  3.528000E+004  5.151000E+001  1.300000E-001  1.270839E+000  7.868814E-001 -5.881530E-001  3.119982E-001  5.707959E-001 -1.510746E-002
  3.537000E+004  5.151000E+001  1.300000E-001  1.267151E+000  7.891719E-001 -5.808808E-001  3.119982E-001  5.707959E-001 -1.510746E-002
  3.546000E+004  5.151000E+001  1.300000E-001  1.263524E+000  7.914371E-001 -5.736086E-001  3.119982E-001  5.707959E-001 -1.510746E-002
  3.555000E+004  5.151000E+001  1.300000E-001  1.263524E+000  7.914371E-001 -5.736086E-001  3.119982E-001  5.707959E-001 -1.510746E-002
  3.564000E+004  5.151000E+001  1.300000E-001  1.259958E+000  7.936770E-001 -5.663364E-001  3.119982E-001  5.707959E-001 -1.510746E-002
  3.573000E+004  5.151000E+001  1.300000E-001  1.256453E+000  7.958914E-001 -5.590642E-001  3.119982E-001  5.707959E-001 -1.510746E-002
  3.582000E+004  5.151000E+001  1.300000E-001  1.253007E+000  7.980803E-001 -5.517920E-001  3.119982E-001  5.707959E-001 -1.510746E-002
  3.591000E+004  5.151000E+001  1.300000E-001  1.249620E+000  8.002434E-001 -5.445198E-001  3.119982E-001  5.707959E-001 -1.510746E-002
  3.600000E+004  5.151000E+001  1.300000E-001  1.246291E+000  8.023807E-001 -5.372476E-001  3.119982E-001  5.707959E-001 -1.510746E-002
  3.609000E+004  5.151000E+001  1.300000E-001  1.243020E+000  8.044920E-001 -5.299754E-001  3.119982E-001  5.707959E-001 -1.510746E-002
  3.618000E+004  5.151000E+001  1.300000E-001  1.239807E+000  8.065773E-001 -5.227032E-001  3.119982E-001  5.707959E-001 -1.510746E-002
  3.627000E+004  5.151000E+001  1.300000E-001  1.236650E+000  8.086365E-001 -5.154310E-001  3.119982E-001  5.707959E-001 -1.510746E-002
  3.636000E+004  5.151000E+001  1.300000E-001  1.233549E+000  8.106694E-001 -5.081588E-001  3.119982E-001  5.707959E-001 -1.510746E-002
  3.645000E+004  5.151000E+001  1.300000E-001  1.233549E+000  8.106694E-001 -5.081588E-001  3.119982E-001  5.707959E-001 -1.510746E-002
  3.654000E+004  5.151000E+001  1.300000E-001  1.230503E+000  8.126759E-001 -5.008866E-001  3.119982E-001  5.707959E-001 -1.510746E-002
  3.663000E+004  5.151000E+001  1.300000E-001  1.227512E+000  8.146559E-001 -4.936144E-001  3.119982E-001  5.707959E-001 -1.510746E-002
  3.672000E+004  5.151000E+001  1.300000E-001  1.224576E+000  8.166094E-001 -4.863422E-001  3.119982E-001  5.707959E-001 -1.510746E-002
  3.681000E+004  5.151000E+001  1.300000E-001  1.221693E+000  8.185362E-001 -4.790700E-001  3.119982E-001  5.707959E-001 -1.510746E-002
  3.690000E+004  5.151000E+001  1.300000E-001  1.218864E+000  8.204361E-001 -4.717978E-001  3.119982E-001  5.707959E-001 -1.510746E-002
  3.699000E+004  5.151000E+001  1.300000E-001  1.216088E+000  8.223092E-001 -4.645255E-001  3.119982E-001  5.707959E-001 -1.510746E-002
  3.708000E+004  5.151000E+001  1.300000E-001  1.213363E+000  8.241554E-001 -4.572533E-001  3.119982E-001  5.707959E-001 -1.510746E-002
  3.717000E+004  5.151000E+001  1.300000E-001  1.210691E+000  8.259744E-001 -4.499811E-001  3.119982E-001  5.707959E-001 -1.510746E-002
  3.726000E+004  5.151000E+001  1.300000E-001  1.208071E+000  8.277662E-001 -4.427089E-001  3.119982E-001  5.707959E-001 -1.510746E-002
  3.735000E+004  5.151000E+001  1.300000E-001  1.208071E+000  8.277662E-001 -4.427089E-001  3.119982E-001  5.707959E-001 -1.510746E-002
  3.744000E+004  5.151000E+001  1.300000E-001  1.205501E+000  8.295308E-001 -4.354367E-001  3.119982E-001  5.707959E-001 -1.510746E-002
  3.753000E+004  5.151000E+001  1.300000E-001  1.202982E+000  8.312680E-001 -4.281645E-001  3.119982E-001  5.707959E-001 -1.510746E-002
  3.762000E+004  5.151000E+001  1.300000E-001  1.200512E+000  8.329777E-001 -4.208923E-001  3.119982E-001  5.707959E-001 -1.510746E-002
  3.771000E+004  5.151000E+001  1.300000E-001  1.198093E+000  8.346599E-001 -4.136201E-001  3.119982E-001  5.707959E-001 -1.510746E-002
  3.780000E+004  5.151000E+001  1.300000E-001  1.195723E+000  8.363144E-001 -4.063479E-001  3.119982E-001  5.707959E-001 -1.510746E-002
  3.789000E+004  5.151000E+001  1.300000E-001  1.193401E+000  8.379412E-001 -3.990757E-001  3.119982E-001  5.707959E-001 -1.510746E-002
  3.798000E+004  5.151000E+001  1.300000E-001  1.191128E+000  8.395402E-001 -3.918035E-001  3.119982E-001  5.707959E-001 -1.510746E-002
  3.807000E+004  5.151000E+001  1.300000E-001  1.188903E+000  8.411113E-001 -3.845313E-001  3.119982E-001  5.707959E-001 -1.510746E-002
  3.816000E+004  5.151000E+001  1.300000E-001  1.186726E+000  8.426545E-001 -3.772591E-001  3.119982E-001  5.707959E-001 -1.510746E-002
  3.825000E+004  5.151000E+001  1.300000E-001  1.186726E+000  8.426545E-001 -3.772591E-001  3.119982E-001  5.707959E-001 -1.510746E-002
  3.834000E+004  5.151000E+001  1.300000E-001  1.184596E+000  8.441695E-001 -3.699869E-001  3.119982E-001  5.707959E-001 -1.510746E-002
  3.843000E+004  5.151000E+001  1.300000E-001  1.182513E+000  8.456564E-001 -3.627147E-001  3.119982E-001  5.707959E-001 -1.510746E-002
  3.852000E+004  5.151000E+001  1.300000E-001  1.180477E+000  8.471151E-001 -3.554425E-001  3.119982E-001  5.707959E-001 -1.510746E-002
  3.861000E+004  5.151000E+001  1.300000E-001  1.178487E+000  8.485455E-001 -3.481703E-001  3.119982E-001  5.707959E-001 -1.510746E-002
  3.870000E+004  5.151000E+001  1.300000E-001  1.176543E+000  8.499475E-001 -3.408981E-001  3.119982E-001  5.707959E-001 -1.510746E-002
  3.879000E+004  5.151000E+001  1.300000E-001  1.174645E+000  8.513211E-001 -3.336259E-001  3.119982E-001  5.707959E-001 -1.510746E-002
  3.888000E+004  5.151000E+001  1.300000E-001  1.172792E+000  8.526661E-001 -3.263536E-001  3.119982E-001  5.707959E-001 -1.510746E-002
  3.897000E+004  5.151000E+001  1.300000E-001  1.170984E+000  8.539826E-001 -3.190814E-001  3.119982E-001  5.707959E-001 -1.510746E-002
  3.906000E+004  5.151000E+001  1.300000E-001  1.169221E+000  8.552703E-001 -3.118092E-001  3.119982E-001  5.707959E-001 -1.510746E-002
  3.915000E+004  5.151000E+001  1.300000E-001  1.169221E+000  8.552703E-001 -3.118092E-001  3.119982E-001  5.707959E-001 -1.510746E-002
  3.924000E+004  5.151000E+001  1.300000E-001  1.167502E+000  8.565294E-001 -3.045370E-001  3.119982E-001  5.707959E-001 -1.510746E-002
  3.933000E+004  5.151000E+001  1.300000E-001  1.165828E+000  8.577597E-001 -2.972648E-001  3.119982E-001  5.707959E-001 -1.510746E-002
  3.942000E+004  5.151000E+001  1.300000E-001  1.164197E+000  8.589611E-001 -2.899926E-001  3.119982E-001  5.707959E-001 -1.510746E-002
  3.951000E+004  5.151000E+001  1.300000E-001  1.162610E+000  8.601335E-001 -2.827204E-001  3.119982E-001  5.707959E-001 -1.510746E-002
  3.960000E+004  5.151000E+001  1.300000E-001  1.161067E+000  8.612770E-001 -2.754482E-001  3.119982E-001  5.707959E-001 -1.510746E-002
  3.969000E+004  5.151000E+001  1.300000E-001  1.159566E+000  8.623914E-001 -2.681760E-001  3.119982E-001  5.707959E-001 -1.510746E-002
  3.978000E+004  5.151000E+001  1.300000E-001  1.158109E+000  8.634768E-001 -2.609038E-001  3.119982E-001  5.707959E-001 -1.510746E-002
  3.987000E+004  5.151000E+001  1.300000E-001  1.156694E+000  8.645329E-001 -2.536316E-001  3.119982E-001  5.707959E-001 -1.510746E-002
  3.996000E+004  5.151000E+001  1.300000E-001  1.155322E+000  8.655599E-001 -2.463594E-001  3.119982E-001  5.707959E-001 -1.510746E-002
  4.005000E+004  5.151000E+001  1.300000E-001  1.155322E+000  8.655599E-001 -2.463594E-001  3.119982E-001  5.707959E-001 -1.510746E-002
  4.014000E+004  5.151000E+001  1.300000E-001  1.153991E+000  8.665575E-001 -2.390872E-001  3.119982E-001  5.707959E-001 -1.510746E-002
  4.023000E+004  5.151000E+001  1.300000E-001  1.152703E+000  8.675259E-001 -2.318150E-001  3.119982E-001  5.707959E-001 -1.510746E-002
  4.032000E+004  5.151000E+001  1.300000E-001  1.151457E+000  8.684648E-001 -2.245428E-001  3.119982E-001  5.707959E-001 -1.510746E-002
  4.041000E+004  5.151000E+001  1.300000E-001  1.150252E+000  8.693744E-001 -2.172706E-001  3.119982E-001  5.707959E-001 -1.510746E-002
  4.050000E+004  5.151000E+001  1.300000E-001  1.149089E+000  8.702544E-001 -2.099984E-001  3.119982E-001  5.707959E-001 -1.510746E-002
  4.059000E+004  5.151000E+001  1.300000E-001  1.147967E+000  8.711049E-001 -2.027262E-001  3.119982E-001  5.707959E-001 -1.510746E-002
  4.068000E+004  5.151000E+001  1.300000E-001  1.146886E+000  8.719259E-001 -1.954540E-001  3.119982E-001  5.707959E-001 -1.510746E-002
  4.077000E+004  5.151000E+001  1.300000E-001  1.145846E+000  8.727172E-001 -1.881817E-001  3.119982E-001  5.707959E-001 -1.510746E-002
  4.086000E+004  5.151000E+001  1.300000E-001  1.144847E+000  8.734789E-001 -1.809095E-001  3.119982E-001  5.707959E-001 -1.510746E-002
  4.095000E+004  5.151000E+001  1.300000E-001  1.144847E+000  8.734789E-001 -1.809095E-001  3.119982E-001  5.707959E-001 -1.510746E-002
  4.104000E+004  5.151000E+001  1.300000E-001  1.143889E+000  8.742109E-001 -1.736373E-001  3.119982E-001  5.707959E-001 -1.510746E-002
  4.113000E+004  5.151000E+001  1.300000E-001  1.142971E+000  8.749132E-001 -1.663651E-001  3.119982E-001  5.707959E-001 -1.510746E-002
  4.122000E+004  5.151000E+001  1.300000E-001  1.142093E+000  8.755857E-001 -1.590929E-001  3.119982E-001  5.707959E-001 -1.510746E-002
  4.131000E+004  5.151000E+001  1.300000E-001  1.141255E+000  8.762284E-001 -1.518207E-001  3.119982E-001  5.707959E-001 -1.510746E-002
  4.140000E+004  5.151000E+001  1.300000E-001  1.140457E+000  8.768413E-001 -1.445485E-001  3.119982E-001  5.707959E-001 -1.510746E-002
  4.149000E+004  5.151000E+001  1.300000E-001  1.139700E+000  8.774242E-001 -1.372763E-001  3.119982E-001  5.707959E-001 -1.510746E-002
  4.158000E+004  5.151000E+001  1.300000E-001  1.138982E+000  8.779773E-001 -1.300041E-001  3.119982E-001  5.707959E-001 -1.510746E-002
  4.167000E+004  5.151000E+001  1.300000E-001  1.138303E+000  8.785005E-001 -1.227319E-001  3.119982E-001  5.707959E-001 -1.510746E-002
  4.176000E+004  5.151000E+001  1.300000E-001  1.137665E+000  8.789937E-001 -1.154597E-001  3.119982E-001  5.707959E-001 -1.510746E-002
  4.185000E+004  5.151000E+001  1.300000E-001  1.137665E+000  8.789937E-001 -1.154597E-001  3.119982E-001  5.707959E-001 -1.510746E-002
  4.194000E+004  5.151000E+001  1.300000E-001  1.137065E+000  8.794569E-001 -1.081875E-001  3.119982E-001  5.707959E-001 -1.510746E-002
  4.203000E+004  5.151000E+001  1.300000E-001  1.136506E+000  8.798901E-001 -1.009153E-001  3.119982E-001  5.707959E-001 -1.510746E-002
  4.212000E+004  5.151000E+001  1.300000E-001  1.135985E+000  8.802932E-001 -9.364308E-002  3.119982E-001  5.707959E-001 -1.510746E-002
  4.221000E+004  5.151000E+001  1.300000E-001  1.135504E+000  8.806663E-001 -8.637088E-002  3.119982E-001  5.707959E-001 -1.510746E-002
  4.230000E+004  5.151000E+001  1.300000E-001  1.135062E+000  8.810094E-001 -7.909867E-002  3.119982E-001  5.707959E-001 -1.510746E-002
  4.239000E+004  5.151000E+001  1.300000E-001  1.134659E+000  8.813223E-001 -7.182647E-002  3.119982E-001  5.707959E-001 -1.510746E-002
  4.248000E+004  5.151000E+001  1.300000E-001  1.134295E+000  8.816052E-001 -6.455426E-002  3.119982E-001  5.707959E-001 -1.510746E-002
  4.257000E+004  5.151000E+001  1.300000E-001  1.133970E+000  8.818579E-001 -5.728205E-002  3.119982E-001  5.707959E-001 -1.510746E-002
  4.266000E+004  5.151000E+001  1.300000E-001  1.133683E+000  8.820804E-001 -5.000985E-002  3.119982E-001  5.707959E-001 -1.510746E-002
  4.275000E+004  5.151000E+001  1.300000E-001  1.133683E+000  8.820804E-001 -5.000985E-002  3.119982E-001  5.707959E-001 -1.510746E-002
  4.284000E+004  5.151000E+001  1.300000E-001  1.133436E+000  8.822729E-001 -4.273764E-002  3.119982E-001  5.707959E-001 -1.510746E-002
  4.293000E+004  5.151000E+001  1.300000E-001  1.133228E+000  8.824351E-001 -3.546544E-002  3.119982E-001  5.707959E-001 -1.510746E-002
  4.302000E+004  5.151000E+001  1.300000E-001  1.133058E+000  8.825672E-001 -2.819323E-002  3.119982E-001  5.707959E-001 -1.510746E-002
  4.311000E+004  5.151000E+001  1.300000E-001  1.132927E+000  8.826692E-001 -2.092103E-002  3.119982E-001  5.707959E-001 -1.510746E-002
