              t        APINENE             O3            NO2             NO             OH            HO2          CH3O2              O           HCHO
  0.000000E+000  5.200000E+011  5.200000E+011  0.000000E+000  0.000000E+000  0.000000E+000  0.000000E+000  0.000000E+000  0.000000E+000  0.000000E+000
  9.000000E+001  5.159068E+011  5.177212E+011  0.000000E+000  0.000000E+000  7.415808E+005  1.517647E+007  4.061609E-003  0.000000E+000  8.312316E+007
  1.800000E+002  5.118620E+011  5.154691E+011  0.000000E+000  0.000000E+000  7.383686E+005  2.798962E+007  3.569911E-001  0.000000E+000  4.444291E+008
  2.700000E+002  5.078681E+011  5.132437E+011  1.058770E-012  2.113686E-043  7.336713E+005  3.211291E+007  3.427130E+000  0.000000E+000  9.303114E+008
  3.600000E+002  5.039268E+011  5.110449E+011  4.317930E-012  7.535589E-043  7.284233E+005  3.240386E+007  2.009558E+001  0.000000E+000  1.406907E+009
  4.500000E+002  5.000379E+011  5.088723E+011  7.861591E-012  8.393764E-043  7.230668E+005  3.146270E+007  9.419735E+001  0.000000E+000  1.855915E+009
  5.400000E+002  4.962006E+011  5.067256E+011  7.300634E-012  1.757268E-042  7.176911E+005  3.036674E+007  3.362978E+002  0.000000E+000  2.286535E+009
  6.300000E+002  4.924143E+011  5.046042E+011  8.134587E-012  9.505223E-043  7.123064E+005  2.943036E+007  9.364675E+002  0.000000E+000  2.705523E+009
  7.200000E+002  4.886780E+011  5.025078E+011  8.331167E-012  1.919201E-042  7.069116E+005  2.867541E+007  2.146851E+003  0.000000E+000  3.115940E+009
  8.100000E+002  4.849909E+011  5.004358E+011  7.910225E-012  1.709132E-042  7.015069E+005  2.804710E+007  4.247859E+003  0.000000E+000  3.519339E+009
  9.000000E+002  4.813524E+011  4.983879E+011  2.443539E-011  0.000000E+000  6.960955E+005  2.749018E+007  7.514790E+003  0.000000E+000  3.916613E+009
  9.900000E+002  4.777617E+011  4.963636E+011  2.637620E-011  0.000000E+000  6.906835E+005  2.696943E+007  1.219316E+004  0.000000E+000  4.308384E+009
  1.080000E+003  4.742179E+011  4.943626E+011  0.000000E+000  3.492479E-040  6.852780E+005  2.646676E+007  1.848310E+004  0.000000E+000  4.695116E+009
  1.170000E+003  4.707203E+011  4.923843E+011  0.000000E+000  1.223581E-039  6.798864E+005  2.597304E+007  2.653343E+004  0.000000E+000  5.077148E+009
  1.260000E+003  4.672682E+011  4.904284E+011  5.665725E-011  6.316012E-039  6.745152E+005  2.548469E+007  3.644252E+004  0.000000E+000  5.454750E+009
  1.350000E+003  4.638608E+011  4.884945E+011  3.927204E-010  0.000000E+000  6.691706E+005  2.500230E+007  4.826237E+004  0.000000E+000  5.828147E+009
  1.440000E+003  4.604974E+011  4.865823E+011  7.882458E-010  0.000000E+000  6.638574E+005  2.452761E+007  6.200486E+004  0.000000E+000  6.197521E+009
  1.530000E+003  4.571771E+011  4.846913E+011  1.107582E-009  0.000000E+000  6.585800E+005  2.406224E+007  7.764910E+004  0.000000E+000  6.563023E+009
  1.620000E+003  4.538993E+011  4.828212E+011  1.147131E-009  0.000000E+000  6.533417E+005  2.360726E+007  9.514923E+004  0.000000E+000  6.924785E+009
  1.710000E+003  4.506632E+011  4.809716E+011  9.694818E-010  7.054844E-038  6.481452E+005  2.316370E+007  1.144420E+005  0.000000E+000  7.282918E+009
  1.800000E+003  4.474680E+011  4.791422E+011  8.564942E-010  0.000000E+000  6.429926E+005  2.273268E+007  1.354518E+005  0.000000E+000  7.637530E+009
  1.890000E+003  4.443132E+011  4.773326E+011  8.713268E-010  4.742234E-039  6.378856E+005  2.231487E+007  1.580950E+005  0.000000E+000  7.988714E+009
  1.980000E+003  4.411979E+011  4.755426E+011  9.646347E-010  3.609860E-038  6.328255E+005  2.191042E+007  1.822833E+005  0.000000E+000  8.336556E+009
  2.070000E+003  4.381214E+011  4.737717E+011  1.008070E-009  2.282898E-038  6.278132E+005  2.151928E+007  2.079271E+005  0.000000E+000  8.681137E+009
  2.160000E+003  4.350832E+011  4.720197E+011  1.030535E-009  2.028944E-038  6.228494E+005  2.114132E+007  2.349375E+005  0.000000E+000  9.022533E+009
  2.250000E+003  4.320825E+011  4.702862E+011  1.074340E-009  2.409915E-038  6.179345E+005  2.077633E+007  2.632277E+005  0.000000E+000  9.360816E+009
  2.340000E+003  4.291186E+011  4.685710E+011  1.130661E-009  2.876360E-038  6.130687E+005  2.042396E+007  2.927136E+005  0.000000E+000  9.696053E+009
  2.430000E+003  4.261910E+011  4.668737E+011  1.153237E-009  2.883367E-038  6.082523E+005  2.008380E+007  3.233151E+005  0.000000E+000  1.002831E+010
  2.520000E+003  4.232990E+011  4.651940E+011  1.132043E-009  2.950935E-038  6.034852E+005  1.975537E+007  3.549558E+005  0.000000E+000  1.035765E+010
  2.610000E+003  4.204420E+011  4.635317E+011  1.101621E-009  3.055498E-038  5.987674E+005  1.943820E+007  3.875639E+005  0.000000E+000  1.068413E+010
  2.700000E+003  4.176194E+011  4.618866E+011  1.077788E-009  2.243172E-038  5.940986E+005  1.913182E+007  4.210711E+005  0.000000E+000  1.100781E+010
  2.790000E+003  4.148306E+011  4.602582E+011  1.050772E-009  2.414098E-038  5.894787E+005  1.883577E+007  4.554134E+005  0.000000E+000  1.132875E+010
  2.880000E+003  4.120750E+011  4.586463E+011  1.028979E-009  2.291945E-038  5.849075E+005  1.854957E+007  4.905304E+005  0.000000E+000  1.164700E+010
  2.970000E+003  4.093521E+011  4.570508E+011  1.014763E-009  2.096890E-038  5.803845E+005  1.827276E+007  5.263654E+005  0.000000E+000  1.196261E+010
  3.060000E+003  4.066613E+011  4.554712E+011  1.000860E-009  2.090538E-038  5.759095E+005  1.800492E+007  5.628651E+005  0.000000E+000  1.227563E+010
  3.150000E+003  4.040020E+011  4.539075E+011  9.877714E-010  2.411124E-038  5.714820E+005  1.774561E+007  5.999795E+005  0.000000E+000  1.258612E+010
  3.240000E+003  4.013738E+011  4.523592E+011  9.755387E-010  2.017860E-038  5.671017E+005  1.749445E+007  6.376616E+005  0.000000E+000  1.289412E+010
  3.330000E+003  3.987761E+011  4.508263E+011  9.658365E-010  1.580696E-038  5.627681E+005  1.725105E+007  6.758671E+005  0.000000E+000  1.319967E+010
  3.420000E+003  3.962083E+011  4.493084E+011  9.588346E-010  1.837089E-038  5.584808E+005  1.701505E+007  7.145542E+005  0.000000E+000  1.350282E+010
  3.510000E+003  3.936701E+011  4.478053E+011  9.522770E-010  2.171896E-038  5.542394E+005  1.678611E+007  7.536839E+005  0.000000E+000  1.380362E+010
  3.600000E+003  3.911609E+011  4.463168E+011  9.445036E-010  1.913086E-038  5.500433E+005  1.656391E+007  7.932190E+005  0.000000E+000  1.410211E+010
  3.690000E+003  3.886802E+011  4.448427E+011  9.370708E-010  1.567981E-038  5.458922E+005  1.634815E+007  8.331247E+005  0.000000E+000  1.439833E+010
  3.780000E+003  3.862276E+011  4.433828E+011  9.332699E-010  1.737399E-038  5.417855E+005  1.613854E+007  8.733680E+005  0.000000E+000  1.469231E+010
  3.870000E+003  3.838026E+011  4.419368E+011  9.318058E-010  1.003513E-039  5.377227E+005  1.593481E+007  9.139177E+005  0.000000E+000  1.498410E+010
  3.960000E+003  3.814047E+011  4.405045E+011  9.285254E-010  2.558761E-038  5.337035E+005  1.573670E+007  9.547444E+005  0.000000E+000  1.527373E+010
  4.050000E+003  3.790335E+011  4.390857E+011  9.229090E-010  5.125527E-039  5.297272E+005  1.554398E+007  9.958202E+005  0.000000E+000  1.556125E+010
  4.140000E+003  3.766887E+011  4.376803E+011  9.166892E-010  0.000000E+000  5.257934E+005  1.535643E+007  1.037119E+006  0.000000E+000  1.584668E+010
  4.230000E+003  3.743697E+011  4.362881E+011  9.119844E-010  0.000000E+000  5.219016E+005  1.517381E+007  1.078615E+006  0.000000E+000  1.613007E+010
  4.320000E+003  3.720761E+011  4.349088E+011  9.092789E-010  0.000000E+000  5.180513E+005  1.499595E+007  1.120285E+006  0.000000E+000  1.641144E+010
  4.410000E+003  3.698076E+011  4.335422E+011  9.067022E-010  5.297428E-038  5.142420E+005  1.482263E+007  1.162106E+006  0.000000E+000  1.669083E+010
  4.500000E+003  3.675637E+011  4.321882E+011  9.026371E-010  0.000000E+000  5.104733E+005  1.465369E+007  1.204057E+006  0.000000E+000  1.696827E+010
  4.590000E+003  3.653441E+011  4.308466E+011  8.989542E-010  1.620071E-037  5.067446E+005  1.448895E+007  1.246117E+006  0.000000E+000  1.724379E+010
  4.680000E+003  3.631484E+011  4.295173E+011  8.972021E-010  0.000000E+000  5.030554E+005  1.432824E+007  1.288268E+006  0.000000E+000  1.751742E+010
  4.770000E+003  3.609762E+011  4.281999E+011  8.956317E-010  0.000000E+000  4.994053E+005  1.417143E+007  1.330491E+006  0.000000E+000  1.778920E+010
  4.860000E+003  3.588270E+011  4.268945E+011  8.946509E-010  1.632170E-037  4.957939E+005  1.401835E+007  1.372768E+006  0.000000E+000  1.805914E+010
  4.950000E+003  3.567007E+011  4.256007E+011  8.952240E-010  0.000000E+000  4.922205E+005  1.386888E+007  1.415083E+006  0.000000E+000  1.832729E+010
  5.040000E+003  3.545968E+011  4.243185E+011  8.964812E-010  0.000000E+000  4.886848E+005  1.372288E+007  1.457420E+006  0.000000E+000  1.859365E+010
  5.130000E+003  3.525150E+011  4.230477E+011  8.963685E-010  0.000000E+000  4.851863E+005  1.358022E+007  1.499764E+006  0.000000E+000  1.885827E+010
  5.220000E+003  3.504549E+011  4.217880E+011  8.947422E-010  0.000000E+000  4.817245E+005  1.344079E+007  1.542101E+006  0.000000E+000  1.912117E+010
  5.310000E+003  3.484162E+011  4.205395E+011  8.944626E-010  0.000000E+000  4.782989E+005  1.330448E+007  1.584416E+006  0.000000E+000  1.938237E+010
  5.400000E+003  3.463986E+011  4.193019E+011  8.955280E-010  6.061362E-037  4.749092E+005  1.317118E+007  1.626698E+006  0.000000E+000  1.964190E+010
  5.490000E+003  3.444017E+011  4.180750E+011  8.951520E-010  0.000000E+000  4.715548E+005  1.304078E+007  1.668933E+006  0.000000E+000  1.989977E+010
  5.580000E+003  3.424254E+011  4.168588E+011  8.939596E-010  0.000000E+000  4.682353E+005  1.291319E+007  1.711110E+006  0.000000E+000  2.015603E+010
  5.670000E+003  3.404691E+011  4.156530E+011  8.928706E-010  5.522481E-037  4.649503E+005  1.278831E+007  1.753217E+006  0.000000E+000  2.041068E+010
  5.760000E+003  3.385327E+011  4.144576E+011  8.922054E-010  0.000000E+000  4.616993E+005  1.266606E+007  1.795245E+006  0.000000E+000  2.066374E+010
  5.850000E+003  3.366159E+011  4.132723E+011  8.918416E-010  3.580204E-037  4.584819E+005  1.254634E+007  1.837182E+006  0.000000E+000  2.091525E+010
  5.940000E+003  3.347183E+011  4.120972E+011  8.914124E-010  8.793919E-037  4.552977E+005  1.242909E+007  1.879020E+006  0.000000E+000  2.116523E+010
  6.030000E+003  3.328397E+011  4.109319E+011  8.909281E-010  3.438797E-037  4.521462E+005  1.231422E+007  1.920748E+006  0.000000E+000  2.141368E+010
  6.120000E+003  3.309797E+011  4.097765E+011  8.905300E-010  0.000000E+000  4.490271E+005  1.220165E+007  1.962359E+006  0.000000E+000  2.166064E+010
  6.210000E+003  3.291382E+011  4.086307E+011  8.903020E-010  6.904453E-037  4.459398E+005  1.209132E+007  2.003843E+006  0.000000E+000  2.190612E+010
  6.300000E+003  3.273149E+011  4.074945E+011  8.904084E-010  0.000000E+000  4.428841E+005  1.198315E+007  2.045194E+006  0.000000E+000  2.215014E+010
  6.390000E+003  3.255095E+011  4.063677E+011  8.901225E-010  8.860223E-038  4.398595E+005  1.187709E+007  2.086403E+006  0.000000E+000  2.239272E+010
  6.480000E+003  3.237217E+011  4.052501E+011  8.903735E-010  4.489198E-037  4.368657E+005  1.177306E+007  2.127463E+006  0.000000E+000  2.263388E+010
  6.570000E+003  3.219513E+011  4.041418E+011  8.914685E-010  1.508283E-037  4.339021E+005  1.167102E+007  2.168367E+006  0.000000E+000  2.287364E+010
  6.660000E+003  3.201980E+011  4.030425E+011  8.924140E-010  7.950110E-038  4.309685E+005  1.157089E+007  2.209109E+006  0.000000E+000  2.311201E+010
  6.750000E+003  3.184616E+011  4.019522E+011  8.929080E-010  1.530240E-038  4.280645E+005  1.147262E+007  2.249683E+006  0.000000E+000  2.334901E+010
  6.840000E+003  3.167418E+011  4.008707E+011  8.930660E-010  2.930232E-038  4.251896E+005  1.137617E+007  2.290083E+006  0.000000E+000  2.358466E+010
  6.930000E+003  3.150385E+011  3.997979E+011  8.932621E-010  3.198642E-038  4.223435E+005  1.128148E+007  2.330303E+006  0.000000E+000  2.381897E+010
  7.020000E+003  3.133514E+011  3.987337E+011  8.937242E-010  6.718990E-039  4.195259E+005  1.118849E+007  2.370339E+006  0.000000E+000  2.405196E+010
  7.110000E+003  3.116802E+011  3.976780E+011  8.942952E-010  1.146727E-038  4.167364E+005  1.109717E+007  2.410184E+006  0.000000E+000  2.428365E+010
  7.200000E+003  3.100248E+011  3.966307E+011  8.948192E-010  1.706976E-038  4.139746E+005  1.100746E+007  2.449835E+006  0.000000E+000  2.451405E+010
  7.290000E+003  3.083849E+011  3.955917E+011  8.952927E-010  2.296421E-038  4.112402E+005  1.091933E+007  2.489287E+006  0.000000E+000  2.474318E+010
  7.380000E+003  3.067603E+011  3.945609E+011  8.957713E-010  1.102524E-038  4.085329E+005  1.083273E+007  2.528536E+006  0.000000E+000  2.497104E+010
  7.470000E+003  3.051508E+011  3.935382E+011  8.962906E-010  1.191974E-038  4.058522E+005  1.074761E+007  2.567578E+006  0.000000E+000  2.519766E+010
  7.560000E+003  3.035561E+011  3.925235E+011  8.968698E-010  3.458386E-038  4.031979E+005  1.066395E+007  2.606409E+006  0.000000E+000  2.542305E+010
  7.650000E+003  3.019762E+011  3.915166E+011  8.974113E-010  8.458411E-038  4.005695E+005  1.058170E+007  2.645025E+006  0.000000E+000  2.564722E+010
  7.740000E+003  3.004107E+011  3.905176E+011  8.979302E-010  3.509241E-038  3.979669E+005  1.050082E+007  2.683424E+006  0.000000E+000  2.587018E+010
  7.830000E+003  2.988596E+011  3.895262E+011  8.984252E-010  0.000000E+000  3.953897E+005  1.042128E+007  2.721601E+006  0.000000E+000  2.609195E+010
  7.920000E+003  2.973225E+011  3.885425E+011  8.989924E-010  5.535988E-039  3.928375E+005  1.034305E+007  2.759555E+006  0.000000E+000  2.631255E+010
  8.010000E+003  2.957994E+011  3.875663E+011  8.997429E-010  1.545771E-037  3.903101E+005  1.026608E+007  2.797283E+006  0.000000E+000  2.653198E+010
  8.100000E+003  2.942899E+011  3.865975E+011  9.004902E-010  9.300232E-039  3.878071E+005  1.019036E+007  2.834781E+006  0.000000E+000  2.675025E+010
  8.190000E+003  2.927941E+011  3.856360E+011  9.008905E-010  0.000000E+000  3.853282E+005  1.011585E+007  2.872047E+006  0.000000E+000  2.696739E+010
  8.280000E+003  2.913115E+011  3.846818E+011  9.012990E-010  3.982214E-038  3.828731E+005  1.004251E+007  2.909080E+006  0.000000E+000  2.718339E+010
  8.370000E+003  2.898422E+011  3.837348E+011  9.022787E-010  4.769851E-037  3.804416E+005  9.970332E+006  2.945877E+006  0.000000E+000  2.739828E+010
  8.460000E+003  2.883859E+011  3.827949E+011  9.029284E-010  1.710262E-037  3.780333E+005  9.899271E+006  2.982437E+006  0.000000E+000  2.761206E+010
  8.550000E+003  2.869424E+011  3.818619E+011  9.033340E-010  7.198692E-036  3.756479E+005  9.829306E+006  3.018756E+006  0.000000E+000  2.782474E+010
  8.640000E+003  2.855116E+011  3.809359E+011  9.048662E-010  4.645201E-036  3.732852E+005  9.760410E+006  3.054835E+006  0.000000E+000  2.803634E+010
  8.730000E+003  2.840933E+011  3.800167E+011  9.073225E-010  0.000000E+000  3.709449E+005  9.692559E+006  3.090671E+006  0.000000E+000  2.824687E+010
  8.820000E+003  2.826873E+011  3.791043E+011  9.073978E-010  0.000000E+000  3.686267E+005  9.625727E+006  3.126263E+006  0.000000E+000  2.845633E+010
  8.910000E+003  2.812935E+011  3.781985E+011  9.037276E-010  0.000000E+000  3.663303E+005  9.559891E+006  3.161609E+006  0.000000E+000  2.866474E+010
  9.000000E+003  2.799118E+011  3.772994E+011  9.049448E-010  0.000000E+000  3.640555E+005  9.495028E+006  3.196709E+006  0.000000E+000  2.887211E+010
  9.090000E+003  2.785420E+011  3.764068E+011  9.145200E-010  1.385562E-035  3.618020E+005  9.431116E+006  3.231561E+006  0.000000E+000  2.907845E+010
  9.180000E+003  2.771838E+011  3.755207E+011  9.153909E-010  1.973544E-034  3.595696E+005  9.368133E+006  3.266166E+006  0.000000E+000  2.928376E+010
  9.270000E+003  2.758373E+011  3.746409E+011  9.109414E-010  1.577393E-033  3.573579E+005  9.306058E+006  3.300520E+006  0.000000E+000  2.948806E+010
  9.360000E+003  2.745022E+011  3.737675E+011  9.120410E-010  0.000000E+000  3.551667E+005  9.244872E+006  3.334625E+006  0.000000E+000  2.969136E+010
  9.450000E+003  2.731784E+011  3.729003E+011  9.127630E-010  0.000000E+000  3.529959E+005  9.184553E+006  3.368480E+006  0.000000E+000  2.989366E+010
  9.540000E+003  2.718657E+011  3.720393E+011  8.990911E-010  7.450507E-035  3.508450E+005  9.125083E+006  3.402083E+006  0.000000E+000  3.009497E+010
  9.630000E+003  2.705640E+011  3.711844E+011  8.925224E-010  0.000000E+000  3.487140E+005  9.066444E+006  3.435435E+006  0.000000E+000  3.029531E+010
  9.720000E+003  2.692733E+011  3.703355E+011  9.094950E-010  1.761218E-032  3.466025E+005  9.008618E+006  3.468536E+006  0.000000E+000  3.049469E+010
  9.810000E+003  2.679932E+011  3.694926E+011  9.217613E-010  2.891395E-032  3.445104E+005  8.951586E+006  3.501384E+006  0.000000E+000  3.069310E+010
  9.900000E+003  2.667238E+011  3.686556E+011  9.097623E-010  0.000000E+000  3.424373E+005  8.895333E+006  3.533980E+006  0.000000E+000  3.089057E+010
  9.990000E+003  2.654648E+011  3.678244E+011  9.189813E-010  0.000000E+000  3.403831E+005  8.839841E+006  3.566324E+006  0.000000E+000  3.108709E+010
  1.008000E+004  2.642162E+011  3.669990E+011  9.241207E-010  2.990982E-032  3.383475E+005  8.785095E+006  3.598416E+006  0.000000E+000  3.128268E+010
  1.017000E+004  2.629778E+011  3.661794E+011  9.098479E-010  0.000000E+000  3.363303E+005  8.731079E+006  3.630255E+006  0.000000E+000  3.147734E+010
  1.026000E+004  2.617495E+011  3.653654E+011  9.171433E-010  0.000000E+000  3.343313E+005  8.677778E+006  3.661842E+006  0.000000E+000  3.167109E+010
  1.035000E+004  2.605312E+011  3.645570E+011  9.485947E-010  3.518098E-033  3.323503E+005  8.625177E+006  3.693178E+006  0.000000E+000  3.186392E+010
  1.044000E+004  2.593227E+011  3.637541E+011  8.807224E-010  0.000000E+000  3.303870E+005  8.573262E+006  3.724262E+006  0.000000E+000  3.205586E+010
  1.053000E+004  2.581240E+011  3.629567E+011  7.384175E-010  0.000000E+000  3.284413E+005  8.522019E+006  3.755094E+006  0.000000E+000  3.224690E+010
  1.062000E+004  2.569349E+011  3.621647E+011  7.640995E-010  0.000000E+000  3.265129E+005  8.471434E+006  3.785676E+006  0.000000E+000  3.243705E+010
  1.071000E+004  2.557553E+011  3.613781E+011  1.064032E-009  2.534503E-031  3.246017E+005  8.421495E+006  3.816006E+006  0.000000E+000  3.262633E+010
  1.080000E+004  2.545851E+011  3.605967E+011  1.173360E-009  7.366627E-032  3.227074E+005  8.372188E+006  3.846087E+006  0.000000E+000  3.281473E+010
  1.089000E+004  2.534242E+011  3.598207E+011  1.009887E-009  4.897753E-031  3.208298E+005  8.323501E+006  3.875919E+006  0.000000E+000  3.300227E+010
  1.098000E+004  2.522724E+011  3.590498E+011  1.103948E-009  0.000000E+000  3.189688E+005  8.275423E+006  3.905501E+006  0.000000E+000  3.318895E+010
  1.107000E+004  2.511297E+011  3.582840E+011  1.593120E-009  0.000000E+000  3.171242E+005  8.227940E+006  3.934835E+006  0.000000E+000  3.337478E+010
  1.116000E+004  2.499960E+011  3.575234E+011  9.530728E-010  0.000000E+000  3.152956E+005  8.181042E+006  3.963922E+006  0.000000E+000  3.355976E+010
  1.125000E+004  2.488711E+011  3.567678E+011  8.266698E-011  1.217664E-029  3.134831E+005  8.134717E+006  3.992761E+006  0.000000E+000  3.374391E+010
  1.134000E+004  2.477550E+011  3.560171E+011  0.000000E+000  2.360285E-030  3.116863E+005  8.088955E+006  4.021354E+006  0.000000E+000  3.392723E+010
  1.143000E+004  2.466476E+011  3.552714E+011  0.000000E+000  0.000000E+000  3.099052E+005  8.043744E+006  4.049702E+006  0.000000E+000  3.410972E+010
  1.152000E+004  2.455487E+011  3.545306E+011  8.217532E-011  2.339005E-030  3.081394E+005  7.999075E+006  4.077805E+006  0.000000E+000  3.429140E+010
  1.161000E+004  2.444582E+011  3.537946E+011  2.215628E-010  3.190850E-030  3.063889E+005  7.954937E+006  4.105664E+006  0.000000E+000  3.447226E+010
  1.170000E+004  2.433761E+011  3.530634E+011  1.775420E-010  0.000000E+000  3.046535E+005  7.911321E+006  4.133281E+006  0.000000E+000  3.465232E+010
  1.179000E+004  2.423023E+011  3.523369E+011  4.294049E-011  8.956853E-032  3.029330E+005  7.868217E+006  4.160655E+006  0.000000E+000  3.483158E+010
  1.188000E+004  2.412367E+011  3.516151E+011  8.261621E-011  1.546547E-032  3.012272E+005  7.825615E+006  4.187789E+006  0.000000E+000  3.501005E+010
  1.197000E+004  2.401791E+011  3.508979E+011  1.806166E-010  0.000000E+000  2.995360E+005  7.783506E+006  4.214683E+006  0.000000E+000  3.518773E+010
  1.206000E+004  2.391295E+011  3.501854E+011  2.088670E-010  0.000000E+000  2.978591E+005  7.741883E+006  4.241338E+006  0.000000E+000  3.536463E+010
  1.215000E+004  2.380878E+011  3.494774E+011  2.240737E-010  9.108054E-032  2.961965E+005  7.700734E+006  4.267754E+006  0.000000E+000  3.554076E+010
  1.224000E+004  2.370539E+011  3.487739E+011  2.354282E-010  0.000000E+000  2.945480E+005  7.660054E+006  4.293934E+006  0.000000E+000  3.571612E+010
  1.233000E+004  2.360277E+011  3.480748E+011  2.768458E-010  0.000000E+000  2.929133E+005  7.619832E+006  4.319879E+006  0.000000E+000  3.589071E+010
  1.242000E+004  2.350092E+011  3.473802E+011  1.517492E-010  0.000000E+000  2.912925E+005  7.580061E+006  4.345589E+006  0.000000E+000  3.606455E+010
  1.251000E+004  2.339982E+011  3.466899E+011  9.755551E-011  3.270753E-031  2.896852E+005  7.540733E+006  4.371065E+006  0.000000E+000  3.623764E+010
  1.260000E+004  2.329947E+011  3.460040E+011  7.971513E-010  0.000000E+000  2.880913E+005  7.501841E+006  4.396308E+006  0.000000E+000  3.640997E+010
  1.269000E+004  2.319986E+011  3.453223E+011  3.090044E-010  0.000000E+000  2.865108E+005  7.463376E+006  4.421321E+006  0.000000E+000  3.658157E+010
  1.278000E+004  2.310098E+011  3.446449E+011  0.000000E+000  4.692918E-031  2.849434E+005  7.425332E+006  4.446103E+006  0.000000E+000  3.675243E+010
  1.287000E+004  2.300282E+011  3.439717E+011  8.545079E-010  0.000000E+000  2.833890E+005  7.387701E+006  4.470657E+006  0.000000E+000  3.692256E+010
  1.296000E+004  2.290537E+011  3.433027E+011  0.000000E+000  2.208732E-031  2.818475E+005  7.350477E+006  4.494983E+006  0.000000E+000  3.709197E+010
  1.305000E+004  2.280864E+011  3.426378E+011  0.000000E+000  1.932444E-030  2.803187E+005  7.313652E+006  4.519083E+006  0.000000E+000  3.726066E+010
  1.314000E+004  2.271260E+011  3.419769E+011  0.000000E+000  3.004807E-031  2.788025E+005  7.277220E+006  4.542958E+006  0.000000E+000  3.742863E+010
  1.323000E+004  2.261725E+011  3.413201E+011  0.000000E+000  0.000000E+000  2.772987E+005  7.241174E+006  4.566609E+006  0.000000E+000  3.759589E+010
  1.332000E+004  2.252259E+011  3.406674E+011  0.000000E+000  2.467954E-030  2.758072E+005  7.205508E+006  4.590037E+006  0.000000E+000  3.776244E+010
  1.341000E+004  2.242861E+011  3.400186E+011  0.000000E+000  1.559196E-030  2.743278E+005  7.170216E+006  4.613245E+006  0.000000E+000  3.792830E+010
  1.350000E+004  2.233529E+011  3.393737E+011  0.000000E+000  0.000000E+000  2.728606E+005  7.135291E+006  4.636232E+006  0.000000E+000  3.809346E+010
  1.359000E+004  2.224264E+011  3.387327E+011  0.000000E+000  0.000000E+000  2.714052E+005  7.100728E+006  4.659000E+006  0.000000E+000  3.825793E+010
  1.368000E+004  2.215065E+011  3.380956E+011  0.000000E+000  0.000000E+000  2.699616E+005  7.066520E+006  4.681552E+006  0.000000E+000  3.842172E+010
  1.377000E+004  2.205930E+011  3.374623E+011  0.000000E+000  0.000000E+000  2.685296E+005  7.032662E+006  4.703887E+006  0.000000E+000  3.858482E+010
  1.386000E+004  2.196859E+011  3.368328E+011  0.000000E+000  0.000000E+000  2.671091E+005  6.999149E+006  4.726008E+006  0.000000E+000  3.874725E+010
  1.395000E+004  2.187853E+011  3.362070E+011  0.000000E+000  1.093394E-027  2.657000E+005  6.965975E+006  4.747915E+006  0.000000E+000  3.890900E+010
  1.404000E+004  2.178909E+011  3.355850E+011  0.000000E+000  0.000000E+000  2.643022E+005  6.933134E+006  4.769611E+006  0.000000E+000  3.907009E+010
  1.413000E+004  2.170027E+011  3.349666E+011  0.000000E+000  0.000000E+000  2.629156E+005  6.900622E+006  4.791095E+006  0.000000E+000  3.923052E+010
  1.422000E+004  2.161207E+011  3.343519E+011  0.000000E+000  0.000000E+000  2.615398E+005  6.868434E+006  4.812371E+006  6.168713E-001  3.939029E+010
  1.431000E+004  2.152447E+011  3.337409E+011  0.000000E+000  0.000000E+000  2.601738E+005  6.836576E+006  4.833459E+006  2.868120E+000  3.954940E+010
  1.440000E+004  2.143748E+011  3.331334E+011  0.000000E+000  3.190645E-014  2.588228E+005  6.805055E+006  4.854472E+006  7.881029E+000  3.970787E+010
  1.449000E+004  2.135109E+011  3.325294E+011  0.000000E+000  0.000000E+000  2.574864E+005  6.774107E+006  4.876170E+006  1.611978E+001  3.986569E+010
  1.458000E+004  2.126529E+011  3.319290E+011  0.000000E+000  0.000000E+000  2.561773E+005  6.744291E+006  4.900960E+006  2.752955E+001  4.002289E+010
  1.467000E+004  2.118007E+011  3.313320E+011  0.000000E+000  0.000000E+000  2.549137E+005  6.716677E+006  4.933682E+006  4.174560E+001  4.017949E+010
  1.476000E+004  2.109542E+011  3.307386E+011  0.000000E+000  0.000000E+000  2.537194E+005  6.692820E+006  4.981708E+006  5.828497E+001  4.033556E+010
  1.485000E+004  2.101132E+011  3.301485E+011  0.000000E+000  0.000000E+000  2.526202E+005  6.674596E+006  5.054198E+006  7.665599E+001  4.049121E+010
  1.494000E+004  2.092777E+011  3.295618E+011  0.000000E+000  0.000000E+000  2.516409E+005  6.663995E+006  5.160976E+006  9.641092E+001  4.064658E+010
  1.503000E+004  2.084475E+011  3.289785E+011  0.000000E+000  0.000000E+000  2.508027E+005  6.662930E+006  5.311455E+006  1.171655E+002  4.080184E+010
  1.512000E+004  2.076223E+011  3.283986E+011  0.000000E+000  0.000000E+000  2.501223E+005  6.673089E+006  5.513856E+006  1.386010E+002  4.095722E+010
  1.521000E+004  2.068019E+011  3.278219E+011  0.000000E+000  0.000000E+000  2.496110E+005  6.695866E+006  5.774800E+006  1.604591E+002  4.111296E+010
  1.530000E+004  2.059863E+011  3.272485E+011  0.000000E+000  0.000000E+000  2.492755E+005  6.732316E+006  6.099141E+006  1.825337E+002  4.126932E+010
  1.539000E+004  2.051750E+011  3.266784E+011  0.000000E+000  0.000000E+000  2.491183E+005  6.783168E+006  6.490067E+006  2.046622E+002  4.142656E+010
  1.548000E+004  2.043681E+011  3.261115E+011  0.000000E+000  0.000000E+000  2.491381E+005  6.848854E+006  6.949306E+006  2.267175E+002  4.158495E+010
  1.557000E+004  2.035651E+011  3.255478E+011  0.000000E+000  0.000000E+000  2.493308E+005  6.929549E+006  7.477380E+006  2.486016E+002  4.174476E+010
  1.566000E+004  2.027660E+011  3.249873E+011  0.000000E+000  0.000000E+000  2.496904E+005  7.025216E+006  8.073873E+006  2.702394E+002  4.190624E+010
  1.575000E+004  2.019706E+011  3.244299E+011  0.000000E+000  0.000000E+000  2.502092E+005  7.135648E+006  8.737676E+006  2.915747E+002  4.206964E+010
  1.584000E+004  2.011787E+011  3.238756E+011  0.000000E+000  0.000000E+000  2.508785E+005  7.260520E+006  9.467218E+006  3.125655E+002  4.223518E+010
  1.593000E+004  2.003902E+011  3.233245E+011  0.000000E+000  0.000000E+000  2.516888E+005  7.399415E+006  1.026064E+007  3.331819E+002  4.240309E+010
  1.602000E+004  1.996048E+011  3.227764E+011  0.000000E+000  0.000000E+000  2.526305E+005  7.551860E+006  1.111596E+007  3.534028E+002  4.257356E+010
  1.611000E+004  1.988225E+011  3.222314E+011  0.000000E+000  0.000000E+000  2.536939E+005  7.717349E+006  1.203114E+007  3.732148E+002  4.274676E+010
  1.620000E+004  1.980431E+011  3.216894E+011  0.000000E+000  0.000000E+000  2.548692E+005  7.895366E+006  1.300426E+007  3.926099E+002  4.292289E+010
  1.629000E+004  1.972665E+011  3.211504E+011  0.000000E+000  0.000000E+000  2.561472E+005  8.085396E+006  1.403348E+007  4.115848E+002  4.310207E+010
  1.638000E+004  1.964926E+011  3.206144E+011  0.000000E+000  0.000000E+000  2.575189E+005  8.286943E+006  1.511716E+007  4.301394E+002  4.328446E+010
  1.647000E+004  1.957214E+011  3.200814E+011  0.000000E+000  0.000000E+000  2.589756E+005  8.499535E+006  1.625385E+007  4.482767E+002  4.347018E+010
  1.656000E+004  1.949527E+011  3.195513E+011  0.000000E+000  0.000000E+000  2.605091E+005  8.722730E+006  1.744231E+007  4.660015E+002  4.365934E+010
  1.665000E+004  1.941864E+011  3.190242E+011  0.000000E+000  0.000000E+000  2.621118E+005  8.956121E+006  1.868151E+007  4.833204E+002  4.385204E+010
  1.674000E+004  1.934225E+011  3.185000E+011  0.000000E+000  0.000000E+000  2.637766E+005  9.199339E+006  1.997064E+007  5.002409E+002  4.404837E+010
  1.683000E+004  1.926609E+011  3.179786E+011  0.000000E+000  0.000000E+000  2.654966E+005  9.452053E+006  2.130910E+007  5.167716E+002  4.424842E+010
  1.692000E+004  1.919016E+011  3.174602E+011  0.000000E+000  0.000000E+000  2.672657E+005  9.713970E+006  2.269649E+007  5.329216E+002  4.445226E+010
  1.701000E+004  1.911445E+011  3.169446E+011  0.000000E+000  0.000000E+000  2.690781E+005  9.984834E+006  2.413257E+007  5.487006E+002  4.465995E+010
  1.710000E+004  1.903896E+011  3.164318E+011  0.000000E+000  0.000000E+000  2.709283E+005  1.026443E+007  2.561730E+007  5.641184E+002  4.487155E+010
  1.719000E+004  1.896368E+011  3.159219E+011  0.000000E+000  0.000000E+000  2.728116E+005  1.055257E+007  2.715079E+007  5.791847E+002  4.508710E+010
  1.728000E+004  1.888861E+011  3.154147E+011  0.000000E+000  0.000000E+000  2.747232E+005  1.084910E+007  2.873330E+007  5.939098E+002  4.530665E+010
  1.737000E+004  1.881374E+011  3.149103E+011  0.000000E+000  0.000000E+000  2.766590E+005  1.115392E+007  3.036522E+007  6.083033E+002  4.553025E+010
  1.746000E+004  1.873908E+011  3.144087E+011  0.000000E+000  0.000000E+000  2.786151E+005  1.146692E+007  3.204705E+007  6.223752E+002  4.575791E+010
  1.755000E+004  1.866462E+011  3.139098E+011  0.000000E+000  0.000000E+000  2.805881E+005  1.178806E+007  3.377941E+007  6.361351E+002  4.598968E+010
  1.764000E+004  1.859037E+011  3.134137E+011  0.000000E+000  0.000000E+000  2.825745E+005  1.211730E+007  3.556302E+007  6.495924E+002  4.622556E+010
  1.773000E+004  1.851631E+011  3.129202E+011  0.000000E+000  0.000000E+000  2.845715E+005  1.245462E+007  3.739869E+007  6.627564E+002  4.646559E+010
  1.782000E+004  1.844245E+011  3.124294E+011  0.000000E+000  0.000000E+000  2.865763E+005  1.280006E+007  3.928730E+007  6.756360E+002  4.670976E+010
  1.791000E+004  1.836878E+011  3.119414E+011  0.000000E+000  0.000000E+000  2.885864E+005  1.315363E+007  4.122980E+007  6.882401E+002  4.695811E+010
  1.800000E+004  1.829531E+011  3.114559E+011  0.000000E+000  0.000000E+000  2.905995E+005  1.351540E+007  4.322722E+007  7.005768E+002  4.721062E+010
  1.809000E+004  1.822204E+011  3.109731E+011  0.000000E+000  0.000000E+000  2.926135E+005  1.388545E+007  4.528063E+007  7.126548E+002  4.746731E+010
  1.818000E+004  1.814896E+011  3.104929E+011  0.000000E+000  0.000000E+000  2.946265E+005  1.426386E+007  4.739117E+007  7.244817E+002  4.772817E+010
  1.827000E+004  1.807608E+011  3.100153E+011  0.000000E+000  0.000000E+000  2.966366E+005  1.465075E+007  4.955999E+007  7.360654E+002  4.799320E+010
  1.836000E+004  1.800339E+011  3.095403E+011  0.000000E+000  0.000000E+000  2.986424E+005  1.504623E+007  5.178831E+007  7.474130E+002  4.826239E+010
  1.845000E+004  1.793089E+011  3.090679E+011  0.000000E+000  0.000000E+000  3.006424E+005  1.545045E+007  5.407739E+007  7.585321E+002  4.853573E+010
  1.854000E+004  1.785859E+011  3.085980E+011  0.000000E+000  0.000000E+000  3.026351E+005  1.586356E+007  5.642848E+007  7.694294E+002  4.881321E+010
  1.863000E+004  1.778649E+011  3.081306E+011  0.000000E+000  0.000000E+000  3.046194E+005  1.628572E+007  5.884289E+007  7.801113E+002  4.909480E+010
  1.872000E+004  1.771458E+011  3.076657E+011  0.000000E+000  0.000000E+000  3.065941E+005  1.671710E+007  6.132195E+007  7.905847E+002  4.938049E+010
  1.881000E+004  1.764286E+011  3.072033E+011  0.000000E+000  0.000000E+000  3.085581E+005  1.715790E+007  6.386699E+007  8.008555E+002  4.967025E+010
  1.890000E+004  1.757134E+011  3.067434E+011  0.000000E+000  0.000000E+000  3.105106E+005  1.760829E+007  6.647937E+007  8.109298E+002  4.996405E+010
  1.899000E+004  1.750002E+011  3.062860E+011  0.000000E+000  0.000000E+000  3.124507E+005  1.806850E+007  6.916044E+007  8.208130E+002  5.026187E+010
  1.908000E+004  1.742890E+011  3.058310E+011  0.000000E+000  0.000000E+000  3.143775E+005  1.853873E+007  7.191156E+007  8.305113E+002  5.056366E+010
  1.917000E+004  1.735797E+011  3.053784E+011  0.000000E+000  0.000000E+000  3.162903E+005  1.901920E+007  7.473411E+007  8.400293E+002  5.086939E+010
  1.926000E+004  1.728725E+011  3.049282E+011  0.000000E+000  0.000000E+000  3.181885E+005  1.951014E+007  7.762943E+007  8.493727E+002  5.117902E+010
  1.935000E+004  1.721672E+011  3.044805E+011  0.000000E+000  0.000000E+000  3.200713E+005  2.001177E+007  8.059889E+007  8.585461E+002  5.149250E+010
  1.944000E+004  1.714640E+011  3.040350E+011  0.000000E+000  0.000000E+000  3.219383E+005  2.052434E+007  8.364381E+007  8.675544E+002  5.180978E+010
  1.953000E+004  1.707627E+011  3.035920E+011  0.000000E+000  0.000000E+000  3.237889E+005  2.104808E+007  8.676550E+007  8.764023E+002  5.213081E+010
  1.962000E+004  1.700635E+011  3.031512E+011  0.000000E+000  0.000000E+000  3.256226E+005  2.158325E+007  8.996527E+007  8.850940E+002  5.245554E+010
  1.971000E+004  1.693663E+011  3.027128E+011  0.000000E+000  0.000000E+000  3.274389E+005  2.213008E+007  9.324435E+007  8.936340E+002  5.278390E+010
  1.980000E+004  1.686712E+011  3.022767E+011  0.000000E+000  0.000000E+000  3.292375E+005  2.268882E+007  9.660397E+007  9.020263E+002  5.311583E+010
  1.989000E+004  1.679781E+011  3.018429E+011  0.000000E+000  0.000000E+000  3.310179E+005  2.325974E+007  1.000453E+008  9.102748E+002  5.345127E+010
  1.998000E+004  1.672871E+011  3.014114E+011  0.000000E+000  0.000000E+000  3.327797E+005  2.384307E+007  1.035694E+008  9.183833E+002  5.379014E+010
  2.007000E+004  1.665981E+011  3.009821E+011  0.000000E+000  0.000000E+000  3.345226E+005  2.443906E+007  1.071774E+008  9.263558E+002  5.413237E+010
  2.016000E+004  1.659113E+011  3.005550E+011  0.000000E+000  0.000000E+000  3.362464E+005  2.504796E+007  1.108703E+008  9.341954E+002  5.447788E+010
  2.025000E+004  1.652265E+011  3.001301E+011  0.000000E+000  0.000000E+000  3.379506E+005  2.567000E+007  1.146489E+008  9.419058E+002  5.482660E+010
  2.034000E+004  1.645438E+011  2.997075E+011  0.000000E+000  0.000000E+000  3.396351E+005  2.630543E+007  1.185140E+008  9.494904E+002  5.517843E+010
  2.043000E+004  1.638632E+011  2.992870E+011  0.000000E+000  0.000000E+000  3.412995E+005  2.695448E+007  1.224664E+008  9.569521E+002  5.553329E+010
  2.052000E+004  1.631847E+011  2.988687E+011  0.000000E+000  0.000000E+000  3.429438E+005  2.761735E+007  1.265067E+008  9.642942E+002  5.589109E+010
  2.061000E+004  1.625084E+011  2.984526E+011  0.000000E+000  0.000000E+000  3.445675E+005  2.829428E+007  1.306352E+008  9.715196E+002  5.625172E+010
  2.070000E+004  1.618342E+011  2.980386E+011  0.000000E+000  0.000000E+000  3.461706E+005  2.898546E+007  1.348525E+008  9.786314E+002  5.661510E+010
  2.079000E+004  1.611622E+011  2.976267E+011  0.000000E+000  0.000000E+000  3.477529E+005  2.969106E+007  1.391585E+008  9.856319E+002  5.698112E+010
  2.088000E+004  1.604923E+011  2.972169E+011  0.000000E+000  0.000000E+000  3.493142E+005  3.041127E+007  1.435534E+008  9.925242E+002  5.734968E+010
  2.097000E+004  1.598246E+011  2.968092E+011  0.000000E+000  0.000000E+000  3.508543E+005  3.114626E+007  1.480370E+008  9.993107E+002  5.772066E+010
  2.106000E+004  1.591590E+011  2.964036E+011  0.000000E+000  0.000000E+000  3.523732E+005  3.189616E+007  1.526090E+008  1.005994E+003  5.809396E+010
  2.115000E+004  1.584957E+011  2.960000E+011  0.000000E+000  0.000000E+000  3.538708E+005  3.266107E+007  1.572688E+008  1.012576E+003  5.846946E+010
  2.124000E+004  1.578345E+011  2.955984E+011  0.000000E+000  0.000000E+000  3.553469E+005  3.344111E+007  1.620157E+008  1.019060E+003  5.884705E+010
  2.133000E+004  1.571756E+011  2.951989E+011  0.000000E+000  0.000000E+000  3.568015E+005  3.423636E+007  1.668487E+008  1.025448E+003  5.922660E+010
  2.142000E+004  1.565188E+011  2.948014E+011  0.000000E+000  0.000000E+000  3.582346E+005  3.504686E+007  1.717667E+008  1.031742E+003  5.960799E+010
  2.151000E+004  1.558643E+011  2.944058E+011  0.000000E+000  0.000000E+000  3.596461E+005  3.587263E+007  1.767682E+008  1.037944E+003  5.999110E+010
  2.160000E+004  1.552120E+011  2.940123E+011  0.000000E+000  0.000000E+000  3.610360E+005  3.671367E+007  1.818514E+008  1.044055E+003  6.037580E+010
  2.169000E+004  1.545619E+011  2.936207E+011  0.000000E+000  0.000000E+000  3.624043E+005  3.756994E+007  1.870145E+008  1.050079E+003  6.076196E+010
  2.178000E+004  1.539141E+011  2.932310E+011  0.000000E+000  0.000000E+000  3.637511E+005  3.844137E+007  1.922553E+008  1.056018E+003  6.114945E+010
  2.187000E+004  1.532686E+011  2.928433E+011  0.000000E+000  0.000000E+000  3.650765E+005  3.932786E+007  1.975710E+008  1.061872E+003  6.153813E+010
  2.196000E+004  1.526252E+011  2.924575E+011  0.000000E+000  0.000000E+000  3.663804E+005  4.022927E+007  2.029591E+008  1.067643E+003  6.192788E+010
  2.205000E+004  1.519842E+011  2.920735E+011  0.000000E+000  0.000000E+000  3.676630E+005  4.114543E+007  2.084164E+008  1.073334E+003  6.231855E+010
  2.214000E+004  1.513454E+011  2.916915E+011  0.000000E+000  0.000000E+000  3.689244E+005  4.207612E+007  2.139396E+008  1.078947E+003  6.271001E+010
  2.223000E+004  1.507090E+011  2.913113E+011  0.000000E+000  0.000000E+000  3.701648E+005  4.302111E+007  2.195250E+008  1.084482E+003  6.310211E+010
  2.232000E+004  1.500748E+011  2.909330E+011  0.000000E+000  0.000000E+000  3.713843E+005  4.398009E+007  2.251686E+008  1.089941E+003  6.349473E+010
  2.241000E+004  1.494429E+011  2.905565E+011  0.000000E+000  0.000000E+000  3.725830E+005  4.495274E+007  2.308663E+008  1.095326E+003  6.388771E+010
  2.250000E+004  1.488133E+011  2.901818E+011  0.000000E+000  0.000000E+000  3.737612E+005  4.593868E+007  2.366135E+008  1.100639E+003  6.428093E+010
  2.259000E+004  1.481859E+011  2.898090E+011  0.000000E+000  0.000000E+000  3.749192E+005  4.693756E+007  2.424057E+008  1.105881E+003  6.467423E+010
  2.268000E+004  1.475610E+011  2.894379E+011  0.000000E+000  0.000000E+000  3.760571E+005  4.794887E+007  2.482377E+008  1.111052E+003  6.506749E+010
  2.277000E+004  1.469383E+011  2.890686E+011  0.000000E+000  0.000000E+000  3.771751E+005  4.897216E+007  2.541044E+008  1.116156E+003  6.546055E+010
  2.286000E+004  1.463179E+011  2.887011E+011  0.000000E+000  0.000000E+000  3.782737E+005  5.000692E+007  2.600004E+008  1.121192E+003  6.585328E+010
  2.295000E+004  1.456999E+011  2.883353E+011  0.000000E+000  0.000000E+000  3.793529E+005  5.105261E+007  2.659202E+008  1.126163E+003  6.624553E+010
  2.304000E+004  1.450842E+011  2.879712E+011  0.000000E+000  0.000000E+000  3.804133E+005  5.210861E+007  2.718578E+008  1.131068E+003  6.663718E+010
  2.313000E+004  1.444708E+011  2.876089E+011  0.000000E+000  0.000000E+000  3.814550E+005  5.317435E+007  2.778076E+008  1.135911E+003  6.702808E+010
  2.322000E+004  1.438597E+011  2.872483E+011  0.000000E+000  0.000000E+000  3.824783E+005  5.424919E+007  2.837635E+008  1.140692E+003  6.741810E+010
  2.331000E+004  1.432510E+011  2.868894E+011  0.000000E+000  0.000000E+000  3.834837E+005  5.533246E+007  2.897194E+008  1.145411E+003  6.780710E+010
  2.340000E+004  1.426446E+011  2.865321E+011  0.000000E+000  0.000000E+000  3.844715E+005  5.642347E+007  2.956692E+008  1.150070E+003  6.819495E+010
  2.349000E+004  1.420406E+011  2.861765E+011  0.000000E+000  0.000000E+000  3.854419E+005  5.752156E+007  3.016069E+008  1.154671E+003  6.858152E+010
  2.358000E+004  1.414389E+011  2.858226E+011  0.000000E+000  0.000000E+000  3.863955E+005  5.862599E+007  3.075262E+008  1.159214E+003  6.896667E+010
  2.367000E+004  1.408395E+011  2.854703E+011  0.000000E+000  0.000000E+000  3.873324E+005  5.973604E+007  3.134211E+008  1.163700E+003  6.935029E+010
  2.376000E+004  1.402425E+011  2.851196E+011  0.000000E+000  0.000000E+000  3.882532E+005  6.085099E+007  3.192857E+008  1.168130E+003  6.973224E+010
  2.385000E+004  1.396478E+011  2.847706E+011  0.000000E+000  0.000000E+000  3.891581E+005  6.197014E+007  3.251141E+008  1.172505E+003  7.011240E+010
  2.394000E+004  1.390555E+011  2.844231E+011  0.000000E+000  0.000000E+000  3.900475E+005  6.309275E+007  3.309004E+008  1.176826E+003  7.049065E+010
  2.403000E+004  1.384655E+011  2.840772E+011  0.000000E+000  0.000000E+000  3.909218E+005  6.421809E+007  3.366393E+008  1.181095E+003  7.086688E+010
  2.412000E+004  1.378778E+011  2.837329E+011  0.000000E+000  0.000000E+000  3.917814E+005  6.534548E+007  3.423252E+008  1.185311E+003  7.124096E+010
  2.421000E+004  1.372925E+011  2.833902E+011  0.000000E+000  0.000000E+000  3.926265E+005  6.647423E+007  3.479530E+008  1.189476E+003  7.161279E+010
  2.430000E+004  1.367095E+011  2.830490E+011  0.000000E+000  0.000000E+000  3.934576E+005  6.760366E+007  3.535178E+008  1.193590E+003  7.198224E+010
  2.439000E+004  1.361289E+011  2.827094E+011  0.000000E+000  0.000000E+000  3.942751E+005  6.873310E+007  3.590150E+008  1.197655E+003  7.234922E+010
  2.448000E+004  1.355506E+011  2.823712E+011  0.000000E+000  0.000000E+000  3.950791E+005  6.986196E+007  3.644401E+008  1.201671E+003  7.271363E+010
  2.457000E+004  1.349746E+011  2.820346E+011  0.000000E+000  0.000000E+000  3.958702E+005  7.098961E+007  3.697890E+008  1.205638E+003  7.307534E+010
  2.466000E+004  1.344010E+011  2.816995E+011  0.000000E+000  0.000000E+000  3.966485E+005  7.211550E+007  3.750580E+008  1.209558E+003  7.343428E+010
  2.475000E+004  1.338297E+011  2.813658E+011  0.000000E+000  0.000000E+000  3.974145E+005  7.323907E+007  3.802436E+008  1.213432E+003  7.379034E+010
  2.484000E+004  1.332607E+011  2.810336E+011  0.000000E+000  0.000000E+000  3.981685E+005  7.435982E+007  3.853425E+008  1.217260E+003  7.414342E+010
  2.493000E+004  1.326941E+011  2.807029E+011  0.000000E+000  0.000000E+000  3.989108E+005  7.547728E+007  3.903518E+008  1.221042E+003  7.449344E+010
  2.502000E+004  1.321297E+011  2.803736E+011  0.000000E+000  0.000000E+000  3.996416E+005  7.659099E+007  3.952691E+008  1.224780E+003  7.484030E+010
  2.511000E+004  1.315677E+011  2.800458E+011  0.000000E+000  0.000000E+000  4.003613E+005  7.770056E+007  4.000919E+008  1.228474E+003  7.518393E+010
  2.520000E+004  1.310080E+011  2.797194E+011  0.000000E+000  0.000000E+000  4.010702E+005  7.880561E+007  4.048184E+008  1.232124E+003  7.552423E+010
  2.529000E+004  1.304506E+011  2.793944E+011  0.000000E+000  0.000000E+000  4.017685E+005  7.990579E+007  4.094469E+008  1.235732E+003  7.586113E+010
  2.538000E+004  1.298955E+011  2.790708E+011  0.000000E+000  0.000000E+000  4.024565E+005  8.100078E+007  4.139759E+008  1.239297E+003  7.619455E+010
  2.547000E+004  1.293427E+011  2.787486E+011  0.000000E+000  0.000000E+000  4.031346E+005  8.209037E+007  4.184044E+008  1.242821E+003  7.652442E+010
  2.556000E+004  1.287922E+011  2.784277E+011  0.000000E+000  0.000000E+000  4.038029E+005  8.317427E+007  4.227313E+008  1.246304E+003  7.685066E+010
  2.565000E+004  1.282440E+011  2.781082E+011  0.000000E+000  0.000000E+000  4.044618E+005  8.425223E+007  4.269561E+008  1.249747E+003  7.717321E+010
  2.574000E+004  1.276980E+011  2.777901E+011  0.000000E+000  0.000000E+000  4.051115E+005  8.532410E+007  4.310784E+008  1.253149E+003  7.749199E+010
  2.583000E+004  1.271544E+011  2.774733E+011  0.000000E+000  0.000000E+000  4.057522E+005  8.638976E+007  4.350978E+008  1.256512E+003  7.780695E+010
  2.592000E+004  1.266130E+011  2.771579E+011  0.000000E+000  0.000000E+000  4.063842E+005  8.744900E+007  4.390145E+008  1.259837E+003  7.811802E+010
  2.601000E+004  1.260739E+011  2.768437E+011  0.000000E+000  0.000000E+000  4.070078E+005  8.850172E+007  4.428284E+008  1.263123E+003  7.842513E+010
  2.610000E+004  1.255370E+011  2.765309E+011  0.000000E+000  0.000000E+000  4.076232E+005  8.954788E+007  4.465400E+008  1.266371E+003  7.872824E+010
  2.619000E+004  1.250024E+011  2.762194E+011  0.000000E+000  0.000000E+000  4.082306E+005  9.058736E+007  4.501496E+008  1.269581E+003  7.902729E+010
  2.628000E+004  1.244701E+011  2.759091E+011  0.000000E+000  0.000000E+000  4.088303E+005  9.162008E+007  4.536578E+008  1.272755E+003  7.932223E+010
  2.637000E+004  1.239399E+011  2.756002E+011  0.000000E+000  0.000000E+000  4.094224E+005  9.264602E+007  4.570653E+008  1.275892E+003  7.961301E+010
  2.646000E+004  1.234121E+011  2.752925E+011  0.000000E+000  0.000000E+000  4.100074E+005  9.366517E+007  4.603728E+008  1.278993E+003  7.989957E+010
  2.655000E+004  1.228864E+011  2.749860E+011  0.000000E+000  0.000000E+000  4.105853E+005  9.467746E+007  4.635813E+008  1.282058E+003  8.018187E+010
  2.664000E+004  1.223630E+011  2.746808E+011  0.000000E+000  0.000000E+000  4.111564E+005  9.568288E+007  4.666915E+008  1.285089E+003  8.045988E+010
  2.673000E+004  1.218418E+011  2.743768E+011  0.000000E+000  0.000000E+000  4.117210E+005  9.668145E+007  4.697046E+008  1.288084E+003  8.073354E+010
  2.682000E+004  1.213228E+011  2.740741E+011  0.000000E+000  0.000000E+000  4.122792E+005  9.767318E+007  4.726215E+008  1.291044E+003  8.100282E+010
  2.691000E+004  1.208060E+011  2.737725E+011  0.000000E+000  0.000000E+000  4.128313E+005  9.865800E+007  4.754432E+008  1.293971E+003  8.126768E+010
  2.700000E+004  1.202914E+011  2.734722E+011  0.000000E+000  0.000000E+000  4.133775E+005  9.963593E+007  4.781710E+008  1.296864E+003  8.152809E+010
  2.709000E+004  1.197790E+011  2.731730E+011  0.000000E+000  0.000000E+000  4.139181E+005  1.006071E+008  4.808058E+008  1.299723E+003  8.178401E+010
  2.718000E+004  1.192688E+011  2.728750E+011  0.000000E+000  0.000000E+000  4.144532E+005  1.015713E+008  4.833489E+008  1.302550E+003  8.203542E+010
  2.727000E+004  1.187608E+011  2.725782E+011  0.000000E+000  0.000000E+000  4.149831E+005  1.025287E+008  4.858013E+008  1.305343E+003  8.228227E+010
  2.736000E+004  1.182549E+011  2.722826E+011  0.000000E+000  0.000000E+000  4.155081E+005  1.034793E+008  4.881642E+008  1.308105E+003  8.252455E+010
  2.745000E+004  1.177512E+011  2.719881E+011  0.000000E+000  0.000000E+000  4.160282E+005  1.044230E+008  4.904388E+008  1.310834E+003  8.276222E+010
  2.754000E+004  1.172496E+011  2.716947E+011  0.000000E+000  0.000000E+000  4.165438E+005  1.053599E+008  4.926261E+008  1.313532E+003  8.299527E+010
  2.763000E+004  1.167502E+011  2.714025E+011  0.000000E+000  0.000000E+000  4.170551E+005  1.062899E+008  4.947273E+008  1.316198E+003  8.322368E+010
  2.772000E+004  1.162529E+011  2.711114E+011  0.000000E+000  0.000000E+000  4.175622E+005  1.072130E+008  4.967435E+008  1.318833E+003  8.344741E+010
  2.781000E+004  1.157577E+011  2.708214E+011  0.000000E+000  0.000000E+000  4.180655E+005  1.081293E+008  4.986758E+008  1.321438E+003  8.366646E+010
  2.790000E+004  1.152646E+011  2.705326E+011  0.000000E+000  0.000000E+000  4.185650E+005  1.090386E+008  5.005253E+008  1.324011E+003  8.388081E+010
  2.799000E+004  1.147737E+011  2.702448E+011  0.000000E+000  0.000000E+000  4.190611E+005  1.099411E+008  5.022931E+008  1.326555E+003  8.409044E+010
  2.808000E+004  1.142849E+011  2.699581E+011  0.000000E+000  0.000000E+000  4.195539E+005  1.108365E+008  5.039802E+008  1.329069E+003  8.429534E+010
  2.817000E+004  1.137981E+011  2.696724E+011  0.000000E+000  0.000000E+000  4.200437E+005  1.117251E+008  5.055876E+008  1.331553E+003  8.449549E+010
  2.826000E+004  1.133135E+011  2.693879E+011  0.000000E+000  0.000000E+000  4.205306E+005  1.126065E+008  5.071164E+008  1.334007E+003  8.469089E+010
  2.835000E+004  1.128309E+011  2.691044E+011  0.000000E+000  0.000000E+000  4.210149E+005  1.134810E+008  5.085675E+008  1.336433E+003  8.488153E+010
  2.844000E+004  1.123504E+011  2.688219E+011  0.000000E+000  0.000000E+000  4.214968E+005  1.143483E+008  5.099421E+008  1.338829E+003  8.506740E+010
  2.853000E+004  1.118719E+011  2.685405E+011  0.000000E+000  0.000000E+000  4.219764E+005  1.152085E+008  5.112410E+008  1.341197E+003  8.524849E+010
  2.862000E+004  1.113955E+011  2.682601E+011  0.000000E+000  0.000000E+000  4.224540E+005  1.160615E+008  5.124653E+008  1.343536E+003  8.542480E+010
  2.871000E+004  1.109211E+011  2.679807E+011  0.000000E+000  0.000000E+000  4.229298E+005  1.169072E+008  5.136158E+008  1.345847E+003  8.559634E+010
  2.880000E+004  1.104488E+011  2.677024E+011  0.000000E+000  0.000000E+000  4.234040E+005  1.177457E+008  5.146936E+008  1.348130E+003  8.576309E+010
  2.889000E+004  1.099785E+011  2.674250E+011  0.000000E+000  0.000000E+000  4.238767E+005  1.185767E+008  5.156995E+008  1.350385E+003  8.592506E+010
  2.898000E+004  1.095102E+011  2.671487E+011  0.000000E+000  0.000000E+000  4.243481E+005  1.194003E+008  5.166346E+008  1.352613E+003  8.608225E+010
  2.907000E+004  1.090439E+011  2.668733E+011  0.000000E+000  0.000000E+000  4.248185E+005  1.202164E+008  5.174997E+008  1.354813E+003  8.623466E+010
  2.916000E+004  1.085796E+011  2.665990E+011  0.000000E+000  0.000000E+000  4.252881E+005  1.210249E+008  5.182957E+008  1.356986E+003  8.638230E+010
  2.925000E+004  1.081173E+011  2.663256E+011  0.000000E+000  0.000000E+000  4.257569E+005  1.218258E+008  5.190235E+008  1.359132E+003  8.652518E+010
  2.934000E+004  1.076570E+011  2.660531E+011  0.000000E+000  0.000000E+000  4.262253E+005  1.226189E+008  5.196841E+008  1.361252E+003  8.666329E+010
  2.943000E+004  1.071987E+011  2.657816E+011  0.000000E+000  0.000000E+000  4.266933E+005  1.234043E+008  5.202784E+008  1.363344E+003  8.679666E+010
  2.952000E+004  1.067423E+011  2.655111E+011  0.000000E+000  0.000000E+000  4.271612E+005  1.241818E+008  5.208073E+008  1.365411E+003  8.692529E+010
  2.961000E+004  1.062878E+011  2.652415E+011  0.000000E+000  0.000000E+000  4.276291E+005  1.249513E+008  5.212716E+008  1.367451E+003  8.704918E+010
  2.970000E+004  1.058353E+011  2.649729E+011  0.000000E+000  0.000000E+000  4.280972E+005  1.257129E+008  5.216723E+008  1.369465E+003  8.716837E+010
  2.979000E+004  1.053848E+011  2.647052E+011  0.000000E+000  0.000000E+000  4.285657E+005  1.264663E+008  5.220102E+008  1.371453E+003  8.728285E+010
  2.988000E+004  1.049361E+011  2.644384E+011  0.000000E+000  0.000000E+000  4.290347E+005  1.272116E+008  5.222863E+008  1.373415E+003  8.739264E+010
  2.997000E+004  1.044894E+011  2.641725E+011  0.000000E+000  0.000000E+000  4.295043E+005  1.279486E+008  5.225015E+008  1.375352E+003  8.749776E+010
  3.006000E+004  1.040446E+011  2.639075E+011  0.000000E+000  0.000000E+000  4.299748E+005  1.286773E+008  5.226567E+008  1.377263E+003  8.759823E+010
  3.015000E+004  1.036017E+011  2.636434E+011  0.000000E+000  0.000000E+000  4.304463E+005  1.293977E+008  5.227528E+008  1.379149E+003  8.769406E+010
  3.024000E+004  1.031606E+011  2.633802E+011  0.000000E+000  0.000000E+000  4.309189E+005  1.301096E+008  5.227906E+008  1.381011E+003  8.778527E+010
  3.033000E+004  1.027214E+011  2.631179E+011  0.000000E+000  0.000000E+000  4.313928E+005  1.308129E+008  5.227712E+008  1.382847E+003  8.787189E+010
  3.042000E+004  1.022842E+011  2.628565E+011  0.000000E+000  0.000000E+000  4.318680E+005  1.315076E+008  5.226954E+008  1.384658E+003  8.795394E+010
  3.051000E+004  1.018487E+011  2.625959E+011  0.000000E+000  0.000000E+000  4.323449E+005  1.321937E+008  5.225642E+008  1.386445E+003  8.803143E+010
  3.060000E+004  1.014151E+011  2.623362E+011  0.000000E+000  0.000000E+000  4.328234E+005  1.328710E+008  5.223785E+008  1.388207E+003  8.810439E+010
  3.069000E+004  1.009834E+011  2.620774E+011  0.000000E+000  0.000000E+000  4.333037E+005  1.335395E+008  5.221392E+008  1.389944E+003  8.817286E+010
  3.078000E+004  1.005534E+011  2.618194E+011  0.000000E+000  0.000000E+000  4.337860E+005  1.341992E+008  5.218472E+008  1.391658E+003  8.823684E+010
  3.087000E+004  1.001253E+011  2.615623E+011  0.000000E+000  0.000000E+000  4.342703E+005  1.348500E+008  5.215035E+008  1.393347E+003  8.829637E+010
  3.096000E+004  9.969904E+010  2.613060E+011  0.000000E+000  0.000000E+000  4.347568E+005  1.354917E+008  5.211091E+008  1.395012E+003  8.835148E+010
  3.105000E+004  9.927455E+010  2.610505E+011  0.000000E+000  0.000000E+000  4.352455E+005  1.361244E+008  5.206648E+008  1.396654E+003  8.840220E+010
  3.114000E+004  9.885185E+010  2.607959E+011  0.000000E+000  0.000000E+000  4.357366E+005  1.367481E+008  5.201716E+008  1.398271E+003  8.844855E+010
  3.123000E+004  9.843094E+010  2.605421E+011  0.000000E+000  0.000000E+000  4.362302E+005  1.373626E+008  5.196306E+008  1.399865E+003  8.849056E+010
  3.132000E+004  9.801179E+010  2.602891E+011  0.000000E+000  0.000000E+000  4.367263E+005  1.379679E+008  5.190425E+008  1.401436E+003  8.852826E+010
  3.141000E+004  9.759441E+010  2.600369E+011  0.000000E+000  0.000000E+000  4.372251E+005  1.385640E+008  5.184085E+008  1.402983E+003  8.856170E+010
  3.150000E+004  9.717879E+010  2.597855E+011  0.000000E+000  0.000000E+000  4.377266E+005  1.391508E+008  5.177293E+008  1.404507E+003  8.859089E+010
  3.159000E+004  9.676491E+010  2.595349E+011  0.000000E+000  0.000000E+000  4.382310E+005  1.397283E+008  5.170061E+008  1.406007E+003  8.861587E+010
  3.168000E+004  9.635277E+010  2.592851E+011  0.000000E+000  0.000000E+000  4.387382E+005  1.402964E+008  5.162397E+008  1.407484E+003  8.863668E+010
  3.177000E+004  9.594235E+010  2.590361E+011  0.000000E+000  0.000000E+000  4.392484E+005  1.408552E+008  5.154312E+008  1.408939E+003  8.865335E+010
  3.186000E+004  9.553366E+010  2.587879E+011  0.000000E+000  0.000000E+000  4.397617E+005  1.414045E+008  5.145815E+008  1.410370E+003  8.866591E+010
  3.195000E+004  9.512667E+010  2.585405E+011  0.000000E+000  0.000000E+000  4.402780E+005  1.419443E+008  5.136915E+008  1.411779E+003  8.867441E+010
  3.204000E+004  9.472139E+010  2.582938E+011  0.000000E+000  0.000000E+000  4.407975E+005  1.424747E+008  5.127622E+008  1.413165E+003  8.867888E+010
  3.213000E+004  9.431779E+010  2.580479E+011  0.000000E+000  0.000000E+000  4.413201E+005  1.429956E+008  5.117946E+008  1.414528E+003  8.867935E+010
  3.222000E+004  9.391588E+010  2.578027E+011  0.000000E+000  0.000000E+000  4.418460E+005  1.435069E+008  5.107897E+008  1.415869E+003  8.867586E+010
  3.231000E+004  9.351564E+010  2.575583E+011  0.000000E+000  0.000000E+000  4.423752E+005  1.440086E+008  5.097483E+008  1.417188E+003  8.866846E+010
  3.240000E+004  9.311706E+010  2.573147E+011  0.000000E+000  0.000000E+000  4.429077E+005  1.445008E+008  5.086715E+008  1.418484E+003  8.865718E+010
  3.249000E+004  9.272014E+010  2.570718E+011  0.000000E+000  0.000000E+000  4.434435E+005  1.449835E+008  5.075602E+008  1.419757E+003  8.864206E+010
  3.258000E+004  9.232487E+010  2.568296E+011  0.000000E+000  0.000000E+000  4.439827E+005  1.454565E+008  5.064154E+008  1.421009E+003  8.862314E+010
  3.267000E+004  9.193124E+010  2.565882E+011  0.000000E+000  0.000000E+000  4.445253E+005  1.459198E+008  5.052380E+008  1.422239E+003  8.860046E+010
  3.276000E+004  9.153923E+010  2.563476E+011  0.000000E+000  0.000000E+000  4.450713E+005  1.463736E+008  5.040290E+008  1.423446E+003  8.857406E+010
  3.285000E+004  9.114885E+010  2.561076E+011  0.000000E+000  0.000000E+000  4.456206E+005  1.468178E+008  5.027894E+008  1.424632E+003  8.854398E+010
  3.294000E+004  9.076008E+010  2.558684E+011  0.000000E+000  0.000000E+000  4.461734E+005  1.472523E+008  5.015199E+008  1.425796E+003  8.851027E+010
  3.303000E+004  9.037292E+010  2.556299E+011  0.000000E+000  0.000000E+000  4.467296E+005  1.476772E+008  5.002217E+008  1.426938E+003  8.847297E+010
  3.312000E+004  8.998735E+010  2.553921E+011  0.000000E+000  0.000000E+000  4.472892E+005  1.480924E+008  4.988956E+008  1.428058E+003  8.843212E+010
  3.321000E+004  8.960336E+010  2.551550E+011  0.000000E+000  0.000000E+000  4.478521E+005  1.484981E+008  4.975425E+008  1.429157E+003  8.838776E+010
  3.330000E+004  8.922096E+010  2.549186E+011  0.000000E+000  0.000000E+000  4.484185E+005  1.488941E+008  4.961634E+008  1.430234E+003  8.833994E+010
  3.339000E+004  8.884013E+010  2.546830E+011  0.000000E+000  0.000000E+000  4.489882E+005  1.492805E+008  4.947592E+008  1.431289E+003  8.828870E+010
  3.348000E+004  8.846086E+010  2.544480E+011  0.000000E+000  0.000000E+000  4.495612E+005  1.496573E+008  4.933307E+008  1.432324E+003  8.823408E+010
  3.357000E+004  8.808315E+010  2.542137E+011  0.000000E+000  0.000000E+000  4.501375E+005  1.500245E+008  4.918790E+008  1.433337E+003  8.817613E+010
  3.366000E+004  8.770698E+010  2.539801E+011  0.000000E+000  0.000000E+000  4.507170E+005  1.503822E+008  4.904048E+008  1.434328E+003  8.811489E+010
  3.375000E+004  8.733235E+010  2.537472E+011  0.000000E+000  0.000000E+000  4.512998E+005  1.507302E+008  4.889091E+008  1.435299E+003  8.805041E+010
  3.384000E+004  8.695926E+010  2.535150E+011  0.000000E+000  0.000000E+000  4.518857E+005  1.510688E+008  4.873928E+008  1.436248E+003  8.798274E+010
  3.393000E+004  8.658768E+010  2.532835E+011  0.000000E+000  0.000000E+000  4.524748E+005  1.513978E+008  4.858567E+008  1.437176E+003  8.791191E+010
  3.402000E+004  8.621763E+010  2.530527E+011  0.000000E+000  0.000000E+000  4.530669E+005  1.517173E+008  4.843016E+008  1.438083E+003  8.783798E+010
  3.411000E+004  8.584908E+010  2.528225E+011  0.000000E+000  0.000000E+000  4.536620E+005  1.520274E+008  4.827285E+008  1.438970E+003  8.776098E+010
  3.420000E+004  8.548203E+010  2.525930E+011  0.000000E+000  0.000000E+000  4.542600E+005  1.523280E+008  4.811381E+008  1.439835E+003  8.768097E+010
  3.429000E+004  8.511648E+010  2.523641E+011  0.000000E+000  0.000000E+000  4.548609E+005  1.526192E+008  4.795314E+008  1.440680E+003  8.759799E+010
  3.438000E+004  8.475241E+010  2.521360E+011  0.000000E+000  0.000000E+000  4.554646E+005  1.529011E+008  4.779091E+008  1.441503E+003  8.751209E+010
  3.447000E+004  8.438982E+010  2.519085E+011  0.000000E+000  0.000000E+000  4.560711E+005  1.531735E+008  4.762720E+008  1.442307E+003  8.742331E+010
  3.456000E+004  8.402870E+010  2.516816E+011  0.000000E+000  0.000000E+000  4.566801E+005  1.534367E+008  4.746210E+008  1.443089E+003  8.733170E+010
  3.465000E+004  8.366905E+010  2.514554E+011  0.000000E+000  0.000000E+000  4.572917E+005  1.536905E+008  4.729568E+008  1.443851E+003  8.723731E+010
  3.474000E+004  8.331085E+010  2.512299E+011  0.000000E+000  0.000000E+000  4.579058E+005  1.539352E+008  4.712803E+008  1.444592E+003  8.714018E+010
  3.483000E+004  8.295411E+010  2.510050E+011  0.000000E+000  0.000000E+000  4.585222E+005  1.541706E+008  4.695922E+008  1.445313E+003  8.704036E+010
  3.492000E+004  8.259881E+010  2.507808E+011  0.000000E+000  0.000000E+000  4.591410E+005  1.543968E+008  4.678933E+008  1.446014E+003  8.693790E+010
  3.501000E+004  8.224494E+010  2.505572E+011  0.000000E+000  0.000000E+000  4.597619E+005  1.546140E+008  4.661843E+008  1.446694E+003  8.683283E+010
  3.510000E+004  8.189251E+010  2.503342E+011  0.000000E+000  0.000000E+000  4.603848E+005  1.548220E+008  4.644659E+008  1.447354E+003  8.672522E+010
  3.519000E+004  8.154150E+010  2.501119E+011  0.000000E+000  0.000000E+000  4.610097E+005  1.550210E+008  4.627390E+008  1.447993E+003  8.661510E+010
  3.528000E+004  8.119190E+010  2.498902E+011  0.000000E+000  0.000000E+000  4.616365E+005  1.552111E+008  4.610042E+008  1.448612E+003  8.650252E+010
  3.537000E+004  8.084372E+010  2.496692E+011  0.000000E+000  0.000000E+000  4.622650E+005  1.553922E+008  4.592622E+008  1.449212E+003  8.638753E+010
  3.546000E+004  8.049694E+010  2.494488E+011  0.000000E+000  0.000000E+000  4.628951E+005  1.555644E+008  4.575138E+008  1.449791E+003  8.627017E+010
  3.555000E+004  8.015156E+010  2.492290E+011  0.000000E+000  0.000000E+000  4.635267E+005  1.557278E+008  4.557595E+008  1.450350E+003  8.615050E+010
  3.564000E+004  7.980757E+010  2.490098E+011  0.000000E+000  0.000000E+000  4.641596E+005  1.558824E+008  4.540002E+008  1.450889E+003  8.602855E+010
  3.573000E+004  7.946497E+010  2.487913E+011  0.000000E+000  0.000000E+000  4.647938E+005  1.560283E+008  4.522364E+008  1.451408E+003  8.590437E+010
  3.582000E+004  7.912375E+010  2.485734E+011  0.000000E+000  0.000000E+000  4.654291E+005  1.561655E+008  4.504688E+008  1.451907E+003  8.577802E+010
  3.591000E+004  7.878390E+010  2.483561E+011  0.000000E+000  0.000000E+000  4.660654E+005  1.562942E+008  4.486981E+008  1.452387E+003  8.564953E+010
  3.600000E+004  7.844542E+010  2.481395E+011  0.000000E+000  0.000000E+000  4.667025E+005  1.564142E+008  4.469248E+008  1.452846E+003  8.551895E+010
  3.609000E+004  7.810830E+010  2.479234E+011  0.000000E+000  0.000000E+000  4.673403E+005  1.565258E+008  4.451495E+008  1.453286E+003  8.538632E+010
  3.618000E+004  7.777253E+010  2.477080E+011  0.000000E+000  0.000000E+000  4.679786E+005  1.566290E+008  4.433730E+008  1.453706E+003  8.525170E+010
  3.627000E+004  7.743812E+010  2.474932E+011  0.000000E+000  0.000000E+000  4.686174E+005  1.567238E+008  4.415957E+008  1.454106E+003  8.511513E+010
  3.636000E+004  7.710506E+010  2.472790E+011  0.000000E+000  0.000000E+000  4.692564E+005  1.568103E+008  4.398182E+008  1.454487E+003  8.497664E+010
  3.645000E+004  7.677333E+010  2.470654E+011  0.000000E+000  0.000000E+000  4.698955E+005  1.568886E+008  4.380412E+008  1.454849E+003  8.483630E+010
  3.654000E+004  7.644294E+010  2.468524E+011  0.000000E+000  0.000000E+000  4.705346E+005  1.569587E+008  4.362651E+008  1.455190E+003  8.469414E+010
  3.663000E+004  7.611387E+010  2.466401E+011  0.000000E+000  0.000000E+000  4.711735E+005  1.570208E+008  4.344905E+008  1.455513E+003  8.455020E+010
  3.672000E+004  7.578613E+010  2.464283E+011  0.000000E+000  0.000000E+000  4.718120E+005  1.570748E+008  4.327179E+008  1.455816E+003  8.440453E+010
  3.681000E+004  7.545971E+010  2.462171E+011  0.000000E+000  0.000000E+000  4.724501E+005  1.571208E+008  4.309478E+008  1.456099E+003  8.425718E+010
  3.690000E+004  7.513460E+010  2.460066E+011  0.000000E+000  0.000000E+000  4.730874E+005  1.571590E+008  4.291808E+008  1.456363E+003  8.410819E+010
  3.699000E+004  7.481081E+010  2.457966E+011  0.000000E+000  0.000000E+000  4.737240E+005  1.571894E+008  4.274172E+008  1.456608E+003  8.395760E+010
  3.708000E+004  7.448831E+010  2.455873E+011  0.000000E+000  0.000000E+000  4.743595E+005  1.572120E+008  4.256577E+008  1.456834E+003  8.380545E+010
  3.717000E+004  7.416711E+010  2.453785E+011  0.000000E+000  0.000000E+000  4.749939E+005  1.572270E+008  4.239026E+008  1.457040E+003  8.365180E+010
  3.726000E+004  7.384721E+010  2.451704E+011  0.000000E+000  0.000000E+000  4.756269E+005  1.572344E+008  4.221524E+008  1.457228E+003  8.349667E+010
  3.735000E+004  7.352860E+010  2.449628E+011  0.000000E+000  0.000000E+000  4.762585E+005  1.572343E+008  4.204076E+008  1.457396E+003  8.334012E+010
  3.744000E+004  7.321128E+010  2.447558E+011  0.000000E+000  0.000000E+000  4.768884E+005  1.572268E+008  4.186686E+008  1.457545E+003  8.318219E+010
  3.753000E+004  7.289523E+010  2.445495E+011  0.000000E+000  0.000000E+000  4.775165E+005  1.572120E+008  4.169357E+008  1.457675E+003  8.302291E+010
  3.762000E+004  7.258046E+010  2.443437E+011  0.000000E+000  0.000000E+000  4.781425E+005  1.571899E+008  4.152094E+008  1.457786E+003  8.286233E+010
  3.771000E+004  7.226696E+010  2.441385E+011  0.000000E+000  0.000000E+000  4.787664E+005  1.571605E+008  4.134901E+008  1.457879E+003  8.270049E+010
  3.780000E+004  7.195473E+010  2.439339E+011  0.000000E+000  0.000000E+000  4.793879E+005  1.571241E+008  4.117781E+008  1.457952E+003  8.253744E+010
  3.789000E+004  7.164376E+010  2.437299E+011  0.000000E+000  0.000000E+000  4.800069E+005  1.570807E+008  4.100739E+008  1.458006E+003  8.237320E+010
  3.798000E+004  7.133405E+010  2.435265E+011  0.000000E+000  0.000000E+000  4.806232E+005  1.570304E+008  4.083778E+008  1.458042E+003  8.220783E+010
  3.807000E+004  7.102560E+010  2.433237E+011  0.000000E+000  0.000000E+000  4.812366E+005  1.569732E+008  4.066900E+008  1.458059E+003  8.204136E+010
  3.816000E+004  7.071839E+010  2.431214E+011  0.000000E+000  0.000000E+000  4.818470E+005  1.569092E+008  4.050110E+008  1.458057E+003  8.187383E+010
  3.825000E+004  7.041243E+010  2.429198E+011  0.000000E+000  0.000000E+000  4.824541E+005  1.568386E+008  4.033411E+008  1.458037E+003  8.170528E+010
  3.834000E+004  7.010772E+010  2.427187E+011  0.000000E+000  0.000000E+000  4.830578E+005  1.567613E+008  4.016805E+008  1.457998E+003  8.153575E+010
  3.843000E+004  6.980424E+010  2.425183E+011  0.000000E+000  0.000000E+000  4.836579E+005  1.566776E+008  4.000296E+008  1.457941E+003  8.136528E+010
  3.852000E+004  6.950200E+010  2.423184E+011  0.000000E+000  0.000000E+000  4.842543E+005  1.565874E+008  3.983886E+008  1.457864E+003  8.119391E+010
  3.861000E+004  6.920099E+010  2.421191E+011  0.000000E+000  0.000000E+000  4.848466E+005  1.564909E+008  3.967579E+008  1.457770E+003  8.102167E+010
  3.870000E+004  6.890121E+010  2.419204E+011  0.000000E+000  0.000000E+000  4.854349E+005  1.563882E+008  3.951377E+008  1.457657E+003  8.084860E+010
  3.879000E+004  6.860265E+010  2.417222E+011  0.000000E+000  0.000000E+000  4.860189E+005  1.562793E+008  3.935282E+008  1.457525E+003  8.067474E+010
  3.888000E+004  6.830531E+010  2.415247E+011  0.000000E+000  0.000000E+000  4.865983E+005  1.561644E+008  3.919296E+008  1.457376E+003  8.050012E+010
  3.897000E+004  6.800919E+010  2.413277E+011  0.000000E+000  0.000000E+000  4.871731E+005  1.560434E+008  3.903423E+008  1.457207E+003  8.032478E+010
  3.906000E+004  6.771428E+010  2.411313E+011  0.000000E+000  0.000000E+000  4.877430E+005  1.559166E+008  3.887664E+008  1.457021E+003  8.014877E+010
  3.915000E+004  6.742059E+010  2.409355E+011  0.000000E+000  0.000000E+000  4.883079E+005  1.557840E+008  3.872021E+008  1.456816E+003  7.997210E+010
  3.924000E+004  6.712810E+010  2.407403E+011  0.000000E+000  0.000000E+000  4.888676E+005  1.556457E+008  3.856496E+008  1.456594E+003  7.979482E+010
  3.933000E+004  6.683681E+010  2.405457E+011  0.000000E+000  0.000000E+000  4.894219E+005  1.555018E+008  3.841092E+008  1.456353E+003  7.961696E+010
  3.942000E+004  6.654672E+010  2.403516E+011  0.000000E+000  0.000000E+000  4.899707E+005  1.553524E+008  3.825809E+008  1.456094E+003  7.943855E+010
  3.951000E+004  6.625783E+010  2.401581E+011  0.000000E+000  0.000000E+000  4.905137E+005  1.551975E+008  3.810650E+008  1.455817E+003  7.925963E+010
  3.960000E+004  6.597014E+010  2.399652E+011  0.000000E+000  0.000000E+000  4.910507E+005  1.550373E+008  3.795616E+008  1.455521E+003  7.908024E+010
  3.969000E+004  6.568363E+010  2.397729E+011  0.000000E+000  0.000000E+000  4.915817E+005  1.548718E+008  3.780709E+008  1.455208E+003  7.890040E+010
  3.978000E+004  6.539831E+010  2.395812E+011  0.000000E+000  0.000000E+000  4.921063E+005  1.547012E+008  3.765930E+008  1.454877E+003  7.872015E+010
  3.987000E+004  6.511418E+010  2.393900E+011  0.000000E+000  0.000000E+000  4.926246E+005  1.545255E+008  3.751280E+008  1.454529E+003  7.853952E+010
  3.996000E+004  6.483122E+010  2.391995E+011  0.000000E+000  0.000000E+000  4.931361E+005  1.543449E+008  3.736761E+008  1.454162E+003  7.835854E+010
  4.005000E+004  6.454945E+010  2.390095E+011  0.000000E+000  0.000000E+000  4.936409E+005  1.541593E+008  3.722373E+008  1.453777E+003  7.817724E+010
  4.014000E+004  6.426885E+010  2.388201E+011  0.000000E+000  0.000000E+000  4.941387E+005  1.539690E+008  3.708118E+008  1.453375E+003  7.799566E+010
  4.023000E+004  6.398943E+010  2.386312E+011  0.000000E+000  0.000000E+000  4.946294E+005  1.537740E+008  3.693997E+008  1.452955E+003  7.781382E+010
  4.032000E+004  6.371117E+010  2.384430E+011  0.000000E+000  0.000000E+000  4.951127E+005  1.535743E+008  3.680010E+008  1.452517E+003  7.763175E+010
  4.041000E+004  6.343408E+010  2.382553E+011  0.000000E+000  0.000000E+000  4.955885E+005  1.533702E+008  3.666158E+008  1.452062E+003  7.744948E+010
  4.050000E+004  6.315816E+010  2.380682E+011  0.000000E+000  0.000000E+000  4.960566E+005  1.531616E+008  3.652442E+008  1.451589E+003  7.726705E+010
  4.059000E+004  6.288340E+010  2.378817E+011  0.000000E+000  0.000000E+000  4.965169E+005  1.529486E+008  3.638863E+008  1.451099E+003  7.708448E+010
  4.068000E+004  6.260980E+010  2.376958E+011  0.000000E+000  0.000000E+000  4.969693E+005  1.527314E+008  3.625420E+008  1.450591E+003  7.690179E+010
  4.077000E+004  6.233735E+010  2.375104E+011  0.000000E+000  0.000000E+000  4.974133E+005  1.525101E+008  3.612116E+008  1.450066E+003  7.671902E+010
  4.086000E+004  6.206606E+010  2.373256E+011  0.000000E+000  0.000000E+000  4.978491E+005  1.522846E+008  3.598949E+008  1.449523E+003  7.653620E+010
  4.095000E+004  6.179592E+010  2.371414E+011  0.000000E+000  0.000000E+000  4.982764E+005  1.520552E+008  3.585920E+008  1.448963E+003  7.635334E+010
  4.104000E+004  6.152692E+010  2.369578E+011  0.000000E+000  0.000000E+000  4.986950E+005  1.518219E+008  3.573029E+008  1.448386E+003  7.617049E+010
  4.113000E+004  6.125908E+010  2.367748E+011  0.000000E+000  0.000000E+000  4.991047E+005  1.515848E+008  3.560277E+008  1.447791E+003  7.598765E+010
  4.122000E+004  6.099237E+010  2.365923E+011  0.000000E+000  0.000000E+000  4.995055E+005  1.513440E+008  3.547664E+008  1.447179E+003  7.580487E+010
  4.131000E+004  6.072681E+010  2.364105E+011  0.000000E+000  0.000000E+000  4.998972E+005  1.510995E+008  3.535189E+008  1.446550E+003  7.562215E+010
  4.140000E+004  6.046239E+010  2.362292E+011  0.000000E+000  0.000000E+000  5.002794E+005  1.508514E+008  3.522853E+008  1.445904E+003  7.543954E+010
  4.149000E+004  6.019910E+010  2.360485E+011  0.000000E+000  0.000000E+000  5.006523E+005  1.505999E+008  3.510656E+008  1.445241E+003  7.525705E+010
  4.158000E+004  5.993695E+010  2.358684E+011  0.000000E+000  0.000000E+000  5.010155E+005  1.503451E+008  3.498597E+008  1.444561E+003  7.507470E+010
  4.167000E+004  5.967593E+010  2.356888E+011  0.000000E+000  0.000000E+000  5.013688E+005  1.500869E+008  3.486676E+008  1.443863E+003  7.489253E+010
  4.176000E+004  5.941604E+010  2.355098E+011  0.000000E+000  0.000000E+000  5.017124E+005  1.498255E+008  3.474893E+008  1.443149E+003  7.471055E+010
  4.185000E+004  5.915727E+010  2.353315E+011  0.000000E+000  0.000000E+000  5.020458E+005  1.495610E+008  3.463247E+008  1.442418E+003  7.452878E+010
  4.194000E+004  5.889963E+010  2.351537E+011  0.000000E+000  0.000000E+000  5.023690E+005  1.492934E+008  3.451738E+008  1.441670E+003  7.434725E+010
  4.203000E+004  5.864311E+010  2.349765E+011  0.000000E+000  0.000000E+000  5.026819E+005  1.490228E+008  3.440366E+008  1.440905E+003  7.416599E+010
  4.212000E+004  5.838771E+010  2.347998E+011  0.000000E+000  0.000000E+000  5.029841E+005  1.487494E+008  3.429130E+008  1.440123E+003  7.398500E+010
  4.221000E+004  5.813343E+010  2.346238E+011  0.000000E+000  0.000000E+000  5.032758E+005  1.484731E+008  3.418030E+008  1.439325E+003  7.380431E+010
  4.230000E+004  5.788026E+010  2.344483E+011  0.000000E+000  0.000000E+000  5.035566E+005  1.481941E+008  3.407065E+008  1.438510E+003  7.362395E+010
  4.239000E+004  5.762821E+010  2.342734E+011  0.000000E+000  0.000000E+000  5.038265E+005  1.479125E+008  3.396234E+008  1.437678E+003  7.344393E+010
  4.248000E+004  5.737727E+010  2.340992E+011  0.000000E+000  0.000000E+000  5.040852E+005  1.476283E+008  3.385537E+008  1.436830E+003  7.326428E+010
  4.257000E+004  5.712743E+010  2.339255E+011  0.000000E+000  0.000000E+000  5.043328E+005  1.473415E+008  3.374973E+008  1.435965E+003  7.308500E+010
  4.266000E+004  5.687871E+010  2.337523E+011  0.000000E+000  0.000000E+000  5.045690E+005  1.470524E+008  3.364541E+008  1.435084E+003  7.290613E+010
  4.275000E+004  5.663108E+010  2.335798E+011  0.000000E+000  0.000000E+000  5.047937E+005  1.467608E+008  3.354240E+008  1.434186E+003  7.272767E+010
  4.284000E+004  5.638456E+010  2.334078E+011  0.000000E+000  0.000000E+000  5.050067E+005  1.464670E+008  3.344069E+008  1.433272E+003  7.254965E+010
  4.293000E+004  5.613914E+010  2.332365E+011  0.000000E+000  0.000000E+000  5.052081E+005  1.461710E+008  3.334028E+008  1.432341E+003  7.237209E+010
  4.302000E+004  5.589482E+010  2.330657E+011  0.000000E+000  0.000000E+000  5.053975E+005  1.458729E+008  3.324116E+008  1.431394E+003  7.219500E+010
  4.311000E+004  5.565159E+010  2.328955E+011  0.000000E+000  0.000000E+000  5.055749E+005  1.455726E+008  3.314331E+008  1.430431E+003  7.201840E+010
  4.320000E+004  5.540945E+010  2.327259E+011  0.000000E+000  0.000000E+000  5.057403E+005  1.452704E+008  3.304673E+008  1.429452E+003  7.184231E+010
