              t              M           TEMP          PRESS             RH            H2O            DEC       BLHEIGHT         DILUTE           JFAC           ROOF            RO2
  9.000000E+001  2.461493E+019  2.981500E+002  1.013250E+003 -1.000000E+000  3.910000E+017  4.100000E-001 -1.000000E+000 -1.000000E+000  1.000000E+000  1.000000E+000  3.645095E+009
  1.800000E+002  2.461493E+019  2.981500E+002  1.013250E+003 -1.000000E+000  3.910000E+017  4.100000E-001 -1.000000E+000 -1.000000E+000  1.000000E+000  1.000000E+000  6.313267E+009
  2.700000E+002  2.461493E+019  2.981500E+002  1.013250E+003 -1.000000E+000  3.910000E+017  4.100000E-001 -1.000000E+000 -1.000000E+000  1.000000E+000  1.000000E+000  8.181992E+009
  3.600000E+002  2.461493E+019  2.981500E+002  1.013250E+003 -1.000000E+000  3.910000E+017  4.100000E-001 -1.000000E+000 -1.000000E+000  1.000000E+000  1.000000E+000  9.655404E+009
  4.500000E+002  2.461493E+019  2.981500E+002  1.013250E+003 -1.000000E+000  3.910000E+017  4.100000E-001 -1.000000E+000 -1.000000E+000  1.000000E+000  1.000000E+000  1.091343E+010
  5.400000E+002  2.461493E+019  2.981500E+002  1.013250E+003 -1.000000E+000  3.910000E+017  4.100000E-001 -1.000000E+000 -1.000000E+000  1.000000E+000  1.000000E+000  1.201769E+010
  6.300000E+002  2.461493E+019  2.981500E+002  1.013250E+003 -1.000000E+000  3.910000E+017  4.100000E-001 -1.000000E+000 -1.000000E+000  1.000000E+000  1.000000E+000  1.299213E+010
  7.200000E+002  2.461493E+019  2.981500E+002  1.013250E+003 -1.000000E+000  3.910000E+017  4.100000E-001 -1.000000E+000 -1.000000E+000  1.000000E+000  1.000000E+000  1.385088E+010
  8.100000E+002  2.461493E+019  2.981500E+002  1.013250E+003 -1.000000E+000  3.910000E+017  4.100000E-001 -1.000000E+000 -1.000000E+000  1.000000E+000  1.000000E+000  1.460621E+010
  9.000000E+002  2.461493E+019  2.981500E+002  1.013250E+003 -1.000000E+000  3.910000E+017  4.100000E-001 -1.000000E+000 -1.000000E+000  1.000000E+000  1.000000E+000  1.527086E+010
  9.900000E+002  2.461493E+019  2.981500E+002  1.013250E+003 -1.000000E+000  3.910000E+017  4.100000E-001 -1.000000E+000 -1.000000E+000  1.000000E+000  1.000000E+000  1.585747E+010
  1.080000E+003  2.461493E+019  2.981500E+002  1.013250E+003 -1.000000E+000  3.910000E+017  4.100000E-001 -1.000000E+000 -1.000000E+000  1.000000E+000  1.000000E+000  1.637772E+010
  1.170000E+003  2.461493E+019  2.981500E+002  1.013250E+003 -1.000000E+000  3.910000E+017  4.100000E-001 -1.000000E+000 -1.000000E+000  1.000000E+000  1.000000E+000  1.684192E+010
  1.260000E+003  2.461493E+019  2.981500E+002  1.013250E+003 -1.000000E+000  3.910000E+017  4.100000E-001 -1.000000E+000 -1.000000E+000  1.000000E+000  1.000000E+000  1.725901E+010
  1.350000E+003  2.461493E+019  2.981500E+002  1.013250E+003 -1.000000E+000  3.910000E+017  4.100000E-001 -1.000000E+000 -1.000000E+000  1.000000E+000  1.000000E+000  1.763658E+010
  1.440000E+003  2.461493E+019  2.981500E+002  1.013250E+003 -1.000000E+000  3.910000E+017  4.100000E-001 -1.000000E+000 -1.000000E+000  1.000000E+000  1.000000E+000  1.798083E+010
  1.530000E+003  2.461493E+019  2.981500E+002  1.013250E+003 -1.000000E+000  3.910000E+017  4.100000E-001 -1.000000E+000 -1.000000E+000  1.000000E+000  1.000000E+000  1.829678E+010
  1.620000E+003  2.461493E+019  2.981500E+002  1.013250E+003 -1.000000E+000  3.910000E+017  4.100000E-001 -1.000000E+000 -1.000000E+000  1.000000E+000  1.000000E+000  1.858856E+010
  1.710000E+003  2.461493E+019  2.981500E+002  1.013250E+003 -1.000000E+000  3.910000E+017  4.100000E-001 -1.000000E+000 -1.000000E+000  1.000000E+000  1.000000E+000  1.885954E+010
  1.800000E+003  2.461493E+019  2.981500E+002  1.013250E+003 -1.000000E+000  3.910000E+017  4.100000E-001 -1.000000E+000 -1.000000E+000  1.000000E+000  1.000000E+000  1.911250E+010
  1.890000E+003  2.461493E+019  2.981500E+002  1.013250E+003 -1.000000E+000  3.910000E+017  4.100000E-001 -1.000000E+000 -1.000000E+000  1.000000E+000  1.000000E+000  1.934967E+010
  1.980000E+003  2.461493E+019  2.981500E+002  1.013250E+003 -1.000000E+000  3.910000E+017  4.100000E-001 -1.000000E+000 -1.000000E+000  1.000000E+000  1.000000E+000  1.957286E+010
  2.070000E+003  2.461493E+019  2.981500E+002  1.013250E+003 -1.000000E+000  3.910000E+017  4.100000E-001 -1.000000E+000 -1.000000E+000  1.000000E+000  1.000000E+000  1.978356E+010
  2.160000E+003  2.461493E+019  2.981500E+002  1.013250E+003 -1.000000E+000  3.910000E+017  4.100000E-001 -1.000000E+000 -1.000000E+000  1.000000E+000  1.000000E+000  1.998303E+010
  2.250000E+003  2.461493E+019  2.981500E+002  1.013250E+003 -1.000000E+000  3.910000E+017  4.100000E-001 -1.000000E+000 -1.000000E+000  1.000000E+000  1.000000E+000  2.017227E+010
  2.340000E+003  2.461493E+019  2.981500E+002  1.013250E+003 -1.000000E+000  3.910000E+017  4.100000E-001 -1.000000E+000 -1.000000E+000  1.000000E+000  1.000000E+000  2.035216E+010
  2.430000E+003  2.461493E+019  2.981500E+002  1.013250E+003 -1.000000E+000  3.910000E+017  4.100000E-001 -1.000000E+000 -1.000000E+000  1.000000E+000  1.000000E+000  2.052343E+010
  2.520000E+003  2.461493E+019  2.981500E+002  1.013250E+003 -1.000000E+000  3.910000E+017  4.100000E-001 -1.000000E+000 -1.000000E+000  1.000000E+000  1.000000E+000  2.068670E+010
  2.610000E+003  2.461493E+019  2.981500E+002  1.013250E+003 -1.000000E+000  3.910000E+017  4.100000E-001 -1.000000E+000 -1.000000E+000  1.000000E+000  1.000000E+000  2.084251E+010
  2.700000E+003  2.461493E+019  2.981500E+002  1.013250E+003 -1.000000E+000  3.910000E+017  4.100000E-001 -1.000000E+000 -1.000000E+000  1.000000E+000  1.000000E+000  2.099134E+010
  2.790000E+003  2.461493E+019  2.981500E+002  1.013250E+003 -1.000000E+000  3.910000E+017  4.100000E-001 -1.000000E+000 -1.000000E+000  1.000000E+000  1.000000E+000  2.113360E+010
  2.880000E+003  2.461493E+019  2.981500E+002  1.013250E+003 -1.000000E+000  3.910000E+017  4.100000E-001 -1.000000E+000 -1.000000E+000  1.000000E+000  1.000000E+000  2.126964E+010
  2.970000E+003  2.461493E+019  2.981500E+002  1.013250E+003 -1.000000E+000  3.910000E+017  4.100000E-001 -1.000000E+000 -1.000000E+000  1.000000E+000  1.000000E+000  2.139980E+010
  3.060000E+003  2.461493E+019  2.981500E+002  1.013250E+003 -1.000000E+000  3.910000E+017  4.100000E-001 -1.000000E+000 -1.000000E+000  1.000000E+000  1.000000E+000  2.152438E+010
  3.150000E+003  2.461493E+019  2.981500E+002  1.013250E+003 -1.000000E+000  3.910000E+017  4.100000E-001 -1.000000E+000 -1.000000E+000  1.000000E+000  1.000000E+000  2.164364E+010
  3.240000E+003  2.461493E+019  2.981500E+002  1.013250E+003 -1.000000E+000  3.910000E+017  4.100000E-001 -1.000000E+000 -1.000000E+000  1.000000E+000  1.000000E+000  2.175782E+010
  3.330000E+003  2.461493E+019  2.981500E+002  1.013250E+003 -1.000000E+000  3.910000E+017  4.100000E-001 -1.000000E+000 -1.000000E+000  1.000000E+000  1.000000E+000  2.186716E+010
  3.420000E+003  2.461493E+019  2.981500E+002  1.013250E+003 -1.000000E+000  3.910000E+017  4.100000E-001 -1.000000E+000 -1.000000E+000  1.000000E+000  1.000000E+000  2.197186E+010
  3.510000E+003  2.461493E+019  2.981500E+002  1.013250E+003 -1.000000E+000  3.910000E+017  4.100000E-001 -1.000000E+000 -1.000000E+000  1.000000E+000  1.000000E+000  2.207212E+010
  3.600000E+003  2.461493E+019  2.981500E+002  1.013250E+003 -1.000000E+000  3.910000E+017  4.100000E-001 -1.000000E+000 -1.000000E+000  1.000000E+000  1.000000E+000  2.216812E+010
  3.690000E+003  2.461493E+019  2.981500E+002  1.013250E+003 -1.000000E+000  3.910000E+017  4.100000E-001 -1.000000E+000 -1.000000E+000  1.000000E+000  1.000000E+000  2.226004E+010
  3.780000E+003  2.461493E+019  2.981500E+002  1.013250E+003 -1.000000E+000  3.910000E+017  4.100000E-001 -1.000000E+000 -1.000000E+000  1.000000E+000  1.000000E+000  2.234803E+010
  3.870000E+003  2.461493E+019  2.981500E+002  1.013250E+003 -1.000000E+000  3.910000E+017  4.100000E-001 -1.000000E+000 -1.000000E+000  1.000000E+000  1.000000E+000  2.243226E+010
  3.960000E+003  2.461493E+019  2.981500E+002  1.013250E+003 -1.000000E+000  3.910000E+017  4.100000E-001 -1.000000E+000 -1.000000E+000  1.000000E+000  1.000000E+000  2.251285E+010
  4.050000E+003  2.461493E+019  2.981500E+002  1.013250E+003 -1.000000E+000  3.910000E+017  4.100000E-001 -1.000000E+000 -1.000000E+000  1.000000E+000  1.000000E+000  2.258995E+010
  4.140000E+003  2.461493E+019  2.981500E+002  1.013250E+003 -1.000000E+000  3.910000E+017  4.100000E-001 -1.000000E+000 -1.000000E+000  1.000000E+000  1.000000E+000  2.266370E+010
  4.230000E+003  2.461493E+019  2.981500E+002  1.013250E+003 -1.000000E+000  3.910000E+017  4.100000E-001 -1.000000E+000 -1.000000E+000  1.000000E+000  1.000000E+000  2.273421E+010
  4.320000E+003  2.461493E+019  2.981500E+002  1.013250E+003 -1.000000E+000  3.910000E+017  4.100000E-001 -1.000000E+000 -1.000000E+000  1.000000E+000  1.000000E+000  2.280160E+010
  4.410000E+003  2.461493E+019  2.981500E+002  1.013250E+003 -1.000000E+000  3.910000E+017  4.100000E-001 -1.000000E+000 -1.000000E+000  1.000000E+000  1.000000E+000  2.286598E+010
  4.500000E+003  2.461493E+019  2.981500E+002  1.013250E+003 -1.000000E+000  3.910000E+017  4.100000E-001 -1.000000E+000 -1.000000E+000  1.000000E+000  1.000000E+000  2.292748E+010
  4.590000E+003  2.461493E+019  2.981500E+002  1.013250E+003 -1.000000E+000  3.910000E+017  4.100000E-001 -1.000000E+000 -1.000000E+000  1.000000E+000  1.000000E+000  2.298617E+010
  4.680000E+003  2.461493E+019  2.981500E+002  1.013250E+003 -1.000000E+000  3.910000E+017  4.100000E-001 -1.000000E+000 -1.000000E+000  1.000000E+000  1.000000E+000  2.304218E+010
  4.770000E+003  2.461493E+019  2.981500E+002  1.013250E+003 -1.000000E+000  3.910000E+017  4.100000E-001 -1.000000E+000 -1.000000E+000  1.000000E+000  1.000000E+000  2.309558E+010
  4.860000E+003  2.461493E+019  2.981500E+002  1.013250E+003 -1.000000E+000  3.910000E+017  4.100000E-001 -1.000000E+000 -1.000000E+000  1.000000E+000  1.000000E+000  2.314648E+010
  4.950000E+003  2.461493E+019  2.981500E+002  1.013250E+003 -1.000000E+000  3.910000E+017  4.100000E-001 -1.000000E+000 -1.000000E+000  1.000000E+000  1.000000E+000  2.319495E+010
  5.040000E+003  2.461493E+019  2.981500E+002  1.013250E+003 -1.000000E+000  3.910000E+017  4.100000E-001 -1.000000E+000 -1.000000E+000  1.000000E+000  1.000000E+000  2.324109E+010
  5.130000E+003  2.461493E+019  2.981500E+002  1.013250E+003 -1.000000E+000  3.910000E+017  4.100000E-001 -1.000000E+000 -1.000000E+000  1.000000E+000  1.000000E+000  2.328496E+010
  5.220000E+003  2.461493E+019  2.981500E+002  1.013250E+003 -1.000000E+000  3.910000E+017  4.100000E-001 -1.000000E+000 -1.000000E+000  1.000000E+000  1.000000E+000  2.332666E+010
  5.310000E+003  2.461493E+019  2.981500E+002  1.013250E+003 -1.000000E+000  3.910000E+017  4.100000E-001 -1.000000E+000 -1.000000E+000  1.000000E+000  1.000000E+000  2.336624E+010
  5.400000E+003  2.461493E+019  2.981500E+002  1.013250E+003 -1.000000E+000  3.910000E+017  4.100000E-001 -1.000000E+000 -1.000000E+000  1.000000E+000  1.000000E+000  2.340379E+010
  5.490000E+003  2.461493E+019  2.981500E+002  1.013250E+003 -1.000000E+000  3.910000E+017  4.100000E-001 -1.000000E+000 -1.000000E+000  1.000000E+000  1.000000E+000  2.343937E+010
  5.580000E+003  2.461493E+019  2.981500E+002  1.013250E+003 -1.000000E+000  3.910000E+017  4.100000E-001 -1.000000E+000 -1.000000E+000  1.000000E+000  1.000000E+000  2.347304E+010
  5.670000E+003  2.461493E+019  2.981500E+002  1.013250E+003 -1.000000E+000  3.910000E+017  4.100000E-001 -1.000000E+000 -1.000000E+000  1.000000E+000  1.000000E+000  2.350488E+010
  5.760000E+003  2.461493E+019  2.981500E+002  1.013250E+003 -1.000000E+000  3.910000E+017  4.100000E-001 -1.000000E+000 -1.000000E+000  1.000000E+000  1.000000E+000  2.353493E+010
  5.850000E+003  2.461493E+019  2.981500E+002  1.013250E+003 -1.000000E+000  3.910000E+017  4.100000E-001 -1.000000E+000 -1.000000E+000  1.000000E+000  1.000000E+000  2.356327E+010
  5.940000E+003  2.461493E+019  2.981500E+002  1.013250E+003 -1.000000E+000  3.910000E+017  4.100000E-001 -1.000000E+000 -1.000000E+000  1.000000E+000  1.000000E+000  2.358994E+010
  6.030000E+003  2.461493E+019  2.981500E+002  1.013250E+003 -1.000000E+000  3.910000E+017  4.100000E-001 -1.000000E+000 -1.000000E+000  1.000000E+000  1.000000E+000  2.361499E+010
  6.120000E+003  2.461493E+019  2.981500E+002  1.013250E+003 -1.000000E+000  3.910000E+017  4.100000E-001 -1.000000E+000 -1.000000E+000  1.000000E+000  1.000000E+000  2.363849E+010
  6.210000E+003  2.461493E+019  2.981500E+002  1.013250E+003 -1.000000E+000  3.910000E+017  4.100000E-001 -1.000000E+000 -1.000000E+000  1.000000E+000  1.000000E+000  2.366048E+010
  6.300000E+003  2.461493E+019  2.981500E+002  1.013250E+003 -1.000000E+000  3.910000E+017  4.100000E-001 -1.000000E+000 -1.000000E+000  1.000000E+000  1.000000E+000  2.368101E+010
  6.390000E+003  2.461493E+019  2.981500E+002  1.013250E+003 -1.000000E+000  3.910000E+017  4.100000E-001 -1.000000E+000 -1.000000E+000  1.000000E+000  1.000000E+000  2.370013E+010
  6.480000E+003  2.461493E+019  2.981500E+002  1.013250E+003 -1.000000E+000  3.910000E+017  4.100000E-001 -1.000000E+000 -1.000000E+000  1.000000E+000  1.000000E+000  2.371788E+010
  6.570000E+003  2.461493E+019  2.981500E+002  1.013250E+003 -1.000000E+000  3.910000E+017  4.100000E-001 -1.000000E+000 -1.000000E+000  1.000000E+000  1.000000E+000  2.373430E+010
  6.660000E+003  2.461493E+019  2.981500E+002  1.013250E+003 -1.000000E+000  3.910000E+017  4.100000E-001 -1.000000E+000 -1.000000E+000  1.000000E+000  1.000000E+000  2.374944E+010
  6.750000E+003  2.461493E+019  2.981500E+002  1.013250E+003 -1.000000E+000  3.910000E+017  4.100000E-001 -1.000000E+000 -1.000000E+000  1.000000E+000  1.000000E+000  2.376334E+010
  6.840000E+003  2.461493E+019  2.981500E+002  1.013250E+003 -1.000000E+000  3.910000E+017  4.100000E-001 -1.000000E+000 -1.000000E+000  1.000000E+000  1.000000E+000  2.377604E+010
  6.930000E+003  2.461493E+019  2.981500E+002  1.013250E+003 -1.000000E+000  3.910000E+017  4.100000E-001 -1.000000E+000 -1.000000E+000  1.000000E+000  1.000000E+000  2.378756E+010
  7.020000E+003  2.461493E+019  2.981500E+002  1.013250E+003 -1.000000E+000  3.910000E+017  4.100000E-001 -1.000000E+000 -1.000000E+000  1.000000E+000  1.000000E+000  2.379796E+010
  7.110000E+003  2.461493E+019  2.981500E+002  1.013250E+003 -1.000000E+000  3.910000E+017  4.100000E-001 -1.000000E+000 -1.000000E+000  1.000000E+000  1.000000E+000  2.380727E+010
  7.200000E+003  2.461493E+019  2.981500E+002  1.013250E+003 -1.000000E+000  3.910000E+017  4.100000E-001 -1.000000E+000 -1.000000E+000  1.000000E+000  1.000000E+000  2.381551E+010
  7.290000E+003  2.461493E+019  2.981500E+002  1.013250E+003 -1.000000E+000  3.910000E+017  4.100000E-001 -1.000000E+000 -1.000000E+000  1.000000E+000  1.000000E+000  2.382273E+010
  7.380000E+003  2.461493E+019  2.981500E+002  1.013250E+003 -1.000000E+000  3.910000E+017  4.100000E-001 -1.000000E+000 -1.000000E+000  1.000000E+000  1.000000E+000  2.382895E+010
  7.470000E+003  2.461493E+019  2.981500E+002  1.013250E+003 -1.000000E+000  3.910000E+017  4.100000E-001 -1.000000E+000 -1.000000E+000  1.000000E+000  1.000000E+000  2.383420E+010
  7.560000E+003  2.461493E+019  2.981500E+002  1.013250E+003 -1.000000E+000  3.910000E+017  4.100000E-001 -1.000000E+000 -1.000000E+000  1.000000E+000  1.000000E+000  2.383852E+010
  7.650000E+003  2.461493E+019  2.981500E+002  1.013250E+003 -1.000000E+000  3.910000E+017  4.100000E-001 -1.000000E+000 -1.000000E+000  1.000000E+000  1.000000E+000  2.384193E+010
  7.740000E+003  2.461493E+019  2.981500E+002  1.013250E+003 -1.000000E+000  3.910000E+017  4.100000E-001 -1.000000E+000 -1.000000E+000  1.000000E+000  1.000000E+000  2.384446E+010
  7.830000E+003  2.461493E+019  2.981500E+002  1.013250E+003 -1.000000E+000  3.910000E+017  4.100000E-001 -1.000000E+000 -1.000000E+000  1.000000E+000  1.000000E+000  2.384614E+010
  7.920000E+003  2.461493E+019  2.981500E+002  1.013250E+003 -1.000000E+000  3.910000E+017  4.100000E-001 -1.000000E+000 -1.000000E+000  1.000000E+000  1.000000E+000  2.384698E+010
  8.010000E+003  2.461493E+019  2.981500E+002  1.013250E+003 -1.000000E+000  3.910000E+017  4.100000E-001 -1.000000E+000 -1.000000E+000  1.000000E+000  1.000000E+000  2.384703E+010
  8.100000E+003  2.461493E+019  2.981500E+002  1.013250E+003 -1.000000E+000  3.910000E+017  4.100000E-001 -1.000000E+000 -1.000000E+000  1.000000E+000  1.000000E+000  2.384630E+010
  8.190000E+003  2.461493E+019  2.981500E+002  1.013250E+003 -1.000000E+000  3.910000E+017  4.100000E-001 -1.000000E+000 -1.000000E+000  1.000000E+000  1.000000E+000  2.384481E+010
  8.280000E+003  2.461493E+019  2.981500E+002  1.013250E+003 -1.000000E+000  3.910000E+017  4.100000E-001 -1.000000E+000 -1.000000E+000  1.000000E+000  1.000000E+000  2.384259E+010
  8.370000E+003  2.461493E+019  2.981500E+002  1.013250E+003 -1.000000E+000  3.910000E+017  4.100000E-001 -1.000000E+000 -1.000000E+000  1.000000E+000  1.000000E+000  2.383966E+010
  8.460000E+003  2.461493E+019  2.981500E+002  1.013250E+003 -1.000000E+000  3.910000E+017  4.100000E-001 -1.000000E+000 -1.000000E+000  1.000000E+000  1.000000E+000  2.383603E+010
  8.550000E+003  2.461493E+019  2.981500E+002  1.013250E+003 -1.000000E+000  3.910000E+017  4.100000E-001 -1.000000E+000 -1.000000E+000  1.000000E+000  1.000000E+000  2.383174E+010
  8.640000E+003  2.461493E+019  2.981500E+002  1.013250E+003 -1.000000E+000  3.910000E+017  4.100000E-001 -1.000000E+000 -1.000000E+000  1.000000E+000  1.000000E+000  2.382680E+010
  8.730000E+003  2.461493E+019  2.981500E+002  1.013250E+003 -1.000000E+000  3.910000E+017  4.100000E-001 -1.000000E+000 -1.000000E+000  1.000000E+000  1.000000E+000  2.382123E+010
  8.820000E+003  2.461493E+019  2.981500E+002  1.013250E+003 -1.000000E+000  3.910000E+017  4.100000E-001 -1.000000E+000 -1.000000E+000  1.000000E+000  1.000000E+000  2.381504E+010
  8.910000E+003  2.461493E+019  2.981500E+002  1.013250E+003 -1.000000E+000  3.910000E+017  4.100000E-001 -1.000000E+000 -1.000000E+000  1.000000E+000  1.000000E+000  2.380826E+010
  9.000000E+003  2.461493E+019  2.981500E+002  1.013250E+003 -1.000000E+000  3.910000E+017  4.100000E-001 -1.000000E+000 -1.000000E+000  1.000000E+000  1.000000E+000  2.380091E+010
  9.090000E+003  2.461493E+019  2.981500E+002  1.013250E+003 -1.000000E+000  3.910000E+017  4.100000E-001 -1.000000E+000 -1.000000E+000  1.000000E+000  1.000000E+000  2.379299E+010
  9.180000E+003  2.461493E+019  2.981500E+002  1.013250E+003 -1.000000E+000  3.910000E+017  4.100000E-001 -1.000000E+000 -1.000000E+000  1.000000E+000  1.000000E+000  2.378453E+010
  9.270000E+003  2.461493E+019  2.981500E+002  1.013250E+003 -1.000000E+000  3.910000E+017  4.100000E-001 -1.000000E+000 -1.000000E+000  1.000000E+000  1.000000E+000  2.377555E+010
  9.360000E+003  2.461493E+019  2.981500E+002  1.013250E+003 -1.000000E+000  3.910000E+017  4.100000E-001 -1.000000E+000 -1.000000E+000  1.000000E+000  1.000000E+000  2.376605E+010
  9.450000E+003  2.461493E+019  2.981500E+002  1.013250E+003 -1.000000E+000  3.910000E+017  4.100000E-001 -1.000000E+000 -1.000000E+000  1.000000E+000  1.000000E+000  2.375605E+010
  9.540000E+003  2.461493E+019  2.981500E+002  1.013250E+003 -1.000000E+000  3.910000E+017  4.100000E-001 -1.000000E+000 -1.000000E+000  1.000000E+000  1.000000E+000  2.374557E+010
  9.630000E+003  2.461493E+019  2.981500E+002  1.013250E+003 -1.000000E+000  3.910000E+017  4.100000E-001 -1.000000E+000 -1.000000E+000  1.000000E+000  1.000000E+000  2.373462E+010
  9.720000E+003  2.461493E+019  2.981500E+002  1.013250E+003 -1.000000E+000  3.910000E+017  4.100000E-001 -1.000000E+000 -1.000000E+000  1.000000E+000  1.000000E+000  2.372321E+010
  9.810000E+003  2.461493E+019  2.981500E+002  1.013250E+003 -1.000000E+000  3.910000E+017  4.100000E-001 -1.000000E+000 -1.000000E+000  1.000000E+000  1.000000E+000  2.371137E+010
  9.900000E+003  2.461493E+019  2.981500E+002  1.013250E+003 -1.000000E+000  3.910000E+017  4.100000E-001 -1.000000E+000 -1.000000E+000  1.000000E+000  1.000000E+000  2.369909E+010
  9.990000E+003  2.461493E+019  2.981500E+002  1.013250E+003 -1.000000E+000  3.910000E+017  4.100000E-001 -1.000000E+000 -1.000000E+000  1.000000E+000  1.000000E+000  2.368639E+010
  1.008000E+004  2.461493E+019  2.981500E+002  1.013250E+003 -1.000000E+000  3.910000E+017  4.100000E-001 -1.000000E+000 -1.000000E+000  1.000000E+000  1.000000E+000  2.367329E+010
  1.017000E+004  2.461493E+019  2.981500E+002  1.013250E+003 -1.000000E+000  3.910000E+017  4.100000E-001 -1.000000E+000 -1.000000E+000  1.000000E+000  1.000000E+000  2.365979E+010
  1.026000E+004  2.461493E+019  2.981500E+002  1.013250E+003 -1.000000E+000  3.910000E+017  4.100000E-001 -1.000000E+000 -1.000000E+000  1.000000E+000  1.000000E+000  2.364591E+010
  1.035000E+004  2.461493E+019  2.981500E+002  1.013250E+003 -1.000000E+000  3.910000E+017  4.100000E-001 -1.000000E+000 -1.000000E+000  1.000000E+000  1.000000E+000  2.363165E+010
  1.044000E+004  2.461493E+019  2.981500E+002  1.013250E+003 -1.000000E+000  3.910000E+017  4.100000E-001 -1.000000E+000 -1.000000E+000  1.000000E+000  1.000000E+000  2.361704E+010
  1.053000E+004  2.461493E+019  2.981500E+002  1.013250E+003 -1.000000E+000  3.910000E+017  4.100000E-001 -1.000000E+000 -1.000000E+000  1.000000E+000  1.000000E+000  2.360207E+010
  1.062000E+004  2.461493E+019  2.981500E+002  1.013250E+003 -1.000000E+000  3.910000E+017  4.100000E-001 -1.000000E+000 -1.000000E+000  1.000000E+000  1.000000E+000  2.358676E+010
  1.071000E+004  2.461493E+019  2.981500E+002  1.013250E+003 -1.000000E+000  3.910000E+017  4.100000E-001 -1.000000E+000 -1.000000E+000  1.000000E+000  1.000000E+000  2.357112E+010
  1.080000E+004  2.461493E+019  2.981500E+002  1.013250E+003 -1.000000E+000  3.910000E+017  4.100000E-001 -1.000000E+000 -1.000000E+000  1.000000E+000  1.000000E+000  2.355516E+010
  1.089000E+004  2.461493E+019  2.981500E+002  1.013250E+003 -1.000000E+000  3.910000E+017  4.100000E-001 -1.000000E+000 -1.000000E+000  1.000000E+000  1.000000E+000  2.353888E+010
  1.098000E+004  2.461493E+019  2.981500E+002  1.013250E+003 -1.000000E+000  3.910000E+017  4.100000E-001 -1.000000E+000 -1.000000E+000  1.000000E+000  1.000000E+000  2.352230E+010
  1.107000E+004  2.461493E+019  2.981500E+002  1.013250E+003 -1.000000E+000  3.910000E+017  4.100000E-001 -1.000000E+000 -1.000000E+000  1.000000E+000  1.000000E+000  2.350542E+010
  1.116000E+004  2.461493E+019  2.981500E+002  1.013250E+003 -1.000000E+000  3.910000E+017  4.100000E-001 -1.000000E+000 -1.000000E+000  1.000000E+000  1.000000E+000  2.348826E+010
  1.125000E+004  2.461493E+019  2.981500E+002  1.013250E+003 -1.000000E+000  3.910000E+017  4.100000E-001 -1.000000E+000 -1.000000E+000  1.000000E+000  1.000000E+000  2.347081E+010
  1.134000E+004  2.461493E+019  2.981500E+002  1.013250E+003 -1.000000E+000  3.910000E+017  4.100000E-001 -1.000000E+000 -1.000000E+000  1.000000E+000  1.000000E+000  2.345309E+010
  1.143000E+004  2.461493E+019  2.981500E+002  1.013250E+003 -1.000000E+000  3.910000E+017  4.100000E-001 -1.000000E+000 -1.000000E+000  1.000000E+000  1.000000E+000  2.343511E+010
  1.152000E+004  2.461493E+019  2.981500E+002  1.013250E+003 -1.000000E+000  3.910000E+017  4.100000E-001 -1.000000E+000 -1.000000E+000  1.000000E+000  1.000000E+000  2.341687E+010
  1.161000E+004  2.461493E+019  2.981500E+002  1.013250E+003 -1.000000E+000  3.910000E+017  4.100000E-001 -1.000000E+000 -1.000000E+000  1.000000E+000  1.000000E+000  2.339838E+010
  1.170000E+004  2.461493E+019  2.981500E+002  1.013250E+003 -1.000000E+000  3.910000E+017  4.100000E-001 -1.000000E+000 -1.000000E+000  1.000000E+000  1.000000E+000  2.337965E+010
  1.179000E+004  2.461493E+019  2.981500E+002  1.013250E+003 -1.000000E+000  3.910000E+017  4.100000E-001 -1.000000E+000 -1.000000E+000  1.000000E+000  1.000000E+000  2.336068E+010
  1.188000E+004  2.461493E+019  2.981500E+002  1.013250E+003 -1.000000E+000  3.910000E+017  4.100000E-001 -1.000000E+000 -1.000000E+000  1.000000E+000  1.000000E+000  2.334149E+010
  1.197000E+004  2.461493E+019  2.981500E+002  1.013250E+003 -1.000000E+000  3.910000E+017  4.100000E-001 -1.000000E+000 -1.000000E+000  1.000000E+000  1.000000E+000  2.332206E+010
  1.206000E+004  2.461493E+019  2.981500E+002  1.013250E+003 -1.000000E+000  3.910000E+017  4.100000E-001 -1.000000E+000 -1.000000E+000  1.000000E+000  1.000000E+000  2.330243E+010
  1.215000E+004  2.461493E+019  2.981500E+002  1.013250E+003 -1.000000E+000  3.910000E+017  4.100000E-001 -1.000000E+000 -1.000000E+000  1.000000E+000  1.000000E+000  2.328258E+010
  1.224000E+004  2.461493E+019  2.981500E+002  1.013250E+003 -1.000000E+000  3.910000E+017  4.100000E-001 -1.000000E+000 -1.000000E+000  1.000000E+000  1.000000E+000  2.326253E+010
  1.233000E+004  2.461493E+019  2.981500E+002  1.013250E+003 -1.000000E+000  3.910000E+017  4.100000E-001 -1.000000E+000 -1.000000E+000  1.000000E+000  1.000000E+000  2.324227E+010
  1.242000E+004  2.461493E+019  2.981500E+002  1.013250E+003 -1.000000E+000  3.910000E+017  4.100000E-001 -1.000000E+000 -1.000000E+000  1.000000E+000  1.000000E+000  2.322183E+010
  1.251000E+004  2.461493E+019  2.981500E+002  1.013250E+003 -1.000000E+000  3.910000E+017  4.100000E-001 -1.000000E+000 -1.000000E+000  1.000000E+000  1.000000E+000  2.320120E+010
  1.260000E+004  2.461493E+019  2.981500E+002  1.013250E+003 -1.000000E+000  3.910000E+017  4.100000E-001 -1.000000E+000 -1.000000E+000  1.000000E+000  1.000000E+000  2.318038E+010
  1.269000E+004  2.461493E+019  2.981500E+002  1.013250E+003 -1.000000E+000  3.910000E+017  4.100000E-001 -1.000000E+000 -1.000000E+000  1.000000E+000  1.000000E+000  2.315938E+010
  1.278000E+004  2.461493E+019  2.981500E+002  1.013250E+003 -1.000000E+000  3.910000E+017  4.100000E-001 -1.000000E+000 -1.000000E+000  1.000000E+000  1.000000E+000  2.313822E+010
  1.287000E+004  2.461493E+019  2.981500E+002  1.013250E+003 -1.000000E+000  3.910000E+017  4.100000E-001 -1.000000E+000 -1.000000E+000  1.000000E+000  1.000000E+000  2.311688E+010
  1.296000E+004  2.461493E+019  2.981500E+002  1.013250E+003 -1.000000E+000  3.910000E+017  4.100000E-001 -1.000000E+000 -1.000000E+000  1.000000E+000  1.000000E+000  2.309538E+010
  1.305000E+004  2.461493E+019  2.981500E+002  1.013250E+003 -1.000000E+000  3.910000E+017  4.100000E-001 -1.000000E+000 -1.000000E+000  1.000000E+000  1.000000E+000  2.307372E+010
  1.314000E+004  2.461493E+019  2.981500E+002  1.013250E+003 -1.000000E+000  3.910000E+017  4.100000E-001 -1.000000E+000 -1.000000E+000  1.000000E+000  1.000000E+000  2.305191E+010
  1.323000E+004  2.461493E+019  2.981500E+002  1.013250E+003 -1.000000E+000  3.910000E+017  4.100000E-001 -1.000000E+000 -1.000000E+000  1.000000E+000  1.000000E+000  2.302995E+010
  1.332000E+004  2.461493E+019  2.981500E+002  1.013250E+003 -1.000000E+000  3.910000E+017  4.100000E-001 -1.000000E+000 -1.000000E+000  1.000000E+000  1.000000E+000  2.300784E+010
  1.341000E+004  2.461493E+019  2.981500E+002  1.013250E+003 -1.000000E+000  3.910000E+017  4.100000E-001 -1.000000E+000 -1.000000E+000  1.000000E+000  1.000000E+000  2.298559E+010
  1.350000E+004  2.461493E+019  2.981500E+002  1.013250E+003 -1.000000E+000  3.910000E+017  4.100000E-001 -1.000000E+000 -1.000000E+000  1.000000E+000  1.000000E+000  2.296321E+010
  1.359000E+004  2.461493E+019  2.981500E+002  1.013250E+003 -1.000000E+000  3.910000E+017  4.100000E-001 -1.000000E+000 -1.000000E+000  1.000000E+000  1.000000E+000  2.294069E+010
  1.368000E+004  2.461493E+019  2.981500E+002  1.013250E+003 -1.000000E+000  3.910000E+017  4.100000E-001 -1.000000E+000 -1.000000E+000  1.000000E+000  1.000000E+000  2.291804E+010
  1.377000E+004  2.461493E+019  2.981500E+002  1.013250E+003 -1.000000E+000  3.910000E+017  4.100000E-001 -1.000000E+000 -1.000000E+000  1.000000E+000  1.000000E+000  2.289526E+010
  1.386000E+004  2.461493E+019  2.981500E+002  1.013250E+003 -1.000000E+000  3.910000E+017  4.100000E-001 -1.000000E+000 -1.000000E+000  1.000000E+000  1.000000E+000  2.287236E+010
  1.395000E+004  2.461493E+019  2.981500E+002  1.013250E+003 -1.000000E+000  3.910000E+017  4.100000E-001 -1.000000E+000 -1.000000E+000  1.000000E+000  1.000000E+000  2.284934E+010
  1.404000E+004  2.461493E+019  2.981500E+002  1.013250E+003 -1.000000E+000  3.910000E+017  4.100000E-001 -1.000000E+000 -1.000000E+000  1.000000E+000  1.000000E+000  2.282621E+010
  1.413000E+004  2.461493E+019  2.981500E+002  1.013250E+003 -1.000000E+000  3.910000E+017  4.100000E-001 -1.000000E+000 -1.000000E+000  1.000000E+000  1.000000E+000  2.280297E+010
  1.422000E+004  2.461493E+019  2.981500E+002  1.013250E+003 -1.000000E+000  3.910000E+017  4.100000E-001 -1.000000E+000 -1.000000E+000  1.000000E+000  1.000000E+000  2.277961E+010
  1.431000E+004  2.461493E+019  2.981500E+002  1.013250E+003 -1.000000E+000  3.910000E+017  4.100000E-001 -1.000000E+000 -1.000000E+000  1.000000E+000  1.000000E+000  2.275615E+010
  1.440000E+004  2.461493E+019  2.981500E+002  1.013250E+003 -1.000000E+000  3.910000E+017  4.100000E-001 -1.000000E+000 -1.000000E+000  1.000000E+000  1.000000E+000  2.273258E+010
  1.449000E+004  2.461493E+019  2.981500E+002  1.013250E+003 -1.000000E+000  3.910000E+017  4.100000E-001 -1.000000E+000 -1.000000E+000  1.000000E+000  1.000000E+000  2.270885E+010
  1.458000E+004  2.461493E+019  2.981500E+002  1.013250E+003 -1.000000E+000  3.910000E+017  4.100000E-001 -1.000000E+000 -1.000000E+000  1.000000E+000  1.000000E+000  2.268476E+010
  1.467000E+004  2.461493E+019  2.981500E+002  1.013250E+003 -1.000000E+000  3.910000E+017  4.100000E-001 -1.000000E+000 -1.000000E+000  1.000000E+000  1.000000E+000  2.265952E+010
  1.476000E+004  2.461493E+019  2.981500E+002  1.013250E+003 -1.000000E+000  3.910000E+017  4.100000E-001 -1.000000E+000 -1.000000E+000  1.000000E+000  1.000000E+000  2.263113E+010
  1.485000E+004  2.461493E+019  2.981500E+002  1.013250E+003 -1.000000E+000  3.910000E+017  4.100000E-001 -1.000000E+000 -1.000000E+000  1.000000E+000  1.000000E+000  2.259551E+010
  1.494000E+004  2.461493E+019  2.981500E+002  1.013250E+003 -1.000000E+000  3.910000E+017  4.100000E-001 -1.000000E+000 -1.000000E+000  1.000000E+000  1.000000E+000  2.254561E+010
  1.503000E+004  2.461493E+019  2.981500E+002  1.013250E+003 -1.000000E+000  3.910000E+017  4.100000E-001 -1.000000E+000 -1.000000E+000  1.000000E+000  1.000000E+000  2.247079E+010
  1.512000E+004  2.461493E+019  2.981500E+002  1.013250E+003 -1.000000E+000  3.910000E+017  4.100000E-001 -1.000000E+000 -1.000000E+000  1.000000E+000  1.000000E+000  2.235650E+010
  1.521000E+004  2.461493E+019  2.981500E+002  1.013250E+003 -1.000000E+000  3.910000E+017  4.100000E-001 -1.000000E+000 -1.000000E+000  1.000000E+000  1.000000E+000  2.218427E+010
  1.530000E+004  2.461493E+019  2.981500E+002  1.013250E+003 -1.000000E+000  3.910000E+017  4.100000E-001 -1.000000E+000 -1.000000E+000  1.000000E+000  1.000000E+000  2.193212E+010
  1.539000E+004  2.461493E+019  2.981500E+002  1.013250E+003 -1.000000E+000  3.910000E+017  4.100000E-001 -1.000000E+000 -1.000000E+000  1.000000E+000  1.000000E+000  2.157517E+010
  1.548000E+004  2.461493E+019  2.981500E+002  1.013250E+003 -1.000000E+000  3.910000E+017  4.100000E-001 -1.000000E+000 -1.000000E+000  1.000000E+000  1.000000E+000  2.108649E+010
  1.557000E+004  2.461493E+019  2.981500E+002  1.013250E+003 -1.000000E+000  3.910000E+017  4.100000E-001 -1.000000E+000 -1.000000E+000  1.000000E+000  1.000000E+000  2.043804E+010
  1.566000E+004  2.461493E+019  2.981500E+002  1.013250E+003 -1.000000E+000  3.910000E+017  4.100000E-001 -1.000000E+000 -1.000000E+000  1.000000E+000  1.000000E+000  1.960189E+010
  1.575000E+004  2.461493E+019  2.981500E+002  1.013250E+003 -1.000000E+000  3.910000E+017  4.100000E-001 -1.000000E+000 -1.000000E+000  1.000000E+000  1.000000E+000  1.855139E+010
  1.584000E+004  2.461493E+019  2.981500E+002  1.013250E+003 -1.000000E+000  3.910000E+017  4.100000E-001 -1.000000E+000 -1.000000E+000  1.000000E+000  1.000000E+000  1.726271E+010
  1.593000E+004  2.461493E+019  2.981500E+002  1.013250E+003 -1.000000E+000  3.910000E+017  4.100000E-001 -1.000000E+000 -1.000000E+000  1.000000E+000  1.000000E+000  1.571669E+010
  1.602000E+004  2.461493E+019  2.981500E+002  1.013250E+003 -1.000000E+000  3.910000E+017  4.100000E-001 -1.000000E+000 -1.000000E+000  1.000000E+000  1.000000E+000  1.390144E+010
  1.611000E+004  2.461493E+019  2.981500E+002  1.013250E+003 -1.000000E+000  3.910000E+017  4.100000E-001 -1.000000E+000 -1.000000E+000  1.000000E+000  1.000000E+000  1.181628E+010
  1.620000E+004  2.461493E+019  2.981500E+002  1.013250E+003 -1.000000E+000  3.910000E+017  4.100000E-001 -1.000000E+000 -1.000000E+000  1.000000E+000  1.000000E+000  9.479396E+009
  1.629000E+004  2.461493E+019  2.981500E+002  1.013250E+003 -1.000000E+000  3.910000E+017  4.100000E-001 -1.000000E+000 -1.000000E+000  1.000000E+000  1.000000E+000  6.947485E+009
  1.638000E+004  2.461493E+019  2.981500E+002  1.013250E+003 -1.000000E+000  3.910000E+017  4.100000E-001 -1.000000E+000 -1.000000E+000  1.000000E+000  1.000000E+000  4.378288E+009
  1.647000E+004  2.461493E+019  2.981500E+002  1.013250E+003 -1.000000E+000  3.910000E+017  4.100000E-001 -1.000000E+000 -1.000000E+000  1.000000E+000  1.000000E+000  2.187898E+009
  1.656000E+004  2.461493E+019  2.981500E+002  1.013250E+003 -1.000000E+000  3.910000E+017  4.100000E-001 -1.000000E+000 -1.000000E+000  1.000000E+000  1.000000E+000  9.840613E+008
  1.665000E+004  2.461493E+019  2.981500E+002  1.013250E+003 -1.000000E+000  3.910000E+017  4.100000E-001 -1.000000E+000 -1.000000E+000  1.000000E+000  1.000000E+000  6.215364E+008
  1.674000E+004  2.461493E+019  2.981500E+002  1.013250E+003 -1.000000E+000  3.910000E+017  4.100000E-001 -1.000000E+000 -1.000000E+000  1.000000E+000  1.000000E+000  5.140882E+008
  1.683000E+004  2.461493E+019  2.981500E+002  1.013250E+003 -1.000000E+000  3.910000E+017  4.100000E-001 -1.000000E+000 -1.000000E+000  1.000000E+000  1.000000E+000  4.625501E+008
  1.692000E+004  2.461493E+019  2.981500E+002  1.013250E+003 -1.000000E+000  3.910000E+017  4.100000E-001 -1.000000E+000 -1.000000E+000  1.000000E+000  1.000000E+000  4.313182E+008
  1.701000E+004  2.461493E+019  2.981500E+002  1.013250E+003 -1.000000E+000  3.910000E+017  4.100000E-001 -1.000000E+000 -1.000000E+000  1.000000E+000  1.000000E+000  4.100960E+008
  1.710000E+004  2.461493E+019  2.981500E+002  1.013250E+003 -1.000000E+000  3.910000E+017  4.100000E-001 -1.000000E+000 -1.000000E+000  1.000000E+000  1.000000E+000  3.945293E+008
  1.719000E+004  2.461493E+019  2.981500E+002  1.013250E+003 -1.000000E+000  3.910000E+017  4.100000E-001 -1.000000E+000 -1.000000E+000  1.000000E+000  1.000000E+000  3.825553E+008
  1.728000E+004  2.461493E+019  2.981500E+002  1.013250E+003 -1.000000E+000  3.910000E+017  4.100000E-001 -1.000000E+000 -1.000000E+000  1.000000E+000  1.000000E+000  3.731150E+008
  1.737000E+004  2.461493E+019  2.981500E+002  1.013250E+003 -1.000000E+000  3.910000E+017  4.100000E-001 -1.000000E+000 -1.000000E+000  1.000000E+000  1.000000E+000  3.656107E+008
  1.746000E+004  2.461493E+019  2.981500E+002  1.013250E+003 -1.000000E+000  3.910000E+017  4.100000E-001 -1.000000E+000 -1.000000E+000  1.000000E+000  1.000000E+000  3.596679E+008
  1.755000E+004  2.461493E+019  2.981500E+002  1.013250E+003 -1.000000E+000  3.910000E+017  4.100000E-001 -1.000000E+000 -1.000000E+000  1.000000E+000  1.000000E+000  3.550223E+008
  1.764000E+004  2.461493E+019  2.981500E+002  1.013250E+003 -1.000000E+000  3.910000E+017  4.100000E-001 -1.000000E+000 -1.000000E+000  1.000000E+000  1.000000E+000  3.514883E+008
  1.773000E+004  2.461493E+019  2.981500E+002  1.013250E+003 -1.000000E+000  3.910000E+017  4.100000E-001 -1.000000E+000 -1.000000E+000  1.000000E+000  1.000000E+000  3.489247E+008
  1.782000E+004  2.461493E+019  2.981500E+002  1.013250E+003 -1.000000E+000  3.910000E+017  4.100000E-001 -1.000000E+000 -1.000000E+000  1.000000E+000  1.000000E+000  3.472112E+008
  1.791000E+004  2.461493E+019  2.981500E+002  1.013250E+003 -1.000000E+000  3.910000E+017  4.100000E-001 -1.000000E+000 -1.000000E+000  1.000000E+000  1.000000E+000  3.462471E+008
  1.800000E+004  2.461493E+019  2.981500E+002  1.013250E+003 -1.000000E+000  3.910000E+017  4.100000E-001 -1.000000E+000 -1.000000E+000  1.000000E+000  1.000000E+000  3.459502E+008
  1.809000E+004  2.461493E+019  2.981500E+002  1.013250E+003 -1.000000E+000  3.910000E+017  4.100000E-001 -1.000000E+000 -1.000000E+000  1.000000E+000  1.000000E+000  3.462523E+008
  1.818000E+004  2.461493E+019  2.981500E+002  1.013250E+003 -1.000000E+000  3.910000E+017  4.100000E-001 -1.000000E+000 -1.000000E+000  1.000000E+000  1.000000E+000  3.470961E+008
  1.827000E+004  2.461493E+019  2.981500E+002  1.013250E+003 -1.000000E+000  3.910000E+017  4.100000E-001 -1.000000E+000 -1.000000E+000  1.000000E+000  1.000000E+000  3.484327E+008
  1.836000E+004  2.461493E+019  2.981500E+002  1.013250E+003 -1.000000E+000  3.910000E+017  4.100000E-001 -1.000000E+000 -1.000000E+000  1.000000E+000  1.000000E+000  3.502204E+008
  1.845000E+004  2.461493E+019  2.981500E+002  1.013250E+003 -1.000000E+000  3.910000E+017  4.100000E-001 -1.000000E+000 -1.000000E+000  1.000000E+000  1.000000E+000  3.524236E+008
  1.854000E+004  2.461493E+019  2.981500E+002  1.013250E+003 -1.000000E+000  3.910000E+017  4.100000E-001 -1.000000E+000 -1.000000E+000  1.000000E+000  1.000000E+000  3.550118E+008
  1.863000E+004  2.461493E+019  2.981500E+002  1.013250E+003 -1.000000E+000  3.910000E+017  4.100000E-001 -1.000000E+000 -1.000000E+000  1.000000E+000  1.000000E+000  3.579591E+008
  1.872000E+004  2.461493E+019  2.981500E+002  1.013250E+003 -1.000000E+000  3.910000E+017  4.100000E-001 -1.000000E+000 -1.000000E+000  1.000000E+000  1.000000E+000  3.612433E+008
  1.881000E+004  2.461493E+019  2.981500E+002  1.013250E+003 -1.000000E+000  3.910000E+017  4.100000E-001 -1.000000E+000 -1.000000E+000  1.000000E+000  1.000000E+000  3.648453E+008
  1.890000E+004  2.461493E+019  2.981500E+002  1.013250E+003 -1.000000E+000  3.910000E+017  4.100000E-001 -1.000000E+000 -1.000000E+000  1.000000E+000  1.000000E+000  3.687487E+008
  1.899000E+004  2.461493E+019  2.981500E+002  1.013250E+003 -1.000000E+000  3.910000E+017  4.100000E-001 -1.000000E+000 -1.000000E+000  1.000000E+000  1.000000E+000  3.729394E+008
  1.908000E+004  2.461493E+019  2.981500E+002  1.013250E+003 -1.000000E+000  3.910000E+017  4.100000E-001 -1.000000E+000 -1.000000E+000  1.000000E+000  1.000000E+000  3.774053E+008
  1.917000E+004  2.461493E+019  2.981500E+002  1.013250E+003 -1.000000E+000  3.910000E+017  4.100000E-001 -1.000000E+000 -1.000000E+000  1.000000E+000  1.000000E+000  3.821359E+008
  1.926000E+004  2.461493E+019  2.981500E+002  1.013250E+003 -1.000000E+000  3.910000E+017  4.100000E-001 -1.000000E+000 -1.000000E+000  1.000000E+000  1.000000E+000  3.871224E+008
  1.935000E+004  2.461493E+019  2.981500E+002  1.013250E+003 -1.000000E+000  3.910000E+017  4.100000E-001 -1.000000E+000 -1.000000E+000  1.000000E+000  1.000000E+000  3.923571E+008
  1.944000E+004  2.461493E+019  2.981500E+002  1.013250E+003 -1.000000E+000  3.910000E+017  4.100000E-001 -1.000000E+000 -1.000000E+000  1.000000E+000  1.000000E+000  3.978335E+008
  1.953000E+004  2.461493E+019  2.981500E+002  1.013250E+003 -1.000000E+000  3.910000E+017  4.100000E-001 -1.000000E+000 -1.000000E+000  1.000000E+000  1.000000E+000  4.035460E+008
  1.962000E+004  2.461493E+019  2.981500E+002  1.013250E+003 -1.000000E+000  3.910000E+017  4.100000E-001 -1.000000E+000 -1.000000E+000  1.000000E+000  1.000000E+000  4.094900E+008
  1.971000E+004  2.461493E+019  2.981500E+002  1.013250E+003 -1.000000E+000  3.910000E+017  4.100000E-001 -1.000000E+000 -1.000000E+000  1.000000E+000  1.000000E+000  4.156614E+008
  1.980000E+004  2.461493E+019  2.981500E+002  1.013250E+003 -1.000000E+000  3.910000E+017  4.100000E-001 -1.000000E+000 -1.000000E+000  1.000000E+000  1.000000E+000  4.220569E+008
  1.989000E+004  2.461493E+019  2.981500E+002  1.013250E+003 -1.000000E+000  3.910000E+017  4.100000E-001 -1.000000E+000 -1.000000E+000  1.000000E+000  1.000000E+000  4.286738E+008
  1.998000E+004  2.461493E+019  2.981500E+002  1.013250E+003 -1.000000E+000  3.910000E+017  4.100000E-001 -1.000000E+000 -1.000000E+000  1.000000E+000  1.000000E+000  4.355100E+008
  2.007000E+004  2.461493E+019  2.981500E+002  1.013250E+003 -1.000000E+000  3.910000E+017  4.100000E-001 -1.000000E+000 -1.000000E+000  1.000000E+000  1.000000E+000  4.425635E+008
  2.016000E+004  2.461493E+019  2.981500E+002  1.013250E+003 -1.000000E+000  3.910000E+017  4.100000E-001 -1.000000E+000 -1.000000E+000  1.000000E+000  1.000000E+000  4.498331E+008
  2.025000E+004  2.461493E+019  2.981500E+002  1.013250E+003 -1.000000E+000  3.910000E+017  4.100000E-001 -1.000000E+000 -1.000000E+000  1.000000E+000  1.000000E+000  4.573176E+008
  2.034000E+004  2.461493E+019  2.981500E+002  1.013250E+003 -1.000000E+000  3.910000E+017  4.100000E-001 -1.000000E+000 -1.000000E+000  1.000000E+000  1.000000E+000  4.650164E+008
  2.043000E+004  2.461493E+019  2.981500E+002  1.013250E+003 -1.000000E+000  3.910000E+017  4.100000E-001 -1.000000E+000 -1.000000E+000  1.000000E+000  1.000000E+000  4.729289E+008
  2.052000E+004  2.461493E+019  2.981500E+002  1.013250E+003 -1.000000E+000  3.910000E+017  4.100000E-001 -1.000000E+000 -1.000000E+000  1.000000E+000  1.000000E+000  4.810549E+008
  2.061000E+004  2.461493E+019  2.981500E+002  1.013250E+003 -1.000000E+000  3.910000E+017  4.100000E-001 -1.000000E+000 -1.000000E+000  1.000000E+000  1.000000E+000  4.893943E+008
  2.070000E+004  2.461493E+019  2.981500E+002  1.013250E+003 -1.000000E+000  3.910000E+017  4.100000E-001 -1.000000E+000 -1.000000E+000  1.000000E+000  1.000000E+000  4.979472E+008
  2.079000E+004  2.461493E+019  2.981500E+002  1.013250E+003 -1.000000E+000  3.910000E+017  4.100000E-001 -1.000000E+000 -1.000000E+000  1.000000E+000  1.000000E+000  5.067139E+008
  2.088000E+004  2.461493E+019  2.981500E+002  1.013250E+003 -1.000000E+000  3.910000E+017  4.100000E-001 -1.000000E+000 -1.000000E+000  1.000000E+000  1.000000E+000  5.156947E+008
  2.097000E+004  2.461493E+019  2.981500E+002  1.013250E+003 -1.000000E+000  3.910000E+017  4.100000E-001 -1.000000E+000 -1.000000E+000  1.000000E+000  1.000000E+000  5.248901E+008
  2.106000E+004  2.461493E+019  2.981500E+002  1.013250E+003 -1.000000E+000  3.910000E+017  4.100000E-001 -1.000000E+000 -1.000000E+000  1.000000E+000  1.000000E+000  5.343005E+008
  2.115000E+004  2.461493E+019  2.981500E+002  1.013250E+003 -1.000000E+000  3.910000E+017  4.100000E-001 -1.000000E+000 -1.000000E+000  1.000000E+000  1.000000E+000  5.439265E+008
  2.124000E+004  2.461493E+019  2.981500E+002  1.013250E+003 -1.000000E+000  3.910000E+017  4.100000E-001 -1.000000E+000 -1.000000E+000  1.000000E+000  1.000000E+000  5.537686E+008
  2.133000E+004  2.461493E+019  2.981500E+002  1.013250E+003 -1.000000E+000  3.910000E+017  4.100000E-001 -1.000000E+000 -1.000000E+000  1.000000E+000  1.000000E+000  5.638273E+008
  2.142000E+004  2.461493E+019  2.981500E+002  1.013250E+003 -1.000000E+000  3.910000E+017  4.100000E-001 -1.000000E+000 -1.000000E+000  1.000000E+000  1.000000E+000  5.741033E+008
  2.151000E+004  2.461493E+019  2.981500E+002  1.013250E+003 -1.000000E+000  3.910000E+017  4.100000E-001 -1.000000E+000 -1.000000E+000  1.000000E+000  1.000000E+000  5.845969E+008
  2.160000E+004  2.461493E+019  2.981500E+002  1.013250E+003 -1.000000E+000  3.910000E+017  4.100000E-001 -1.000000E+000 -1.000000E+000  1.000000E+000  1.000000E+000  5.953085E+008
  2.169000E+004  2.461493E+019  2.981500E+002  1.013250E+003 -1.000000E+000  3.910000E+017  4.100000E-001 -1.000000E+000 -1.000000E+000  1.000000E+000  1.000000E+000  6.062385E+008
  2.178000E+004  2.461493E+019  2.981500E+002  1.013250E+003 -1.000000E+000  3.910000E+017  4.100000E-001 -1.000000E+000 -1.000000E+000  1.000000E+000  1.000000E+000  6.173870E+008
  2.187000E+004  2.461493E+019  2.981500E+002  1.013250E+003 -1.000000E+000  3.910000E+017  4.100000E-001 -1.000000E+000 -1.000000E+000  1.000000E+000  1.000000E+000  6.287542E+008
  2.196000E+004  2.461493E+019  2.981500E+002  1.013250E+003 -1.000000E+000  3.910000E+017  4.100000E-001 -1.000000E+000 -1.000000E+000  1.000000E+000  1.000000E+000  6.403399E+008
  2.205000E+004  2.461493E+019  2.981500E+002  1.013250E+003 -1.000000E+000  3.910000E+017  4.100000E-001 -1.000000E+000 -1.000000E+000  1.000000E+000  1.000000E+000  6.521440E+008
  2.214000E+004  2.461493E+019  2.981500E+002  1.013250E+003 -1.000000E+000  3.910000E+017  4.100000E-001 -1.000000E+000 -1.000000E+000  1.000000E+000  1.000000E+000  6.641660E+008
  2.223000E+004  2.461493E+019  2.981500E+002  1.013250E+003 -1.000000E+000  3.910000E+017  4.100000E-001 -1.000000E+000 -1.000000E+000  1.000000E+000  1.000000E+000  6.764054E+008
  2.232000E+004  2.461493E+019  2.981500E+002  1.013250E+003 -1.000000E+000  3.910000E+017  4.100000E-001 -1.000000E+000 -1.000000E+000  1.000000E+000  1.000000E+000  6.888612E+008
  2.241000E+004  2.461493E+019  2.981500E+002  1.013250E+003 -1.000000E+000  3.910000E+017  4.100000E-001 -1.000000E+000 -1.000000E+000  1.000000E+000  1.000000E+000  7.015324E+008
  2.250000E+004  2.461493E+019  2.981500E+002  1.013250E+003 -1.000000E+000  3.910000E+017  4.100000E-001 -1.000000E+000 -1.000000E+000  1.000000E+000  1.000000E+000  7.144177E+008
  2.259000E+004  2.461493E+019  2.981500E+002  1.013250E+003 -1.000000E+000  3.910000E+017  4.100000E-001 -1.000000E+000 -1.000000E+000  1.000000E+000  1.000000E+000  7.275155E+008
  2.268000E+004  2.461493E+019  2.981500E+002  1.013250E+003 -1.000000E+000  3.910000E+017  4.100000E-001 -1.000000E+000 -1.000000E+000  1.000000E+000  1.000000E+000  7.408239E+008
  2.277000E+004  2.461493E+019  2.981500E+002  1.013250E+003 -1.000000E+000  3.910000E+017  4.100000E-001 -1.000000E+000 -1.000000E+000  1.000000E+000  1.000000E+000  7.543408E+008
  2.286000E+004  2.461493E+019  2.981500E+002  1.013250E+003 -1.000000E+000  3.910000E+017  4.100000E-001 -1.000000E+000 -1.000000E+000  1.000000E+000  1.000000E+000  7.680638E+008
  2.295000E+004  2.461493E+019  2.981500E+002  1.013250E+003 -1.000000E+000  3.910000E+017  4.100000E-001 -1.000000E+000 -1.000000E+000  1.000000E+000  1.000000E+000  7.819899E+008
  2.304000E+004  2.461493E+019  2.981500E+002  1.013250E+003 -1.000000E+000  3.910000E+017  4.100000E-001 -1.000000E+000 -1.000000E+000  1.000000E+000  1.000000E+000  7.961161E+008
  2.313000E+004  2.461493E+019  2.981500E+002  1.013250E+003 -1.000000E+000  3.910000E+017  4.100000E-001 -1.000000E+000 -1.000000E+000  1.000000E+000  1.000000E+000  8.104388E+008
  2.322000E+004  2.461493E+019  2.981500E+002  1.013250E+003 -1.000000E+000  3.910000E+017  4.100000E-001 -1.000000E+000 -1.000000E+000  1.000000E+000  1.000000E+000  8.249542E+008
  2.331000E+004  2.461493E+019  2.981500E+002  1.013250E+003 -1.000000E+000  3.910000E+017  4.100000E-001 -1.000000E+000 -1.000000E+000  1.000000E+000  1.000000E+000  8.396581E+008
  2.340000E+004  2.461493E+019  2.981500E+002  1.013250E+003 -1.000000E+000  3.910000E+017  4.100000E-001 -1.000000E+000 -1.000000E+000  1.000000E+000  1.000000E+000  8.545458E+008
  2.349000E+004  2.461493E+019  2.981500E+002  1.013250E+003 -1.000000E+000  3.910000E+017  4.100000E-001 -1.000000E+000 -1.000000E+000  1.000000E+000  1.000000E+000  8.696124E+008
  2.358000E+004  2.461493E+019  2.981500E+002  1.013250E+003 -1.000000E+000  3.910000E+017  4.100000E-001 -1.000000E+000 -1.000000E+000  1.000000E+000  1.000000E+000  8.848523E+008
  2.367000E+004  2.461493E+019  2.981500E+002  1.013250E+003 -1.000000E+000  3.910000E+017  4.100000E-001 -1.000000E+000 -1.000000E+000  1.000000E+000  1.000000E+000  9.002598E+008
  2.376000E+004  2.461493E+019  2.981500E+002  1.013250E+003 -1.000000E+000  3.910000E+017  4.100000E-001 -1.000000E+000 -1.000000E+000  1.000000E+000  1.000000E+000  9.158286E+008
  2.385000E+004  2.461493E+019  2.981500E+002  1.013250E+003 -1.000000E+000  3.910000E+017  4.100000E-001 -1.000000E+000 -1.000000E+000  1.000000E+000  1.000000E+000  9.315519E+008
  2.394000E+004  2.461493E+019  2.981500E+002  1.013250E+003 -1.000000E+000  3.910000E+017  4.100000E-001 -1.000000E+000 -1.000000E+000  1.000000E+000  1.000000E+000  9.474225E+008
  2.403000E+004  2.461493E+019  2.981500E+002  1.013250E+003 -1.000000E+000  3.910000E+017  4.100000E-001 -1.000000E+000 -1.000000E+000  1.000000E+000  1.000000E+000  9.634329E+008
  2.412000E+004  2.461493E+019  2.981500E+002  1.013250E+003 -1.000000E+000  3.910000E+017  4.100000E-001 -1.000000E+000 -1.000000E+000  1.000000E+000  1.000000E+000  9.795750E+008
  2.421000E+004  2.461493E+019  2.981500E+002  1.013250E+003 -1.000000E+000  3.910000E+017  4.100000E-001 -1.000000E+000 -1.000000E+000  1.000000E+000  1.000000E+000  9.958400E+008
  2.430000E+004  2.461493E+019  2.981500E+002  1.013250E+003 -1.000000E+000  3.910000E+017  4.100000E-001 -1.000000E+000 -1.000000E+000  1.000000E+000  1.000000E+000  1.012219E+009
  2.439000E+004  2.461493E+019  2.981500E+002  1.013250E+003 -1.000000E+000  3.910000E+017  4.100000E-001 -1.000000E+000 -1.000000E+000  1.000000E+000  1.000000E+000  1.028702E+009
  2.448000E+004  2.461493E+019  2.981500E+002  1.013250E+003 -1.000000E+000  3.910000E+017  4.100000E-001 -1.000000E+000 -1.000000E+000  1.000000E+000  1.000000E+000  1.045280E+009
  2.457000E+004  2.461493E+019  2.981500E+002  1.013250E+003 -1.000000E+000  3.910000E+017  4.100000E-001 -1.000000E+000 -1.000000E+000  1.000000E+000  1.000000E+000  1.061941E+009
  2.466000E+004  2.461493E+019  2.981500E+002  1.013250E+003 -1.000000E+000  3.910000E+017  4.100000E-001 -1.000000E+000 -1.000000E+000  1.000000E+000  1.000000E+000  1.078675E+009
  2.475000E+004  2.461493E+019  2.981500E+002  1.013250E+003 -1.000000E+000  3.910000E+017  4.100000E-001 -1.000000E+000 -1.000000E+000  1.000000E+000  1.000000E+000  1.095470E+009
  2.484000E+004  2.461493E+019  2.981500E+002  1.013250E+003 -1.000000E+000  3.910000E+017  4.100000E-001 -1.000000E+000 -1.000000E+000  1.000000E+000  1.000000E+000  1.112313E+009
  2.493000E+004  2.461493E+019  2.981500E+002  1.013250E+003 -1.000000E+000  3.910000E+017  4.100000E-001 -1.000000E+000 -1.000000E+000  1.000000E+000  1.000000E+000  1.129192E+009
  2.502000E+004  2.461493E+019  2.981500E+002  1.013250E+003 -1.000000E+000  3.910000E+017  4.100000E-001 -1.000000E+000 -1.000000E+000  1.000000E+000  1.000000E+000  1.146093E+009
  2.511000E+004  2.461493E+019  2.981500E+002  1.013250E+003 -1.000000E+000  3.910000E+017  4.100000E-001 -1.000000E+000 -1.000000E+000  1.000000E+000  1.000000E+000  1.163003E+009
  2.520000E+004  2.461493E+019  2.981500E+002  1.013250E+003 -1.000000E+000  3.910000E+017  4.100000E-001 -1.000000E+000 -1.000000E+000  1.000000E+000  1.000000E+000  1.179907E+009
  2.529000E+004  2.461493E+019  2.981500E+002  1.013250E+003 -1.000000E+000  3.910000E+017  4.100000E-001 -1.000000E+000 -1.000000E+000  1.000000E+000  1.000000E+000  1.196790E+009
  2.538000E+004  2.461493E+019  2.981500E+002  1.013250E+003 -1.000000E+000  3.910000E+017  4.100000E-001 -1.000000E+000 -1.000000E+000  1.000000E+000  1.000000E+000  1.213637E+009
  2.547000E+004  2.461493E+019  2.981500E+002  1.013250E+003 -1.000000E+000  3.910000E+017  4.100000E-001 -1.000000E+000 -1.000000E+000  1.000000E+000  1.000000E+000  1.230432E+009
  2.556000E+004  2.461493E+019  2.981500E+002  1.013250E+003 -1.000000E+000  3.910000E+017  4.100000E-001 -1.000000E+000 -1.000000E+000  1.000000E+000  1.000000E+000  1.247157E+009
  2.565000E+004  2.461493E+019  2.981500E+002  1.013250E+003 -1.000000E+000  3.910000E+017  4.100000E-001 -1.000000E+000 -1.000000E+000  1.000000E+000  1.000000E+000  1.263797E+009
  2.574000E+004  2.461493E+019  2.981500E+002  1.013250E+003 -1.000000E+000  3.910000E+017  4.100000E-001 -1.000000E+000 -1.000000E+000  1.000000E+000  1.000000E+000  1.280333E+009
  2.583000E+004  2.461493E+019  2.981500E+002  1.013250E+003 -1.000000E+000  3.910000E+017  4.100000E-001 -1.000000E+000 -1.000000E+000  1.000000E+000  1.000000E+000  1.296749E+009
  2.592000E+004  2.461493E+019  2.981500E+002  1.013250E+003 -1.000000E+000  3.910000E+017  4.100000E-001 -1.000000E+000 -1.000000E+000  1.000000E+000  1.000000E+000  1.313024E+009
  2.601000E+004  2.461493E+019  2.981500E+002  1.013250E+003 -1.000000E+000  3.910000E+017  4.100000E-001 -1.000000E+000 -1.000000E+000  1.000000E+000  1.000000E+000  1.329143E+009
  2.610000E+004  2.461493E+019  2.981500E+002  1.013250E+003 -1.000000E+000  3.910000E+017  4.100000E-001 -1.000000E+000 -1.000000E+000  1.000000E+000  1.000000E+000  1.345084E+009
  2.619000E+004  2.461493E+019  2.981500E+002  1.013250E+003 -1.000000E+000  3.910000E+017  4.100000E-001 -1.000000E+000 -1.000000E+000  1.000000E+000  1.000000E+000  1.360830E+009
  2.628000E+004  2.461493E+019  2.981500E+002  1.013250E+003 -1.000000E+000  3.910000E+017  4.100000E-001 -1.000000E+000 -1.000000E+000  1.000000E+000  1.000000E+000  1.376362E+009
  2.637000E+004  2.461493E+019  2.981500E+002  1.013250E+003 -1.000000E+000  3.910000E+017  4.100000E-001 -1.000000E+000 -1.000000E+000  1.000000E+000  1.000000E+000  1.391660E+009
  2.646000E+004  2.461493E+019  2.981500E+002  1.013250E+003 -1.000000E+000  3.910000E+017  4.100000E-001 -1.000000E+000 -1.000000E+000  1.000000E+000  1.000000E+000  1.406707E+009
  2.655000E+004  2.461493E+019  2.981500E+002  1.013250E+003 -1.000000E+000  3.910000E+017  4.100000E-001 -1.000000E+000 -1.000000E+000  1.000000E+000  1.000000E+000  1.421482E+009
  2.664000E+004  2.461493E+019  2.981500E+002  1.013250E+003 -1.000000E+000  3.910000E+017  4.100000E-001 -1.000000E+000 -1.000000E+000  1.000000E+000  1.000000E+000  1.435968E+009
  2.673000E+004  2.461493E+019  2.981500E+002  1.013250E+003 -1.000000E+000  3.910000E+017  4.100000E-001 -1.000000E+000 -1.000000E+000  1.000000E+000  1.000000E+000  1.450146E+009
  2.682000E+004  2.461493E+019  2.981500E+002  1.013250E+003 -1.000000E+000  3.910000E+017  4.100000E-001 -1.000000E+000 -1.000000E+000  1.000000E+000  1.000000E+000  1.463999E+009
  2.691000E+004  2.461493E+019  2.981500E+002  1.013250E+003 -1.000000E+000  3.910000E+017  4.100000E-001 -1.000000E+000 -1.000000E+000  1.000000E+000  1.000000E+000  1.477511E+009
  2.700000E+004  2.461493E+019  2.981500E+002  1.013250E+003 -1.000000E+000  3.910000E+017  4.100000E-001 -1.000000E+000 -1.000000E+000  1.000000E+000  1.000000E+000  1.490664E+009
  2.709000E+004  2.461493E+019  2.981500E+002  1.013250E+003 -1.000000E+000  3.910000E+017  4.100000E-001 -1.000000E+000 -1.000000E+000  1.000000E+000  1.000000E+000  1.503444E+009
  2.718000E+004  2.461493E+019  2.981500E+002  1.013250E+003 -1.000000E+000  3.910000E+017  4.100000E-001 -1.000000E+000 -1.000000E+000  1.000000E+000  1.000000E+000  1.515835E+009
  2.727000E+004  2.461493E+019  2.981500E+002  1.013250E+003 -1.000000E+000  3.910000E+017  4.100000E-001 -1.000000E+000 -1.000000E+000  1.000000E+000  1.000000E+000  1.527825E+009
  2.736000E+004  2.461493E+019  2.981500E+002  1.013250E+003 -1.000000E+000  3.910000E+017  4.100000E-001 -1.000000E+000 -1.000000E+000  1.000000E+000  1.000000E+000  1.539401E+009
  2.745000E+004  2.461493E+019  2.981500E+002  1.013250E+003 -1.000000E+000  3.910000E+017  4.100000E-001 -1.000000E+000 -1.000000E+000  1.000000E+000  1.000000E+000  1.550552E+009
  2.754000E+004  2.461493E+019  2.981500E+002  1.013250E+003 -1.000000E+000  3.910000E+017  4.100000E-001 -1.000000E+000 -1.000000E+000  1.000000E+000  1.000000E+000  1.561267E+009
  2.763000E+004  2.461493E+019  2.981500E+002  1.013250E+003 -1.000000E+000  3.910000E+017  4.100000E-001 -1.000000E+000 -1.000000E+000  1.000000E+000  1.000000E+000  1.571539E+009
  2.772000E+004  2.461493E+019  2.981500E+002  1.013250E+003 -1.000000E+000  3.910000E+017  4.100000E-001 -1.000000E+000 -1.000000E+000  1.000000E+000  1.000000E+000  1.581360E+009
  2.781000E+004  2.461493E+019  2.981500E+002  1.013250E+003 -1.000000E+000  3.910000E+017  4.100000E-001 -1.000000E+000 -1.000000E+000  1.000000E+000  1.000000E+000  1.590725E+009
  2.790000E+004  2.461493E+019  2.981500E+002  1.013250E+003 -1.000000E+000  3.910000E+017  4.100000E-001 -1.000000E+000 -1.000000E+000  1.000000E+000  1.000000E+000  1.599628E+009
  2.799000E+004  2.461493E+019  2.981500E+002  1.013250E+003 -1.000000E+000  3.910000E+017  4.100000E-001 -1.000000E+000 -1.000000E+000  1.000000E+000  1.000000E+000  1.608068E+009
  2.808000E+004  2.461493E+019  2.981500E+002  1.013250E+003 -1.000000E+000  3.910000E+017  4.100000E-001 -1.000000E+000 -1.000000E+000  1.000000E+000  1.000000E+000  1.616042E+009
  2.817000E+004  2.461493E+019  2.981500E+002  1.013250E+003 -1.000000E+000  3.910000E+017  4.100000E-001 -1.000000E+000 -1.000000E+000  1.000000E+000  1.000000E+000  1.623551E+009
  2.826000E+004  2.461493E+019  2.981500E+002  1.013250E+003 -1.000000E+000  3.910000E+017  4.100000E-001 -1.000000E+000 -1.000000E+000  1.000000E+000  1.000000E+000  1.630596E+009
  2.835000E+004  2.461493E+019  2.981500E+002  1.013250E+003 -1.000000E+000  3.910000E+017  4.100000E-001 -1.000000E+000 -1.000000E+000  1.000000E+000  1.000000E+000  1.637179E+009
  2.844000E+004  2.461493E+019  2.981500E+002  1.013250E+003 -1.000000E+000  3.910000E+017  4.100000E-001 -1.000000E+000 -1.000000E+000  1.000000E+000  1.000000E+000  1.643306E+009
  2.853000E+004  2.461493E+019  2.981500E+002  1.013250E+003 -1.000000E+000  3.910000E+017  4.100000E-001 -1.000000E+000 -1.000000E+000  1.000000E+000  1.000000E+000  1.648981E+009
  2.862000E+004  2.461493E+019  2.981500E+002  1.013250E+003 -1.000000E+000  3.910000E+017  4.100000E-001 -1.000000E+000 -1.000000E+000  1.000000E+000  1.000000E+000  1.654211E+009
  2.871000E+004  2.461493E+019  2.981500E+002  1.013250E+003 -1.000000E+000  3.910000E+017  4.100000E-001 -1.000000E+000 -1.000000E+000  1.000000E+000  1.000000E+000  1.659003E+009
  2.880000E+004  2.461493E+019  2.981500E+002  1.013250E+003 -1.000000E+000  3.910000E+017  4.100000E-001 -1.000000E+000 -1.000000E+000  1.000000E+000  1.000000E+000  1.663366E+009
  2.889000E+004  2.461493E+019  2.981500E+002  1.013250E+003 -1.000000E+000  3.910000E+017  4.100000E-001 -1.000000E+000 -1.000000E+000  1.000000E+000  1.000000E+000  1.667310E+009
  2.898000E+004  2.461493E+019  2.981500E+002  1.013250E+003 -1.000000E+000  3.910000E+017  4.100000E-001 -1.000000E+000 -1.000000E+000  1.000000E+000  1.000000E+000  1.670845E+009
  2.907000E+004  2.461493E+019  2.981500E+002  1.013250E+003 -1.000000E+000  3.910000E+017  4.100000E-001 -1.000000E+000 -1.000000E+000  1.000000E+000  1.000000E+000  1.673982E+009
  2.916000E+004  2.461493E+019  2.981500E+002  1.013250E+003 -1.000000E+000  3.910000E+017  4.100000E-001 -1.000000E+000 -1.000000E+000  1.000000E+000  1.000000E+000  1.676733E+009
  2.925000E+004  2.461493E+019  2.981500E+002  1.013250E+003 -1.000000E+000  3.910000E+017  4.100000E-001 -1.000000E+000 -1.000000E+000  1.000000E+000  1.000000E+000  1.679110E+009
  2.934000E+004  2.461493E+019  2.981500E+002  1.013250E+003 -1.000000E+000  3.910000E+017  4.100000E-001 -1.000000E+000 -1.000000E+000  1.000000E+000  1.000000E+000  1.681126E+009
  2.943000E+004  2.461493E+019  2.981500E+002  1.013250E+003 -1.000000E+000  3.910000E+017  4.100000E-001 -1.000000E+000 -1.000000E+000  1.000000E+000  1.000000E+000  1.682795E+009
  2.952000E+004  2.461493E+019  2.981500E+002  1.013250E+003 -1.000000E+000  3.910000E+017  4.100000E-001 -1.000000E+000 -1.000000E+000  1.000000E+000  1.000000E+000  1.684129E+009
  2.961000E+004  2.461493E+019  2.981500E+002  1.013250E+003 -1.000000E+000  3.910000E+017  4.100000E-001 -1.000000E+000 -1.000000E+000  1.000000E+000  1.000000E+000  1.685143E+009
  2.970000E+004  2.461493E+019  2.981500E+002  1.013250E+003 -1.000000E+000  3.910000E+017  4.100000E-001 -1.000000E+000 -1.000000E+000  1.000000E+000  1.000000E+000  1.685849E+009
  2.979000E+004  2.461493E+019  2.981500E+002  1.013250E+003 -1.000000E+000  3.910000E+017  4.100000E-001 -1.000000E+000 -1.000000E+000  1.000000E+000  1.000000E+000  1.686263E+009
  2.988000E+004  2.461493E+019  2.981500E+002  1.013250E+003 -1.000000E+000  3.910000E+017  4.100000E-001 -1.000000E+000 -1.000000E+000  1.000000E+000  1.000000E+000  1.686397E+009
  2.997000E+004  2.461493E+019  2.981500E+002  1.013250E+003 -1.000000E+000  3.910000E+017  4.100000E-001 -1.000000E+000 -1.000000E+000  1.000000E+000  1.000000E+000  1.686265E+009
  3.006000E+004  2.461493E+019  2.981500E+002  1.013250E+003 -1.000000E+000  3.910000E+017  4.100000E-001 -1.000000E+000 -1.000000E+000  1.000000E+000  1.000000E+000  1.685881E+009
  3.015000E+004  2.461493E+019  2.981500E+002  1.013250E+003 -1.000000E+000  3.910000E+017  4.100000E-001 -1.000000E+000 -1.000000E+000  1.000000E+000  1.000000E+000  1.685258E+009
  3.024000E+004  2.461493E+019  2.981500E+002  1.013250E+003 -1.000000E+000  3.910000E+017  4.100000E-001 -1.000000E+000 -1.000000E+000  1.000000E+000  1.000000E+000  1.684410E+009
  3.033000E+004  2.461493E+019  2.981500E+002  1.013250E+003 -1.000000E+000  3.910000E+017  4.100000E-001 -1.000000E+000 -1.000000E+000  1.000000E+000  1.000000E+000  1.683349E+009
  3.042000E+004  2.461493E+019  2.981500E+002  1.013250E+003 -1.000000E+000  3.910000E+017  4.100000E-001 -1.000000E+000 -1.000000E+000  1.000000E+000  1.000000E+000  1.682088E+009
  3.051000E+004  2.461493E+019  2.981500E+002  1.013250E+003 -1.000000E+000  3.910000E+017  4.100000E-001 -1.000000E+000 -1.000000E+000  1.000000E+000  1.000000E+000  1.680638E+009
  3.060000E+004  2.461493E+019  2.981500E+002  1.013250E+003 -1.000000E+000  3.910000E+017  4.100000E-001 -1.000000E+000 -1.000000E+000  1.000000E+000  1.000000E+000  1.679013E+009
  3.069000E+004  2.461493E+019  2.981500E+002  1.013250E+003 -1.000000E+000  3.910000E+017  4.100000E-001 -1.000000E+000 -1.000000E+000  1.000000E+000  1.000000E+000  1.677222E+009
  3.078000E+004  2.461493E+019  2.981500E+002  1.013250E+003 -1.000000E+000  3.910000E+017  4.100000E-001 -1.000000E+000 -1.000000E+000  1.000000E+000  1.000000E+000  1.675278E+009
  3.087000E+004  2.461493E+019  2.981500E+002  1.013250E+003 -1.000000E+000  3.910000E+017  4.100000E-001 -1.000000E+000 -1.000000E+000  1.000000E+000  1.000000E+000  1.673191E+009
  3.096000E+004  2.461493E+019  2.981500E+002  1.013250E+003 -1.000000E+000  3.910000E+017  4.100000E-001 -1.000000E+000 -1.000000E+000  1.000000E+000  1.000000E+000  1.670971E+009
  3.105000E+004  2.461493E+019  2.981500E+002  1.013250E+003 -1.000000E+000  3.910000E+017  4.100000E-001 -1.000000E+000 -1.000000E+000  1.000000E+000  1.000000E+000  1.668628E+009
  3.114000E+004  2.461493E+019  2.981500E+002  1.013250E+003 -1.000000E+000  3.910000E+017  4.100000E-001 -1.000000E+000 -1.000000E+000  1.000000E+000  1.000000E+000  1.666172E+009
  3.123000E+004  2.461493E+019  2.981500E+002  1.013250E+003 -1.000000E+000  3.910000E+017  4.100000E-001 -1.000000E+000 -1.000000E+000  1.000000E+000  1.000000E+000  1.663611E+009
  3.132000E+004  2.461493E+019  2.981500E+002  1.013250E+003 -1.000000E+000  3.910000E+017  4.100000E-001 -1.000000E+000 -1.000000E+000  1.000000E+000  1.000000E+000  1.660954E+009
  3.141000E+004  2.461493E+019  2.981500E+002  1.013250E+003 -1.000000E+000  3.910000E+017  4.100000E-001 -1.000000E+000 -1.000000E+000  1.000000E+000  1.000000E+000  1.658209E+009
  3.150000E+004  2.461493E+019  2.981500E+002  1.013250E+003 -1.000000E+000  3.910000E+017  4.100000E-001 -1.000000E+000 -1.000000E+000  1.000000E+000  1.000000E+000  1.655384E+009
  3.159000E+004  2.461493E+019  2.981500E+002  1.013250E+003 -1.000000E+000  3.910000E+017  4.100000E-001 -1.000000E+000 -1.000000E+000  1.000000E+000  1.000000E+000  1.652486E+009
  3.168000E+004  2.461493E+019  2.981500E+002  1.013250E+003 -1.000000E+000  3.910000E+017  4.100000E-001 -1.000000E+000 -1.000000E+000  1.000000E+000  1.000000E+000  1.649523E+009
  3.177000E+004  2.461493E+019  2.981500E+002  1.013250E+003 -1.000000E+000  3.910000E+017  4.100000E-001 -1.000000E+000 -1.000000E+000  1.000000E+000  1.000000E+000  1.646501E+009
  3.186000E+004  2.461493E+019  2.981500E+002  1.013250E+003 -1.000000E+000  3.910000E+017  4.100000E-001 -1.000000E+000 -1.000000E+000  1.000000E+000  1.000000E+000  1.643425E+009
  3.195000E+004  2.461493E+019  2.981500E+002  1.013250E+003 -1.000000E+000  3.910000E+017  4.100000E-001 -1.000000E+000 -1.000000E+000  1.000000E+000  1.000000E+000  1.640303E+009
  3.204000E+004  2.461493E+019  2.981500E+002  1.013250E+003 -1.000000E+000  3.910000E+017  4.100000E-001 -1.000000E+000 -1.000000E+000  1.000000E+000  1.000000E+000  1.637139E+009
  3.213000E+004  2.461493E+019  2.981500E+002  1.013250E+003 -1.000000E+000  3.910000E+017  4.100000E-001 -1.000000E+000 -1.000000E+000  1.000000E+000  1.000000E+000  1.633939E+009
  3.222000E+004  2.461493E+019  2.981500E+002  1.013250E+003 -1.000000E+000  3.910000E+017  4.100000E-001 -1.000000E+000 -1.000000E+000  1.000000E+000  1.000000E+000  1.630707E+009
  3.231000E+004  2.461493E+019  2.981500E+002  1.013250E+003 -1.000000E+000  3.910000E+017  4.100000E-001 -1.000000E+000 -1.000000E+000  1.000000E+000  1.000000E+000  1.627448E+009
  3.240000E+004  2.461493E+019  2.981500E+002  1.013250E+003 -1.000000E+000  3.910000E+017  4.100000E-001 -1.000000E+000 -1.000000E+000  1.000000E+000  1.000000E+000  1.624166E+009
  3.249000E+004  2.461493E+019  2.981500E+002  1.013250E+003 -1.000000E+000  3.910000E+017  4.100000E-001 -1.000000E+000 -1.000000E+000  1.000000E+000  1.000000E+000  1.620866E+009
  3.258000E+004  2.461493E+019  2.981500E+002  1.013250E+003 -1.000000E+000  3.910000E+017  4.100000E-001 -1.000000E+000 -1.000000E+000  1.000000E+000  1.000000E+000  1.617551E+009
  3.267000E+004  2.461493E+019  2.981500E+002  1.013250E+003 -1.000000E+000  3.910000E+017  4.100000E-001 -1.000000E+000 -1.000000E+000  1.000000E+000  1.000000E+000  1.614224E+009
  3.276000E+004  2.461493E+019  2.981500E+002  1.013250E+003 -1.000000E+000  3.910000E+017  4.100000E-001 -1.000000E+000 -1.000000E+000  1.000000E+000  1.000000E+000  1.610889E+009
  3.285000E+004  2.461493E+019  2.981500E+002  1.013250E+003 -1.000000E+000  3.910000E+017  4.100000E-001 -1.000000E+000 -1.000000E+000  1.000000E+000  1.000000E+000  1.607548E+009
  3.294000E+004  2.461493E+019  2.981500E+002  1.013250E+003 -1.000000E+000  3.910000E+017  4.100000E-001 -1.000000E+000 -1.000000E+000  1.000000E+000  1.000000E+000  1.604205E+009
  3.303000E+004  2.461493E+019  2.981500E+002  1.013250E+003 -1.000000E+000  3.910000E+017  4.100000E-001 -1.000000E+000 -1.000000E+000  1.000000E+000  1.000000E+000  1.600862E+009
  3.312000E+004  2.461493E+019  2.981500E+002  1.013250E+003 -1.000000E+000  3.910000E+017  4.100000E-001 -1.000000E+000 -1.000000E+000  1.000000E+000  1.000000E+000  1.597521E+009
  3.321000E+004  2.461493E+019  2.981500E+002  1.013250E+003 -1.000000E+000  3.910000E+017  4.100000E-001 -1.000000E+000 -1.000000E+000  1.000000E+000  1.000000E+000  1.594184E+009
  3.330000E+004  2.461493E+019  2.981500E+002  1.013250E+003 -1.000000E+000  3.910000E+017  4.100000E-001 -1.000000E+000 -1.000000E+000  1.000000E+000  1.000000E+000  1.590854E+009
  3.339000E+004  2.461493E+019  2.981500E+002  1.013250E+003 -1.000000E+000  3.910000E+017  4.100000E-001 -1.000000E+000 -1.000000E+000  1.000000E+000  1.000000E+000  1.587531E+009
  3.348000E+004  2.461493E+019  2.981500E+002  1.013250E+003 -1.000000E+000  3.910000E+017  4.100000E-001 -1.000000E+000 -1.000000E+000  1.000000E+000  1.000000E+000  1.584218E+009
  3.357000E+004  2.461493E+019  2.981500E+002  1.013250E+003 -1.000000E+000  3.910000E+017  4.100000E-001 -1.000000E+000 -1.000000E+000  1.000000E+000  1.000000E+000  1.580917E+009
  3.366000E+004  2.461493E+019  2.981500E+002  1.013250E+003 -1.000000E+000  3.910000E+017  4.100000E-001 -1.000000E+000 -1.000000E+000  1.000000E+000  1.000000E+000  1.577628E+009
  3.375000E+004  2.461493E+019  2.981500E+002  1.013250E+003 -1.000000E+000  3.910000E+017  4.100000E-001 -1.000000E+000 -1.000000E+000  1.000000E+000  1.000000E+000  1.574352E+009
  3.384000E+004  2.461493E+019  2.981500E+002  1.013250E+003 -1.000000E+000  3.910000E+017  4.100000E-001 -1.000000E+000 -1.000000E+000  1.000000E+000  1.000000E+000  1.571091E+009
  3.393000E+004  2.461493E+019  2.981500E+002  1.013250E+003 -1.000000E+000  3.910000E+017  4.100000E-001 -1.000000E+000 -1.000000E+000  1.000000E+000  1.000000E+000  1.567846E+009
  3.402000E+004  2.461493E+019  2.981500E+002  1.013250E+003 -1.000000E+000  3.910000E+017  4.100000E-001 -1.000000E+000 -1.000000E+000  1.000000E+000  1.000000E+000  1.564617E+009
  3.411000E+004  2.461493E+019  2.981500E+002  1.013250E+003 -1.000000E+000  3.910000E+017  4.100000E-001 -1.000000E+000 -1.000000E+000  1.000000E+000  1.000000E+000  1.561405E+009
  3.420000E+004  2.461493E+019  2.981500E+002  1.013250E+003 -1.000000E+000  3.910000E+017  4.100000E-001 -1.000000E+000 -1.000000E+000  1.000000E+000  1.000000E+000  1.558211E+009
  3.429000E+004  2.461493E+019  2.981500E+002  1.013250E+003 -1.000000E+000  3.910000E+017  4.100000E-001 -1.000000E+000 -1.000000E+000  1.000000E+000  1.000000E+000  1.555035E+009
  3.438000E+004  2.461493E+019  2.981500E+002  1.013250E+003 -1.000000E+000  3.910000E+017  4.100000E-001 -1.000000E+000 -1.000000E+000  1.000000E+000  1.000000E+000  1.551877E+009
  3.447000E+004  2.461493E+019  2.981500E+002  1.013250E+003 -1.000000E+000  3.910000E+017  4.100000E-001 -1.000000E+000 -1.000000E+000  1.000000E+000  1.000000E+000  1.548738E+009
  3.456000E+004  2.461493E+019  2.981500E+002  1.013250E+003 -1.000000E+000  3.910000E+017  4.100000E-001 -1.000000E+000 -1.000000E+000  1.000000E+000  1.000000E+000  1.545619E+009
  3.465000E+004  2.461493E+019  2.981500E+002  1.013250E+003 -1.000000E+000  3.910000E+017  4.100000E-001 -1.000000E+000 -1.000000E+000  1.000000E+000  1.000000E+000  1.542519E+009
  3.474000E+004  2.461493E+019  2.981500E+002  1.013250E+003 -1.000000E+000  3.910000E+017  4.100000E-001 -1.000000E+000 -1.000000E+000  1.000000E+000  1.000000E+000  1.539438E+009
  3.483000E+004  2.461493E+019  2.981500E+002  1.013250E+003 -1.000000E+000  3.910000E+017  4.100000E-001 -1.000000E+000 -1.000000E+000  1.000000E+000  1.000000E+000  1.536377E+009
  3.492000E+004  2.461493E+019  2.981500E+002  1.013250E+003 -1.000000E+000  3.910000E+017  4.100000E-001 -1.000000E+000 -1.000000E+000  1.000000E+000  1.000000E+000  1.533335E+009
  3.501000E+004  2.461493E+019  2.981500E+002  1.013250E+003 -1.000000E+000  3.910000E+017  4.100000E-001 -1.000000E+000 -1.000000E+000  1.000000E+000  1.000000E+000  1.530313E+009
  3.510000E+004  2.461493E+019  2.981500E+002  1.013250E+003 -1.000000E+000  3.910000E+017  4.100000E-001 -1.000000E+000 -1.000000E+000  1.000000E+000  1.000000E+000  1.527309E+009
  3.519000E+004  2.461493E+019  2.981500E+002  1.013250E+003 -1.000000E+000  3.910000E+017  4.100000E-001 -1.000000E+000 -1.000000E+000  1.000000E+000  1.000000E+000  1.524325E+009
  3.528000E+004  2.461493E+019  2.981500E+002  1.013250E+003 -1.000000E+000  3.910000E+017  4.100000E-001 -1.000000E+000 -1.000000E+000  1.000000E+000  1.000000E+000  1.521360E+009
  3.537000E+004  2.461493E+019  2.981500E+002  1.013250E+003 -1.000000E+000  3.910000E+017  4.100000E-001 -1.000000E+000 -1.000000E+000  1.000000E+000  1.000000E+000  1.518413E+009
  3.546000E+004  2.461493E+019  2.981500E+002  1.013250E+003 -1.000000E+000  3.910000E+017  4.100000E-001 -1.000000E+000 -1.000000E+000  1.000000E+000  1.000000E+000  1.515484E+009
  3.555000E+004  2.461493E+019  2.981500E+002  1.013250E+003 -1.000000E+000  3.910000E+017  4.100000E-001 -1.000000E+000 -1.000000E+000  1.000000E+000  1.000000E+000  1.512573E+009
  3.564000E+004  2.461493E+019  2.981500E+002  1.013250E+003 -1.000000E+000  3.910000E+017  4.100000E-001 -1.000000E+000 -1.000000E+000  1.000000E+000  1.000000E+000  1.509679E+009
  3.573000E+004  2.461493E+019  2.981500E+002  1.013250E+003 -1.000000E+000  3.910000E+017  4.100000E-001 -1.000000E+000 -1.000000E+000  1.000000E+000  1.000000E+000  1.506803E+009
  3.582000E+004  2.461493E+019  2.981500E+002  1.013250E+003 -1.000000E+000  3.910000E+017  4.100000E-001 -1.000000E+000 -1.000000E+000  1.000000E+000  1.000000E+000  1.503943E+009
  3.591000E+004  2.461493E+019  2.981500E+002  1.013250E+003 -1.000000E+000  3.910000E+017  4.100000E-001 -1.000000E+000 -1.000000E+000  1.000000E+000  1.000000E+000  1.501099E+009
  3.600000E+004  2.461493E+019  2.981500E+002  1.013250E+003 -1.000000E+000  3.910000E+017  4.100000E-001 -1.000000E+000 -1.000000E+000  1.000000E+000  1.000000E+000  1.498271E+009
  3.609000E+004  2.461493E+019  2.981500E+002  1.013250E+003 -1.000000E+000  3.910000E+017  4.100000E-001 -1.000000E+000 -1.000000E+000  1.000000E+000  1.000000E+000  1.495458E+009
  3.618000E+004  2.461493E+019  2.981500E+002  1.013250E+003 -1.000000E+000  3.910000E+017  4.100000E-001 -1.000000E+000 -1.000000E+000  1.000000E+000  1.000000E+000  1.492660E+009
  3.627000E+004  2.461493E+019  2.981500E+002  1.013250E+003 -1.000000E+000  3.910000E+017  4.100000E-001 -1.000000E+000 -1.000000E+000  1.000000E+000  1.000000E+000  1.489875E+009
  3.636000E+004  2.461493E+019  2.981500E+002  1.013250E+003 -1.000000E+000  3.910000E+017  4.100000E-001 -1.000000E+000 -1.000000E+000  1.000000E+000  1.000000E+000  1.487104E+009
  3.645000E+004  2.461493E+019  2.981500E+002  1.013250E+003 -1.000000E+000  3.910000E+017  4.100000E-001 -1.000000E+000 -1.000000E+000  1.000000E+000  1.000000E+000  1.484347E+009
  3.654000E+004  2.461493E+019  2.981500E+002  1.013250E+003 -1.000000E+000  3.910000E+017  4.100000E-001 -1.000000E+000 -1.000000E+000  1.000000E+000  1.000000E+000  1.481601E+009
  3.663000E+004  2.461493E+019  2.981500E+002  1.013250E+003 -1.000000E+000  3.910000E+017  4.100000E-001 -1.000000E+000 -1.000000E+000  1.000000E+000  1.000000E+000  1.478867E+009
  3.672000E+004  2.461493E+019  2.981500E+002  1.013250E+003 -1.000000E+000  3.910000E+017  4.100000E-001 -1.000000E+000 -1.000000E+000  1.000000E+000  1.000000E+000  1.476145E+009
  3.681000E+004  2.461493E+019  2.981500E+002  1.013250E+003 -1.000000E+000  3.910000E+017  4.100000E-001 -1.000000E+000 -1.000000E+000  1.000000E+000  1.000000E+000  1.473433E+009
  3.690000E+004  2.461493E+019  2.981500E+002  1.013250E+003 -1.000000E+000  3.910000E+017  4.100000E-001 -1.000000E+000 -1.000000E+000  1.000000E+000  1.000000E+000  1.470731E+009
  3.699000E+004  2.461493E+019  2.981500E+002  1.013250E+003 -1.000000E+000  3.910000E+017  4.100000E-001 -1.000000E+000 -1.000000E+000  1.000000E+000  1.000000E+000  1.468038E+009
  3.708000E+004  2.461493E+019  2.981500E+002  1.013250E+003 -1.000000E+000  3.910000E+017  4.100000E-001 -1.000000E+000 -1.000000E+000  1.000000E+000  1.000000E+000  1.465355E+009
  3.717000E+004  2.461493E+019  2.981500E+002  1.013250E+003 -1.000000E+000  3.910000E+017  4.100000E-001 -1.000000E+000 -1.000000E+000  1.000000E+000  1.000000E+000  1.462679E+009
  3.726000E+004  2.461493E+019  2.981500E+002  1.013250E+003 -1.000000E+000  3.910000E+017  4.100000E-001 -1.000000E+000 -1.000000E+000  1.000000E+000  1.000000E+000  1.460011E+009
  3.735000E+004  2.461493E+019  2.981500E+002  1.013250E+003 -1.000000E+000  3.910000E+017  4.100000E-001 -1.000000E+000 -1.000000E+000  1.000000E+000  1.000000E+000  1.457349E+009
  3.744000E+004  2.461493E+019  2.981500E+002  1.013250E+003 -1.000000E+000  3.910000E+017  4.100000E-001 -1.000000E+000 -1.000000E+000  1.000000E+000  1.000000E+000  1.454694E+009
  3.753000E+004  2.461493E+019  2.981500E+002  1.013250E+003 -1.000000E+000  3.910000E+017  4.100000E-001 -1.000000E+000 -1.000000E+000  1.000000E+000  1.000000E+000  1.452045E+009
  3.762000E+004  2.461493E+019  2.981500E+002  1.013250E+003 -1.000000E+000  3.910000E+017  4.100000E-001 -1.000000E+000 -1.000000E+000  1.000000E+000  1.000000E+000  1.449401E+009
  3.771000E+004  2.461493E+019  2.981500E+002  1.013250E+003 -1.000000E+000  3.910000E+017  4.100000E-001 -1.000000E+000 -1.000000E+000  1.000000E+000  1.000000E+000  1.446761E+009
  3.780000E+004  2.461493E+019  2.981500E+002  1.013250E+003 -1.000000E+000  3.910000E+017  4.100000E-001 -1.000000E+000 -1.000000E+000  1.000000E+000  1.000000E+000  1.444126E+009
  3.789000E+004  2.461493E+019  2.981500E+002  1.013250E+003 -1.000000E+000  3.910000E+017  4.100000E-001 -1.000000E+000 -1.000000E+000  1.000000E+000  1.000000E+000  1.441493E+009
  3.798000E+004  2.461493E+019  2.981500E+002  1.013250E+003 -1.000000E+000  3.910000E+017  4.100000E-001 -1.000000E+000 -1.000000E+000  1.000000E+000  1.000000E+000  1.438864E+009
  3.807000E+004  2.461493E+019  2.981500E+002  1.013250E+003 -1.000000E+000  3.910000E+017  4.100000E-001 -1.000000E+000 -1.000000E+000  1.000000E+000  1.000000E+000  1.436237E+009
  3.816000E+004  2.461493E+019  2.981500E+002  1.013250E+003 -1.000000E+000  3.910000E+017  4.100000E-001 -1.000000E+000 -1.000000E+000  1.000000E+000  1.000000E+000  1.433611E+009
  3.825000E+004  2.461493E+019  2.981500E+002  1.013250E+003 -1.000000E+000  3.910000E+017  4.100000E-001 -1.000000E+000 -1.000000E+000  1.000000E+000  1.000000E+000  1.430987E+009
  3.834000E+004  2.461493E+019  2.981500E+002  1.013250E+003 -1.000000E+000  3.910000E+017  4.100000E-001 -1.000000E+000 -1.000000E+000  1.000000E+000  1.000000E+000  1.428363E+009
  3.843000E+004  2.461493E+019  2.981500E+002  1.013250E+003 -1.000000E+000  3.910000E+017  4.100000E-001 -1.000000E+000 -1.000000E+000  1.000000E+000  1.000000E+000  1.425739E+009
  3.852000E+004  2.461493E+019  2.981500E+002  1.013250E+003 -1.000000E+000  3.910000E+017  4.100000E-001 -1.000000E+000 -1.000000E+000  1.000000E+000  1.000000E+000  1.423115E+009
  3.861000E+004  2.461493E+019  2.981500E+002  1.013250E+003 -1.000000E+000  3.910000E+017  4.100000E-001 -1.000000E+000 -1.000000E+000  1.000000E+000  1.000000E+000  1.420491E+009
  3.870000E+004  2.461493E+019  2.981500E+002  1.013250E+003 -1.000000E+000  3.910000E+017  4.100000E-001 -1.000000E+000 -1.000000E+000  1.000000E+000  1.000000E+000  1.417864E+009
  3.879000E+004  2.461493E+019  2.981500E+002  1.013250E+003 -1.000000E+000  3.910000E+017  4.100000E-001 -1.000000E+000 -1.000000E+000  1.000000E+000  1.000000E+000  1.415236E+009
  3.888000E+004  2.461493E+019  2.981500E+002  1.013250E+003 -1.000000E+000  3.910000E+017  4.100000E-001 -1.000000E+000 -1.000000E+000  1.000000E+000  1.000000E+000  1.412606E+009
  3.897000E+004  2.461493E+019  2.981500E+002  1.013250E+003 -1.000000E+000  3.910000E+017  4.100000E-001 -1.000000E+000 -1.000000E+000  1.000000E+000  1.000000E+000  1.409973E+009
  3.906000E+004  2.461493E+019  2.981500E+002  1.013250E+003 -1.000000E+000  3.910000E+017  4.100000E-001 -1.000000E+000 -1.000000E+000  1.000000E+000  1.000000E+000  1.407337E+009
  3.915000E+004  2.461493E+019  2.981500E+002  1.013250E+003 -1.000000E+000  3.910000E+017  4.100000E-001 -1.000000E+000 -1.000000E+000  1.000000E+000  1.000000E+000  1.404698E+009
  3.924000E+004  2.461493E+019  2.981500E+002  1.013250E+003 -1.000000E+000  3.910000E+017  4.100000E-001 -1.000000E+000 -1.000000E+000  1.000000E+000  1.000000E+000  1.402055E+009
  3.933000E+004  2.461493E+019  2.981500E+002  1.013250E+003 -1.000000E+000  3.910000E+017  4.100000E-001 -1.000000E+000 -1.000000E+000  1.000000E+000  1.000000E+000  1.399407E+009
  3.942000E+004  2.461493E+019  2.981500E+002  1.013250E+003 -1.000000E+000  3.910000E+017  4.100000E-001 -1.000000E+000 -1.000000E+000  1.000000E+000  1.000000E+000  1.396755E+009
  3.951000E+004  2.461493E+019  2.981500E+002  1.013250E+003 -1.000000E+000  3.910000E+017  4.100000E-001 -1.000000E+000 -1.000000E+000  1.000000E+000  1.000000E+000  1.394098E+009
  3.960000E+004  2.461493E+019  2.981500E+002  1.013250E+003 -1.000000E+000  3.910000E+017  4.100000E-001 -1.000000E+000 -1.000000E+000  1.000000E+000  1.000000E+000  1.391436E+009
  3.969000E+004  2.461493E+019  2.981500E+002  1.013250E+003 -1.000000E+000  3.910000E+017  4.100000E-001 -1.000000E+000 -1.000000E+000  1.000000E+000  1.000000E+000  1.388768E+009
  3.978000E+004  2.461493E+019  2.981500E+002  1.013250E+003 -1.000000E+000  3.910000E+017  4.100000E-001 -1.000000E+000 -1.000000E+000  1.000000E+000  1.000000E+000  1.386094E+009
  3.987000E+004  2.461493E+019  2.981500E+002  1.013250E+003 -1.000000E+000  3.910000E+017  4.100000E-001 -1.000000E+000 -1.000000E+000  1.000000E+000  1.000000E+000  1.383415E+009
  3.996000E+004  2.461493E+019  2.981500E+002  1.013250E+003 -1.000000E+000  3.910000E+017  4.100000E-001 -1.000000E+000 -1.000000E+000  1.000000E+000  1.000000E+000  1.380729E+009
  4.005000E+004  2.461493E+019  2.981500E+002  1.013250E+003 -1.000000E+000  3.910000E+017  4.100000E-001 -1.000000E+000 -1.000000E+000  1.000000E+000  1.000000E+000  1.378036E+009
  4.014000E+004  2.461493E+019  2.981500E+002  1.013250E+003 -1.000000E+000  3.910000E+017  4.100000E-001 -1.000000E+000 -1.000000E+000  1.000000E+000  1.000000E+000  1.375336E+009
  4.023000E+004  2.461493E+019  2.981500E+002  1.013250E+003 -1.000000E+000  3.910000E+017  4.100000E-001 -1.000000E+000 -1.000000E+000  1.000000E+000  1.000000E+000  1.372630E+009
  4.032000E+004  2.461493E+019  2.981500E+002  1.013250E+003 -1.000000E+000  3.910000E+017  4.100000E-001 -1.000000E+000 -1.000000E+000  1.000000E+000  1.000000E+000  1.369916E+009
  4.041000E+004  2.461493E+019  2.981500E+002  1.013250E+003 -1.000000E+000  3.910000E+017  4.100000E-001 -1.000000E+000 -1.000000E+000  1.000000E+000  1.000000E+000  1.367195E+009
  4.050000E+004  2.461493E+019  2.981500E+002  1.013250E+003 -1.000000E+000  3.910000E+017  4.100000E-001 -1.000000E+000 -1.000000E+000  1.000000E+000  1.000000E+000  1.364467E+009
  4.059000E+004  2.461493E+019  2.981500E+002  1.013250E+003 -1.000000E+000  3.910000E+017  4.100000E-001 -1.000000E+000 -1.000000E+000  1.000000E+000  1.000000E+000  1.361730E+009
  4.068000E+004  2.461493E+019  2.981500E+002  1.013250E+003 -1.000000E+000  3.910000E+017  4.100000E-001 -1.000000E+000 -1.000000E+000  1.000000E+000  1.000000E+000  1.358986E+009
  4.077000E+004  2.461493E+019  2.981500E+002  1.013250E+003 -1.000000E+000  3.910000E+017  4.100000E-001 -1.000000E+000 -1.000000E+000  1.000000E+000  1.000000E+000  1.356234E+009
  4.086000E+004  2.461493E+019  2.981500E+002  1.013250E+003 -1.000000E+000  3.910000E+017  4.100000E-001 -1.000000E+000 -1.000000E+000  1.000000E+000  1.000000E+000  1.353475E+009
  4.095000E+004  2.461493E+019  2.981500E+002  1.013250E+003 -1.000000E+000  3.910000E+017  4.100000E-001 -1.000000E+000 -1.000000E+000  1.000000E+000  1.000000E+000  1.350707E+009
  4.104000E+004  2.461493E+019  2.981500E+002  1.013250E+003 -1.000000E+000  3.910000E+017  4.100000E-001 -1.000000E+000 -1.000000E+000  1.000000E+000  1.000000E+000  1.347931E+009
  4.113000E+004  2.461493E+019  2.981500E+002  1.013250E+003 -1.000000E+000  3.910000E+017  4.100000E-001 -1.000000E+000 -1.000000E+000  1.000000E+000  1.000000E+000  1.345147E+009
  4.122000E+004  2.461493E+019  2.981500E+002  1.013250E+003 -1.000000E+000  3.910000E+017  4.100000E-001 -1.000000E+000 -1.000000E+000  1.000000E+000  1.000000E+000  1.342354E+009
  4.131000E+004  2.461493E+019  2.981500E+002  1.013250E+003 -1.000000E+000  3.910000E+017  4.100000E-001 -1.000000E+000 -1.000000E+000  1.000000E+000  1.000000E+000  1.339554E+009
  4.140000E+004  2.461493E+019  2.981500E+002  1.013250E+003 -1.000000E+000  3.910000E+017  4.100000E-001 -1.000000E+000 -1.000000E+000  1.000000E+000  1.000000E+000  1.336745E+009
  4.149000E+004  2.461493E+019  2.981500E+002  1.013250E+003 -1.000000E+000  3.910000E+017  4.100000E-001 -1.000000E+000 -1.000000E+000  1.000000E+000  1.000000E+000  1.333929E+009
  4.158000E+004  2.461493E+019  2.981500E+002  1.013250E+003 -1.000000E+000  3.910000E+017  4.100000E-001 -1.000000E+000 -1.000000E+000  1.000000E+000  1.000000E+000  1.331104E+009
  4.167000E+004  2.461493E+019  2.981500E+002  1.013250E+003 -1.000000E+000  3.910000E+017  4.100000E-001 -1.000000E+000 -1.000000E+000  1.000000E+000  1.000000E+000  1.328271E+009
  4.176000E+004  2.461493E+019  2.981500E+002  1.013250E+003 -1.000000E+000  3.910000E+017  4.100000E-001 -1.000000E+000 -1.000000E+000  1.000000E+000  1.000000E+000  1.325430E+009
  4.185000E+004  2.461493E+019  2.981500E+002  1.013250E+003 -1.000000E+000  3.910000E+017  4.100000E-001 -1.000000E+000 -1.000000E+000  1.000000E+000  1.000000E+000  1.322581E+009
  4.194000E+004  2.461493E+019  2.981500E+002  1.013250E+003 -1.000000E+000  3.910000E+017  4.100000E-001 -1.000000E+000 -1.000000E+000  1.000000E+000  1.000000E+000  1.319724E+009
  4.203000E+004  2.461493E+019  2.981500E+002  1.013250E+003 -1.000000E+000  3.910000E+017  4.100000E-001 -1.000000E+000 -1.000000E+000  1.000000E+000  1.000000E+000  1.316859E+009
  4.212000E+004  2.461493E+019  2.981500E+002  1.013250E+003 -1.000000E+000  3.910000E+017  4.100000E-001 -1.000000E+000 -1.000000E+000  1.000000E+000  1.000000E+000  1.313987E+009
  4.221000E+004  2.461493E+019  2.981500E+002  1.013250E+003 -1.000000E+000  3.910000E+017  4.100000E-001 -1.000000E+000 -1.000000E+000  1.000000E+000  1.000000E+000  1.311107E+009
  4.230000E+004  2.461493E+019  2.981500E+002  1.013250E+003 -1.000000E+000  3.910000E+017  4.100000E-001 -1.000000E+000 -1.000000E+000  1.000000E+000  1.000000E+000  1.308220E+009
  4.239000E+004  2.461493E+019  2.981500E+002  1.013250E+003 -1.000000E+000  3.910000E+017  4.100000E-001 -1.000000E+000 -1.000000E+000  1.000000E+000  1.000000E+000  1.305325E+009
  4.248000E+004  2.461493E+019  2.981500E+002  1.013250E+003 -1.000000E+000  3.910000E+017  4.100000E-001 -1.000000E+000 -1.000000E+000  1.000000E+000  1.000000E+000  1.302423E+009
  4.257000E+004  2.461493E+019  2.981500E+002  1.013250E+003 -1.000000E+000  3.910000E+017  4.100000E-001 -1.000000E+000 -1.000000E+000  1.000000E+000  1.000000E+000  1.299514E+009
  4.266000E+004  2.461493E+019  2.981500E+002  1.013250E+003 -1.000000E+000  3.910000E+017  4.100000E-001 -1.000000E+000 -1.000000E+000  1.000000E+000  1.000000E+000  1.296599E+009
  4.275000E+004  2.461493E+019  2.981500E+002  1.013250E+003 -1.000000E+000  3.910000E+017  4.100000E-001 -1.000000E+000 -1.000000E+000  1.000000E+000  1.000000E+000  1.293676E+009
  4.284000E+004  2.461493E+019  2.981500E+002  1.013250E+003 -1.000000E+000  3.910000E+017  4.100000E-001 -1.000000E+000 -1.000000E+000  1.000000E+000  1.000000E+000  1.290747E+009
  4.293000E+004  2.461493E+019  2.981500E+002  1.013250E+003 -1.000000E+000  3.910000E+017  4.100000E-001 -1.000000E+000 -1.000000E+000  1.000000E+000  1.000000E+000  1.287812E+009
  4.302000E+004  2.461493E+019  2.981500E+002  1.013250E+003 -1.000000E+000  3.910000E+017  4.100000E-001 -1.000000E+000 -1.000000E+000  1.000000E+000  1.000000E+000  1.284871E+009
  4.311000E+004  2.461493E+019  2.981500E+002  1.013250E+003 -1.000000E+000  3.910000E+017  4.100000E-001 -1.000000E+000 -1.000000E+000  1.000000E+000  1.000000E+000  1.281923E+009
  4.320000E+004  2.461493E+019  2.981500E+002  1.013250E+003 -1.000000E+000  3.910000E+017  4.100000E-001 -1.000000E+000 -1.000000E+000  1.000000E+000  1.000000E+000  1.278970E+009
