 O            17503.490062737685     
 O3           2325488549605.4146     
 NO           3892013207.1182351     
 NO2          27847078111.187363     
 NO3          8681431.1064608768     
 O1D          7.5060745814752194E-002
 N2O5         6539156.3834269736     
 OH           5046294.9094676077     
 HO2          651780532.42413676     
 H2           155359566907.58536     
 CO           693963398051.21277     
 H2O2         68583665772.521111     
 HONO         98513581.448727518     
 HNO3         30376713148.392799     
 HO2NO2       215353226.39927068     
 SO2          0.0000000000000000     
 SO3          0.0000000000000000     
 HSO3         0.0000000000000000     
 NA           4386037001.5243664     
 SA           0.0000000000000000     
 APINENE      124306779.08802693     
 NAPINAO2     6858272.4179770034     
 NAPINBO2     238451.53877339963     
 APINOOA      1.6319710095101792E-002
 APINOOB      1.0879806459864963E-002
 APINAO2      10085814.057265040     
 APINBO2      235373.59485558589     
 APINCO2      585313.05915498501     
 NAPINAOOH    9521690769.1971779     
 NAPINAO     0.29002178711881155     
 APINBNO3     6113320275.2138252     
 NAPINBOOH    514246536.33998406     
 NAPINBO      2.4782180283250604E-002
 APINANO3     10178782734.569487     
 NC101CO      2388697795.7263570     
 C107O2       6527246.1166764228     
 C109O2       144610.38179599165     
 APINBOO      869.49556075318435     
 C96O2        95075725.155891404     
 APINAOOH     5128376507.4780312     
 APINAO      0.30027373348465480     
 APINBOH      8921013263.9175682     
 APINBOOH     626420732.04925847     
 APINBO       9.7422566418879780E-003
 APINBCO      18003504543.971752     
 APINCOOH     49778235.387964971     
 APINCNO3     19064936.857419129     
 APINCO       1.9363835906360458E-002
 APINCOH      1912968.0205084197     
 PINAL        20752070039.096798     
 NC101O2      1483591.7378573534     
 C96CO3       41566604.555872776     
 C107OOH      2036643370.3660114     
 C107O       0.61394191495065020     
 C107OH       2234019219.0139384     
 C109OOH      175814027.98377061     
 C109O        9.3465525902460874E-003
 C109CO       401726509.55254972     
 C109OH       199987652.99457178     
 PINONIC      9247090170.1139584     
 C96OOH       15619060422.504791     
 C96NO3       14942400045.709520     
 C96O         10.107370294671016     
 C96OH        5313013872.6680317     
 NORPINAL     10723780927.789074     
 CH3COCH3     281911878672.31873     
 HCC7CO       206763152.43752402     
 C720O2       409087.27432601375     
 PINALO2      28954164.268086288     
 NC101OOH     182926193.67062619     
 NC101O       5.3127393204824028E-002
 PERPINONIC   2119678540.1610534     
 C10PAN2      23748321506.738739     
 C108O2       15612657.344020823     
 C89CO3       2189293.6037124172     
 HCHO         205426747006.37000     
 C920CO3      454017.46321736474     
 C920O2       2781255.4541519633     
 C97O2        86537112.822321743     
 C85CO3       9043162.3225002363     
 C85O2        25065312.328363601     
 CH3COCH2O2   5559107.9672692278     
 CH3CO3       67084795.510930389     
 CH3O2        188523645.61161628     
 C719O2       5750981.5023091994     
 C720OOH      18302055.956671771     
 C720NO3      36045271.609071098     
 C720O       0.22599759985604295     
 C720OH       770498.38501314749     
 PINALOOH     3462285609.7285242     
 PINALNO3     613159449.38481927     
 PINALO       1.0680516287895616     
 PINALOH      65641761.102294989     
 NC102O2      1199289.0762176530     
 C108OOH      459785311.21667659     
 C108NO3      225358473.10469124     
 C108O       0.66026897256450523     
 C108OH       678532.31674447865     
 C89CO2      0.35318852412125246     
 C89CO2H      996660122.75820923     
 C89CO3H      147383137.97004876     
 C89PAN       1283805928.9840825     
 C920CO3H     84732853.147513688     
 HOPINONIC    1022955501.6580759     
 C920PAN      345698376.77036589     
 C920OOH      513495367.63107890     
 C920O       0.34427054402123453     
 C97OOH       19840004478.510723     
 C97O         3.2732591401902127     
 C97OH        1565934218.8735607     
 C85CO3H      290604809.38118565     
 C9PAN2       3868590771.2686672     
 C85OOH       2552269485.0819631     
 C85O        0.90326507640677245     
 CH3COCH2O   0.21550070782701006     
 HYPERACET    159736201.18798846     
 ACETOL       40908258.265007704     
 MGLYOX       1464707505.0916312     
 CH3CO2H      7482566660.1943874     
 CH3CO3H      3711643325.6170449     
 PAN          37385704221.617134     
 CH3OOH       7168709871.5052767     
 CH3NO3       122877284.49375851     
 CH3O         578.61073912291477     
 CH3O2NO2     20252123.555010956     
 CH3OH        1221514760.6343389     
 C719OOH      414183156.56858420     
 C719NO3      338955237.54038411     
 C719O       0.19751634259494125     
 C719OH       3390957.9806410130     
 CO235C6CHO   2980720328.6774302     
 C106O2       33134996.631490160     
 NC102OOH     133201786.29732300     
 NC102O       4.2871389934951050E-002
 C717O2       13881116.455204267     
 C811CO3      4416966.3432025658     
 C89O2        3037938.9242199515     
 CO13C4CHO    1988249101.6391227     
 C921O2       3847123.6196135557     
 C98O2        73738607.388398081     
 C86O2        22760762.073834937     
 C716OH       895549894.16496491     
 CO235C6CO3   10732233.229516650     
 CHOC3COCO3   11618439.164016534     
 C106OOH      1348948478.9537268     
 C106NO3      518947518.46031654     
 C106O        1.0630628825625716     
 C106OH       861714.95182910608     
 NC71O2       1111564.0519822321     
 C717OOH      150368749.25236943     
 C717NO3      528551521.20429540     
 C717O        11.273856975268973     
 C717OH       1241142.1701708527     
 C811CO3H     407014821.23550099     
 C811O2       9243844.2168369722     
 PINIC        1553039995.7294288     
 C811PAN      2801276541.0568485     
 C89OOH       410038383.54250538     
 C89NO3       203490396.26373255     
 C89O         2.0255574487692960     
 C89OH        33136106.382878356     
 CHOC3COO2    35013400.240765184     
 C921OOH      1218737667.1989157     
 C921O       0.14560472225228430     
 C98OOH       2842127161.8376269     
 C98NO3       1103034901.6506200     
 C98O         3.3207160873781860     
 C98OH        1990723.5767417620     
 C86OOH       1090146847.8331983     
 C86O        0.82504396258931412     
 H3C25C6CO3   2678064.3769916086     
 H3C25C6O2    5700081.7610655222     
 C235C6CO3H   211111504.91662303     
 CO235C6O2    22621907.479345553     
 C7PAN3       6179668927.4780989     
 CHOC3COOOH   243866521.95253637     
 CHOC3COPAN   4208270160.4021168     
 C716O2       21959064.533499114     
 NC71OOH      62074285.478739180     
 NC71O       0.45638924625410199     
 C811OOH      2247489955.9124494     
 C811NO3      2618027115.3388186     
 C811O       0.30486299931545391     
 C721CHO      2251390357.8332105     
 C811OH       421352021.38130432     
 C810O2       3825592.1745718312     
 C413COOOH    1129793468.5790033     
 CHOC3COO     1.3499546713195185     
 C922O2       4364325.1514401594     
 C614CO       10217413414.355984     
 C614O2       69600355.256245881     
 C511O2       21607982.289578523     
 H3C25CCO2H   169521566.31801271     
 H3C25CCO3H   91144735.639451623     
 H3C25C6PAN   1385252774.2831445     
 H3C25C6OOH   535758514.88874125     
 H3C25C6O    0.21550426883872373     
 H3C25C5CHO   793808930.25426435     
 H3C25C6OH    36885774.936552636     
 CO235C6OOH   924521050.41411614     
 CO235C6O     1.0948251754590175     
 CO235C5CHO   655206045.52566707     
 C4CODIAL     6238657699.3277378     
 C716OOH      514162696.70118755     
 C716O       0.79861459792638256     
 NC71CO       266724587.05969182     
 C812O2       8819361.4519969001     
 C721CO3      1973196.0226588286     
 C721O2       5020942.0686561931     
 C810OOH      168351302.74196416     
 C810NO3      99436344.943026319     
 C810O        2.2316024945627566     
 C810OH       412760.70574623282     
 HCOCH2CO3    37193728.409203902     
 C922OOH      860812458.68436515     
 C922O       0.16078337452583893     
 BIACETO2     55551745.971358664     
 HOCH2CO3     2746195.1622946477     
 C614OOH      1230574510.5084856     
 C614NO3      422332802.44887984     
 C614O        2.6951117579058845     
 C614OH       41767802.723019607     
 C511OOH      496884519.09881687     
 C511O       0.79537183779799936     
 H3C2C4CO3    3537149.2451458098     
 HMVKAO2      7186073.2189173903     
 CO23C4CO3    25842766.330345225     
 C312COCO3    7301356.5150464606     
 CHOCOCH2O2   19341990.858269133     
 NC72O2       38576.173994519937     
 C812OOH      2152791592.5785842     
 C812O       0.33148555205824992     
 C812OH       255249412.34513995     
 C721CO3H     45220453.459467955     
 NORPINIC     81539783.702011764     
 C721PAN      875883796.43255758     
 C721OOH      417708562.66837478     
 C721O       0.18707365488325234     
 C514O2       2766560.6391427922     
 HCOCH2CO2H   2465788382.5103426     
 HCOCH2CO3H   1280791116.7466996     
 HCOCH2O2     89029271.642066002     
 C3PAN2       18543248468.749378     
 C621O2       4651342.5887266807     
 BIACETOOH    1675447450.9925215     
 BIACETO      2.4763904081302122     
 BIACETOH     125333656.70687675     
 CO23C3CHO    217175177.28347075     
 HOCH2CO2H    331513102.97208220     
 HOCH2CO3H    159766273.36515871     
 PHAN         1537426162.6485038     
 CO23C4CHO    4848737993.3540468     
 HCOCH2CHO    3075725636.7349315     
 H3C2C4CO2H   146941975.94920567     
 H3C2C4CO3H   82472192.545195401     
 H3C2C4PAN    1744988628.1220706     
 HMVKAOOH     244594069.86143917     
 HMVKANO3     46129312.747325256     
 HMVKAO      0.26183078266356269     
 CO2H3CHO     630812434.14340627     
 HO12CO3C4    34078167.194467850     
 CO23C4CO3H   1510638114.0734875     
 C5PAN9       13900307474.741405     
 C312COCO3H   148731723.05413234     
 C312COPAN    3318988780.7835641     
 ALCOCH2OOH   549269375.78121531     
 CHOCOCH2O   0.79784535331708706     
 NC72OOH      2059765.1081094753     
 NC72O        1.4106882840729097E-003
 C813O2       8147970.3698652014     
 C722O2       4760852.4677618323     
 C514OOH      64219657.107495971     
 C514NO3      101404554.66864455     
 C514O        2.3606748078121753     
 C514OH       1273019.4520403722     
 HCOCH2OOH    3765868366.7951555     
 HCOCH2O      3.2870806332414904     
 GLYOX        14527212284.567804     
 HOCH2CHO     808252895.59715438     
 C621OOH      121261530.42640744     
 C621O       0.16984426413968848     
 HCOCO        1.2441498758214637E-002
 CO2H3CO3     432039.83413640299     
 C33CO        501888344.79808056     
 NC61CO3      7975.5323454215322     
 C813OOH      626153702.05234361     
 C813NO3      283257761.08610082     
 C813O       0.37076789490122536     
 C813OH       2957861.1506602629     
 C722OOH      232067928.80637664     
 C722O       0.16866825817688327     
 H1C23C4CHO   458647739.72896278     
 HCOCO3       468270.87989396346     
 CO2H3CO3H    8574544.4378839210     
 C4PAN6       163779881.09222963     
 NC61CO3H     190894.03587571613     
 NC6PAN1      3067803.3940414074     
 CO13C3CO2H   1066099593.2628279     
 C516O2       11152261.932826541     
 C44O2        4474162.0073326183     
 H1C23C4CO3   471641.46719654731     
 H1C23C4O2    1195521.4685061600     
 HCOCO2H      10594319.352396341     
 HCOCO3H      9712986.7031019963     
 C516OOH      882959151.02652538     
 C516O       0.41221580285530529     
 C44OOH       94683449.336707547     
 C44O        0.16287662114967741     
 HC23C4CO3H   8243412.2722635157     
 H1C23C4PAN   247605601.24995369     
 H1C23C4OOH   37297135.984269887     
 H1C23C4O     5.4841006645871673E-002
 H1CO23CHO    7088715.8633763893     
