           time speciesNumber speciesName reactionNumber           rate  reaction                                                                                                                                                                                                                                                                                                                                                                                                                                                                                                                                                                                                                                                                                                                                                                                                                                                                                                                                                        
  9.000000E+002            76        HCHO            227  0.000000E+000  HCHO=CO+HO2+HO2
  9.000000E+002            76        HCHO            228  0.000000E+000  HCHO=H2+CO
  9.000000E+002            76        HCHO            229  2.935387E+000  NO3+HCHO=HNO3+CO+HO2
  9.000000E+002            76        HCHO            230  2.142252E+004  OH+HCHO=HO2+CO
  1.800000E+003            76        HCHO            227  0.000000E+000  HCHO=CO+HO2+HO2
  1.800000E+003            76        HCHO            228  0.000000E+000  HCHO=H2+CO
  1.800000E+003            76        HCHO            229  5.745635E+000  NO3+HCHO=HNO3+CO+HO2
  1.800000E+003            76        HCHO            230  3.849845E+004  OH+HCHO=HO2+CO
  2.700000E+003            76        HCHO            227  0.000000E+000  HCHO=CO+HO2+HO2
  2.700000E+003            76        HCHO            228  0.000000E+000  HCHO=H2+CO
  2.700000E+003            76        HCHO            229  8.026850E+000  NO3+HCHO=HNO3+CO+HO2
  2.700000E+003            76        HCHO            230  4.957378E+004  OH+HCHO=HO2+CO
  3.600000E+003            76        HCHO            227  0.000000E+000  HCHO=CO+HO2+HO2
  3.600000E+003            76        HCHO            228  0.000000E+000  HCHO=H2+CO
  3.600000E+003            76        HCHO            229  1.006739E+001  NO3+HCHO=HNO3+CO+HO2
  3.600000E+003            76        HCHO            230  5.732550E+004  OH+HCHO=HO2+CO
  4.500000E+003            76        HCHO            227  0.000000E+000  HCHO=CO+HO2+HO2
  4.500000E+003            76        HCHO            228  0.000000E+000  HCHO=H2+CO
  4.500000E+003            76        HCHO            229  1.191972E+001  NO3+HCHO=HNO3+CO+HO2
  4.500000E+003            76        HCHO            230  6.262662E+004  OH+HCHO=HO2+CO
  5.400000E+003            76        HCHO            227  0.000000E+000  HCHO=CO+HO2+HO2
  5.400000E+003            76        HCHO            228  0.000000E+000  HCHO=H2+CO
  5.400000E+003            76        HCHO            229  1.362413E+001  NO3+HCHO=HNO3+CO+HO2
  5.400000E+003            76        HCHO            230  6.611235E+004  OH+HCHO=HO2+CO
  6.300000E+003            76        HCHO            227  0.000000E+000  HCHO=CO+HO2+HO2
  6.300000E+003            76        HCHO            228  0.000000E+000  HCHO=H2+CO
  6.300000E+003            76        HCHO            229  1.521107E+001  NO3+HCHO=HNO3+CO+HO2
  6.300000E+003            76        HCHO            230  6.824736E+004  OH+HCHO=HO2+CO
  7.200000E+003            76        HCHO            227  0.000000E+000  HCHO=CO+HO2+HO2
  7.200000E+003            76        HCHO            228  0.000000E+000  HCHO=H2+CO
  7.200000E+003            76        HCHO            229  1.668893E+001  NO3+HCHO=HNO3+CO+HO2
  7.200000E+003            76        HCHO            230  6.937574E+004  OH+HCHO=HO2+CO
  8.100000E+003            76        HCHO            227  0.000000E+000  HCHO=CO+HO2+HO2
  8.100000E+003            76        HCHO            228  0.000000E+000  HCHO=H2+CO
  8.100000E+003            76        HCHO            229  1.810837E+001  NO3+HCHO=HNO3+CO+HO2
  8.100000E+003            76        HCHO            230  6.975178E+004  OH+HCHO=HO2+CO
  9.000000E+003            76        HCHO            227  0.000000E+000  HCHO=CO+HO2+HO2
  9.000000E+003            76        HCHO            228  0.000000E+000  HCHO=H2+CO
  9.000000E+003            76        HCHO            229  1.947563E+001  NO3+HCHO=HNO3+CO+HO2
  9.000000E+003            76        HCHO            230  6.956618E+004  OH+HCHO=HO2+CO
  9.900000E+003            76        HCHO            227  0.000000E+000  HCHO=CO+HO2+HO2
  9.900000E+003            76        HCHO            228  0.000000E+000  HCHO=H2+CO
  9.900000E+003            76        HCHO            229  2.082139E+001  NO3+HCHO=HNO3+CO+HO2
  9.900000E+003            76        HCHO            230  6.896259E+004  OH+HCHO=HO2+CO
  1.080000E+004            76        HCHO            227  0.000000E+000  HCHO=CO+HO2+HO2
  1.080000E+004            76        HCHO            228  0.000000E+000  HCHO=H2+CO
  1.080000E+004            76        HCHO            229  2.213812E+001  NO3+HCHO=HNO3+CO+HO2
  1.080000E+004            76        HCHO            230  6.804938E+004  OH+HCHO=HO2+CO
  1.170000E+004            76        HCHO            227  0.000000E+000  HCHO=CO+HO2+HO2
  1.170000E+004            76        HCHO            228  0.000000E+000  HCHO=H2+CO
  1.170000E+004            76        HCHO            229  2.336971E+001  NO3+HCHO=HNO3+CO+HO2
  1.170000E+004            76        HCHO            230  6.690891E+004  OH+HCHO=HO2+CO
  1.260000E+004            76        HCHO            227  0.000000E+000  HCHO=CO+HO2+HO2
  1.260000E+004            76        HCHO            228  0.000000E+000  HCHO=H2+CO
  1.260000E+004            76        HCHO            229  2.465489E+001  NO3+HCHO=HNO3+CO+HO2
  1.260000E+004            76        HCHO            230  6.560407E+004  OH+HCHO=HO2+CO
  1.350000E+004            76        HCHO            227  0.000000E+000  HCHO=CO+HO2+HO2
  1.350000E+004            76        HCHO            228  0.000000E+000  HCHO=H2+CO
  1.350000E+004            76        HCHO            229  2.590075E+001  NO3+HCHO=HNO3+CO+HO2
  1.350000E+004            76        HCHO            230  6.418290E+004  OH+HCHO=HO2+CO
  1.440000E+004            76        HCHO            227  3.035301E-004  HCHO=CO+HO2+HO2
  1.440000E+004            76        HCHO            228  7.260656E-003  HCHO=H2+CO
  1.440000E+004            76        HCHO            229  2.699836E+001  NO3+HCHO=HNO3+CO+HO2
  1.440000E+004            76        HCHO            230  6.282127E+004  OH+HCHO=HO2+CO
  1.530000E+004            76        HCHO            227  1.833832E+002  HCHO=CO+HO2+HO2
  1.530000E+004            76        HCHO            228  1.129665E+003  HCHO=H2+CO
  1.530000E+004            76        HCHO            229  2.816395E+001  NO3+HCHO=HNO3+CO+HO2
  1.530000E+004            76        HCHO            230  6.236632E+004  OH+HCHO=HO2+CO
  1.620000E+004            76        HCHO            227  4.226032E+003  HCHO=CO+HO2+HO2
  1.620000E+004            76        HCHO            228  1.797383E+004  HCHO=H2+CO
  1.620000E+004            76        HCHO            229  3.233264E+001  NO3+HCHO=HNO3+CO+HO2
  1.620000E+004            76        HCHO            230  7.419422E+004  OH+HCHO=HO2+CO
  1.710000E+004            76        HCHO            227  2.060771E+004  HCHO=CO+HO2+HO2
  1.710000E+004            76        HCHO            228  7.151848E+004  HCHO=H2+CO
  1.710000E+004            76        HCHO            229  3.179503E+001  NO3+HCHO=HNO3+CO+HO2
  1.710000E+004            76        HCHO            230  2.702027E+005  OH+HCHO=HO2+CO
  1.800000E+004            76        HCHO            227  5.629447E+004  HCHO=CO+HO2+HO2
  1.800000E+004            76        HCHO            228  1.705089E+005  HCHO=H2+CO
  1.800000E+004            76        HCHO            229  3.414594E+001  NO3+HCHO=HNO3+CO+HO2
  1.800000E+004            76        HCHO            230  4.169645E+005  OH+HCHO=HO2+CO
  1.890000E+004            76        HCHO            227  1.152569E+005  HCHO=CO+HO2+HO2
  1.890000E+004            76        HCHO            228  3.174461E+005  HCHO=H2+CO
  1.890000E+004            76        HCHO            229  4.100334E+001  NO3+HCHO=HNO3+CO+HO2
  1.890000E+004            76        HCHO            230  5.850791E+005  OH+HCHO=HO2+CO
  1.980000E+004            76        HCHO            227  2.068280E+005  HCHO=CO+HO2+HO2
  1.980000E+004            76        HCHO            228  5.287931E+005  HCHO=H2+CO
  1.980000E+004            76        HCHO            229  5.277977E+001  NO3+HCHO=HNO3+CO+HO2
  1.980000E+004            76        HCHO            230  7.856144E+005  OH+HCHO=HO2+CO
  2.070000E+004            76        HCHO            227  3.392568E+005  HCHO=CO+HO2+HO2
  2.070000E+004            76        HCHO            228  8.162502E+005  HCHO=H2+CO
  2.070000E+004            76        HCHO            229  6.974487E+001  NO3+HCHO=HNO3+CO+HO2
  2.070000E+004            76        HCHO            230  1.012377E+006  OH+HCHO=HO2+CO
  2.160000E+004            76        HCHO            227  5.183874E+005  HCHO=CO+HO2+HO2
  2.160000E+004            76        HCHO            228  1.185207E+006  HCHO=H2+CO
  2.160000E+004            76        HCHO            229  9.161314E+001  NO3+HCHO=HNO3+CO+HO2
  2.160000E+004            76        HCHO            230  1.248652E+006  OH+HCHO=HO2+CO
  2.250000E+004            76        HCHO            227  7.459121E+005  HCHO=CO+HO2+HO2
  2.250000E+004            76        HCHO            228  1.632430E+006  HCHO=H2+CO
  2.250000E+004            76        HCHO            229  1.171468E+002  NO3+HCHO=HNO3+CO+HO2
  2.250000E+004            76        HCHO            230  1.469983E+006  OH+HCHO=HO2+CO
  2.340000E+004            76        HCHO            227  1.018849E+006  HCHO=CO+HO2+HO2
  2.340000E+004            76        HCHO            228  2.146464E+006  HCHO=H2+CO
  2.340000E+004            76        HCHO            229  1.441057E+002  NO3+HCHO=HNO3+CO+HO2
  2.340000E+004            76        HCHO            230  1.653235E+006  OH+HCHO=HO2+CO
  2.430000E+004            76        HCHO            227  1.330238E+006  HCHO=CO+HO2+HO2
  2.430000E+004            76        HCHO            228  2.710100E+006  HCHO=H2+CO
  2.430000E+004            76        HCHO            229  1.700778E+002  NO3+HCHO=HNO3+CO+HO2
  2.430000E+004            76        HCHO            230  1.784449E+006  OH+HCHO=HO2+CO
  2.520000E+004            76        HCHO            227  1.670892E+006  HCHO=CO+HO2+HO2
  2.520000E+004            76        HCHO            228  3.304253E+006  HCHO=H2+CO
  2.520000E+004            76        HCHO            229  1.935530E+002  NO3+HCHO=HNO3+CO+HO2
  2.520000E+004            76        HCHO            230  1.870187E+006  OH+HCHO=HO2+CO
  2.610000E+004            76        HCHO            227  2.031403E+006  HCHO=CO+HO2+HO2
  2.610000E+004            76        HCHO            228  3.911645E+006  HCHO=H2+CO
  2.610000E+004            76        HCHO            229  2.148267E+002  NO3+HCHO=HNO3+CO+HO2
  2.610000E+004            76        HCHO            230  1.939686E+006  OH+HCHO=HO2+CO
  2.700000E+004            76        HCHO            227  2.403660E+006  HCHO=CO+HO2+HO2
  2.700000E+004            76        HCHO            228  4.519066E+006  HCHO=H2+CO
  2.700000E+004            76        HCHO            229  2.364732E+002  NO3+HCHO=HNO3+CO+HO2
  2.700000E+004            76        HCHO            230  2.026379E+006  OH+HCHO=HO2+CO
  2.790000E+004            76        HCHO            227  2.781069E+006  HCHO=CO+HO2+HO2
  2.790000E+004            76        HCHO            228  5.117081E+006  HCHO=H2+CO
  2.790000E+004            76        HCHO            229  2.617091E+002  NO3+HCHO=HNO3+CO+HO2
  2.790000E+004            76        HCHO            230  2.159066E+006  OH+HCHO=HO2+CO
  2.880000E+004            76        HCHO            227  3.158134E+006  HCHO=CO+HO2+HO2
  2.880000E+004            76        HCHO            228  5.698740E+006  HCHO=H2+CO
  2.880000E+004            76        HCHO            229  2.930416E+002  NO3+HCHO=HNO3+CO+HO2
  2.880000E+004            76        HCHO            230  2.350405E+006  OH+HCHO=HO2+CO
  2.970000E+004            76        HCHO            227  3.529634E+006  HCHO=CO+HO2+HO2
  2.970000E+004            76        HCHO            228  6.257817E+006  HCHO=H2+CO
  2.970000E+004            76        HCHO            229  3.313970E+002  NO3+HCHO=HNO3+CO+HO2
  2.970000E+004            76        HCHO            230  2.603722E+006  OH+HCHO=HO2+CO
  3.060000E+004            76        HCHO            227  3.890333E+006  HCHO=CO+HO2+HO2
  3.060000E+004            76        HCHO            228  6.788199E+006  HCHO=H2+CO
  3.060000E+004            76        HCHO            229  3.763029E+002  NO3+HCHO=HNO3+CO+HO2
  3.060000E+004            76        HCHO            230  2.908771E+006  OH+HCHO=HO2+CO
  3.150000E+004            76        HCHO            227  4.235026E+006  HCHO=CO+HO2+HO2
  3.150000E+004            76        HCHO            228  7.283906E+006  HCHO=H2+CO
  3.150000E+004            76        HCHO            229  4.264219E+002  NO3+HCHO=HNO3+CO+HO2
  3.150000E+004            76        HCHO            230  3.260248E+006  OH+HCHO=HO2+CO
  3.240000E+004            76        HCHO            227  4.558719E+006  HCHO=CO+HO2+HO2
  3.240000E+004            76        HCHO            228  7.739358E+006  HCHO=H2+CO
  3.240000E+004            76        HCHO            229  4.798043E+002  NO3+HCHO=HNO3+CO+HO2
  3.240000E+004            76        HCHO            230  3.643826E+006  OH+HCHO=HO2+CO
  3.330000E+004            76        HCHO            227  4.856822E+006  HCHO=CO+HO2+HO2
  3.330000E+004            76        HCHO            228  8.149632E+006  HCHO=H2+CO
  3.330000E+004            76        HCHO            229  5.347673E+002  NO3+HCHO=HNO3+CO+HO2
  3.330000E+004            76        HCHO            230  4.054539E+006  OH+HCHO=HO2+CO
  3.420000E+004            76        HCHO            227  5.125253E+006  HCHO=CO+HO2+HO2
  3.420000E+004            76        HCHO            228  8.510558E+006  HCHO=H2+CO
  3.420000E+004            76        HCHO            229  5.897806E+002  NO3+HCHO=HNO3+CO+HO2
  3.420000E+004            76        HCHO            230  4.490011E+006  OH+HCHO=HO2+CO
  3.510000E+004            76        HCHO            227  5.360640E+006  HCHO=CO+HO2+HO2
  3.510000E+004            76        HCHO            228  8.818989E+006  HCHO=H2+CO
  3.510000E+004            76        HCHO            229  6.432937E+002  NO3+HCHO=HNO3+CO+HO2
  3.510000E+004            76        HCHO            230  4.936394E+006  OH+HCHO=HO2+CO
  3.600000E+004            76        HCHO            227  5.560345E+006  HCHO=CO+HO2+HO2
  3.600000E+004            76        HCHO            228  9.072780E+006  HCHO=H2+CO
  3.600000E+004            76        HCHO            229  6.942339E+002  NO3+HCHO=HNO3+CO+HO2
  3.600000E+004            76        HCHO            230  5.403024E+006  OH+HCHO=HO2+CO
  3.690000E+004            76        HCHO            227  5.722521E+006  HCHO=CO+HO2+HO2
  3.690000E+004            76        HCHO            228  9.270814E+006  HCHO=H2+CO
  3.690000E+004            76        HCHO            229  7.421203E+002  NO3+HCHO=HNO3+CO+HO2
  3.690000E+004            76        HCHO            230  5.873510E+006  OH+HCHO=HO2+CO
  3.780000E+004            76        HCHO            227  5.846099E+006  HCHO=CO+HO2+HO2
  3.780000E+004            76        HCHO            228  9.412953E+006  HCHO=H2+CO
  3.780000E+004            76        HCHO            229  7.863748E+002  NO3+HCHO=HNO3+CO+HO2
  3.780000E+004            76        HCHO            230  6.334877E+006  OH+HCHO=HO2+CO
  3.870000E+004            76        HCHO            227  5.930781E+006  HCHO=CO+HO2+HO2
  3.870000E+004            76        HCHO            228  9.500001E+006  HCHO=H2+CO
  3.870000E+004            76        HCHO            229  8.271431E+002  NO3+HCHO=HNO3+CO+HO2
  3.870000E+004            76        HCHO            230  6.800306E+006  OH+HCHO=HO2+CO
  3.960000E+004            76        HCHO            227  5.976969E+006  HCHO=CO+HO2+HO2
  3.960000E+004            76        HCHO            228  9.533565E+006  HCHO=H2+CO
  3.960000E+004            76        HCHO            229  8.644044E+002  NO3+HCHO=HNO3+CO+HO2
  3.960000E+004            76        HCHO            230  7.263829E+006  OH+HCHO=HO2+CO
  4.050000E+004            76        HCHO            227  5.985717E+006  HCHO=CO+HO2+HO2
  4.050000E+004            76        HCHO            228  9.515993E+006  HCHO=H2+CO
  4.050000E+004            76        HCHO            229  8.983830E+002  NO3+HCHO=HNO3+CO+HO2
  4.050000E+004            76        HCHO            230  7.691840E+006  OH+HCHO=HO2+CO
  4.140000E+004            76        HCHO            227  5.958654E+006  HCHO=CO+HO2+HO2
  4.140000E+004            76        HCHO            228  9.450253E+006  HCHO=H2+CO
  4.140000E+004            76        HCHO            229  9.292680E+002  NO3+HCHO=HNO3+CO+HO2
  4.140000E+004            76        HCHO            230  8.105063E+006  OH+HCHO=HO2+CO
  4.230000E+004            76        HCHO            227  5.897936E+006  HCHO=CO+HO2+HO2
  4.230000E+004            76        HCHO            228  9.339875E+006  HCHO=H2+CO
  4.230000E+004            76        HCHO            229  9.572306E+002  NO3+HCHO=HNO3+CO+HO2
  4.230000E+004            76        HCHO            230  8.493662E+006  OH+HCHO=HO2+CO
  4.320000E+004            76        HCHO            227  5.806124E+006  HCHO=CO+HO2+HO2
  4.320000E+004            76        HCHO            228  9.188791E+006  HCHO=H2+CO
  4.320000E+004            76        HCHO            229  9.824045E+002  NO3+HCHO=HNO3+CO+HO2
  4.320000E+004            76        HCHO            230  8.821634E+006  OH+HCHO=HO2+CO
