              t       latitude      longitude           secx           cosx            lha          sinld          cosld         eqtime
  0.000000E+000  5.151000E+001  1.300000E-001  0.000000E+000  0.000000E+000  0.000000E+000  0.000000E+000  0.000000E+000  0.000000E+000
  9.000000E+001  5.151000E+001  1.300000E-001  1.000000E+002  0.000000E+000 -3.152087E+000  3.119982E-001  5.707959E-001 -1.510746E-002
  1.800000E+002  5.151000E+001  1.300000E-001  1.000000E+002  0.000000E+000 -3.145515E+000  3.119982E-001  5.707959E-001 -1.510746E-002
  2.700000E+002  5.151000E+001  1.300000E-001  1.000000E+002  0.000000E+000 -3.139048E+000  3.119982E-001  5.707959E-001 -1.510746E-002
  3.600000E+002  5.151000E+001  1.300000E-001  1.000000E+002  0.000000E+000 -3.131050E+000  3.119982E-001  5.707959E-001 -1.510746E-002
  4.500000E+002  5.151000E+001  1.300000E-001  1.000000E+002  0.000000E+000 -3.125336E+000  3.119982E-001  5.707959E-001 -1.510746E-002
  5.400000E+002  5.151000E+001  1.300000E-001  1.000000E+002  0.000000E+000 -3.117306E+000  3.119982E-001  5.707959E-001 -1.510746E-002
  6.300000E+002  5.151000E+001  1.300000E-001  1.000000E+002  0.000000E+000 -3.111181E+000  3.119982E-001  5.707959E-001 -1.510746E-002
  7.200000E+002  5.151000E+001  1.300000E-001  1.000000E+002  0.000000E+000 -3.105057E+000  3.119982E-001  5.707959E-001 -1.510746E-002
  8.100000E+002  5.151000E+001  1.300000E-001  1.000000E+002  0.000000E+000 -3.097105E+000  3.119982E-001  5.707959E-001 -1.510746E-002
  9.000000E+002  5.151000E+001  1.300000E-001  1.000000E+002  0.000000E+000 -3.092215E+000  3.119982E-001  5.707959E-001 -1.510746E-002
  9.900000E+002  5.151000E+001  1.300000E-001  1.000000E+002  0.000000E+000 -3.082436E+000  3.119982E-001  5.707959E-001 -1.510746E-002
  1.080000E+003  5.151000E+001  1.300000E-001  1.000000E+002  0.000000E+000 -3.077546E+000  3.119982E-001  5.707959E-001 -1.510746E-002
  1.170000E+003  5.151000E+001  1.300000E-001  1.000000E+002  0.000000E+000 -3.072657E+000  3.119982E-001  5.707959E-001 -1.510746E-002
  1.260000E+003  5.151000E+001  1.300000E-001  1.000000E+002  0.000000E+000 -3.065384E+000  3.119982E-001  5.707959E-001 -1.510746E-002
  1.350000E+003  5.151000E+001  1.300000E-001  1.000000E+002  0.000000E+000 -3.058112E+000  3.119982E-001  5.707959E-001 -1.510746E-002
  1.440000E+003  5.151000E+001  1.300000E-001  1.000000E+002  0.000000E+000 -3.050840E+000  3.119982E-001  5.707959E-001 -1.510746E-002
  1.530000E+003  5.151000E+001  1.300000E-001  1.000000E+002  0.000000E+000 -3.043568E+000  3.119982E-001  5.707959E-001 -1.510746E-002
  1.620000E+003  5.151000E+001  1.300000E-001  1.000000E+002  0.000000E+000 -3.036296E+000  3.119982E-001  5.707959E-001 -1.510746E-002
  1.710000E+003  5.151000E+001  1.300000E-001  1.000000E+002  0.000000E+000 -3.029023E+000  3.119982E-001  5.707959E-001 -1.510746E-002
  1.800000E+003  5.151000E+001  1.300000E-001  1.000000E+002  0.000000E+000 -3.021751E+000  3.119982E-001  5.707959E-001 -1.510746E-002
  1.890000E+003  5.151000E+001  1.300000E-001  1.000000E+002  0.000000E+000 -3.014479E+000  3.119982E-001  5.707959E-001 -1.510746E-002
  1.980000E+003  5.151000E+001  1.300000E-001  1.000000E+002  0.000000E+000 -3.014479E+000  3.119982E-001  5.707959E-001 -1.510746E-002
  2.070000E+003  5.151000E+001  1.300000E-001  1.000000E+002  0.000000E+000 -3.007207E+000  3.119982E-001  5.707959E-001 -1.510746E-002
  2.160000E+003  5.151000E+001  1.300000E-001  1.000000E+002  0.000000E+000 -2.999935E+000  3.119982E-001  5.707959E-001 -1.510746E-002
  2.250000E+003  5.151000E+001  1.300000E-001  1.000000E+002  0.000000E+000 -2.992662E+000  3.119982E-001  5.707959E-001 -1.510746E-002
  2.340000E+003  5.151000E+001  1.300000E-001  1.000000E+002  0.000000E+000 -2.985390E+000  3.119982E-001  5.707959E-001 -1.510746E-002
  2.430000E+003  5.151000E+001  1.300000E-001  1.000000E+002  0.000000E+000 -2.978118E+000  3.119982E-001  5.707959E-001 -1.510746E-002
  2.520000E+003  5.151000E+001  1.300000E-001  1.000000E+002  0.000000E+000 -2.970846E+000  3.119982E-001  5.707959E-001 -1.510746E-002
  2.610000E+003  5.151000E+001  1.300000E-001  1.000000E+002  0.000000E+000 -2.963574E+000  3.119982E-001  5.707959E-001 -1.510746E-002
  2.700000E+003  5.151000E+001  1.300000E-001  1.000000E+002  0.000000E+000 -2.956301E+000  3.119982E-001  5.707959E-001 -1.510746E-002
  2.790000E+003  5.151000E+001  1.300000E-001  1.000000E+002  0.000000E+000 -2.949029E+000  3.119982E-001  5.707959E-001 -1.510746E-002
  2.880000E+003  5.151000E+001  1.300000E-001  1.000000E+002  0.000000E+000 -2.949029E+000  3.119982E-001  5.707959E-001 -1.510746E-002
  2.970000E+003  5.151000E+001  1.300000E-001  1.000000E+002  0.000000E+000 -2.941757E+000  3.119982E-001  5.707959E-001 -1.510746E-002
  3.060000E+003  5.151000E+001  1.300000E-001  1.000000E+002  0.000000E+000 -2.934485E+000  3.119982E-001  5.707959E-001 -1.510746E-002
  3.150000E+003  5.151000E+001  1.300000E-001  1.000000E+002  0.000000E+000 -2.927213E+000  3.119982E-001  5.707959E-001 -1.510746E-002
  3.240000E+003  5.151000E+001  1.300000E-001  1.000000E+002  0.000000E+000 -2.919940E+000  3.119982E-001  5.707959E-001 -1.510746E-002
  3.330000E+003  5.151000E+001  1.300000E-001  1.000000E+002  0.000000E+000 -2.912668E+000  3.119982E-001  5.707959E-001 -1.510746E-002
  3.420000E+003  5.151000E+001  1.300000E-001  1.000000E+002  0.000000E+000 -2.905396E+000  3.119982E-001  5.707959E-001 -1.510746E-002
  3.510000E+003  5.151000E+001  1.300000E-001  1.000000E+002  0.000000E+000 -2.898124E+000  3.119982E-001  5.707959E-001 -1.510746E-002
  3.600000E+003  5.151000E+001  1.300000E-001  1.000000E+002  0.000000E+000 -2.890852E+000  3.119982E-001  5.707959E-001 -1.510746E-002
  3.690000E+003  5.151000E+001  1.300000E-001  1.000000E+002  0.000000E+000 -2.883579E+000  3.119982E-001  5.707959E-001 -1.510746E-002
  3.780000E+003  5.151000E+001  1.300000E-001  1.000000E+002  0.000000E+000 -2.883579E+000  3.119982E-001  5.707959E-001 -1.510746E-002
  3.870000E+003  5.151000E+001  1.300000E-001  1.000000E+002  0.000000E+000 -2.876307E+000  3.119982E-001  5.707959E-001 -1.510746E-002
  3.960000E+003  5.151000E+001  1.300000E-001  1.000000E+002  0.000000E+000 -2.869035E+000  3.119982E-001  5.707959E-001 -1.510746E-002
  4.050000E+003  5.151000E+001  1.300000E-001  1.000000E+002  0.000000E+000 -2.861763E+000  3.119982E-001  5.707959E-001 -1.510746E-002
  4.140000E+003  5.151000E+001  1.300000E-001  1.000000E+002  0.000000E+000 -2.854491E+000  3.119982E-001  5.707959E-001 -1.510746E-002
  4.230000E+003  5.151000E+001  1.300000E-001  1.000000E+002  0.000000E+000 -2.847218E+000  3.119982E-001  5.707959E-001 -1.510746E-002
  4.320000E+003  5.151000E+001  1.300000E-001  1.000000E+002  0.000000E+000 -2.839946E+000  3.119982E-001  5.707959E-001 -1.510746E-002
  4.410000E+003  5.151000E+001  1.300000E-001  1.000000E+002  0.000000E+000 -2.832674E+000  3.119982E-001  5.707959E-001 -1.510746E-002
  4.500000E+003  5.151000E+001  1.300000E-001  1.000000E+002  0.000000E+000 -2.825402E+000  3.119982E-001  5.707959E-001 -1.510746E-002
  4.590000E+003  5.151000E+001  1.300000E-001  1.000000E+002  0.000000E+000 -2.818129E+000  3.119982E-001  5.707959E-001 -1.510746E-002
  4.680000E+003  5.151000E+001  1.300000E-001  1.000000E+002  0.000000E+000 -2.818129E+000  3.119982E-001  5.707959E-001 -1.510746E-002
  4.770000E+003  5.151000E+001  1.300000E-001  1.000000E+002  0.000000E+000 -2.810857E+000  3.119982E-001  5.707959E-001 -1.510746E-002
  4.860000E+003  5.151000E+001  1.300000E-001  1.000000E+002  0.000000E+000 -2.803585E+000  3.119982E-001  5.707959E-001 -1.510746E-002
  4.950000E+003  5.151000E+001  1.300000E-001  1.000000E+002  0.000000E+000 -2.796313E+000  3.119982E-001  5.707959E-001 -1.510746E-002
  5.040000E+003  5.151000E+001  1.300000E-001  1.000000E+002  0.000000E+000 -2.789041E+000  3.119982E-001  5.707959E-001 -1.510746E-002
  5.130000E+003  5.151000E+001  1.300000E-001  1.000000E+002  0.000000E+000 -2.781768E+000  3.119982E-001  5.707959E-001 -1.510746E-002
  5.220000E+003  5.151000E+001  1.300000E-001  1.000000E+002  0.000000E+000 -2.774496E+000  3.119982E-001  5.707959E-001 -1.510746E-002
  5.310000E+003  5.151000E+001  1.300000E-001  1.000000E+002  0.000000E+000 -2.767224E+000  3.119982E-001  5.707959E-001 -1.510746E-002
  5.400000E+003  5.151000E+001  1.300000E-001  1.000000E+002  0.000000E+000 -2.759952E+000  3.119982E-001  5.707959E-001 -1.510746E-002
  5.490000E+003  5.151000E+001  1.300000E-001  1.000000E+002  0.000000E+000 -2.752680E+000  3.119982E-001  5.707959E-001 -1.510746E-002
  5.580000E+003  5.151000E+001  1.300000E-001  1.000000E+002  0.000000E+000 -2.752680E+000  3.119982E-001  5.707959E-001 -1.510746E-002
  5.670000E+003  5.151000E+001  1.300000E-001  1.000000E+002  0.000000E+000 -2.745407E+000  3.119982E-001  5.707959E-001 -1.510746E-002
  5.760000E+003  5.151000E+001  1.300000E-001  1.000000E+002  0.000000E+000 -2.738135E+000  3.119982E-001  5.707959E-001 -1.510746E-002
  5.850000E+003  5.151000E+001  1.300000E-001  1.000000E+002  0.000000E+000 -2.730863E+000  3.119982E-001  5.707959E-001 -1.510746E-002
  5.940000E+003  5.151000E+001  1.300000E-001  1.000000E+002  0.000000E+000 -2.723591E+000  3.119982E-001  5.707959E-001 -1.510746E-002
  6.030000E+003  5.151000E+001  1.300000E-001  1.000000E+002  0.000000E+000 -2.716319E+000  3.119982E-001  5.707959E-001 -1.510746E-002
  6.120000E+003  5.151000E+001  1.300000E-001  1.000000E+002  0.000000E+000 -2.709046E+000  3.119982E-001  5.707959E-001 -1.510746E-002
  6.210000E+003  5.151000E+001  1.300000E-001  1.000000E+002  0.000000E+000 -2.701774E+000  3.119982E-001  5.707959E-001 -1.510746E-002
  6.300000E+003  5.151000E+001  1.300000E-001  1.000000E+002  0.000000E+000 -2.694502E+000  3.119982E-001  5.707959E-001 -1.510746E-002
  6.390000E+003  5.151000E+001  1.300000E-001  1.000000E+002  0.000000E+000 -2.687230E+000  3.119982E-001  5.707959E-001 -1.510746E-002
  6.480000E+003  5.151000E+001  1.300000E-001  1.000000E+002  0.000000E+000 -2.687230E+000  3.119982E-001  5.707959E-001 -1.510746E-002
  6.570000E+003  5.151000E+001  1.300000E-001  1.000000E+002  0.000000E+000 -2.679958E+000  3.119982E-001  5.707959E-001 -1.510746E-002
  6.660000E+003  5.151000E+001  1.300000E-001  1.000000E+002  0.000000E+000 -2.672685E+000  3.119982E-001  5.707959E-001 -1.510746E-002
  6.750000E+003  5.151000E+001  1.300000E-001  1.000000E+002  0.000000E+000 -2.665413E+000  3.119982E-001  5.707959E-001 -1.510746E-002
  6.840000E+003  5.151000E+001  1.300000E-001  1.000000E+002  0.000000E+000 -2.658141E+000  3.119982E-001  5.707959E-001 -1.510746E-002
  6.930000E+003  5.151000E+001  1.300000E-001  1.000000E+002  0.000000E+000 -2.650869E+000  3.119982E-001  5.707959E-001 -1.510746E-002
  7.020000E+003  5.151000E+001  1.300000E-001  1.000000E+002  0.000000E+000 -2.643597E+000  3.119982E-001  5.707959E-001 -1.510746E-002
  7.110000E+003  5.151000E+001  1.300000E-001  1.000000E+002  0.000000E+000 -2.636324E+000  3.119982E-001  5.707959E-001 -1.510746E-002
  7.200000E+003  5.151000E+001  1.300000E-001  1.000000E+002  0.000000E+000 -2.629052E+000  3.119982E-001  5.707959E-001 -1.510746E-002
  7.290000E+003  5.151000E+001  1.300000E-001  1.000000E+002  0.000000E+000 -2.621780E+000  3.119982E-001  5.707959E-001 -1.510746E-002
  7.380000E+003  5.151000E+001  1.300000E-001  1.000000E+002  0.000000E+000 -2.621780E+000  3.119982E-001  5.707959E-001 -1.510746E-002
  7.470000E+003  5.151000E+001  1.300000E-001  1.000000E+002  0.000000E+000 -2.614508E+000  3.119982E-001  5.707959E-001 -1.510746E-002
  7.560000E+003  5.151000E+001  1.300000E-001  1.000000E+002  0.000000E+000 -2.607236E+000  3.119982E-001  5.707959E-001 -1.510746E-002
  7.650000E+003  5.151000E+001  1.300000E-001  1.000000E+002  0.000000E+000 -2.599963E+000  3.119982E-001  5.707959E-001 -1.510746E-002
  7.740000E+003  5.151000E+001  1.300000E-001  1.000000E+002  0.000000E+000 -2.592691E+000  3.119982E-001  5.707959E-001 -1.510746E-002
  7.830000E+003  5.151000E+001  1.300000E-001  1.000000E+002  0.000000E+000 -2.585419E+000  3.119982E-001  5.707959E-001 -1.510746E-002
  7.920000E+003  5.151000E+001  1.300000E-001  1.000000E+002  0.000000E+000 -2.578147E+000  3.119982E-001  5.707959E-001 -1.510746E-002
  8.010000E+003  5.151000E+001  1.300000E-001  1.000000E+002  0.000000E+000 -2.570875E+000  3.119982E-001  5.707959E-001 -1.510746E-002
  8.100000E+003  5.151000E+001  1.300000E-001  1.000000E+002  0.000000E+000 -2.563602E+000  3.119982E-001  5.707959E-001 -1.510746E-002
  8.190000E+003  5.151000E+001  1.300000E-001  1.000000E+002  0.000000E+000 -2.556330E+000  3.119982E-001  5.707959E-001 -1.510746E-002
  8.280000E+003  5.151000E+001  1.300000E-001  1.000000E+002  0.000000E+000 -2.556330E+000  3.119982E-001  5.707959E-001 -1.510746E-002
  8.370000E+003  5.151000E+001  1.300000E-001  1.000000E+002  0.000000E+000 -2.549058E+000  3.119982E-001  5.707959E-001 -1.510746E-002
  8.460000E+003  5.151000E+001  1.300000E-001  1.000000E+002  0.000000E+000 -2.541786E+000  3.119982E-001  5.707959E-001 -1.510746E-002
  8.550000E+003  5.151000E+001  1.300000E-001  1.000000E+002  0.000000E+000 -2.534513E+000  3.119982E-001  5.707959E-001 -1.510746E-002
  8.640000E+003  5.151000E+001  1.300000E-001  1.000000E+002  0.000000E+000 -2.527241E+000  3.119982E-001  5.707959E-001 -1.510746E-002
  8.730000E+003  5.151000E+001  1.300000E-001  1.000000E+002  0.000000E+000 -2.519969E+000  3.119982E-001  5.707959E-001 -1.510746E-002
  8.820000E+003  5.151000E+001  1.300000E-001  1.000000E+002  0.000000E+000 -2.512697E+000  3.119982E-001  5.707959E-001 -1.510746E-002
  8.910000E+003  5.151000E+001  1.300000E-001  1.000000E+002  0.000000E+000 -2.505425E+000  3.119982E-001  5.707959E-001 -1.510746E-002
  9.000000E+003  5.151000E+001  1.300000E-001  1.000000E+002  0.000000E+000 -2.498152E+000  3.119982E-001  5.707959E-001 -1.510746E-002
  9.090000E+003  5.151000E+001  1.300000E-001  1.000000E+002  0.000000E+000 -2.490880E+000  3.119982E-001  5.707959E-001 -1.510746E-002
  9.180000E+003  5.151000E+001  1.300000E-001  1.000000E+002  0.000000E+000 -2.490880E+000  3.119982E-001  5.707959E-001 -1.510746E-002
  9.270000E+003  5.151000E+001  1.300000E-001  1.000000E+002  0.000000E+000 -2.483608E+000  3.119982E-001  5.707959E-001 -1.510746E-002
  9.360000E+003  5.151000E+001  1.300000E-001  1.000000E+002  0.000000E+000 -2.476336E+000  3.119982E-001  5.707959E-001 -1.510746E-002
  9.450000E+003  5.151000E+001  1.300000E-001  1.000000E+002  0.000000E+000 -2.469064E+000  3.119982E-001  5.707959E-001 -1.510746E-002
  9.540000E+003  5.151000E+001  1.300000E-001  1.000000E+002  0.000000E+000 -2.461791E+000  3.119982E-001  5.707959E-001 -1.510746E-002
  9.630000E+003  5.151000E+001  1.300000E-001  1.000000E+002  0.000000E+000 -2.454519E+000  3.119982E-001  5.707959E-001 -1.510746E-002
  9.720000E+003  5.151000E+001  1.300000E-001  1.000000E+002  0.000000E+000 -2.447247E+000  3.119982E-001  5.707959E-001 -1.510746E-002
  9.810000E+003  5.151000E+001  1.300000E-001  1.000000E+002  0.000000E+000 -2.439975E+000  3.119982E-001  5.707959E-001 -1.510746E-002
  9.900000E+003  5.151000E+001  1.300000E-001  1.000000E+002  0.000000E+000 -2.432703E+000  3.119982E-001  5.707959E-001 -1.510746E-002
  9.990000E+003  5.151000E+001  1.300000E-001  1.000000E+002  0.000000E+000 -2.425430E+000  3.119982E-001  5.707959E-001 -1.510746E-002
  1.008000E+004  5.151000E+001  1.300000E-001  1.000000E+002  0.000000E+000 -2.425430E+000  3.119982E-001  5.707959E-001 -1.510746E-002
  1.017000E+004  5.151000E+001  1.300000E-001  1.000000E+002  0.000000E+000 -2.418158E+000  3.119982E-001  5.707959E-001 -1.510746E-002
  1.026000E+004  5.151000E+001  1.300000E-001  1.000000E+002  0.000000E+000 -2.410886E+000  3.119982E-001  5.707959E-001 -1.510746E-002
  1.035000E+004  5.151000E+001  1.300000E-001  1.000000E+002  0.000000E+000 -2.403614E+000  3.119982E-001  5.707959E-001 -1.510746E-002
  1.044000E+004  5.151000E+001  1.300000E-001  1.000000E+002  0.000000E+000 -2.396342E+000  3.119982E-001  5.707959E-001 -1.510746E-002
  1.053000E+004  5.151000E+001  1.300000E-001  1.000000E+002  0.000000E+000 -2.389069E+000  3.119982E-001  5.707959E-001 -1.510746E-002
  1.062000E+004  5.151000E+001  1.300000E-001  1.000000E+002  0.000000E+000 -2.381797E+000  3.119982E-001  5.707959E-001 -1.510746E-002
  1.071000E+004  5.151000E+001  1.300000E-001  1.000000E+002  0.000000E+000 -2.374525E+000  3.119982E-001  5.707959E-001 -1.510746E-002
  1.080000E+004  5.151000E+001  1.300000E-001  1.000000E+002  0.000000E+000 -2.367253E+000  3.119982E-001  5.707959E-001 -1.510746E-002
  1.089000E+004  5.151000E+001  1.300000E-001  1.000000E+002  0.000000E+000 -2.359981E+000  3.119982E-001  5.707959E-001 -1.510746E-002
  1.098000E+004  5.151000E+001  1.300000E-001  1.000000E+002  0.000000E+000 -2.359981E+000  3.119982E-001  5.707959E-001 -1.510746E-002
  1.107000E+004  5.151000E+001  1.300000E-001  1.000000E+002  0.000000E+000 -2.352708E+000  3.119982E-001  5.707959E-001 -1.510746E-002
  1.116000E+004  5.151000E+001  1.300000E-001  1.000000E+002  0.000000E+000 -2.345436E+000  3.119982E-001  5.707959E-001 -1.510746E-002
  1.125000E+004  5.151000E+001  1.300000E-001  1.000000E+002  0.000000E+000 -2.338164E+000  3.119982E-001  5.707959E-001 -1.510746E-002
  1.134000E+004  5.151000E+001  1.300000E-001  1.000000E+002  0.000000E+000 -2.330892E+000  3.119982E-001  5.707959E-001 -1.510746E-002
  1.143000E+004  5.151000E+001  1.300000E-001  1.000000E+002  0.000000E+000 -2.323620E+000  3.119982E-001  5.707959E-001 -1.510746E-002
  1.152000E+004  5.151000E+001  1.300000E-001  1.000000E+002  0.000000E+000 -2.316347E+000  3.119982E-001  5.707959E-001 -1.510746E-002
  1.161000E+004  5.151000E+001  1.300000E-001  1.000000E+002  0.000000E+000 -2.309075E+000  3.119982E-001  5.707959E-001 -1.510746E-002
  1.170000E+004  5.151000E+001  1.300000E-001  1.000000E+002  0.000000E+000 -2.301803E+000  3.119982E-001  5.707959E-001 -1.510746E-002
  1.179000E+004  5.151000E+001  1.300000E-001  1.000000E+002  0.000000E+000 -2.294531E+000  3.119982E-001  5.707959E-001 -1.510746E-002
  1.188000E+004  5.151000E+001  1.300000E-001  1.000000E+002  0.000000E+000 -2.294531E+000  3.119982E-001  5.707959E-001 -1.510746E-002
  1.197000E+004  5.151000E+001  1.300000E-001  1.000000E+002  0.000000E+000 -2.287259E+000  3.119982E-001  5.707959E-001 -1.510746E-002
  1.206000E+004  5.151000E+001  1.300000E-001  1.000000E+002  0.000000E+000 -2.279986E+000  3.119982E-001  5.707959E-001 -1.510746E-002
  1.215000E+004  5.151000E+001  1.300000E-001  1.000000E+002  0.000000E+000 -2.272714E+000  3.119982E-001  5.707959E-001 -1.510746E-002
  1.224000E+004  5.151000E+001  1.300000E-001  1.000000E+002  0.000000E+000 -2.265442E+000  3.119982E-001  5.707959E-001 -1.510746E-002
  1.233000E+004  5.151000E+001  1.300000E-001  1.000000E+002  0.000000E+000 -2.258170E+000  3.119982E-001  5.707959E-001 -1.510746E-002
  1.242000E+004  5.151000E+001  1.300000E-001  1.000000E+002  0.000000E+000 -2.250897E+000  3.119982E-001  5.707959E-001 -1.510746E-002
  1.251000E+004  5.151000E+001  1.300000E-001  1.000000E+002  0.000000E+000 -2.243625E+000  3.119982E-001  5.707959E-001 -1.510746E-002
  1.260000E+004  5.151000E+001  1.300000E-001  1.000000E+002  0.000000E+000 -2.236353E+000  3.119982E-001  5.707959E-001 -1.510746E-002
  1.269000E+004  5.151000E+001  1.300000E-001  1.000000E+002  0.000000E+000 -2.229081E+000  3.119982E-001  5.707959E-001 -1.510746E-002
  1.278000E+004  5.151000E+001  1.300000E-001  1.000000E+002  0.000000E+000 -2.229081E+000  3.119982E-001  5.707959E-001 -1.510746E-002
  1.287000E+004  5.151000E+001  1.300000E-001  1.000000E+002  0.000000E+000 -2.221809E+000  3.119982E-001  5.707959E-001 -1.510746E-002
  1.296000E+004  5.151000E+001  1.300000E-001  1.000000E+002  0.000000E+000 -2.214536E+000  3.119982E-001  5.707959E-001 -1.510746E-002
  1.305000E+004  5.151000E+001  1.300000E-001  1.000000E+002  0.000000E+000 -2.207264E+000  3.119982E-001  5.707959E-001 -1.510746E-002
  1.314000E+004  5.151000E+001  1.300000E-001  1.000000E+002  0.000000E+000 -2.199992E+000  3.119982E-001  5.707959E-001 -1.510746E-002
  1.323000E+004  5.151000E+001  1.300000E-001  1.000000E+002  0.000000E+000 -2.192720E+000  3.119982E-001  5.707959E-001 -1.510746E-002
  1.332000E+004  5.151000E+001  1.300000E-001  1.000000E+002  0.000000E+000 -2.185448E+000  3.119982E-001  5.707959E-001 -1.510746E-002
  1.341000E+004  5.151000E+001  1.300000E-001  1.000000E+002  0.000000E+000 -2.178175E+000  3.119982E-001  5.707959E-001 -1.510746E-002
  1.350000E+004  5.151000E+001  1.300000E-001  1.000000E+002  0.000000E+000 -2.170903E+000  3.119982E-001  5.707959E-001 -1.510746E-002
  1.359000E+004  5.151000E+001  1.300000E-001  1.000000E+002  0.000000E+000 -2.163631E+000  3.119982E-001  5.707959E-001 -1.510746E-002
  1.368000E+004  5.151000E+001  1.300000E-001  1.000000E+002  0.000000E+000 -2.163631E+000  3.119982E-001  5.707959E-001 -1.510746E-002
  1.377000E+004  5.151000E+001  1.300000E-001  1.000000E+002  0.000000E+000 -2.156359E+000  3.119982E-001  5.707959E-001 -1.510746E-002
  1.386000E+004  5.151000E+001  1.300000E-001  1.000000E+002  0.000000E+000 -2.149087E+000  3.119982E-001  5.707959E-001 -1.510746E-002
  1.395000E+004  5.151000E+001  1.300000E-001  1.000000E+002  0.000000E+000 -2.141814E+000  3.119982E-001  5.707959E-001 -1.510746E-002
  1.404000E+004  5.151000E+001  1.300000E-001  1.000000E+002  0.000000E+000 -2.134542E+000  3.119982E-001  5.707959E-001 -1.510746E-002
  1.413000E+004  5.151000E+001  1.300000E-001  1.000000E+002  0.000000E+000 -2.129806E+000  3.119982E-001  5.707959E-001 -1.510746E-002
  1.422000E+004  5.151000E+001  1.300000E-001  8.409657E+001  1.189109E-002 -2.124416E+000  3.119982E-001  5.707959E-001 -1.510746E-002
  1.431000E+004  5.151000E+001  1.300000E-001  6.665764E+001  1.500203E-002 -2.118021E+000  3.119982E-001  5.707959E-001 -1.510746E-002
  1.440000E+004  5.151000E+001  1.300000E-001  5.480431E+001  1.824674E-002 -2.111378E+000  3.119982E-001  5.707959E-001 -1.510746E-002
  1.449000E+004  5.151000E+001  1.300000E-001  4.650208E+001  2.150441E-002 -2.104735E+000  3.119982E-001  5.707959E-001 -1.510746E-002
  1.458000E+004  5.151000E+001  1.300000E-001  4.036342E+001  2.477491E-002 -2.098092E+000  3.119982E-001  5.707959E-001 -1.510746E-002
  1.467000E+004  5.151000E+001  1.300000E-001  3.606308E+001  2.772919E-002 -2.092113E+000  3.119982E-001  5.707959E-001 -1.510746E-002
  1.476000E+004  5.151000E+001  1.300000E-001  3.185813E+001  3.138916E-002 -2.084734E+000  3.119982E-001  5.707959E-001 -1.510746E-002
  1.485000E+004  5.151000E+001  1.300000E-001  2.894610E+001  3.454697E-002 -2.078392E+000  3.119982E-001  5.707959E-001 -1.510746E-002
  1.494000E+004  5.151000E+001  1.300000E-001  2.640937E+001  3.786535E-002 -2.071752E+000  3.119982E-001  5.707959E-001 -1.510746E-002
  1.503000E+004  5.151000E+001  1.300000E-001  2.427431E+001  4.119581E-002 -2.065112E+000  3.119982E-001  5.707959E-001 -1.510746E-002
  1.512000E+004  5.151000E+001  1.300000E-001  2.241901E+001  4.460501E-002 -2.058340E+000  3.119982E-001  5.707959E-001 -1.510746E-002
  1.521000E+004  5.151000E+001  1.300000E-001  2.082185E+001  4.802647E-002 -2.051567E+000  3.119982E-001  5.707959E-001 -1.510746E-002
  1.530000E+004  5.151000E+001  1.300000E-001  1.943256E+001  5.146004E-002 -2.044794E+000  3.119982E-001  5.707959E-001 -1.510746E-002
  1.539000E+004  5.151000E+001  1.300000E-001  1.821309E+001  5.490555E-002 -2.038022E+000  3.119982E-001  5.707959E-001 -1.510746E-002
  1.548000E+004  5.151000E+001  1.300000E-001  1.713418E+001  5.836286E-002 -2.031249E+000  3.119982E-001  5.707959E-001 -1.510746E-002
  1.557000E+004  5.151000E+001  1.300000E-001  1.617291E+001  6.183181E-002 -2.024477E+000  3.119982E-001  5.707959E-001 -1.510746E-002
  1.566000E+004  5.151000E+001  1.300000E-001  1.531107E+001  6.531223E-002 -2.017704E+000  3.119982E-001  5.707959E-001 -1.510746E-002
  1.575000E+004  5.151000E+001  1.300000E-001  1.453405E+001  6.880396E-002 -2.010931E+000  3.119982E-001  5.707959E-001 -1.510746E-002
  1.584000E+004  5.151000E+001  1.300000E-001  1.382995E+001  7.230685E-002 -2.004159E+000  3.119982E-001  5.707959E-001 -1.510746E-002
  1.593000E+004  5.151000E+001  1.300000E-001  1.318901E+001  7.582073E-002 -1.997386E+000  3.119982E-001  5.707959E-001 -1.510746E-002
  1.602000E+004  5.151000E+001  1.300000E-001  1.260312E+001  7.934544E-002 -1.990614E+000  3.119982E-001  5.707959E-001 -1.510746E-002
  1.611000E+004  5.151000E+001  1.300000E-001  1.232866E+001  8.111181E-002 -1.987227E+000  3.119982E-001  5.707959E-001 -1.510746E-002
  1.620000E+004  5.151000E+001  1.300000E-001  1.181300E+001  8.465248E-002 -1.980455E+000  3.119982E-001  5.707959E-001 -1.510746E-002
  1.629000E+004  5.151000E+001  1.300000E-001  1.133741E+001  8.820356E-002 -1.973682E+000  3.119982E-001  5.707959E-001 -1.510746E-002
  1.638000E+004  5.151000E+001  1.300000E-001  1.089741E+001  9.176492E-002 -1.966910E+000  3.119982E-001  5.707959E-001 -1.510746E-002
  1.647000E+004  5.151000E+001  1.300000E-001  1.047789E+001  9.543910E-002 -1.959942E+000  3.119982E-001  5.707959E-001 -1.510746E-002
  1.656000E+004  5.151000E+001  1.300000E-001  1.011852E+001  9.882872E-002 -1.953533E+000  3.119982E-001  5.707959E-001 -1.510746E-002
  1.665000E+004  5.151000E+001  1.300000E-001  9.795383E+000  1.020889E-001 -1.947383E+000  3.119982E-001  5.707959E-001 -1.510746E-002
  1.674000E+004  5.151000E+001  1.300000E-001  9.459470E+000  1.057142E-001 -1.940562E+000  3.119982E-001  5.707959E-001 -1.510746E-002
  1.683000E+004  5.151000E+001  1.300000E-001  9.169297E+000  1.090596E-001 -1.934284E+000  3.119982E-001  5.707959E-001 -1.510746E-002
  1.692000E+004  5.151000E+001  1.300000E-001  8.871407E+000  1.127217E-001 -1.927429E+000  3.119982E-001  5.707959E-001 -1.510746E-002
  1.701000E+004  5.151000E+001  1.300000E-001  8.550953E+000  1.169460E-001 -1.919542E+000  3.119982E-001  5.707959E-001 -1.510746E-002
  1.710000E+004  5.151000E+001  1.300000E-001  8.340724E+000  1.198937E-001 -1.914053E+000  3.119982E-001  5.707959E-001 -1.510746E-002
  1.719000E+004  5.151000E+001  1.300000E-001  8.081919E+000  1.237330E-001 -1.906919E+000  3.119982E-001  5.707959E-001 -1.510746E-002
  1.728000E+004  5.151000E+001  1.300000E-001  7.783892E+000  1.284704E-001 -1.898141E+000  3.119982E-001  5.707959E-001 -1.510746E-002
  1.737000E+004  5.151000E+001  1.300000E-001  7.642661E+000  1.308445E-001 -1.893752E+000  3.119982E-001  5.707959E-001 -1.510746E-002
  1.746000E+004  5.151000E+001  1.300000E-001  7.290287E+000  1.371688E-001 -1.882090E+000  3.119982E-001  5.707959E-001 -1.510746E-002
  1.755000E+004  5.151000E+001  1.300000E-001  7.290287E+000  1.371688E-001 -1.882090E+000  3.119982E-001  5.707959E-001 -1.510746E-002
  1.764000E+004  5.151000E+001  1.300000E-001  7.085925E+000  1.411248E-001 -1.874818E+000  3.119982E-001  5.707959E-001 -1.510746E-002
  1.773000E+004  5.151000E+001  1.300000E-001  6.892278E+000  1.450899E-001 -1.867546E+000  3.119982E-001  5.707959E-001 -1.510746E-002
  1.782000E+004  5.151000E+001  1.300000E-001  6.708537E+000  1.490638E-001 -1.860274E+000  3.119982E-001  5.707959E-001 -1.510746E-002
  1.791000E+004  5.151000E+001  1.300000E-001  6.533970E+000  1.530463E-001 -1.853001E+000  3.119982E-001  5.707959E-001 -1.510746E-002
  1.800000E+004  5.151000E+001  1.300000E-001  6.367917E+000  1.570372E-001 -1.845729E+000  3.119982E-001  5.707959E-001 -1.510746E-002
  1.809000E+004  5.151000E+001  1.300000E-001  6.209778E+000  1.610363E-001 -1.838457E+000  3.119982E-001  5.707959E-001 -1.510746E-002
  1.818000E+004  5.151000E+001  1.300000E-001  6.059011E+000  1.650434E-001 -1.831185E+000  3.119982E-001  5.707959E-001 -1.510746E-002
  1.827000E+004  5.151000E+001  1.300000E-001  5.915119E+000  1.690583E-001 -1.823913E+000  3.119982E-001  5.707959E-001 -1.510746E-002
  1.836000E+004  5.151000E+001  1.300000E-001  5.777651E+000  1.730807E-001 -1.816640E+000  3.119982E-001  5.707959E-001 -1.510746E-002
  1.845000E+004  5.151000E+001  1.300000E-001  5.777651E+000  1.730807E-001 -1.816640E+000  3.119982E-001  5.707959E-001 -1.510746E-002
  1.854000E+004  5.151000E+001  1.300000E-001  5.646193E+000  1.771105E-001 -1.809368E+000  3.119982E-001  5.707959E-001 -1.510746E-002
  1.863000E+004  5.151000E+001  1.300000E-001  5.520366E+000  1.811474E-001 -1.802096E+000  3.119982E-001  5.707959E-001 -1.510746E-002
  1.872000E+004  5.151000E+001  1.300000E-001  5.399824E+000  1.851912E-001 -1.794824E+000  3.119982E-001  5.707959E-001 -1.510746E-002
  1.881000E+004  5.151000E+001  1.300000E-001  5.284246E+000  1.892418E-001 -1.787552E+000  3.119982E-001  5.707959E-001 -1.510746E-002
  1.890000E+004  5.151000E+001  1.300000E-001  5.173338E+000  1.932988E-001 -1.780279E+000  3.119982E-001  5.707959E-001 -1.510746E-002
  1.899000E+004  5.151000E+001  1.300000E-001  5.066829E+000  1.973621E-001 -1.773007E+000  3.119982E-001  5.707959E-001 -1.510746E-002
  1.908000E+004  5.151000E+001  1.300000E-001  4.964468E+000  2.014315E-001 -1.765735E+000  3.119982E-001  5.707959E-001 -1.510746E-002
  1.917000E+004  5.151000E+001  1.300000E-001  4.866022E+000  2.055067E-001 -1.758463E+000  3.119982E-001  5.707959E-001 -1.510746E-002
  1.926000E+004  5.151000E+001  1.300000E-001  4.771277E+000  2.095875E-001 -1.751191E+000  3.119982E-001  5.707959E-001 -1.510746E-002
  1.935000E+004  5.151000E+001  1.300000E-001  4.771277E+000  2.095875E-001 -1.751191E+000  3.119982E-001  5.707959E-001 -1.510746E-002
  1.944000E+004  5.151000E+001  1.300000E-001  4.680032E+000  2.136738E-001 -1.743918E+000  3.119982E-001  5.707959E-001 -1.510746E-002
  1.953000E+004  5.151000E+001  1.300000E-001  4.592101E+000  2.177652E-001 -1.736646E+000  3.119982E-001  5.707959E-001 -1.510746E-002
  1.962000E+004  5.151000E+001  1.300000E-001  4.507313E+000  2.218617E-001 -1.729374E+000  3.119982E-001  5.707959E-001 -1.510746E-002
  1.971000E+004  5.151000E+001  1.300000E-001  4.425506E+000  2.259629E-001 -1.722102E+000  3.119982E-001  5.707959E-001 -1.510746E-002
  1.980000E+004  5.151000E+001  1.300000E-001  4.346529E+000  2.300686E-001 -1.714830E+000  3.119982E-001  5.707959E-001 -1.510746E-002
  1.989000E+004  5.151000E+001  1.300000E-001  4.270243E+000  2.341787E-001 -1.707557E+000  3.119982E-001  5.707959E-001 -1.510746E-002
  1.998000E+004  5.151000E+001  1.300000E-001  4.196515E+000  2.382929E-001 -1.700285E+000  3.119982E-001  5.707959E-001 -1.510746E-002
  2.007000E+004  5.151000E+001  1.300000E-001  4.125225E+000  2.424110E-001 -1.693013E+000  3.119982E-001  5.707959E-001 -1.510746E-002
  2.016000E+004  5.151000E+001  1.300000E-001  4.056255E+000  2.465328E-001 -1.685741E+000  3.119982E-001  5.707959E-001 -1.510746E-002
  2.025000E+004  5.151000E+001  1.300000E-001  4.056255E+000  2.465328E-001 -1.685741E+000  3.119982E-001  5.707959E-001 -1.510746E-002
  2.034000E+004  5.151000E+001  1.300000E-001  3.989498E+000  2.506581E-001 -1.678468E+000  3.119982E-001  5.707959E-001 -1.510746E-002
  2.043000E+004  5.151000E+001  1.300000E-001  3.924854E+000  2.547866E-001 -1.671196E+000  3.119982E-001  5.707959E-001 -1.510746E-002
  2.052000E+004  5.151000E+001  1.300000E-001  3.862225E+000  2.589181E-001 -1.663924E+000  3.119982E-001  5.707959E-001 -1.510746E-002
  2.061000E+004  5.151000E+001  1.300000E-001  3.801524E+000  2.630524E-001 -1.656652E+000  3.119982E-001  5.707959E-001 -1.510746E-002
  2.070000E+004  5.151000E+001  1.300000E-001  3.742664E+000  2.671893E-001 -1.649380E+000  3.119982E-001  5.707959E-001 -1.510746E-002
  2.079000E+004  5.151000E+001  1.300000E-001  3.685568E+000  2.713286E-001 -1.642107E+000  3.119982E-001  5.707959E-001 -1.510746E-002
  2.088000E+004  5.151000E+001  1.300000E-001  3.630159E+000  2.754700E-001 -1.634835E+000  3.119982E-001  5.707959E-001 -1.510746E-002
  2.097000E+004  5.151000E+001  1.300000E-001  3.576366E+000  2.796134E-001 -1.627563E+000  3.119982E-001  5.707959E-001 -1.510746E-002
  2.106000E+004  5.151000E+001  1.300000E-001  3.524124E+000  2.837585E-001 -1.620291E+000  3.119982E-001  5.707959E-001 -1.510746E-002
  2.115000E+004  5.151000E+001  1.300000E-001  3.524124E+000  2.837585E-001 -1.620291E+000  3.119982E-001  5.707959E-001 -1.510746E-002
  2.124000E+004  5.151000E+001  1.300000E-001  3.473367E+000  2.879051E-001 -1.613019E+000  3.119982E-001  5.707959E-001 -1.510746E-002
  2.133000E+004  5.151000E+001  1.300000E-001  3.424037E+000  2.920529E-001 -1.605746E+000  3.119982E-001  5.707959E-001 -1.510746E-002
  2.142000E+004  5.151000E+001  1.300000E-001  3.376077E+000  2.962018E-001 -1.598474E+000  3.119982E-001  5.707959E-001 -1.510746E-002
  2.151000E+004  5.151000E+001  1.300000E-001  3.329432E+000  3.003515E-001 -1.591202E+000  3.119982E-001  5.707959E-001 -1.510746E-002
  2.160000E+004  5.151000E+001  1.300000E-001  3.284052E+000  3.045019E-001 -1.583930E+000  3.119982E-001  5.707959E-001 -1.510746E-002
  2.169000E+004  5.151000E+001  1.300000E-001  3.239888E+000  3.086526E-001 -1.576658E+000  3.119982E-001  5.707959E-001 -1.510746E-002
  2.178000E+004  5.151000E+001  1.300000E-001  3.196894E+000  3.128036E-001 -1.569385E+000  3.119982E-001  5.707959E-001 -1.510746E-002
  2.187000E+004  5.151000E+001  1.300000E-001  3.155027E+000  3.169545E-001 -1.562113E+000  3.119982E-001  5.707959E-001 -1.510746E-002
  2.196000E+004  5.151000E+001  1.300000E-001  3.114245E+000  3.211051E-001 -1.554841E+000  3.119982E-001  5.707959E-001 -1.510746E-002
  2.205000E+004  5.151000E+001  1.300000E-001  3.114245E+000  3.211051E-001 -1.554841E+000  3.119982E-001  5.707959E-001 -1.510746E-002
  2.214000E+004  5.151000E+001  1.300000E-001  3.074509E+000  3.252552E-001 -1.547569E+000  3.119982E-001  5.707959E-001 -1.510746E-002
  2.223000E+004  5.151000E+001  1.300000E-001  3.035780E+000  3.294046E-001 -1.540297E+000  3.119982E-001  5.707959E-001 -1.510746E-002
  2.232000E+004  5.151000E+001  1.300000E-001  2.998023E+000  3.335532E-001 -1.533024E+000  3.119982E-001  5.707959E-001 -1.510746E-002
  2.241000E+004  5.151000E+001  1.300000E-001  2.961203E+000  3.377005E-001 -1.525752E+000  3.119982E-001  5.707959E-001 -1.510746E-002
  2.250000E+004  5.151000E+001  1.300000E-001  2.925289E+000  3.418466E-001 -1.518480E+000  3.119982E-001  5.707959E-001 -1.510746E-002
  2.259000E+004  5.151000E+001  1.300000E-001  2.890249E+000  3.459910E-001 -1.511208E+000  3.119982E-001  5.707959E-001 -1.510746E-002
  2.268000E+004  5.151000E+001  1.300000E-001  2.856052E+000  3.501336E-001 -1.503936E+000  3.119982E-001  5.707959E-001 -1.510746E-002
  2.277000E+004  5.151000E+001  1.300000E-001  2.822672E+000  3.542743E-001 -1.496663E+000  3.119982E-001  5.707959E-001 -1.510746E-002
  2.286000E+004  5.151000E+001  1.300000E-001  2.790080E+000  3.584127E-001 -1.489391E+000  3.119982E-001  5.707959E-001 -1.510746E-002
  2.295000E+004  5.151000E+001  1.300000E-001  2.790080E+000  3.584127E-001 -1.489391E+000  3.119982E-001  5.707959E-001 -1.510746E-002
  2.304000E+004  5.151000E+001  1.300000E-001  2.758251E+000  3.625486E-001 -1.482119E+000  3.119982E-001  5.707959E-001 -1.510746E-002
  2.313000E+004  5.151000E+001  1.300000E-001  2.727160E+000  3.666819E-001 -1.474847E+000  3.119982E-001  5.707959E-001 -1.510746E-002
  2.322000E+004  5.151000E+001  1.300000E-001  2.696783E+000  3.708122E-001 -1.467575E+000  3.119982E-001  5.707959E-001 -1.510746E-002
  2.331000E+004  5.151000E+001  1.300000E-001  2.667097E+000  3.749395E-001 -1.460302E+000  3.119982E-001  5.707959E-001 -1.510746E-002
  2.340000E+004  5.151000E+001  1.300000E-001  2.638081E+000  3.790634E-001 -1.453030E+000  3.119982E-001  5.707959E-001 -1.510746E-002
  2.349000E+004  5.151000E+001  1.300000E-001  2.609714E+000  3.831838E-001 -1.445758E+000  3.119982E-001  5.707959E-001 -1.510746E-002
  2.358000E+004  5.151000E+001  1.300000E-001  2.581975E+000  3.873004E-001 -1.438486E+000  3.119982E-001  5.707959E-001 -1.510746E-002
  2.367000E+004  5.151000E+001  1.300000E-001  2.554846E+000  3.914131E-001 -1.431213E+000  3.119982E-001  5.707959E-001 -1.510746E-002
  2.376000E+004  5.151000E+001  1.300000E-001  2.528308E+000  3.955215E-001 -1.423941E+000  3.119982E-001  5.707959E-001 -1.510746E-002
  2.385000E+004  5.151000E+001  1.300000E-001  2.528308E+000  3.955215E-001 -1.423941E+000  3.119982E-001  5.707959E-001 -1.510746E-002
  2.394000E+004  5.151000E+001  1.300000E-001  2.502343E+000  3.996255E-001 -1.416669E+000  3.119982E-001  5.707959E-001 -1.510746E-002
  2.403000E+004  5.151000E+001  1.300000E-001  2.476934E+000  4.037249E-001 -1.409397E+000  3.119982E-001  5.707959E-001 -1.510746E-002
  2.412000E+004  5.151000E+001  1.300000E-001  2.452066E+000  4.078194E-001 -1.402125E+000  3.119982E-001  5.707959E-001 -1.510746E-002
  2.421000E+004  5.151000E+001  1.300000E-001  2.427721E+000  4.119089E-001 -1.394852E+000  3.119982E-001  5.707959E-001 -1.510746E-002
  2.430000E+004  5.151000E+001  1.300000E-001  2.403886E+000  4.159931E-001 -1.387580E+000  3.119982E-001  5.707959E-001 -1.510746E-002
  2.439000E+004  5.151000E+001  1.300000E-001  2.380546E+000  4.200718E-001 -1.380308E+000  3.119982E-001  5.707959E-001 -1.510746E-002
  2.448000E+004  5.151000E+001  1.300000E-001  2.357686E+000  4.241447E-001 -1.373036E+000  3.119982E-001  5.707959E-001 -1.510746E-002
  2.457000E+004  5.151000E+001  1.300000E-001  2.335293E+000  4.282118E-001 -1.365764E+000  3.119982E-001  5.707959E-001 -1.510746E-002
  2.466000E+004  5.151000E+001  1.300000E-001  2.313355E+000  4.322727E-001 -1.358491E+000  3.119982E-001  5.707959E-001 -1.510746E-002
  2.475000E+004  5.151000E+001  1.300000E-001  2.313355E+000  4.322727E-001 -1.358491E+000  3.119982E-001  5.707959E-001 -1.510746E-002
  2.484000E+004  5.151000E+001  1.300000E-001  2.291858E+000  4.363272E-001 -1.351219E+000  3.119982E-001  5.707959E-001 -1.510746E-002
  2.493000E+004  5.151000E+001  1.300000E-001  2.270791E+000  4.403751E-001 -1.343947E+000  3.119982E-001  5.707959E-001 -1.510746E-002
  2.502000E+004  5.151000E+001  1.300000E-001  2.250142E+000  4.444163E-001 -1.336675E+000  3.119982E-001  5.707959E-001 -1.510746E-002
  2.511000E+004  5.151000E+001  1.300000E-001  2.229901E+000  4.484505E-001 -1.329403E+000  3.119982E-001  5.707959E-001 -1.510746E-002
  2.520000E+004  5.151000E+001  1.300000E-001  2.210055E+000  4.524774E-001 -1.322130E+000  3.119982E-001  5.707959E-001 -1.510746E-002
  2.529000E+004  5.151000E+001  1.300000E-001  2.190595E+000  4.564969E-001 -1.314858E+000  3.119982E-001  5.707959E-001 -1.510746E-002
  2.538000E+004  5.151000E+001  1.300000E-001  2.171511E+000  4.605088E-001 -1.307586E+000  3.119982E-001  5.707959E-001 -1.510746E-002
  2.547000E+004  5.151000E+001  1.300000E-001  2.152793E+000  4.645128E-001 -1.300314E+000  3.119982E-001  5.707959E-001 -1.510746E-002
  2.556000E+004  5.151000E+001  1.300000E-001  2.134432E+000  4.685088E-001 -1.293042E+000  3.119982E-001  5.707959E-001 -1.510746E-002
  2.565000E+004  5.151000E+001  1.300000E-001  2.134432E+000  4.685088E-001 -1.293042E+000  3.119982E-001  5.707959E-001 -1.510746E-002
  2.574000E+004  5.151000E+001  1.300000E-001  2.116418E+000  4.724965E-001 -1.285769E+000  3.119982E-001  5.707959E-001 -1.510746E-002
  2.583000E+004  5.151000E+001  1.300000E-001  2.098743E+000  4.764757E-001 -1.278497E+000  3.119982E-001  5.707959E-001 -1.510746E-002
  2.592000E+004  5.151000E+001  1.300000E-001  2.081399E+000  4.804462E-001 -1.271225E+000  3.119982E-001  5.707959E-001 -1.510746E-002
  2.601000E+004  5.151000E+001  1.300000E-001  2.064377E+000  4.844077E-001 -1.263953E+000  3.119982E-001  5.707959E-001 -1.510746E-002
  2.610000E+004  5.151000E+001  1.300000E-001  2.047669E+000  4.883602E-001 -1.256681E+000  3.119982E-001  5.707959E-001 -1.510746E-002
  2.619000E+004  5.151000E+001  1.300000E-001  2.031268E+000  4.923034E-001 -1.249408E+000  3.119982E-001  5.707959E-001 -1.510746E-002
  2.628000E+004  5.151000E+001  1.300000E-001  2.015166E+000  4.962370E-001 -1.242136E+000  3.119982E-001  5.707959E-001 -1.510746E-002
  2.637000E+004  5.151000E+001  1.300000E-001  1.999357E+000  5.001608E-001 -1.234864E+000  3.119982E-001  5.707959E-001 -1.510746E-002
  2.646000E+004  5.151000E+001  1.300000E-001  1.983833E+000  5.040747E-001 -1.227592E+000  3.119982E-001  5.707959E-001 -1.510746E-002
  2.655000E+004  5.151000E+001  1.300000E-001  1.983833E+000  5.040747E-001 -1.227592E+000  3.119982E-001  5.707959E-001 -1.510746E-002
  2.664000E+004  5.151000E+001  1.300000E-001  1.968587E+000  5.079785E-001 -1.220320E+000  3.119982E-001  5.707959E-001 -1.510746E-002
  2.673000E+004  5.151000E+001  1.300000E-001  1.953614E+000  5.118719E-001 -1.213047E+000  3.119982E-001  5.707959E-001 -1.510746E-002
  2.682000E+004  5.151000E+001  1.300000E-001  1.938906E+000  5.157547E-001 -1.205775E+000  3.119982E-001  5.707959E-001 -1.510746E-002
  2.691000E+004  5.151000E+001  1.300000E-001  1.924458E+000  5.196267E-001 -1.198503E+000  3.119982E-001  5.707959E-001 -1.510746E-002
  2.700000E+004  5.151000E+001  1.300000E-001  1.910264E+000  5.234878E-001 -1.191231E+000  3.119982E-001  5.707959E-001 -1.510746E-002
  2.709000E+004  5.151000E+001  1.300000E-001  1.896318E+000  5.273377E-001 -1.183959E+000  3.119982E-001  5.707959E-001 -1.510746E-002
  2.718000E+004  5.151000E+001  1.300000E-001  1.882615E+000  5.311762E-001 -1.176686E+000  3.119982E-001  5.707959E-001 -1.510746E-002
  2.727000E+004  5.151000E+001  1.300000E-001  1.869148E+000  5.350031E-001 -1.169414E+000  3.119982E-001  5.707959E-001 -1.510746E-002
  2.736000E+004  5.151000E+001  1.300000E-001  1.855914E+000  5.388182E-001 -1.162142E+000  3.119982E-001  5.707959E-001 -1.510746E-002
  2.745000E+004  5.151000E+001  1.300000E-001  1.855914E+000  5.388182E-001 -1.162142E+000  3.119982E-001  5.707959E-001 -1.510746E-002
  2.754000E+004  5.151000E+001  1.300000E-001  1.842906E+000  5.426213E-001 -1.154870E+000  3.119982E-001  5.707959E-001 -1.510746E-002
  2.763000E+004  5.151000E+001  1.300000E-001  1.830120E+000  5.464122E-001 -1.147597E+000  3.119982E-001  5.707959E-001 -1.510746E-002
  2.772000E+004  5.151000E+001  1.300000E-001  1.817552E+000  5.501907E-001 -1.140325E+000  3.119982E-001  5.707959E-001 -1.510746E-002
  2.781000E+004  5.151000E+001  1.300000E-001  1.805195E+000  5.539566E-001 -1.133053E+000  3.119982E-001  5.707959E-001 -1.510746E-002
  2.790000E+004  5.151000E+001  1.300000E-001  1.793047E+000  5.577097E-001 -1.125781E+000  3.119982E-001  5.707959E-001 -1.510746E-002
  2.799000E+004  5.151000E+001  1.300000E-001  1.781103E+000  5.614499E-001 -1.118509E+000  3.119982E-001  5.707959E-001 -1.510746E-002
  2.808000E+004  5.151000E+001  1.300000E-001  1.769358E+000  5.651768E-001 -1.111236E+000  3.119982E-001  5.707959E-001 -1.510746E-002
  2.817000E+004  5.151000E+001  1.300000E-001  1.757808E+000  5.688904E-001 -1.103964E+000  3.119982E-001  5.707959E-001 -1.510746E-002
  2.826000E+004  5.151000E+001  1.300000E-001  1.746449E+000  5.725903E-001 -1.096692E+000  3.119982E-001  5.707959E-001 -1.510746E-002
  2.835000E+004  5.151000E+001  1.300000E-001  1.746449E+000  5.725903E-001 -1.096692E+000  3.119982E-001  5.707959E-001 -1.510746E-002
  2.844000E+004  5.151000E+001  1.300000E-001  1.735278E+000  5.762765E-001 -1.089420E+000  3.119982E-001  5.707959E-001 -1.510746E-002
  2.853000E+004  5.151000E+001  1.300000E-001  1.724290E+000  5.799487E-001 -1.082148E+000  3.119982E-001  5.707959E-001 -1.510746E-002
  2.862000E+004  5.151000E+001  1.300000E-001  1.713483E+000  5.836067E-001 -1.074875E+000  3.119982E-001  5.707959E-001 -1.510746E-002
  2.871000E+004  5.151000E+001  1.300000E-001  1.702851E+000  5.872504E-001 -1.067603E+000  3.119982E-001  5.707959E-001 -1.510746E-002
  2.880000E+004  5.151000E+001  1.300000E-001  1.692392E+000  5.908795E-001 -1.060331E+000  3.119982E-001  5.707959E-001 -1.510746E-002
  2.889000E+004  5.151000E+001  1.300000E-001  1.682103E+000  5.944939E-001 -1.053059E+000  3.119982E-001  5.707959E-001 -1.510746E-002
  2.898000E+004  5.151000E+001  1.300000E-001  1.671980E+000  5.980933E-001 -1.045787E+000  3.119982E-001  5.707959E-001 -1.510746E-002
  2.907000E+004  5.151000E+001  1.300000E-001  1.662020E+000  6.016776E-001 -1.038514E+000  3.119982E-001  5.707959E-001 -1.510746E-002
  2.916000E+004  5.151000E+001  1.300000E-001  1.652219E+000  6.052466E-001 -1.031242E+000  3.119982E-001  5.707959E-001 -1.510746E-002
  2.925000E+004  5.151000E+001  1.300000E-001  1.652219E+000  6.052466E-001 -1.031242E+000  3.119982E-001  5.707959E-001 -1.510746E-002
  2.934000E+004  5.151000E+001  1.300000E-001  1.642575E+000  6.088001E-001 -1.023970E+000  3.119982E-001  5.707959E-001 -1.510746E-002
  2.943000E+004  5.151000E+001  1.300000E-001  1.633085E+000  6.123378E-001 -1.016698E+000  3.119982E-001  5.707959E-001 -1.510746E-002
  2.952000E+004  5.151000E+001  1.300000E-001  1.623746E+000  6.158597E-001 -1.009426E+000  3.119982E-001  5.707959E-001 -1.510746E-002
  2.961000E+004  5.151000E+001  1.300000E-001  1.614555E+000  6.193655E-001 -1.002153E+000  3.119982E-001  5.707959E-001 -1.510746E-002
  2.970000E+004  5.151000E+001  1.300000E-001  1.605510E+000  6.228551E-001 -9.948812E-001  3.119982E-001  5.707959E-001 -1.510746E-002
  2.979000E+004  5.151000E+001  1.300000E-001  1.596607E+000  6.263282E-001 -9.876090E-001  3.119982E-001  5.707959E-001 -1.510746E-002
  2.988000E+004  5.151000E+001  1.300000E-001  1.587844E+000  6.297847E-001 -9.803368E-001  3.119982E-001  5.707959E-001 -1.510746E-002
  2.997000E+004  5.151000E+001  1.300000E-001  1.579219E+000  6.332244E-001 -9.730646E-001  3.119982E-001  5.707959E-001 -1.510746E-002
  3.006000E+004  5.151000E+001  1.300000E-001  1.570729E+000  6.366471E-001 -9.657924E-001  3.119982E-001  5.707959E-001 -1.510746E-002
  3.015000E+004  5.151000E+001  1.300000E-001  1.570729E+000  6.366471E-001 -9.657924E-001  3.119982E-001  5.707959E-001 -1.510746E-002
  3.024000E+004  5.151000E+001  1.300000E-001  1.562371E+000  6.400526E-001 -9.585202E-001  3.119982E-001  5.707959E-001 -1.510746E-002
  3.033000E+004  5.151000E+001  1.300000E-001  1.554144E+000  6.434408E-001 -9.512480E-001  3.119982E-001  5.707959E-001 -1.510746E-002
  3.042000E+004  5.151000E+001  1.300000E-001  1.546045E+000  6.468115E-001 -9.439757E-001  3.119982E-001  5.707959E-001 -1.510746E-002
  3.051000E+004  5.151000E+001  1.300000E-001  1.538072E+000  6.501644E-001 -9.367035E-001  3.119982E-001  5.707959E-001 -1.510746E-002
  3.060000E+004  5.151000E+001  1.300000E-001  1.530223E+000  6.534995E-001 -9.294313E-001  3.119982E-001  5.707959E-001 -1.510746E-002
  3.069000E+004  5.151000E+001  1.300000E-001  1.522495E+000  6.568165E-001 -9.221591E-001  3.119982E-001  5.707959E-001 -1.510746E-002
  3.078000E+004  5.151000E+001  1.300000E-001  1.514887E+000  6.601153E-001 -9.148869E-001  3.119982E-001  5.707959E-001 -1.510746E-002
  3.087000E+004  5.151000E+001  1.300000E-001  1.507396E+000  6.633957E-001 -9.076147E-001  3.119982E-001  5.707959E-001 -1.510746E-002
  3.096000E+004  5.151000E+001  1.300000E-001  1.500021E+000  6.666574E-001 -9.003425E-001  3.119982E-001  5.707959E-001 -1.510746E-002
  3.105000E+004  5.151000E+001  1.300000E-001  1.500021E+000  6.666574E-001 -9.003425E-001  3.119982E-001  5.707959E-001 -1.510746E-002
  3.114000E+004  5.151000E+001  1.300000E-001  1.492759E+000  6.699005E-001 -8.930703E-001  3.119982E-001  5.707959E-001 -1.510746E-002
  3.123000E+004  5.151000E+001  1.300000E-001  1.485609E+000  6.731246E-001 -8.857981E-001  3.119982E-001  5.707959E-001 -1.510746E-002
  3.132000E+004  5.151000E+001  1.300000E-001  1.478569E+000  6.763296E-001 -8.785259E-001  3.119982E-001  5.707959E-001 -1.510746E-002
  3.141000E+004  5.151000E+001  1.300000E-001  1.471637E+000  6.795153E-001 -8.712537E-001  3.119982E-001  5.707959E-001 -1.510746E-002
  3.150000E+004  5.151000E+001  1.300000E-001  1.464812E+000  6.826816E-001 -8.639815E-001  3.119982E-001  5.707959E-001 -1.510746E-002
  3.159000E+004  5.151000E+001  1.300000E-001  1.458091E+000  6.858283E-001 -8.567093E-001  3.119982E-001  5.707959E-001 -1.510746E-002
  3.168000E+004  5.151000E+001  1.300000E-001  1.451473E+000  6.889552E-001 -8.494371E-001  3.119982E-001  5.707959E-001 -1.510746E-002
  3.177000E+004  5.151000E+001  1.300000E-001  1.444957E+000  6.920622E-001 -8.421649E-001  3.119982E-001  5.707959E-001 -1.510746E-002
  3.186000E+004  5.151000E+001  1.300000E-001  1.438540E+000  6.951491E-001 -8.348927E-001  3.119982E-001  5.707959E-001 -1.510746E-002
  3.195000E+004  5.151000E+001  1.300000E-001  1.438540E+000  6.951491E-001 -8.348927E-001  3.119982E-001  5.707959E-001 -1.510746E-002
  3.204000E+004  5.151000E+001  1.300000E-001  1.432222E+000  6.982157E-001 -8.276205E-001  3.119982E-001  5.707959E-001 -1.510746E-002
  3.213000E+004  5.151000E+001  1.300000E-001  1.426001E+000  7.012619E-001 -8.203483E-001  3.119982E-001  5.707959E-001 -1.510746E-002
  3.222000E+004  5.151000E+001  1.300000E-001  1.419875E+000  7.042875E-001 -8.130761E-001  3.119982E-001  5.707959E-001 -1.510746E-002
  3.231000E+004  5.151000E+001  1.300000E-001  1.413842E+000  7.072924E-001 -8.058038E-001  3.119982E-001  5.707959E-001 -1.510746E-002
  3.240000E+004  5.151000E+001  1.300000E-001  1.407903E+000  7.102763E-001 -7.985316E-001  3.119982E-001  5.707959E-001 -1.510746E-002
  3.249000E+004  5.151000E+001  1.300000E-001  1.402054E+000  7.132392E-001 -7.912594E-001  3.119982E-001  5.707959E-001 -1.510746E-002
  3.258000E+004  5.151000E+001  1.300000E-001  1.396295E+000  7.161809E-001 -7.839872E-001  3.119982E-001  5.707959E-001 -1.510746E-002
  3.267000E+004  5.151000E+001  1.300000E-001  1.390625E+000  7.191012E-001 -7.767150E-001  3.119982E-001  5.707959E-001 -1.510746E-002
  3.276000E+004  5.151000E+001  1.300000E-001  1.385042E+000  7.220000E-001 -7.694428E-001  3.119982E-001  5.707959E-001 -1.510746E-002
  3.285000E+004  5.151000E+001  1.300000E-001  1.385042E+000  7.220000E-001 -7.694428E-001  3.119982E-001  5.707959E-001 -1.510746E-002
  3.294000E+004  5.151000E+001  1.300000E-001  1.379544E+000  7.248771E-001 -7.621706E-001  3.119982E-001  5.707959E-001 -1.510746E-002
  3.303000E+004  5.151000E+001  1.300000E-001  1.374132E+000  7.277323E-001 -7.548984E-001  3.119982E-001  5.707959E-001 -1.510746E-002
  3.312000E+004  5.151000E+001  1.300000E-001  1.368802E+000  7.305656E-001 -7.476262E-001  3.119982E-001  5.707959E-001 -1.510746E-002
  3.321000E+004  5.151000E+001  1.300000E-001  1.363556E+000  7.333767E-001 -7.403540E-001  3.119982E-001  5.707959E-001 -1.510746E-002
  3.330000E+004  5.151000E+001  1.300000E-001  1.358390E+000  7.361656E-001 -7.330818E-001  3.119982E-001  5.707959E-001 -1.510746E-002
  3.339000E+004  5.151000E+001  1.300000E-001  1.353304E+000  7.389320E-001 -7.258096E-001  3.119982E-001  5.707959E-001 -1.510746E-002
  3.348000E+004  5.151000E+001  1.300000E-001  1.348298E+000  7.416758E-001 -7.185374E-001  3.119982E-001  5.707959E-001 -1.510746E-002
  3.357000E+004  5.151000E+001  1.300000E-001  1.343369E+000  7.443970E-001 -7.112652E-001  3.119982E-001  5.707959E-001 -1.510746E-002
  3.366000E+004  5.151000E+001  1.300000E-001  1.338517E+000  7.470952E-001 -7.039930E-001  3.119982E-001  5.707959E-001 -1.510746E-002
  3.375000E+004  5.151000E+001  1.300000E-001  1.338517E+000  7.470952E-001 -7.039930E-001  3.119982E-001  5.707959E-001 -1.510746E-002
  3.384000E+004  5.151000E+001  1.300000E-001  1.333742E+000  7.497704E-001 -6.967208E-001  3.119982E-001  5.707959E-001 -1.510746E-002
  3.393000E+004  5.151000E+001  1.300000E-001  1.329040E+000  7.524225E-001 -6.894486E-001  3.119982E-001  5.707959E-001 -1.510746E-002
  3.402000E+004  5.151000E+001  1.300000E-001  1.324413E+000  7.550513E-001 -6.821764E-001  3.119982E-001  5.707959E-001 -1.510746E-002
  3.411000E+004  5.151000E+001  1.300000E-001  1.319859E+000  7.576567E-001 -6.749042E-001  3.119982E-001  5.707959E-001 -1.510746E-002
  3.420000E+004  5.151000E+001  1.300000E-001  1.315377E+000  7.602385E-001 -6.676319E-001  3.119982E-001  5.707959E-001 -1.510746E-002
  3.429000E+004  5.151000E+001  1.300000E-001  1.310965E+000  7.627966E-001 -6.603597E-001  3.119982E-001  5.707959E-001 -1.510746E-002
  3.438000E+004  5.151000E+001  1.300000E-001  1.306624E+000  7.653308E-001 -6.530875E-001  3.119982E-001  5.707959E-001 -1.510746E-002
  3.447000E+004  5.151000E+001  1.300000E-001  1.302353E+000  7.678411E-001 -6.458153E-001  3.119982E-001  5.707959E-001 -1.510746E-002
  3.456000E+004  5.151000E+001  1.300000E-001  1.298150E+000  7.703273E-001 -6.385431E-001  3.119982E-001  5.707959E-001 -1.510746E-002
  3.465000E+004  5.151000E+001  1.300000E-001  1.298150E+000  7.703273E-001 -6.385431E-001  3.119982E-001  5.707959E-001 -1.510746E-002
  3.474000E+004  5.151000E+001  1.300000E-001  1.294014E+000  7.727892E-001 -6.312709E-001  3.119982E-001  5.707959E-001 -1.510746E-002
  3.483000E+004  5.151000E+001  1.300000E-001  1.289945E+000  7.752268E-001 -6.239987E-001  3.119982E-001  5.707959E-001 -1.510746E-002
  3.492000E+004  5.151000E+001  1.300000E-001  1.285942E+000  7.776398E-001 -6.167265E-001  3.119982E-001  5.707959E-001 -1.510746E-002
  3.501000E+004  5.151000E+001  1.300000E-001  1.282005E+000  7.800283E-001 -6.094543E-001  3.119982E-001  5.707959E-001 -1.510746E-002
  3.510000E+004  5.151000E+001  1.300000E-001  1.278132E+000  7.823920E-001 -6.021821E-001  3.119982E-001  5.707959E-001 -1.510746E-002
  3.519000E+004  5.151000E+001  1.300000E-001  1.274322E+000  7.847308E-001 -5.949099E-001  3.119982E-001  5.707959E-001 -1.510746E-002
  3.528000E+004  5.151000E+001  1.300000E-001  1.270576E+000  7.870446E-001 -5.876377E-001  3.119982E-001  5.707959E-001 -1.510746E-002
  3.537000E+004  5.151000E+001  1.300000E-001  1.266892E+000  7.893333E-001 -5.803655E-001  3.119982E-001  5.707959E-001 -1.510746E-002
  3.546000E+004  5.151000E+001  1.300000E-001  1.263270E+000  7.915967E-001 -5.730933E-001  3.119982E-001  5.707959E-001 -1.510746E-002
  3.555000E+004  5.151000E+001  1.300000E-001  1.263270E+000  7.915967E-001 -5.730933E-001  3.119982E-001  5.707959E-001 -1.510746E-002
  3.564000E+004  5.151000E+001  1.300000E-001  1.259708E+000  7.938348E-001 -5.658211E-001  3.119982E-001  5.707959E-001 -1.510746E-002
  3.573000E+004  5.151000E+001  1.300000E-001  1.256207E+000  7.960474E-001 -5.585489E-001  3.119982E-001  5.707959E-001 -1.510746E-002
  3.582000E+004  5.151000E+001  1.300000E-001  1.252765E+000  7.982344E-001 -5.512767E-001  3.119982E-001  5.707959E-001 -1.510746E-002
  3.591000E+004  5.151000E+001  1.300000E-001  1.249382E+000  8.003957E-001 -5.440045E-001  3.119982E-001  5.707959E-001 -1.510746E-002
  3.600000E+004  5.151000E+001  1.300000E-001  1.246058E+000  8.025311E-001 -5.367323E-001  3.119982E-001  5.707959E-001 -1.510746E-002
  3.609000E+004  5.151000E+001  1.300000E-001  1.242791E+000  8.046407E-001 -5.294600E-001  3.119982E-001  5.707959E-001 -1.510746E-002
  3.618000E+004  5.151000E+001  1.300000E-001  1.239581E+000  8.067241E-001 -5.221878E-001  3.119982E-001  5.707959E-001 -1.510746E-002
  3.627000E+004  5.151000E+001  1.300000E-001  1.236428E+000  8.087814E-001 -5.149156E-001  3.119982E-001  5.707959E-001 -1.510746E-002
  3.636000E+004  5.151000E+001  1.300000E-001  1.233331E+000  8.108124E-001 -5.076434E-001  3.119982E-001  5.707959E-001 -1.510746E-002
  3.645000E+004  5.151000E+001  1.300000E-001  1.233331E+000  8.108124E-001 -5.076434E-001  3.119982E-001  5.707959E-001 -1.510746E-002
  3.654000E+004  5.151000E+001  1.300000E-001  1.230289E+000  8.128171E-001 -5.003712E-001  3.119982E-001  5.707959E-001 -1.510746E-002
  3.663000E+004  5.151000E+001  1.300000E-001  1.227302E+000  8.147952E-001 -4.930990E-001  3.119982E-001  5.707959E-001 -1.510746E-002
  3.672000E+004  5.151000E+001  1.300000E-001  1.224370E+000  8.167468E-001 -4.858268E-001  3.119982E-001  5.707959E-001 -1.510746E-002
  3.681000E+004  5.151000E+001  1.300000E-001  1.221491E+000  8.186717E-001 -4.785546E-001  3.119982E-001  5.707959E-001 -1.510746E-002
  3.690000E+004  5.151000E+001  1.300000E-001  1.218665E+000  8.205698E-001 -4.712824E-001  3.119982E-001  5.707959E-001 -1.510746E-002
  3.699000E+004  5.151000E+001  1.300000E-001  1.215893E+000  8.224410E-001 -4.640102E-001  3.119982E-001  5.707959E-001 -1.510746E-002
  3.708000E+004  5.151000E+001  1.300000E-001  1.213172E+000  8.242851E-001 -4.567380E-001  3.119982E-001  5.707959E-001 -1.510746E-002
  3.717000E+004  5.151000E+001  1.300000E-001  1.210504E+000  8.261022E-001 -4.494658E-001  3.119982E-001  5.707959E-001 -1.510746E-002
  3.726000E+004  5.151000E+001  1.300000E-001  1.207887E+000  8.278922E-001 -4.421936E-001  3.119982E-001  5.707959E-001 -1.510746E-002
  3.735000E+004  5.151000E+001  1.300000E-001  1.207887E+000  8.278922E-001 -4.421936E-001  3.119982E-001  5.707959E-001 -1.510746E-002
  3.744000E+004  5.151000E+001  1.300000E-001  1.205321E+000  8.296548E-001 -4.349214E-001  3.119982E-001  5.707959E-001 -1.510746E-002
  3.753000E+004  5.151000E+001  1.300000E-001  1.202805E+000  8.313900E-001 -4.276492E-001  3.119982E-001  5.707959E-001 -1.510746E-002
  3.762000E+004  5.151000E+001  1.300000E-001  1.200339E+000  8.330978E-001 -4.203770E-001  3.119982E-001  5.707959E-001 -1.510746E-002
  3.771000E+004  5.151000E+001  1.300000E-001  1.197923E+000  8.347780E-001 -4.131048E-001  3.119982E-001  5.707959E-001 -1.510746E-002
  3.780000E+004  5.151000E+001  1.300000E-001  1.195556E+000  8.364306E-001 -4.058326E-001  3.119982E-001  5.707959E-001 -1.510746E-002
  3.789000E+004  5.151000E+001  1.300000E-001  1.193238E+000  8.380555E-001 -3.985604E-001  3.119982E-001  5.707959E-001 -1.510746E-002
  3.798000E+004  5.151000E+001  1.300000E-001  1.190969E+000  8.396525E-001 -3.912882E-001  3.119982E-001  5.707959E-001 -1.510746E-002
  3.807000E+004  5.151000E+001  1.300000E-001  1.188747E+000  8.412216E-001 -3.840159E-001  3.119982E-001  5.707959E-001 -1.510746E-002
  3.816000E+004  5.151000E+001  1.300000E-001  1.186574E+000  8.427627E-001 -3.767437E-001  3.119982E-001  5.707959E-001 -1.510746E-002
  3.825000E+004  5.151000E+001  1.300000E-001  1.186574E+000  8.427627E-001 -3.767437E-001  3.119982E-001  5.707959E-001 -1.510746E-002
  3.834000E+004  5.151000E+001  1.300000E-001  1.184447E+000  8.442758E-001 -3.694715E-001  3.119982E-001  5.707959E-001 -1.510746E-002
  3.843000E+004  5.151000E+001  1.300000E-001  1.182368E+000  8.457607E-001 -3.621993E-001  3.119982E-001  5.707959E-001 -1.510746E-002
  3.852000E+004  5.151000E+001  1.300000E-001  1.180335E+000  8.472174E-001 -3.549271E-001  3.119982E-001  5.707959E-001 -1.510746E-002
  3.861000E+004  5.151000E+001  1.300000E-001  1.178348E+000  8.486458E-001 -3.476549E-001  3.119982E-001  5.707959E-001 -1.510746E-002
  3.870000E+004  5.151000E+001  1.300000E-001  1.176407E+000  8.500458E-001 -3.403827E-001  3.119982E-001  5.707959E-001 -1.510746E-002
  3.879000E+004  5.151000E+001  1.300000E-001  1.174512E+000  8.514173E-001 -3.331105E-001  3.119982E-001  5.707959E-001 -1.510746E-002
  3.888000E+004  5.151000E+001  1.300000E-001  1.172662E+000  8.527603E-001 -3.258383E-001  3.119982E-001  5.707959E-001 -1.510746E-002
  3.897000E+004  5.151000E+001  1.300000E-001  1.170858E+000  8.540748E-001 -3.185661E-001  3.119982E-001  5.707959E-001 -1.510746E-002
  3.906000E+004  5.151000E+001  1.300000E-001  1.169098E+000  8.553605E-001 -3.112939E-001  3.119982E-001  5.707959E-001 -1.510746E-002
  3.915000E+004  5.151000E+001  1.300000E-001  1.169098E+000  8.553605E-001 -3.112939E-001  3.119982E-001  5.707959E-001 -1.510746E-002
  3.924000E+004  5.151000E+001  1.300000E-001  1.167382E+000  8.566175E-001 -3.040217E-001  3.119982E-001  5.707959E-001 -1.510746E-002
  3.933000E+004  5.151000E+001  1.300000E-001  1.165711E+000  8.578457E-001 -2.967495E-001  3.119982E-001  5.707959E-001 -1.510746E-002
  3.942000E+004  5.151000E+001  1.300000E-001  1.164083E+000  8.590451E-001 -2.894773E-001  3.119982E-001  5.707959E-001 -1.510746E-002
  3.951000E+004  5.151000E+001  1.300000E-001  1.162499E+000  8.602155E-001 -2.822051E-001  3.119982E-001  5.707959E-001 -1.510746E-002
  3.960000E+004  5.151000E+001  1.300000E-001  1.160959E+000  8.613569E-001 -2.749329E-001  3.119982E-001  5.707959E-001 -1.510746E-002
  3.969000E+004  5.151000E+001  1.300000E-001  1.159462E+000  8.624693E-001 -2.676607E-001  3.119982E-001  5.707959E-001 -1.510746E-002
  3.978000E+004  5.151000E+001  1.300000E-001  1.158007E+000  8.635526E-001 -2.603885E-001  3.119982E-001  5.707959E-001 -1.510746E-002
  3.987000E+004  5.151000E+001  1.300000E-001  1.156595E+000  8.646067E-001 -2.531163E-001  3.119982E-001  5.707959E-001 -1.510746E-002
  3.996000E+004  5.151000E+001  1.300000E-001  1.155226E+000  8.656315E-001 -2.458440E-001  3.119982E-001  5.707959E-001 -1.510746E-002
  4.005000E+004  5.151000E+001  1.300000E-001  1.155226E+000  8.656315E-001 -2.458440E-001  3.119982E-001  5.707959E-001 -1.510746E-002
  4.014000E+004  5.151000E+001  1.300000E-001  1.153899E+000  8.666271E-001 -2.385718E-001  3.119982E-001  5.707959E-001 -1.510746E-002
  4.023000E+004  5.151000E+001  1.300000E-001  1.152614E+000  8.675934E-001 -2.312996E-001  3.119982E-001  5.707959E-001 -1.510746E-002
  4.032000E+004  5.151000E+001  1.300000E-001  1.151370E+000  8.685302E-001 -2.240274E-001  3.119982E-001  5.707959E-001 -1.510746E-002
  4.041000E+004  5.151000E+001  1.300000E-001  1.150169E+000  8.694377E-001 -2.167552E-001  3.119982E-001  5.707959E-001 -1.510746E-002
  4.050000E+004  5.151000E+001  1.300000E-001  1.149008E+000  8.703156E-001 -2.094830E-001  3.119982E-001  5.707959E-001 -1.510746E-002
  4.059000E+004  5.151000E+001  1.300000E-001  1.147889E+000  8.711641E-001 -2.022108E-001  3.119982E-001  5.707959E-001 -1.510746E-002
  4.068000E+004  5.151000E+001  1.300000E-001  1.146811E+000  8.719829E-001 -1.949386E-001  3.119982E-001  5.707959E-001 -1.510746E-002
  4.077000E+004  5.151000E+001  1.300000E-001  1.145774E+000  8.727722E-001 -1.876664E-001  3.119982E-001  5.707959E-001 -1.510746E-002
  4.086000E+004  5.151000E+001  1.300000E-001  1.144778E+000  8.735318E-001 -1.803942E-001  3.119982E-001  5.707959E-001 -1.510746E-002
  4.095000E+004  5.151000E+001  1.300000E-001  1.144778E+000  8.735318E-001 -1.803942E-001  3.119982E-001  5.707959E-001 -1.510746E-002
  4.104000E+004  5.151000E+001  1.300000E-001  1.143822E+000  8.742617E-001 -1.731220E-001  3.119982E-001  5.707959E-001 -1.510746E-002
  4.113000E+004  5.151000E+001  1.300000E-001  1.142907E+000  8.749619E-001 -1.658498E-001  3.119982E-001  5.707959E-001 -1.510746E-002
  4.122000E+004  5.151000E+001  1.300000E-001  1.142032E+000  8.756322E-001 -1.585776E-001  3.119982E-001  5.707959E-001 -1.510746E-002
  4.131000E+004  5.151000E+001  1.300000E-001  1.141197E+000  8.762728E-001 -1.513054E-001  3.119982E-001  5.707959E-001 -1.510746E-002
  4.140000E+004  5.151000E+001  1.300000E-001  1.140402E+000  8.768836E-001 -1.440332E-001  3.119982E-001  5.707959E-001 -1.510746E-002
  4.149000E+004  5.151000E+001  1.300000E-001  1.139647E+000  8.774644E-001 -1.367610E-001  3.119982E-001  5.707959E-001 -1.510746E-002
  4.158000E+004  5.151000E+001  1.300000E-001  1.138932E+000  8.780154E-001 -1.294888E-001  3.119982E-001  5.707959E-001 -1.510746E-002
  4.167000E+004  5.151000E+001  1.300000E-001  1.138257E+000  8.785364E-001 -1.222166E-001  3.119982E-001  5.707959E-001 -1.510746E-002
  4.176000E+004  5.151000E+001  1.300000E-001  1.137621E+000  8.790275E-001 -1.149444E-001  3.119982E-001  5.707959E-001 -1.510746E-002
  4.185000E+004  5.151000E+001  1.300000E-001  1.137621E+000  8.790275E-001 -1.149444E-001  3.119982E-001  5.707959E-001 -1.510746E-002
  4.194000E+004  5.151000E+001  1.300000E-001  1.137024E+000  8.794886E-001 -1.076721E-001  3.119982E-001  5.707959E-001 -1.510746E-002
  4.203000E+004  5.151000E+001  1.300000E-001  1.136467E+000  8.799196E-001 -1.003999E-001  3.119982E-001  5.707959E-001 -1.510746E-002
  4.212000E+004  5.151000E+001  1.300000E-001  1.135950E+000  8.803207E-001 -9.312774E-002  3.119982E-001  5.707959E-001 -1.510746E-002
  4.221000E+004  5.151000E+001  1.300000E-001  1.135471E+000  8.806916E-001 -8.585553E-002  3.119982E-001  5.707959E-001 -1.510746E-002
  4.230000E+004  5.151000E+001  1.300000E-001  1.135032E+000  8.810325E-001 -7.858333E-002  3.119982E-001  5.707959E-001 -1.510746E-002
  4.239000E+004  5.151000E+001  1.300000E-001  1.134632E+000  8.813434E-001 -7.131112E-002  3.119982E-001  5.707959E-001 -1.510746E-002
  4.248000E+004  5.151000E+001  1.300000E-001  1.134270E+000  8.816241E-001 -6.403892E-002  3.119982E-001  5.707959E-001 -1.510746E-002
  4.257000E+004  5.151000E+001  1.300000E-001  1.133948E+000  8.818746E-001 -5.676671E-002  3.119982E-001  5.707959E-001 -1.510746E-002
  4.266000E+004  5.151000E+001  1.300000E-001  1.133665E+000  8.820951E-001 -4.949451E-002  3.119982E-001  5.707959E-001 -1.510746E-002
  4.275000E+004  5.151000E+001  1.300000E-001  1.133665E+000  8.820951E-001 -4.949451E-002  3.119982E-001  5.707959E-001 -1.510746E-002
  4.284000E+004  5.151000E+001  1.300000E-001  1.133420E+000  8.822854E-001 -4.222230E-002  3.119982E-001  5.707959E-001 -1.510746E-002
  4.293000E+004  5.151000E+001  1.300000E-001  1.133214E+000  8.824455E-001 -3.495010E-002  3.119982E-001  5.707959E-001 -1.510746E-002
  4.302000E+004  5.151000E+001  1.300000E-001  1.133048E+000  8.825755E-001 -2.767789E-002  3.119982E-001  5.707959E-001 -1.510746E-002
  4.311000E+004  5.151000E+001  1.300000E-001  1.132920E+000  8.826752E-001 -2.040568E-002  3.119982E-001  5.707959E-001 -1.510746E-002
