              t        APINENE             O3            NO2             NO             OH            HO2          CH3O2              O           HCHO
  0.000000E+000  5.200000E+011  5.200000E+011  2.400000E+011  0.000000E+000  0.000000E+000  0.000000E+000  0.000000E+000  0.000000E+000  0.000000E+000
  9.000000E+001  5.156703E+011  5.173276E+011  2.393288E+011  5.912389E+003  6.811363E+005  8.778961E+006  1.675162E-004  0.000000E+000  8.694667E+007
  1.800000E+002  5.113889E+011  5.146879E+011  2.383156E+011  3.437762E+003  6.768111E+005  2.276830E+007  1.256940E-002  9.068725E-021  4.556919E+008
  2.700000E+002  5.071664E+011  5.120809E+011  2.372025E+011  2.612824E+003  6.718503E+005  2.883593E+007  1.190524E-001  0.000000E+000  9.430931E+008
  3.600000E+002  5.030031E+011  5.095067E+011  2.361455E+011  2.212773E+003  6.665447E+005  2.986538E+007  5.146692E-001  0.000000E+000  1.418522E+009
  4.500000E+002  4.988983E+011  5.069649E+011  2.351508E+011  1.958082E+003  6.611043E+005  2.917710E+007  1.526088E+000  8.295662E-020  1.865880E+009
  5.400000E+002  4.948511E+011  5.044548E+011  2.341986E+011  1.777247E+003  6.556148E+005  2.818017E+007  3.661369E+000  7.273387E-021  2.294479E+009
  6.300000E+002  4.908604E+011  5.019759E+011  2.332763E+011  1.641851E+003  6.501073E+005  2.729277E+007  7.663798E+000  0.000000E+000  2.710890E+009
  7.200000E+002  4.869253E+011  4.995274E+011  2.323768E+011  1.537170E+003  6.445940E+005  2.656876E+007  1.453288E+001  0.000000E+000  3.118150E+009
  8.100000E+002  4.830448E+011  4.971088E+011  2.314962E+011  1.454317E+003  6.390820E+005  2.596073E+007  2.550159E+001  2.042645E-019  3.517825E+009
  9.000000E+002  4.792179E+011  4.947195E+011  2.306319E+011  1.387393E+003  6.335782E+005  2.541664E+007  4.198591E+001  2.660977E-019  3.910751E+009
  9.900000E+002  4.754436E+011  4.923589E+011  2.297819E+011  1.332284E+003  6.280900E+005  2.490583E+007  6.552606E+001  5.129230E-022  4.297539E+009
  1.080000E+003  4.717211E+011  4.900265E+011  2.289450E+011  1.286108E+003  6.226244E+005  2.441037E+007  9.773213E+001  3.872237E-022  4.678625E+009
  1.170000E+003  4.680492E+011  4.877218E+011  2.281201E+011  1.246787E+003  6.171876E+005  2.392069E+007  1.402429E+002  9.319140E-024  5.054331E+009
  1.260000E+003  4.644272E+011  4.854443E+011  2.273068E+011  1.212799E+003  6.117853E+005  2.343459E+007  1.947014E+002  1.592406E-023  5.424915E+009
  1.350000E+003  4.608541E+011  4.831934E+011  2.265045E+011  1.183008E+003  6.064223E+005  2.295418E+007  2.627381E+002  2.221449E-023  5.790591E+009
  1.440000E+003  4.573289E+011  4.809686E+011  2.257129E+011  1.156572E+003  6.011025E+005  2.248152E+007  3.459616E+002  5.077306E-024  6.151537E+009
  1.530000E+003  4.538509E+011  4.787696E+011  2.249318E+011  1.132868E+003  5.958288E+005  2.201761E+007  4.459567E+002  3.557182E-025  6.507898E+009
  1.620000E+003  4.504191E+011  4.765958E+011  2.241609E+011  1.111418E+003  5.906036E+005  2.156355E+007  5.642845E+002  0.000000E+000  6.859804E+009
  1.710000E+003  4.470326E+011  4.744468E+011  2.234000E+011  1.091846E+003  5.854288E+005  2.112086E+007  7.024825E+002  6.716000E-028  7.207374E+009
  1.800000E+003  4.436907E+011  4.723221E+011  2.226489E+011  1.073858E+003  5.803058E+005  2.069084E+007  8.620646E+002  0.000000E+000  7.550715E+009
  1.890000E+003  4.403924E+011  4.702213E+011  2.219076E+011  1.057227E+003  5.752356E+005  2.027417E+007  1.044520E+003  1.444975E-029  7.889928E+009
  1.980000E+003  4.371370E+011  4.681440E+011  2.211759E+011  1.041771E+003  5.702188E+005  1.987094E+007  1.251314E+003  4.467706E-029  8.225105E+009
  2.070000E+003  4.339237E+011  4.660898E+011  2.204536E+011  1.027341E+003  5.652559E+005  1.948107E+007  1.483886E+003  0.000000E+000  8.556333E+009
  2.160000E+003  4.307517E+011  4.640582E+011  2.197405E+011  1.013820E+003  5.603470E+005  1.910453E+007  1.743650E+003  3.547779E-030  8.883695E+009
  2.250000E+003  4.276203E+011  4.620489E+011  2.190365E+011  1.001108E+003  5.554924E+005  1.874117E+007  2.031993E+003  0.000000E+000  9.207272E+009
  2.340000E+003  4.245286E+011  4.600615E+011  2.183416E+011  9.891226E+002  5.506917E+005  1.839066E+007  2.350272E+003  0.000000E+000  9.527140E+009
  2.430000E+003  4.214760E+011  4.580956E+011  2.176555E+011  9.777957E+002  5.459450E+005  1.805253E+007  2.699817E+003  0.000000E+000  9.843372E+009
  2.520000E+003  4.184618E+011  4.561508E+011  2.169781E+011  9.670679E+002  5.412519E+005  1.772633E+007  3.081923E+003  0.000000E+000  1.015604E+010
  2.610000E+003  4.154852E+011  4.542269E+011  2.163093E+011  9.568891E+002  5.366120E+005  1.741160E+007  3.497856E+003  0.000000E+000  1.046522E+010
  2.700000E+003  4.125456E+011  4.523234E+011  2.156489E+011  9.472152E+002  5.320250E+005  1.710786E+007  3.948849E+003  0.000000E+000  1.077096E+010
  2.790000E+003  4.096424E+011  4.504400E+011  2.149969E+011  9.380082E+002  5.274904E+005  1.681465E+007  4.436100E+003  0.000000E+000  1.107335E+010
  2.880000E+003  4.067748E+011  4.485763E+011  2.143531E+011  9.292345E+002  5.230077E+005  1.653147E+007  4.960774E+003  0.000000E+000  1.137244E+010
  2.970000E+003  4.039422E+011  4.467321E+011  2.137174E+011  9.208644E+002  5.185765E+005  1.625786E+007  5.524000E+003  0.000000E+000  1.166829E+010
  3.060000E+003  4.011441E+011  4.449070E+011  2.130896E+011  9.128713E+002  5.141962E+005  1.599338E+007  6.126873E+003  0.000000E+000  1.196096E+010
  3.150000E+003  3.983797E+011  4.431007E+011  2.124696E+011  9.052313E+002  5.098662E+005  1.573759E+007  6.770452E+003  0.000000E+000  1.225052E+010
  3.240000E+003  3.956486E+011  4.413129E+011  2.118574E+011  8.979229E+002  5.055860E+005  1.549009E+007  7.455761E+003  3.227000E-033  1.253702E+010
  3.330000E+003  3.929501E+011  4.395433E+011  2.112528E+011  8.909264E+002  5.013550E+005  1.525048E+007  8.183789E+003  1.809363E-032  1.282052E+010
  3.420000E+003  3.902836E+011  4.377916E+011  2.106557E+011  8.842240E+002  4.971726E+005  1.501839E+007  8.955489E+003  2.356874E-034  1.310107E+010
  3.510000E+003  3.876487E+011  4.360576E+011  2.100660E+011  8.777994E+002  4.930383E+005  1.479348E+007  9.771782E+003  5.101143E-033  1.337872E+010
  3.600000E+003  3.850447E+011  4.343408E+011  2.094836E+011  8.716377E+002  4.889514E+005  1.457540E+007  1.063355E+004  2.776915E-033  1.365353E+010
  3.690000E+003  3.824711E+011  4.326412E+011  2.089083E+011  8.657249E+002  4.849114E+005  1.436386E+007  1.154165E+004  0.000000E+000  1.392555E+010
  3.780000E+003  3.799274E+011  4.309583E+011  2.083401E+011  8.600483E+002  4.809176E+005  1.415854E+007  1.249689E+004  0.000000E+000  1.419483E+010
  3.870000E+003  3.774132E+011  4.292920E+011  2.077789E+011  8.545962E+002  4.769696E+005  1.395918E+007  1.350005E+004  0.000000E+000  1.446141E+010
  3.960000E+003  3.749278E+011  4.276420E+011  2.072246E+011  8.493575E+002  4.730666E+005  1.376550E+007  1.455190E+004  0.000000E+000  1.472535E+010
  4.050000E+003  3.724709E+011  4.260080E+011  2.066770E+011  8.443220E+002  4.692081E+005  1.357726E+007  1.565314E+004  0.000000E+000  1.498669E+010
  4.140000E+003  3.700419E+011  4.243897E+011  2.061362E+011  8.394802E+002  4.653936E+005  1.339423E+007  1.680446E+004  0.000000E+000  1.524548E+010
  4.230000E+003  3.676403E+011  4.227870E+011  2.056019E+011  8.348232E+002  4.616224E+005  1.321618E+007  1.800653E+004  0.000000E+000  1.550176E+010
  4.320000E+003  3.652658E+011  4.211997E+011  2.050740E+011  8.303428E+002  4.578939E+005  1.304291E+007  1.925996E+004  0.000000E+000  1.575557E+010
  4.410000E+003  3.629178E+011  4.196274E+011  2.045526E+011  8.260310E+002  4.542077E+005  1.287422E+007  2.056535E+004  0.000000E+000  1.600697E+010
  4.500000E+003  3.605960E+011  4.180699E+011  2.040375E+011  8.218807E+002  4.505631E+005  1.270992E+007  2.192327E+004  0.000000E+000  1.625598E+010
  4.590000E+003  3.582999E+011  4.165271E+011  2.035287E+011  8.178850E+002  4.469595E+005  1.254984E+007  2.333425E+004  0.000000E+000  1.650264E+010
  4.680000E+003  3.560290E+011  4.149986E+011  2.030259E+011  8.140375E+002  4.433965E+005  1.239381E+007  2.479880E+004  0.000000E+000  1.674701E+010
  4.770000E+003  3.537830E+011  4.134844E+011  2.025292E+011  8.103320E+002  4.398734E+005  1.224167E+007  2.631741E+004  0.000000E+000  1.698912E+010
  4.860000E+003  3.515615E+011  4.119842E+011  2.020385E+011  8.067627E+002  4.363898E+005  1.209327E+007  2.789053E+004  0.000000E+000  1.722900E+010
  4.950000E+003  3.493641E+011  4.104977E+011  2.015536E+011  8.033245E+002  4.329450E+005  1.194848E+007  2.951859E+004  0.000000E+000  1.746670E+010
  5.040000E+003  3.471903E+011  4.090248E+011  2.010746E+011  8.000121E+002  4.295387E+005  1.180715E+007  3.120198E+004  0.000000E+000  1.770224E+010
  5.130000E+003  3.450399E+011  4.075653E+011  2.006012E+011  7.968207E+002  4.261701E+005  1.166916E+007  3.294108E+004  0.000000E+000  1.793567E+010
  5.220000E+003  3.429124E+011  4.061190E+011  2.001335E+011  7.937459E+002  4.228389E+005  1.153439E+007  3.473626E+004  8.383941E-034  1.816702E+010
  5.310000E+003  3.408075E+011  4.046857E+011  1.996714E+011  7.907833E+002  4.195445E+005  1.140272E+007  3.658783E+004  0.000000E+000  1.839633E+010
  5.400000E+003  3.387249E+011  4.032652E+011  1.992148E+011  7.879288E+002  4.162863E+005  1.127404E+007  3.849609E+004  0.000000E+000  1.862362E+010
  5.490000E+003  3.366641E+011  4.018573E+011  1.987636E+011  7.851784E+002  4.130640E+005  1.114826E+007  4.046134E+004  0.000000E+000  1.884893E+010
  5.580000E+003  3.346249E+011  4.004619E+011  1.983177E+011  7.825287E+002  4.098770E+005  1.102526E+007  4.248382E+004  0.000000E+000  1.907230E+010
  5.670000E+003  3.326068E+011  3.990788E+011  1.978771E+011  7.799761E+002  4.067249E+005  1.090496E+007  4.456377E+004  3.804465E-033  1.929375E+010
  5.760000E+003  3.306097E+011  3.977078E+011  1.974417E+011  7.775172E+002  4.036071E+005  1.078726E+007  4.670142E+004  0.000000E+000  1.951331E+010
  5.850000E+003  3.286331E+011  3.963487E+011  1.970115E+011  7.751489E+002  4.005232E+005  1.067208E+007  4.889694E+004  0.000000E+000  1.973102E+010
  5.940000E+003  3.266767E+011  3.950014E+011  1.965863E+011  7.728682E+002  3.974727E+005  1.055934E+007  5.115052E+004  0.000000E+000  1.994690E+010
  6.030000E+003  3.247403E+011  3.936657E+011  1.961661E+011  7.706723E+002  3.944551E+005  1.044895E+007  5.346230E+004  0.000000E+000  2.016098E+010
  6.120000E+003  3.228235E+011  3.923415E+011  1.957508E+011  7.685585E+002  3.914701E+005  1.034085E+007  5.583242E+004  0.000000E+000  2.037329E+010
  6.210000E+003  3.209261E+011  3.910286E+011  1.953404E+011  7.665241E+002  3.885171E+005  1.023496E+007  5.826100E+004  0.000000E+000  2.058387E+010
  6.300000E+003  3.190477E+011  3.897268E+011  1.949348E+011  7.645666E+002  3.855958E+005  1.013120E+007  6.074813E+004  6.861639E-033  2.079273E+010
  6.390000E+003  3.171881E+011  3.884360E+011  1.945340E+011  7.626838E+002  3.827057E+005  1.002953E+007  6.329388E+004  0.000000E+000  2.099990E+010
  6.480000E+003  3.153470E+011  3.871560E+011  1.941378E+011  7.608733E+002  3.798463E+005  9.929862E+006  6.589831E+004  0.000000E+000  2.120540E+010
  6.570000E+003  3.135241E+011  3.858868E+011  1.937462E+011  7.591330E+002  3.770173E+005  9.832149E+006  6.856148E+004  0.000000E+000  2.140927E+010
  6.660000E+003  3.117191E+011  3.846281E+011  1.933592E+011  7.574609E+002  3.742183E+005  9.736330E+006  7.128340E+004  0.000000E+000  2.161153E+010
  6.750000E+003  3.099318E+011  3.833798E+011  1.929767E+011  7.558549E+002  3.714487E+005  9.642349E+006  7.406407E+004  0.000000E+000  2.181221E+010
  6.840000E+003  3.081620E+011  3.821418E+011  1.925986E+011  7.543132E+002  3.687083E+005  9.550153E+006  7.690351E+004  0.000000E+000  2.201132E+010
  6.930000E+003  3.064093E+011  3.809140E+011  1.922249E+011  7.528341E+002  3.659967E+005  9.459690E+006  7.980167E+004  9.725535E-034  2.220889E+010
  7.020000E+003  3.046735E+011  3.796962E+011  1.918555E+011  7.514157E+002  3.633133E+005  9.370912E+006  8.275852E+004  0.000000E+000  2.240494E+010
  7.110000E+003  3.029545E+011  3.784882E+011  1.914904E+011  7.500564E+002  3.606580E+005  9.283771E+006  8.577401E+004  1.530850E-032  2.259950E+010
  7.200000E+003  3.012518E+011  3.772900E+011  1.911295E+011  7.487546E+002  3.580302E+005  9.198220E+006  8.884807E+004  0.000000E+000  2.279258E+010
  7.290000E+003  2.995654E+011  3.761015E+011  1.907728E+011  7.475088E+002  3.554297E+005  9.114218E+006  9.198063E+004  1.260470E-033  2.298422E+010
  7.380000E+003  2.978949E+011  3.749225E+011  1.904202E+011  7.463176E+002  3.528560E+005  9.031720E+006  9.517157E+004  5.007663E-033  2.317443E+010
  7.470000E+003  2.962403E+011  3.737528E+011  1.900716E+011  7.451795E+002  3.503088E+005  8.950687E+006  9.842079E+004  0.000000E+000  2.336323E+010
  7.560000E+003  2.946011E+011  3.725924E+011  1.897271E+011  7.440932E+002  3.477878E+005  8.871080E+006  1.017282E+005  1.819416E-033  2.355064E+010
  7.650000E+003  2.929772E+011  3.714412E+011  1.893865E+011  7.430574E+002  3.452925E+005  8.792861E+006  1.050936E+005  0.000000E+000  2.373668E+010
  7.740000E+003  2.913685E+011  3.702990E+011  1.890498E+011  7.420709E+002  3.428227E+005  8.715993E+006  1.085169E+005  0.000000E+000  2.392138E+010
  7.830000E+003  2.897746E+011  3.691657E+011  1.887170E+011  7.411324E+002  3.403780E+005  8.640441E+006  1.119979E+005  2.719349E-032  2.410474E+010
  7.920000E+003  2.881954E+011  3.680412E+011  1.883879E+011  7.402409E+002  3.379580E+005  8.566173E+006  1.155364E+005  0.000000E+000  2.428680E+010
  8.010000E+003  2.866307E+011  3.669254E+011  1.880627E+011  7.393951E+002  3.355625E+005  8.493154E+006  1.191323E+005  0.000000E+000  2.446757E+010
  8.100000E+003  2.850803E+011  3.658183E+011  1.877411E+011  7.385942E+002  3.331912E+005  8.421354E+006  1.227854E+005  7.407596E-035  2.464706E+010
  8.190000E+003  2.835439E+011  3.647196E+011  1.874232E+011  7.378369E+002  3.308436E+005  8.350742E+006  1.264955E+005  9.138895E-034  2.482530E+010
  8.280000E+003  2.820215E+011  3.636293E+011  1.871089E+011  7.371224E+002  3.285195E+005  8.281288E+006  1.302623E+005  0.000000E+000  2.500230E+010
  8.370000E+003  2.805127E+011  3.625473E+011  1.867983E+011  7.364496E+002  3.262187E+005  8.212966E+006  1.340856E+005  0.000000E+000  2.517808E+010
  8.460000E+003  2.790175E+011  3.614734E+011  1.864911E+011  7.358178E+002  3.239406E+005  8.145746E+006  1.379652E+005  3.279703E-033  2.535266E+010
  8.550000E+003  2.775356E+011  3.604077E+011  1.861874E+011  7.352260E+002  3.216852E+005  8.079602E+006  1.419008E+005  0.000000E+000  2.552605E+010
  8.640000E+003  2.760669E+011  3.593499E+011  1.858872E+011  7.346731E+002  3.194521E+005  8.014510E+006  1.458923E+005  6.308734E-033  2.569827E+010
  8.730000E+003  2.746112E+011  3.583001E+011  1.855904E+011  7.341588E+002  3.172409E+005  7.950443E+006  1.499392E+005  0.000000E+000  2.586933E+010
  8.820000E+003  2.731683E+011  3.572580E+011  1.852969E+011  7.336819E+002  3.150515E+005  7.887378E+006  1.540414E+005  5.569921E-033  2.603926E+010
  8.910000E+003  2.717380E+011  3.562236E+011  1.850068E+011  7.332418E+002  3.128835E+005  7.825291E+006  1.581986E+005  0.000000E+000  2.620806E+010
  9.000000E+003  2.703202E+011  3.551968E+011  1.847199E+011  7.328377E+002  3.107366E+005  7.764161E+006  1.624104E+005  1.420215E-033  2.637576E+010
  9.090000E+003  2.689147E+011  3.541776E+011  1.844363E+011  7.324689E+002  3.086107E+005  7.703965E+006  1.666766E+005  0.000000E+000  2.654236E+010
  9.180000E+003  2.675214E+011  3.531658E+011  1.841559E+011  7.321348E+002  3.065053E+005  7.644682E+006  1.709969E+005  0.000000E+000  2.670788E+010
  9.270000E+003  2.661401E+011  3.521613E+011  1.838786E+011  7.318346E+002  3.044203E+005  7.586292E+006  1.753710E+005  0.000000E+000  2.687234E+010
  9.360000E+003  2.647706E+011  3.511642E+011  1.836045E+011  7.315677E+002  3.023554E+005  7.528774E+006  1.797985E+005  0.000000E+000  2.703575E+010
  9.450000E+003  2.634128E+011  3.501741E+011  1.833335E+011  7.313335E+002  3.003103E+005  7.472109E+006  1.842791E+005  8.750619E-033  2.719812E+010
  9.540000E+003  2.620665E+011  3.491912E+011  1.830655E+011  7.311314E+002  2.982848E+005  7.416280E+006  1.888124E+005  0.000000E+000  2.735947E+010
  9.630000E+003  2.607317E+011  3.482153E+011  1.828005E+011  7.309608E+002  2.962787E+005  7.361266E+006  1.933982E+005  7.626779E-033  2.751981E+010
  9.720000E+003  2.594081E+011  3.472464E+011  1.825385E+011  7.308212E+002  2.942916E+005  7.307052E+006  1.980361E+005  0.000000E+000  2.767915E+010
  9.810000E+003  2.580955E+011  3.462843E+011  1.822794E+011  7.307119E+002  2.923234E+005  7.253619E+006  2.027257E+005  5.638213E-033  2.783751E+010
  9.900000E+003  2.567940E+011  3.453289E+011  1.820232E+011  7.306326E+002  2.903737E+005  7.200951E+006  2.074667E+005  0.000000E+000  2.799489E+010
  9.990000E+003  2.555033E+011  3.443803E+011  1.817700E+011  7.305826E+002  2.884425E+005  7.149033E+006  2.122587E+005  1.032740E-033  2.815132E+010
  1.008000E+004  2.542232E+011  3.434383E+011  1.815195E+011  7.305614E+002  2.865294E+005  7.097847E+006  2.171013E+005  0.000000E+000  2.830680E+010
  1.017000E+004  2.529538E+011  3.425029E+011  1.812719E+011  7.305687E+002  2.846342E+005  7.047380E+006  2.219941E+005  0.000000E+000  2.846135E+010
  1.026000E+004  2.516947E+011  3.415739E+011  1.810270E+011  7.306039E+002  2.827567E+005  6.997616E+006  2.269369E+005  2.865774E-033  2.861497E+010
  1.035000E+004  2.504460E+011  3.406513E+011  1.807848E+011  7.306665E+002  2.808968E+005  6.948541E+006  2.319291E+005  0.000000E+000  2.876768E+010
  1.044000E+004  2.492074E+011  3.397351E+011  1.805454E+011  7.307562E+002  2.790540E+005  6.900140E+006  2.369704E+005  1.688849E-032  2.891949E+010
  1.053000E+004  2.479788E+011  3.388251E+011  1.803086E+011  7.308726E+002  2.772283E+005  6.852401E+006  2.420603E+005  0.000000E+000  2.907042E+010
  1.062000E+004  2.467602E+011  3.379214E+011  1.800745E+011  7.310151E+002  2.754195E+005  6.805310E+006  2.471986E+005  1.622485E-032  2.922046E+010
  1.071000E+004  2.455514E+011  3.370238E+011  1.798430E+011  7.311834E+002  2.736273E+005  6.758854E+006  2.523848E+005  0.000000E+000  2.936964E+010
  1.080000E+004  2.443523E+011  3.361322E+011  1.796140E+011  7.313772E+002  2.718515E+005  6.713020E+006  2.576184E+005  1.705604E-032  2.951796E+010
  1.089000E+004  2.431627E+011  3.352466E+011  1.793877E+011  7.315960E+002  2.700919E+005  6.667797E+006  2.628990E+005  0.000000E+000  2.966544E+010
  1.098000E+004  2.419826E+011  3.343670E+011  1.791638E+011  7.318395E+002  2.683484E+005  6.623171E+006  2.682263E+005  2.254133E-033  2.981207E+010
  1.107000E+004  2.408118E+011  3.334932E+011  1.789424E+011  7.321073E+002  2.666207E+005  6.579133E+006  2.735999E+005  0.000000E+000  2.995789E+010
  1.116000E+004  2.396503E+011  3.326253E+011  1.787235E+011  7.323992E+002  2.649086E+005  6.535670E+006  2.790192E+005  0.000000E+000  3.010288E+010
  1.125000E+004  2.384979E+011  3.317631E+011  1.785070E+011  7.327146E+002  2.632120E+005  6.492772E+006  2.844838E+005  4.655421E-033  3.024707E+010
  1.134000E+004  2.373544E+011  3.309066E+011  1.782929E+011  7.330534E+002  2.615307E+005  6.450427E+006  2.899934E+005  0.000000E+000  3.039047E+010
  1.143000E+004  2.362199E+011  3.300557E+011  1.780812E+011  7.334153E+002  2.598645E+005  6.408626E+006  2.955475E+005  7.548894E-033  3.053308E+010
  1.152000E+004  2.350942E+011  3.292103E+011  1.778718E+011  7.337998E+002  2.582131E+005  6.367358E+006  3.011456E+005  0.000000E+000  3.067490E+010
  1.161000E+004  2.339772E+011  3.283705E+011  1.776648E+011  7.342067E+002  2.565765E+005  6.326613E+006  3.067874E+005  1.905579E-032  3.081596E+010
  1.170000E+004  2.328687E+011  3.275361E+011  1.774600E+011  7.346358E+002  2.549545E+005  6.286381E+006  3.124723E+005  0.000000E+000  3.095626E+010
  1.179000E+004  2.317688E+011  3.267071E+011  1.772576E+011  7.350868E+002  2.533468E+005  6.246654E+006  3.181999E+005  4.158298E-032  3.109581E+010
  1.188000E+004  2.306772E+011  3.258835E+011  1.770573E+011  7.355594E+002  2.517533E+005  6.207421E+006  3.239699E+005  0.000000E+000  3.123462E+010
  1.197000E+004  2.295940E+011  3.250651E+011  1.768593E+011  7.360532E+002  2.501739E+005  6.168674E+006  3.297816E+005  0.000000E+000  3.137269E+010
  1.206000E+004  2.285189E+011  3.242520E+011  1.766634E+011  7.365681E+002  2.486083E+005  6.130404E+006  3.356347E+005  3.048832E-032  3.151003E+010
  1.215000E+004  2.274520E+011  3.234440E+011  1.764698E+011  7.371038E+002  2.470565E+005  6.092603E+006  3.415288E+005  1.795748E-032  3.164666E+010
  1.224000E+004  2.263931E+011  3.226412E+011  1.762782E+011  7.376601E+002  2.455182E+005  6.055261E+006  3.474633E+005  7.447117E-032  3.178258E+010
  1.233000E+004  2.253421E+011  3.218434E+011  1.760888E+011  7.382365E+002  2.439933E+005  6.018372E+006  3.534378E+005  0.000000E+000  3.191779E+010
  1.242000E+004  2.242989E+011  3.210506E+011  1.759015E+011  7.388332E+002  2.424816E+005  5.981927E+006  3.594519E+005  1.126221E-031  3.205232E+010
  1.251000E+004  2.232635E+011  3.202628E+011  1.757162E+011  7.394499E+002  2.409830E+005  5.945917E+006  3.655051E+005  0.000000E+000  3.218615E+010
  1.260000E+004  2.222357E+011  3.194799E+011  1.755330E+011  7.400861E+002  2.394974E+005  5.910337E+006  3.715969E+005  1.159206E-032  3.231931E+010
  1.269000E+004  2.212155E+011  3.187019E+011  1.753518E+011  7.407416E+002  2.380245E+005  5.875177E+006  3.777268E+005  0.000000E+000  3.245180E+010
  1.278000E+004  2.202028E+011  3.179287E+011  1.751726E+011  7.414165E+002  2.365643E+005  5.840431E+006  3.838945E+005  3.023101E-032  3.258362E+010
  1.287000E+004  2.191975E+011  3.171603E+011  1.749953E+011  7.421105E+002  2.351165E+005  5.806092E+006  3.900994E+005  4.774497E-032  3.271478E+010
  1.296000E+004  2.181996E+011  3.163966E+011  1.748200E+011  7.428232E+002  2.336811E+005  5.772153E+006  3.963411E+005  0.000000E+000  3.284530E+010
  1.305000E+004  2.172089E+011  3.156376E+011  1.746467E+011  7.435545E+002  2.322579E+005  5.738607E+006  4.026191E+005  2.203897E-032  3.297517E+010
  1.314000E+004  2.162253E+011  3.148832E+011  1.744752E+011  7.443045E+002  2.308468E+005  5.705447E+006  4.089330E+005  0.000000E+000  3.310441E+010
  1.323000E+004  2.152488E+011  3.141334E+011  1.743056E+011  7.450725E+002  2.294476E+005  5.672667E+006  4.152822E+005  1.604645E-033  3.323302E+010
  1.332000E+004  2.142793E+011  3.133881E+011  1.741379E+011  7.458587E+002  2.280602E+005  5.640261E+006  4.216664E+005  0.000000E+000  3.336101E+010
  1.341000E+004  2.133168E+011  3.126474E+011  1.739721E+011  7.466629E+002  2.266845E+005  5.608222E+006  4.280850E+005  8.908106E-034  3.348838E+010
  1.350000E+004  2.123611E+011  3.119110E+011  1.738080E+011  7.474848E+002  2.253203E+005  5.576544E+006  4.345375E+005  9.106052E-033  3.361514E+010
  1.359000E+004  2.114122E+011  3.111791E+011  1.736458E+011  7.483242E+002  2.239675E+005  5.545222E+006  4.410236E+005  0.000000E+000  3.374130E+010
  1.368000E+004  2.104700E+011  3.104516E+011  1.734853E+011  7.491810E+002  2.226259E+005  5.514249E+006  4.475428E+005  0.000000E+000  3.386686E+010
  1.377000E+004  2.095345E+011  3.097284E+011  1.733266E+011  7.500552E+002  2.212955E+005  5.483620E+006  4.540945E+005  1.328221E-033  3.399183E+010
  1.386000E+004  2.086055E+011  3.090094E+011  1.731697E+011  7.509465E+002  2.199762E+005  5.453329E+006  4.606783E+005  0.000000E+000  3.411622E+010
  1.395000E+004  2.076830E+011  3.082947E+011  1.730144E+011  7.518547E+002  2.186677E+005  5.423371E+006  4.672938E+005  4.501842E-033  3.424002E+010
  1.404000E+004  2.067669E+011  3.075843E+011  1.728609E+011  7.527798E+002  2.173700E+005  5.393740E+006  4.739405E+005  1.080847E-032  3.436326E+010
  1.413000E+004  2.058572E+011  3.068779E+011  1.727090E+011  7.537216E+002  2.160830E+005  5.364432E+006  4.806179E+005  0.000000E+000  3.448592E+010
  1.422000E+004  2.049538E+011  3.061757E+011  1.725589E+011  7.658817E+002  2.148065E+005  5.335441E+006  4.873255E+005  5.653903E-001  3.460803E+010
  1.431000E+004  2.040566E+011  3.054776E+011  1.724103E+011  8.735540E+002  2.135406E+005  5.306767E+006  4.940640E+005  2.629416E+000  3.472958E+010
  1.440000E+004  2.031656E+011  3.047836E+011  1.722634E+011  2.201655E+003  2.122858E+005  5.278468E+006  5.008465E+005  7.215749E+000  3.485058E+010
  1.449000E+004  2.022807E+011  3.040936E+011  1.721181E+011  1.327905E+004  2.110456E+005  5.250995E+006  5.077590E+005  1.478410E+001  3.497104E+010
  1.458000E+004  2.014018E+011  3.034082E+011  1.719744E+011  6.764150E+004  2.098289E+005  5.226238E+006  5.151012E+005  2.537986E+001  3.509097E+010
  1.467000E+004  2.005289E+011  3.027290E+011  1.718324E+011  2.481323E+005  2.086506E+005  5.209372E+006  5.235846E+005  3.891521E+001  3.521046E+010
  1.476000E+004  1.996620E+011  3.020595E+011  1.716922E+011  7.037271E+005  2.075315E+005  5.210839E+006  5.345122E+005  5.538644E+001  3.532965E+010
  1.485000E+004  1.988009E+011  3.014069E+011  1.715543E+011  1.649605E+006  2.064953E+005  5.247539E+006  5.498636E+005  7.497035E+001  3.544890E+010
  1.494000E+004  1.979454E+011  3.007827E+011  1.714195E+011  3.352669E+006  2.055670E+005  5.343020E+006  5.722926E+005  9.802426E+001  3.556878E+010
  1.503000E+004  1.970954E+011  3.002036E+011  1.712889E+011  6.111095E+006  2.047708E+005  5.526462E+006  6.049953E+005  1.250342E+002  3.569021E+010
  1.512000E+004  1.962505E+011  2.996914E+011  1.711641E+011  1.023761E+007  2.041296E+005  5.831686E+006  6.515918E+005  1.565468E+002  3.581444E+010
  1.521000E+004  1.954104E+011  2.992729E+011  1.710467E+011  1.605338E+007  2.036644E+005  6.296471E+006  7.160296E+005  1.931083E+002  3.594312E+010
  1.530000E+004  1.945747E+011  2.989794E+011  1.709384E+011  2.389609E+007  2.033953E+005  6.963075E+006  8.025926E+005  2.352183E+002  3.607834E+010
  1.539000E+004  1.937428E+011  2.988457E+011  1.708404E+011  3.414463E+007  2.033426E+005  7.880359E+006  9.160140E+005  2.833020E+002  3.622262E+010
  1.548000E+004  1.929142E+011  2.989095E+011  1.707529E+011  4.726276E+007  2.035282E+005  9.108248E+006  1.061647E+006  3.376955E+002  3.637904E+010
  1.557000E+004  1.920880E+011  2.992100E+011  1.706748E+011  6.386783E+007  2.039793E+005  1.072537E+007  1.245581E+006  3.986421E+002  3.655126E+010
  1.566000E+004  1.912634E+011  2.997875E+011  1.706026E+011  8.483732E+007  2.047324E+005  1.284183E+007  1.474544E+006  4.662937E+002  3.674362E+010
  1.575000E+004  1.904395E+011  3.006823E+011  1.705299E+011  1.114810E+008  2.058423E+005  1.562075E+007  1.755325E+006  5.407149E+002  3.696119E+010
  1.584000E+004  1.896151E+011  3.019333E+011  1.704459E+011  1.458357E+008  2.073984E+005  1.931661E+007  2.093395E+006  6.218843E+002  3.720974E+010
  1.593000E+004  1.887891E+011  3.035774E+011  1.703342E+011  1.912072E+008  2.095595E+005  2.434740E+007  2.490244E+006  7.096916E+002  3.749558E+010
  1.602000E+004  1.879600E+011  3.056475E+011  1.701702E+011  2.532382E+008  2.126366E+005  3.143991E+007  2.938817E+006  8.039245E+002  3.782521E+010
  1.611000E+004  1.871258E+011  3.081703E+011  1.699173E+011  3.421994E+008  2.173081E+005  4.194067E+007  3.416216E+006  9.042387E+002  3.820484E+010
  1.620000E+004  1.862839E+011  3.111613E+011  1.695195E+011  4.783508E+008  2.252559E+005  5.850224E+007  3.872592E+006  1.010095E+003  3.863997E+010
  1.629000E+004  1.854290E+011  3.146154E+011  1.688865E+011  7.055398E+008  2.412508E+005  8.645674E+007  4.214967E+006  1.120628E+003  3.913534E+010
  1.638000E+004  1.845489E+011  3.184847E+011  1.678661E+011  1.125085E+009  2.798410E+005  1.345282E+008  4.289015E+006  1.234372E+003  3.969144E+010
  1.647000E+004  1.836118E+011  3.226307E+011  1.662473E+011  1.942997E+009  3.743156E+005  1.998002E+008  3.898333E+006  1.348996E+003  4.027149E+010
  1.656000E+004  1.825691E+011  3.267935E+011  1.640671E+011  3.289830E+009  5.109601E+005  2.248998E+008  3.033851E+006  1.462873E+003  4.073166E+010
  1.665000E+004  1.814350E+011  3.307751E+011  1.618580E+011  4.764054E+009  5.859849E+005  1.954953E+008  2.388165E+006  1.577729E+003  4.101477E+010
  1.674000E+004  1.802634E+011  3.346230E+011  1.598779E+011  6.001354E+009  6.199689E+005  1.688499E+008  2.371097E+006  1.694979E+003  4.125481E+010
  1.683000E+004  1.790702E+011  3.384620E+011  1.580630E+011  7.027699E+009  6.496927E+005  1.540978E+008  2.548695E+006  1.814320E+003  4.150951E+010
  1.692000E+004  1.778557E+011  3.423781E+011  1.563410E+011  7.922957E+009  6.804890E+005  1.457434E+008  2.754330E+006  1.935211E+003  4.178375E+010
  1.701000E+004  1.766190E+011  3.464207E+011  1.546678E+011  8.736958E+009  7.117963E+005  1.404776E+008  2.972143E+006  2.057167E+003  4.207738E+010
  1.710000E+004  1.753602E+011  3.506160E+011  1.530183E+011  9.497924E+009  7.429354E+005  1.367819E+008  3.199738E+006  2.179764E+003  4.239048E+010
  1.719000E+004  1.740797E+011  3.549764E+011  1.513792E+011  1.022073E+010  7.736072E+005  1.339802E+008  3.436272E+006  2.302643E+003  4.272342E+010
  1.728000E+004  1.727781E+011  3.595063E+011  1.497450E+011  1.091231E+010  8.037118E+005  1.317618E+008  3.681432E+006  2.425502E+003  4.307668E+010
  1.737000E+004  1.714561E+011  3.642056E+011  1.481143E+011  1.157503E+010  8.332686E+005  1.299834E+008  3.935431E+006  2.548088E+003  4.345085E+010
  1.746000E+004  1.701145E+011  3.690722E+011  1.464878E+011  1.220898E+010  8.623003E+005  1.285674E+008  4.198513E+006  2.670189E+003  4.384648E+010
  1.755000E+004  1.687539E+011  3.741031E+011  1.448670E+011  1.281348E+010  8.908233E+005  1.274617E+008  4.470946E+006  2.791622E+003  4.426415E+010
  1.764000E+004  1.673749E+011  3.792950E+011  1.432536E+011  1.338747E+010  9.188633E+005  1.266341E+008  4.753036E+006  2.912230E+003  4.470436E+010
  1.773000E+004  1.659784E+011  3.846442E+011  1.416493E+011  1.392977E+010  9.464460E+005  1.260615E+008  5.045115E+006  3.031877E+003  4.516760E+010
  1.782000E+004  1.645648E+011  3.901473E+011  1.400556E+011  1.443955E+010  9.735843E+005  1.257219E+008  5.347504E+006  3.150447E+003  4.565431E+010
  1.791000E+004  1.631349E+011  3.958013E+011  1.384735E+011  1.491631E+010  1.000276E+006  1.255939E+008  5.660492E+006  3.267832E+003  4.616488E+010
  1.800000E+004  1.616894E+011  4.016032E+011  1.369036E+011  1.535985E+010  1.026519E+006  1.256593E+008  5.984365E+006  3.383941E+003  4.669965E+010
  1.809000E+004  1.602289E+011  4.075498E+011  1.353465E+011  1.577017E+010  1.052312E+006  1.259026E+008  6.319419E+006  3.498691E+003  4.725892E+010
  1.818000E+004  1.587542E+011  4.136384E+011  1.338024E+011  1.614748E+010  1.077655E+006  1.263107E+008  6.665958E+006  3.612009E+003  4.784294E+010
  1.827000E+004  1.572659E+011  4.198660E+011  1.322713E+011  1.649215E+010  1.102541E+006  1.268715E+008  7.024280E+006  3.723833E+003  4.845192E+010
  1.836000E+004  1.557647E+011  4.262300E+011  1.307533E+011  1.680474E+010  1.126965E+006  1.275743E+008  7.394683E+006  3.834104E+003  4.908604E+010
  1.845000E+004  1.542515E+011  4.327274E+011  1.292481E+011  1.708593E+010  1.150919E+006  1.284096E+008  7.777467E+006  3.942772E+003  4.974542E+010
  1.854000E+004  1.527268E+011  4.393556E+011  1.277553E+011  1.733650E+010  1.174399E+006  1.293691E+008  8.172940E+006  4.049793E+003  5.043014E+010
  1.863000E+004  1.511915E+011  4.461117E+011  1.262746E+011  1.755734E+010  1.197399E+006  1.304457E+008  8.581415E+006  4.155127E+003  5.114025E+010
  1.872000E+004  1.496462E+011  4.529930E+011  1.248056E+011  1.774938E+010  1.219914E+006  1.316331E+008  9.003210E+006  4.258737E+003  5.187577E+010
  1.881000E+004  1.480917E+011  4.599967E+011  1.233477E+011  1.791359E+010  1.241937E+006  1.329258E+008  9.438649E+006  4.360593E+003  5.263666E+010
  1.890000E+004  1.465289E+011  4.671199E+011  1.219004E+011  1.805099E+010  1.263465E+006  1.343190E+008  9.888062E+006  4.460668E+003  5.342285E+010
  1.899000E+004  1.449583E+011  4.743597E+011  1.204632E+011  1.816262E+010  1.284493E+006  1.358084E+008  1.035179E+007  4.558936E+003  5.423426E+010
  1.908000E+004  1.433807E+011  4.817133E+011  1.190355E+011  1.824954E+010  1.305017E+006  1.373903E+008  1.083017E+007  4.655377E+003  5.507073E+010
  1.917000E+004  1.417970E+011  4.891777E+011  1.176169E+011  1.831282E+010  1.325033E+006  1.390616E+008  1.132358E+007  4.749972E+003  5.593211E+010
  1.926000E+004  1.402078E+011  4.967499E+011  1.162068E+011  1.835351E+010  1.344537E+006  1.408194E+008  1.183235E+007  4.842706E+003  5.681818E+010
  1.935000E+004  1.386139E+011  5.044271E+011  1.148048E+011  1.837266E+010  1.363527E+006  1.426613E+008  1.235688E+007  4.933564E+003  5.772871E+010
  1.944000E+004  1.370161E+011  5.122061E+011  1.134102E+011  1.837133E+010  1.381999E+006  1.445851E+008  1.289754E+007  5.022537E+003  5.866344E+010
  1.953000E+004  1.354150E+011  5.200839E+011  1.120228E+011  1.835055E+010  1.399952E+006  1.465889E+008  1.345473E+007  5.109615E+003  5.962206E+010
  1.962000E+004  1.338113E+011  5.280574E+011  1.106420E+011  1.831132E+010  1.417382E+006  1.486711E+008  1.402885E+007  5.194791E+003  6.060425E+010
  1.971000E+004  1.322059E+011  5.361234E+011  1.092675E+011  1.825464E+010  1.434287E+006  1.508302E+008  1.462031E+007  5.278061E+003  6.160965E+010
  1.980000E+004  1.305993E+011  5.442788E+011  1.078989E+011  1.818148E+010  1.450666E+006  1.530650E+008  1.522954E+007  5.359421E+003  6.263787E+010
  1.989000E+004  1.289924E+011  5.525205E+011  1.065359E+011  1.809279E+010  1.466516E+006  1.553743E+008  1.585698E+007  5.438872E+003  6.368850E+010
  1.998000E+004  1.273858E+011  5.608451E+011  1.051782E+011  1.798948E+010  1.481835E+006  1.577571E+008  1.650308E+007  5.516414E+003  6.476111E+010
  2.007000E+004  1.257802E+011  5.692494E+011  1.038256E+011  1.787245E+010  1.496623E+006  1.602125E+008  1.716830E+007  5.592049E+003  6.585522E+010
  2.016000E+004  1.241763E+011  5.777303E+011  1.024777E+011  1.774256E+010  1.510877E+006  1.627398E+008  1.785313E+007  5.665784E+003  6.697035E+010
  2.025000E+004  1.225746E+011  5.862842E+011  1.011346E+011  1.760066E+010  1.524597E+006  1.653382E+008  1.855804E+007  5.737624E+003  6.810599E+010
  2.034000E+004  1.209760E+011  5.949081E+011  9.979587E+010  1.744756E+010  1.537781E+006  1.680071E+008  1.928355E+007  5.807577E+003  6.926160E+010
  2.043000E+004  1.193809E+011  6.035984E+011  9.846157E+010  1.728404E+010  1.550428E+006  1.707457E+008  2.003017E+007  5.875654E+003  7.043663E+010
  2.052000E+004  1.177901E+011  6.123518E+011  9.713157E+010  1.711086E+010  1.562537E+006  1.735536E+008  2.079844E+007  5.941867E+003  7.163050E+010
  2.061000E+004  1.162041E+011  6.211650E+011  9.580582E+010  1.692874E+010  1.574107E+006  1.764300E+008  2.158889E+007  6.006228E+003  7.284262E+010
  2.070000E+004  1.146236E+011  6.300346E+011  9.448433E+010  1.673840E+010  1.585138E+006  1.793745E+008  2.240211E+007  6.068755E+003  7.407238E+010
  2.079000E+004  1.130491E+011  6.389571E+011  9.316709E+010  1.654051E+010  1.595629E+006  1.823864E+008  2.323865E+007  6.129462E+003  7.531915E+010
  2.088000E+004  1.114813E+011  6.479290E+011  9.185417E+010  1.633572E+010  1.605579E+006  1.854651E+008  2.409912E+007  6.188370E+003  7.658228E+010
  2.097000E+004  1.099205E+011  6.569471E+011  9.054564E+010  1.612465E+010  1.614989E+006  1.886099E+008  2.498412E+007  6.245498E+003  7.786112E+010
  2.106000E+004  1.083675E+011  6.660078E+011  8.924161E+010  1.590791E+010  1.623858E+006  1.918201E+008  2.589427E+007  6.300870E+003  7.915498E+010
  2.115000E+004  1.068226E+011  6.751076E+011  8.794222E+010  1.568607E+010  1.632186E+006  1.950951E+008  2.683021E+007  6.354508E+003  8.046319E+010
  2.124000E+004  1.052865E+011  6.842432E+011  8.664762E+010  1.545968E+010  1.639974E+006  1.984338E+008  2.779259E+007  6.406437E+003  8.178505E+010
  2.133000E+004  1.037596E+011  6.934110E+011  8.535800E+010  1.522928E+010  1.647221E+006  2.018355E+008  2.878208E+007  6.456686E+003  8.311986E+010
  2.142000E+004  1.022424E+011  7.026077E+011  8.407357E+010  1.499537E+010  1.653929E+006  2.052991E+008  2.979935E+007  6.505282E+003  8.446690E+010
  2.151000E+004  1.007353E+011  7.118297E+011  8.279456E+010  1.475844E+010  1.660099E+006  2.088236E+008  3.084511E+007  6.552256E+003  8.582544E+010
  2.160000E+004  9.923884E+010  7.210736E+011  8.152122E+010  1.451896E+010  1.665731E+006  2.124077E+008  3.192005E+007  6.597640E+003  8.719476E+010
  2.169000E+004  9.775335E+010  7.303360E+011  8.025384E+010  1.427736E+010  1.670828E+006  2.160502E+008  3.302490E+007  6.641465E+003  8.857413E+010
  2.178000E+004  9.627927E+010  7.396136E+011  7.899269E+010  1.403408E+010  1.675390E+006  2.197496E+008  3.416039E+007  6.683769E+003  8.996280E+010
  2.187000E+004  9.481700E+010  7.489028E+011  7.773810E+010  1.378951E+010  1.679422E+006  2.235044E+008  3.532726E+007  6.724585E+003  9.136004E+010
  2.196000E+004  9.336689E+010  7.582003E+011  7.649037E+010  1.354405E+010  1.682924E+006  2.273129E+008  3.652627E+007  6.763952E+003  9.276510E+010
  2.205000E+004  9.192932E+010  7.675027E+011  7.524987E+010  1.329807E+010  1.685901E+006  2.311732E+008  3.775816E+007  6.801909E+003  9.417724E+010
  2.214000E+004  9.050460E+010  7.768068E+011  7.401693E+010  1.305190E+010  1.688356E+006  2.350834E+008  3.902372E+007  6.838496E+003  9.559572E+010
  2.223000E+004  8.909306E+010  7.861092E+011  7.279193E+010  1.280590E+010  1.690293E+006  2.390414E+008  4.032371E+007  6.873754E+003  9.701980E+010
  2.232000E+004  8.769500E+010  7.954066E+011  7.157524E+010  1.256037E+010  1.691717E+006  2.430449E+008  4.165891E+007  6.907726E+003  9.844875E+010
  2.241000E+004  8.631071E+010  8.046958E+011  7.036725E+010  1.231561E+010  1.692634E+006  2.470914E+008  4.303010E+007  6.940455E+003  9.988182E+010
  2.250000E+004  8.494043E+010  8.139737E+011  6.916836E+010  1.207192E+010  1.693050E+006  2.511784E+008  4.443806E+007  6.971987E+003  1.013183E+011
  2.259000E+004  8.358443E+010  8.232372E+011  6.797897E+010  1.182956E+010  1.692971E+006  2.553031E+008  4.588356E+007  7.002367E+003  1.027574E+011
  2.268000E+004  8.224293E+010  8.324830E+011  6.679948E+010  1.158879E+010  1.692406E+006  2.594627E+008  4.736739E+007  7.031642E+003  1.041986E+011
  2.277000E+004  8.091613E+010  8.417083E+011  6.563032E+010  1.134984E+010  1.691362E+006  2.636541E+008  4.889029E+007  7.059861E+003  1.056409E+011
  2.286000E+004  7.960424E+010  8.509099E+011  6.447189E+010  1.111296E+010  1.689848E+006  2.678741E+008  5.045302E+007  7.087071E+003  1.070839E+011
  2.295000E+004  7.830742E+010  8.600852E+011  6.332462E+010  1.087834E+010  1.687876E+006  2.721193E+008  5.205633E+007  7.113323E+003  1.085267E+011
  2.304000E+004  7.702583E+010  8.692311E+011  6.218891E+010  1.064619E+010  1.685455E+006  2.763864E+008  5.370092E+007  7.138666E+003  1.099688E+011
  2.313000E+004  7.575962E+010  8.783450E+011  6.106521E+010  1.041670E+010  1.682599E+006  2.806718E+008  5.538750E+007  7.163151E+003  1.114094E+011
  2.322000E+004  7.450890E+010  8.874241E+011  5.995390E+010  1.019004E+010  1.679319E+006  2.849717E+008  5.711674E+007  7.186830E+003  1.128480E+011
  2.331000E+004  7.327377E+010  8.964660E+011  5.885542E+010  9.966370E+009  1.675629E+006  2.892823E+008  5.888928E+007  7.209754E+003  1.142838E+011
  2.340000E+004  7.205434E+010  9.054680E+011  5.777017E+010  9.745852E+009  1.671545E+006  2.935999E+008  6.070573E+007  7.231975E+003  1.157163E+011
  2.349000E+004  7.085065E+010  9.144278E+011  5.669854E+010  9.528621E+009  1.667082E+006  2.979203E+008  6.256663E+007  7.253546E+003  1.171449E+011
  2.358000E+004  6.966278E+010  9.233431E+011  5.564095E+010  9.314803E+009  1.662257E+006  3.022397E+008  6.447251E+007  7.274519E+003  1.185689E+011
  2.367000E+004  6.849076E+010  9.322116E+011  5.459776E+010  9.104519E+009  1.657087E+006  3.065539E+008  6.642383E+007  7.294948E+003  1.199880E+011
  2.376000E+004  6.733461E+010  9.410312E+011  5.356936E+010  8.897874E+009  1.651591E+006  3.108589E+008  6.842098E+007  7.314885E+003  1.214014E+011
  2.385000E+004  6.619433E+010  9.498000E+011  5.255612E+010  8.694968E+009  1.645790E+006  3.151506E+008  7.046430E+007  7.334383E+003  1.228087E+011
  2.394000E+004  6.506993E+010  9.585161E+011  5.155838E+010  8.495887E+009  1.639702E+006  3.194249E+008  7.255405E+007  7.353495E+003  1.242094E+011
  2.403000E+004  6.396137E+010  9.671777E+011  5.057650E+010  8.300709E+009  1.633351E+006  3.236779E+008  7.469041E+007  7.372272E+003  1.256030E+011
  2.412000E+004  6.286862E+010  9.757831E+011  4.961079E+010  8.109503E+009  1.626757E+006  3.279055E+008  7.687346E+007  7.390768E+003  1.269890E+011
  2.421000E+004  6.179162E+010  9.843309E+011  4.866158E+010  7.922329E+009  1.619943E+006  3.321039E+008  7.910318E+007  7.409033E+003  1.283671E+011
  2.430000E+004  6.073032E+010  9.928196E+011  4.772915E+010  7.739240E+009  1.612934E+006  3.362693E+008  8.137945E+007  7.427118E+003  1.297367E+011
  2.439000E+004  5.968463E+010  1.001248E+012  4.681380E+010  7.560279E+009  1.605754E+006  3.403979E+008  8.370206E+007  7.445075E+003  1.310975E+011
  2.448000E+004  5.865447E+010  1.009615E+012  4.591577E+010  7.385482E+009  1.598427E+006  3.444864E+008  8.607065E+007  7.462952E+003  1.324492E+011
  2.457000E+004  5.763973E+010  1.017919E+012  4.503533E+010  7.214876E+009  1.590979E+006  3.485312E+008  8.848471E+007  7.480800E+003  1.337914E+011
  2.466000E+004  5.664031E+010  1.026161E+012  4.417268E+010  7.048484E+009  1.583435E+006  3.525294E+008  9.094362E+007  7.498665E+003  1.351238E+011
  2.475000E+004  5.565607E+010  1.034338E+012  4.332805E+010  6.886319E+009  1.575821E+006  3.564777E+008  9.344660E+007  7.516596E+003  1.364460E+011
  2.484000E+004  5.468688E+010  1.042450E+012  4.250160E+010  6.728390E+009  1.568164E+006  3.603735E+008  9.599270E+007  7.534637E+003  1.377578E+011
  2.493000E+004  5.373261E+010  1.050497E+012  4.169352E+010  6.574697E+009  1.560489E+006  3.642142E+008  9.858082E+007  7.552836E+003  1.390590E+011
  2.502000E+004  5.279309E+010  1.058479E+012  4.090395E+010  6.425235E+009  1.552824E+006  3.679976E+008  1.012097E+008  7.571234E+003  1.403493E+011
  2.511000E+004  5.186818E+010  1.066395E+012  4.013300E+010  6.279997E+009  1.545195E+006  3.717214E+008  1.038778E+008  7.589876E+003  1.416285E+011
  2.520000E+004  5.095770E+010  1.074245E+012  3.938079E+010  6.138964E+009  1.537627E+006  3.753841E+008  1.065835E+008  7.608801E+003  1.428964E+011
  2.529000E+004  5.006148E+010  1.082029E+012  3.864738E+010  6.002118E+009  1.530147E+006  3.789840E+008  1.093249E+008  7.628051E+003  1.441529E+011
  2.538000E+004  4.917934E+010  1.089747E+012  3.793285E+010  5.869433E+009  1.522780E+006  3.825199E+008  1.121000E+008  7.647663E+003  1.453977E+011
  2.547000E+004  4.831109E+010  1.097400E+012  3.723723E+010  5.740878E+009  1.515552E+006  3.859908E+008  1.149066E+008  7.667675E+003  1.466309E+011
  2.556000E+004  4.745656E+010  1.104988E+012  3.656053E+010  5.616420E+009  1.508487E+006  3.893962E+008  1.177421E+008  7.688122E+003  1.478522E+011
  2.565000E+004  4.661553E+010  1.112512E+012  3.590275E+010  5.496021E+009  1.501609E+006  3.927356E+008  1.206039E+008  7.709038E+003  1.490616E+011
  2.574000E+004  4.578781E+010  1.119972E+012  3.526386E+010  5.379638E+009  1.494942E+006  3.960088E+008  1.234891E+008  7.730455E+003  1.502591E+011
  2.583000E+004  4.497321E+010  1.127368E+012  3.464380E+010  5.267227E+009  1.488508E+006  3.992161E+008  1.263947E+008  7.752404E+003  1.514445E+011
  2.592000E+004  4.417151E+010  1.134702E+012  3.404252E+010  5.158737E+009  1.482329E+006  4.023578E+008  1.293172E+008  7.774913E+003  1.526178E+011
  2.601000E+004  4.338251E+010  1.141975E+012  3.345991E+010  5.054118E+009  1.476427E+006  4.054348E+008  1.322533E+008  7.798010E+003  1.537791E+011
  2.610000E+004  4.260601E+010  1.149188E+012  3.289587E+010  4.953314E+009  1.470820E+006  4.084478E+008  1.351993E+008  7.821719E+003  1.549283E+011
  2.619000E+004  4.184180E+010  1.156341E+012  3.235027E+010  4.856268E+009  1.465528E+006  4.113981E+008  1.381513E+008  7.846066E+003  1.560654E+011
  2.628000E+004  4.108968E+010  1.163436E+012  3.182295E+010  4.762920E+009  1.460569E+006  4.142871E+008  1.411053E+008  7.871070E+003  1.571904E+011
  2.637000E+004  4.034942E+010  1.170474E+012  3.131374E+010  4.673206E+009  1.455960E+006  4.171163E+008  1.440573E+008  7.896753E+003  1.583035E+011
  2.646000E+004  3.962083E+010  1.177456E+012  3.082246E+010  4.587063E+009  1.451716E+006  4.198874E+008  1.470028E+008  7.923132E+003  1.594045E+011
  2.655000E+004  3.890371E+010  1.184385E+012  3.034889E+010  4.504423E+009  1.447852E+006  4.226025E+008  1.499377E+008  7.950223E+003  1.604937E+011
  2.664000E+004  3.819784E+010  1.191261E+012  2.989282E+010  4.425219E+009  1.444381E+006  4.252635E+008  1.528573E+008  7.978042E+003  1.615710E+011
  2.673000E+004  3.750302E+010  1.198085E+012  2.945400E+010  4.349379E+009  1.441316E+006  4.278727E+008  1.557573E+008  8.006600E+003  1.626365E+011
  2.682000E+004  3.681907E+010  1.204860E+012  2.903219E+010  4.276833E+009  1.438668E+006  4.304322E+008  1.586330E+008  8.035909E+003  1.636903E+011
  2.691000E+004  3.614577E+010  1.211587E+012  2.862709E+010  4.207508E+009  1.436446E+006  4.329446E+008  1.614798E+008  8.065978E+003  1.647325E+011
  2.700000E+004  3.548294E+010  1.218267E+012  2.823845E+010  4.141328E+009  1.434660E+006  4.354121E+008  1.642934E+008  8.096813E+003  1.657632E+011
  2.709000E+004  3.483038E+010  1.224902E+012  2.786594E+010  4.078219E+009  1.433316E+006  4.378371E+008  1.670691E+008  8.128421E+003  1.667824E+011
  2.718000E+004  3.418791E+010  1.231495E+012  2.750928E+010  4.018104E+009  1.432421E+006  4.402222E+008  1.698027E+008  8.160806E+003  1.677902E+011
  2.727000E+004  3.355535E+010  1.238045E+012  2.716812E+010  3.960907E+009  1.431980E+006  4.425697E+008  1.724898E+008  8.193970E+003  1.687869E+011
  2.736000E+004  3.293251E+010  1.244556E+012  2.684216E+010  3.906550E+009  1.431998E+006  4.448821E+008  1.751263E+008  8.227914E+003  1.697723E+011
  2.745000E+004  3.231922E+010  1.251029E+012  2.653103E+010  3.854954E+009  1.432478E+006  4.471616E+008  1.777082E+008  8.262636E+003  1.707468E+011
  2.754000E+004  3.171530E+010  1.257466E+012  2.623439E+010  3.806043E+009  1.433421E+006  4.494107E+008  1.802317E+008  8.298136E+003  1.717103E+011
  2.763000E+004  3.112060E+010  1.263868E+012  2.595190E+010  3.759736E+009  1.434829E+006  4.516314E+008  1.826933E+008  8.334408E+003  1.726629E+011
  2.772000E+004  3.053494E+010  1.270237E+012  2.568317E+010  3.715956E+009  1.436701E+006  4.538259E+008  1.850897E+008  8.371448E+003  1.736048E+011
  2.781000E+004  2.995818E+010  1.276574E+012  2.542786E+010  3.674623E+009  1.439038E+006  4.559962E+008  1.874179E+008  8.409250E+003  1.745360E+011
  2.790000E+004  2.939015E+010  1.282883E+012  2.518558E+010  3.635661E+009  1.441838E+006  4.581442E+008  1.896750E+008  8.447807E+003  1.754567E+011
  2.799000E+004  2.883070E+010  1.289163E+012  2.495596E+010  3.598990E+009  1.445097E+006  4.602717E+008  1.918586E+008  8.487109E+003  1.763669E+011
  2.808000E+004  2.827970E+010  1.295416E+012  2.473863E+010  3.564534E+009  1.448814E+006  4.623803E+008  1.939665E+008  8.527147E+003  1.772668E+011
  2.817000E+004  2.773701E+010  1.301645E+012  2.453320E+010  3.532216E+009  1.452984E+006  4.644716E+008  1.959968E+008  8.567911E+003  1.781564E+011
  2.826000E+004  2.720247E+010  1.307851E+012  2.433931E+010  3.501959E+009  1.457604E+006  4.665469E+008  1.979481E+008  8.609389E+003  1.790357E+011
  2.835000E+004  2.667598E+010  1.314035E+012  2.415656E+010  3.473689E+009  1.462667E+006  4.686075E+008  1.998190E+008  8.651568E+003  1.799050E+011
  2.844000E+004  2.615739E+010  1.320199E+012  2.398460E+010  3.447332E+009  1.468168E+006  4.706546E+008  2.016088E+008  8.694436E+003  1.807642E+011
  2.853000E+004  2.564659E+010  1.326344E+012  2.382303E+010  3.422814E+009  1.474103E+006  4.726890E+008  2.033167E+008  8.737979E+003  1.816134E+011
  2.862000E+004  2.514346E+010  1.332471E+012  2.367151E+010  3.400063E+009  1.480463E+006  4.747118E+008  2.049426E+008  8.782182E+003  1.824527E+011
  2.871000E+004  2.464788E+010  1.338583E+012  2.352965E+010  3.379010E+009  1.487243E+006  4.767236E+008  2.064863E+008  8.827031E+003  1.832821E+011
  2.880000E+004  2.415975E+010  1.344680E+012  2.339710E+010  3.359583E+009  1.494436E+006  4.787251E+008  2.079483E+008  8.872511E+003  1.841018E+011
  2.889000E+004  2.367895E+010  1.350764E+012  2.327351E+010  3.341717E+009  1.502034E+006  4.807168E+008  2.093290E+008  8.918606E+003  1.849118E+011
  2.898000E+004  2.320539E+010  1.356835E+012  2.315852E+010  3.325343E+009  1.510030E+006  4.826992E+008  2.106293E+008  8.965300E+003  1.857121E+011
  2.907000E+004  2.273897E+010  1.362896E+012  2.305180E+010  3.310397E+009  1.518415E+006  4.846726E+008  2.118503E+008  9.012578E+003  1.865027E+011
  2.916000E+004  2.227958E+010  1.368947E+012  2.295301E+010  3.296816E+009  1.527183E+006  4.866372E+008  2.129931E+008  9.060422E+003  1.872838E+011
  2.925000E+004  2.182715E+010  1.374989E+012  2.286182E+010  3.284538E+009  1.536326E+006  4.885932E+008  2.140592E+008  9.108816E+003  1.880554E+011
  2.934000E+004  2.138157E+010  1.381024E+012  2.277790E+010  3.273503E+009  1.545834E+006  4.905407E+008  2.150504E+008  9.157745E+003  1.888174E+011
  2.943000E+004  2.094277E+010  1.387052E+012  2.270096E+010  3.263652E+009  1.555701E+006  4.924797E+008  2.159682E+008  9.207191E+003  1.895700E+011
  2.952000E+004  2.051066E+010  1.393075E+012  2.263068E+010  3.254929E+009  1.565919E+006  4.944102E+008  2.168148E+008  9.257138E+003  1.903132E+011
  2.961000E+004  2.008516E+010  1.399092E+012  2.256677E+010  3.247278E+009  1.576478E+006  4.963322E+008  2.175922E+008  9.307570E+003  1.910470E+011
  2.970000E+004  1.966619E+010  1.405106E+012  2.250894E+010  3.240648E+009  1.587373E+006  4.982456E+008  2.183024E+008  9.358471E+003  1.917714E+011
  2.979000E+004  1.925367E+010  1.411117E+012  2.245692E+010  3.234985E+009  1.598593E+006  5.001501E+008  2.189477E+008  9.409824E+003  1.924865E+011
  2.988000E+004  1.884755E+010  1.417125E+012  2.241044E+010  3.230241E+009  1.610133E+006  5.020457E+008  2.195305E+008  9.461613E+003  1.931923E+011
  2.997000E+004  1.844773E+010  1.423133E+012  2.236923E+010  3.226366E+009  1.621984E+006  5.039321E+008  2.200530E+008  9.513823E+003  1.938887E+011
  3.006000E+004  1.805416E+010  1.429139E+012  2.233304E+010  3.223315E+009  1.634139E+006  5.058091E+008  2.205177E+008  9.566439E+003  1.945759E+011
  3.015000E+004  1.766677E+010  1.435145E+012  2.230164E+010  3.221043E+009  1.646590E+006  5.076765E+008  2.209269E+008  9.619444E+003  1.952538E+011
  3.024000E+004  1.728548E+010  1.441152E+012  2.227478E+010  3.219507E+009  1.659330E+006  5.095340E+008  2.212830E+008  9.672824E+003  1.959225E+011
  3.033000E+004  1.691025E+010  1.447159E+012  2.225225E+010  3.218666E+009  1.672353E+006  5.113815E+008  2.215885E+008  9.726564E+003  1.965820E+011
  3.042000E+004  1.654101E+010  1.453169E+012  2.223383E+010  3.218479E+009  1.685650E+006  5.132187E+008  2.218456E+008  9.780650E+003  1.972322E+011
  3.051000E+004  1.617769E+010  1.459180E+012  2.221930E+010  3.218908E+009  1.699217E+006  5.150453E+008  2.220569E+008  9.835068E+003  1.978732E+011
  3.060000E+004  1.582023E+010  1.465194E+012  2.220847E+010  3.219916E+009  1.713045E+006  5.168611E+008  2.222245E+008  9.889803E+003  1.985050E+011
  3.069000E+004  1.546859E+010  1.471211E+012  2.220115E+010  3.221469E+009  1.727130E+006  5.186659E+008  2.223508E+008  9.944842E+003  1.991276E+011
  3.078000E+004  1.512269E+010  1.477231E+012  2.219715E+010  3.223532E+009  1.741464E+006  5.204595E+008  2.224380E+008  1.000017E+004  1.997411E+011
  3.087000E+004  1.478249E+010  1.483256E+012  2.219629E+010  3.226074E+009  1.756042E+006  5.222417E+008  2.224883E+008  1.005578E+004  2.003453E+011
  3.096000E+004  1.444793E+010  1.489284E+012  2.219841E+010  3.229062E+009  1.770859E+006  5.240123E+008  2.225037E+008  1.011165E+004  2.009404E+011
  3.105000E+004  1.411895E+010  1.495317E+012  2.220335E+010  3.232468E+009  1.785908E+006  5.257710E+008  2.224864E+008  1.016778E+004  2.015263E+011
  3.114000E+004  1.379550E+010  1.501354E+012  2.221095E+010  3.236263E+009  1.801184E+006  5.275178E+008  2.224384E+008  1.022414E+004  2.021030E+011
  3.123000E+004  1.347753E+010  1.507396E+012  2.222105E+010  3.240420E+009  1.816683E+006  5.292524E+008  2.223614E+008  1.028074E+004  2.026706E+011
  3.132000E+004  1.316499E+010  1.513444E+012  2.223353E+010  3.244913E+009  1.832399E+006  5.309748E+008  2.222575E+008  1.033755E+004  2.032290E+011
  3.141000E+004  1.285781E+010  1.519497E+012  2.224824E+010  3.249718E+009  1.848328E+006  5.326848E+008  2.221284E+008  1.039457E+004  2.037783E+011
  3.150000E+004  1.255596E+010  1.525556E+012  2.226506E+010  3.254810E+009  1.864465E+006  5.343823E+008  2.219758E+008  1.045178E+004  2.043184E+011
  3.159000E+004  1.225937E+010  1.531620E+012  2.228386E+010  3.260168E+009  1.880806E+006  5.360672E+008  2.218014E+008  1.050918E+004  2.048494E+011
  3.168000E+004  1.196800E+010  1.537690E+012  2.230452E+010  3.265770E+009  1.897346E+006  5.377394E+008  2.216067E+008  1.056676E+004  2.053712E+011
  3.177000E+004  1.168180E+010  1.543767E+012  2.232694E+010  3.271597E+009  1.914082E+006  5.393989E+008  2.213932E+008  1.062450E+004  2.058839E+011
  3.186000E+004  1.140071E+010  1.549849E+012  2.235101E+010  3.277627E+009  1.931010E+006  5.410456E+008  2.211624E+008  1.068239E+004  2.063875E+011
  3.195000E+004  1.112468E+010  1.555937E+012  2.237663E+010  3.283844E+009  1.948126E+006  5.426794E+008  2.209156E+008  1.074043E+004  2.068819E+011
  3.204000E+004  1.085367E+010  1.562032E+012  2.240369E+010  3.290230E+009  1.965427E+006  5.443003E+008  2.206542E+008  1.079861E+004  2.073672E+011
  3.213000E+004  1.058762E+010  1.568133E+012  2.243211E+010  3.296767E+009  1.982909E+006  5.459083E+008  2.203793E+008  1.085691E+004  2.078433E+011
  3.222000E+004  1.032648E+010  1.574240E+012  2.246181E+010  3.303441E+009  2.000569E+006  5.475034E+008  2.200922E+008  1.091533E+004  2.083103E+011
  3.231000E+004  1.007020E+010  1.580354E+012  2.249269E+010  3.310236E+009  2.018405E+006  5.490856E+008  2.197940E+008  1.097387E+004  2.087683E+011
  3.240000E+004  9.818730E+009  1.586473E+012  2.252468E+010  3.317139E+009  2.036413E+006  5.506548E+008  2.194856E+008  1.103250E+004  2.092171E+011
  3.249000E+004  9.572020E+009  1.592599E+012  2.255771E+010  3.324136E+009  2.054590E+006  5.522111E+008  2.191681E+008  1.109123E+004  2.096568E+011
  3.258000E+004  9.330017E+009  1.598732E+012  2.259170E+010  3.331214E+009  2.072934E+006  5.537546E+008  2.188425E+008  1.115005E+004  2.100874E+011
  3.267000E+004  9.092672E+009  1.604870E+012  2.262658E+010  3.338361E+009  2.091443E+006  5.552851E+008  2.185096E+008  1.120894E+004  2.105088E+011
  3.276000E+004  8.859933E+009  1.611015E+012  2.266230E+010  3.345566E+009  2.110114E+006  5.568029E+008  2.181703E+008  1.126791E+004  2.109213E+011
  3.285000E+004  8.631748E+009  1.617166E+012  2.269879E+010  3.352819E+009  2.128944E+006  5.583078E+008  2.178254E+008  1.132694E+004  2.113246E+011
  3.294000E+004  8.408067E+009  1.623322E+012  2.273600E+010  3.360109E+009  2.147933E+006  5.598000E+008  2.174755E+008  1.138602E+004  2.117188E+011
  3.303000E+004  8.188838E+009  1.629485E+012  2.277387E+010  3.367427E+009  2.167077E+006  5.612795E+008  2.171214E+008  1.144516E+004  2.121040E+011
  3.312000E+004  7.974008E+009  1.635653E+012  2.281236E+010  3.374764E+009  2.186375E+006  5.627464E+008  2.167637E+008  1.150434E+004  2.124802E+011
  3.321000E+004  7.763527E+009  1.641827E+012  2.285140E+010  3.382112E+009  2.205824E+006  5.642006E+008  2.164030E+008  1.156356E+004  2.128473E+011
  3.330000E+004  7.557343E+009  1.648007E+012  2.289097E+010  3.389462E+009  2.225424E+006  5.656423E+008  2.160400E+008  1.162281E+004  2.132054E+011
  3.339000E+004  7.355402E+009  1.654192E+012  2.293100E+010  3.396809E+009  2.245173E+006  5.670716E+008  2.156751E+008  1.168209E+004  2.135544E+011
  3.348000E+004  7.157654E+009  1.660383E+012  2.297148E+010  3.404144E+009  2.265068E+006  5.684884E+008  2.153088E+008  1.174138E+004  2.138945E+011
  3.357000E+004  6.964046E+009  1.666579E+012  2.301235E+010  3.411461E+009  2.285110E+006  5.698928E+008  2.149417E+008  1.180069E+004  2.142255E+011
  3.366000E+004  6.774524E+009  1.672780E+012  2.305358E+010  3.418755E+009  2.305295E+006  5.712850E+008  2.145740E+008  1.186001E+004  2.145476E+011
  3.375000E+004  6.589037E+009  1.678985E+012  2.309513E+010  3.426019E+009  2.325623E+006  5.726649E+008  2.142063E+008  1.191933E+004  2.148607E+011
  3.384000E+004  6.407532E+009  1.685196E+012  2.313699E+010  3.433250E+009  2.346093E+006  5.740326E+008  2.138389E+008  1.197865E+004  2.151649E+011
  3.393000E+004  6.229955E+009  1.691411E+012  2.317911E+010  3.440441E+009  2.366703E+006  5.753883E+008  2.134721E+008  1.203795E+004  2.154601E+011
  3.402000E+004  6.056255E+009  1.697631E+012  2.322147E+010  3.447590E+009  2.387453E+006  5.767318E+008  2.131062E+008  1.209725E+004  2.157465E+011
  3.411000E+004  5.886377E+009  1.703855E+012  2.326405E+010  3.454690E+009  2.408341E+006  5.780634E+008  2.127416E+008  1.215653E+004  2.160239E+011
  3.420000E+004  5.720270E+009  1.710083E+012  2.330681E+010  3.461740E+009  2.429366E+006  5.793831E+008  2.123785E+008  1.221578E+004  2.162925E+011
  3.429000E+004  5.557878E+009  1.716315E+012  2.334975E+010  3.468735E+009  2.450527E+006  5.806908E+008  2.120171E+008  1.227501E+004  2.165523E+011
  3.438000E+004  5.399151E+009  1.722551E+012  2.339283E+010  3.475673E+009  2.471824E+006  5.819868E+008  2.116577E+008  1.233421E+004  2.168032E+011
  3.447000E+004  5.244034E+009  1.728791E+012  2.343604E+010  3.482551E+009  2.493255E+006  5.832710E+008  2.113004E+008  1.239337E+004  2.170453E+011
  3.456000E+004  5.092473E+009  1.735034E+012  2.347936E+010  3.489365E+009  2.514819E+006  5.845434E+008  2.109456E+008  1.245249E+004  2.172786E+011
  3.465000E+004  4.944417E+009  1.741280E+012  2.352277E+010  3.496115E+009  2.536517E+006  5.858042E+008  2.105932E+008  1.251156E+004  2.175032E+011
  3.474000E+004  4.799811E+009  1.747530E+012  2.356626E+010  3.502797E+009  2.558347E+006  5.870534E+008  2.102435E+008  1.257059E+004  2.177190E+011
  3.483000E+004  4.658603E+009  1.753782E+012  2.360982E+010  3.509411E+009  2.580308E+006  5.882910E+008  2.098967E+008  1.262956E+004  2.179262E+011
  3.492000E+004  4.520739E+009  1.760037E+012  2.365343E+010  3.515955E+009  2.602400E+006  5.895171E+008  2.095527E+008  1.268848E+004  2.181247E+011
  3.501000E+004  4.386166E+009  1.766295E+012  2.369709E+010  3.522427E+009  2.624621E+006  5.907317E+008  2.092118E+008  1.274733E+004  2.183145E+011
  3.510000E+004  4.254833E+009  1.772555E+012  2.374077E+010  3.528826E+009  2.646973E+006  5.919348E+008  2.088740E+008  1.280612E+004  2.184957E+011
  3.519000E+004  4.126685E+009  1.778817E+012  2.378448E+010  3.535152E+009  2.669452E+006  5.931265E+008  2.085394E+008  1.286485E+004  2.186684E+011
  3.528000E+004  4.001670E+009  1.785082E+012  2.382820E+010  3.541403E+009  2.692060E+006  5.943068E+008  2.082081E+008  1.292350E+004  2.188324E+011
  3.537000E+004  3.879736E+009  1.791348E+012  2.387193E+010  3.547580E+009  2.714796E+006  5.954757E+008  2.078801E+008  1.298208E+004  2.189880E+011
  3.546000E+004  3.760830E+009  1.797616E+012  2.391566E+010  3.553681E+009  2.737658E+006  5.966333E+008  2.075555E+008  1.304058E+004  2.191351E+011
  3.555000E+004  3.644900E+009  1.803885E+012  2.395938E+010  3.559707E+009  2.760647E+006  5.977796E+008  2.072343E+008  1.309900E+004  2.192737E+011
  3.564000E+004  3.531895E+009  1.810155E+012  2.400310E+010  3.565658E+009  2.783761E+006  5.989147E+008  2.069165E+008  1.315733E+004  2.194039E+011
  3.573000E+004  3.421762E+009  1.816427E+012  2.404680E+010  3.571533E+009  2.807001E+006  6.000384E+008  2.066022E+008  1.321558E+004  2.195257E+011
  3.582000E+004  3.314450E+009  1.822700E+012  2.409049E+010  3.577332E+009  2.830365E+006  6.011509E+008  2.062913E+008  1.327373E+004  2.196392E+011
  3.591000E+004  3.209909E+009  1.828973E+012  2.413415E+010  3.583057E+009  2.853854E+006  6.022521E+008  2.059840E+008  1.333179E+004  2.197444E+011
  3.600000E+004  3.108086E+009  1.835247E+012  2.417780E+010  3.588707E+009  2.877465E+006  6.033421E+008  2.056801E+008  1.338976E+004  2.198413E+011
  3.609000E+004  3.008932E+009  1.841521E+012  2.422142E+010  3.594284E+009  2.901200E+006  6.044209E+008  2.053796E+008  1.344762E+004  2.199300E+011
  3.618000E+004  2.912396E+009  1.847795E+012  2.426502E+010  3.599787E+009  2.925057E+006  6.054885E+008  2.050826E+008  1.350538E+004  2.200104E+011
  3.627000E+004  2.818429E+009  1.854069E+012  2.430860E+010  3.605217E+009  2.949036E+006  6.065449E+008  2.047891E+008  1.356304E+004  2.200828E+011
  3.636000E+004  2.726980E+009  1.860343E+012  2.435215E+010  3.610576E+009  2.973136E+006  6.075900E+008  2.044989E+008  1.362059E+004  2.201470E+011
  3.645000E+004  2.638000E+009  1.866617E+012  2.439569E+010  3.615864E+009  2.997356E+006  6.086239E+008  2.042121E+008  1.367802E+004  2.202032E+011
  3.654000E+004  2.551441E+009  1.872890E+012  2.443920E+010  3.621082E+009  3.021696E+006  6.096466E+008  2.039287E+008  1.373535E+004  2.202513E+011
  3.663000E+004  2.467254E+009  1.879163E+012  2.448269E+010  3.626231E+009  3.046156E+006  6.106581E+008  2.036485E+008  1.379256E+004  2.202915E+011
  3.672000E+004  2.385391E+009  1.885435E+012  2.452617E+010  3.631313E+009  3.070734E+006  6.116583E+008  2.033716E+008  1.384965E+004  2.203238E+011
  3.681000E+004  2.305805E+009  1.891705E+012  2.456963E+010  3.636328E+009  3.095429E+006  6.126473E+008  2.030980E+008  1.390662E+004  2.203481E+011
  3.690000E+004  2.228447E+009  1.897975E+012  2.461308E+010  3.641277E+009  3.120242E+006  6.136250E+008  2.028275E+008  1.396346E+004  2.203646E+011
  3.699000E+004  2.153272E+009  1.904243E+012  2.465653E+010  3.646163E+009  3.145171E+006  6.145915E+008  2.025601E+008  1.402018E+004  2.203734E+011
  3.708000E+004  2.080233E+009  1.910509E+012  2.469997E+010  3.650985E+009  3.170215E+006  6.155466E+008  2.022958E+008  1.407678E+004  2.203744E+011
  3.717000E+004  2.009284E+009  1.916774E+012  2.474340E+010  3.655746E+009  3.195374E+006  6.164904E+008  2.020344E+008  1.413324E+004  2.203677E+011
  3.726000E+004  1.940380E+009  1.923037E+012  2.478684E+010  3.660447E+009  3.220648E+006  6.174229E+008  2.017761E+008  1.418957E+004  2.203533E+011
  3.735000E+004  1.873476E+009  1.929298E+012  2.483029E+010  3.665089E+009  3.246033E+006  6.183441E+008  2.015206E+008  1.424576E+004  2.203314E+011
  3.744000E+004  1.808527E+009  1.935556E+012  2.487375E+010  3.669674E+009  3.271531E+006  6.192538E+008  2.012680E+008  1.430182E+004  2.203019E+011
  3.753000E+004  1.745491E+009  1.941813E+012  2.491722E+010  3.674202E+009  3.297140E+006  6.201521E+008  2.010181E+008  1.435773E+004  2.202649E+011
  3.762000E+004  1.684323E+009  1.948066E+012  2.496071E+010  3.678676E+009  3.322858E+006  6.210390E+008  2.007710E+008  1.441351E+004  2.202205E+011
  3.771000E+004  1.624980E+009  1.954317E+012  2.500423E+010  3.683097E+009  3.348686E+006  6.219145E+008  2.005265E+008  1.446914E+004  2.201687E+011
  3.780000E+004  1.567421E+009  1.960566E+012  2.504778E+010  3.687466E+009  3.374621E+006  6.227784E+008  2.002846E+008  1.452462E+004  2.201095E+011
  3.789000E+004  1.511605E+009  1.966811E+012  2.509136E+010  3.691785E+009  3.400663E+006  6.236308E+008  2.000452E+008  1.457996E+004  2.200431E+011
  3.798000E+004  1.457488E+009  1.973053E+012  2.513498E+010  3.696055E+009  3.426811E+006  6.244716E+008  1.998082E+008  1.463515E+004  2.199695E+011
  3.807000E+004  1.405032E+009  1.979292E+012  2.517864E+010  3.700277E+009  3.453062E+006  6.253008E+008  1.995737E+008  1.469018E+004  2.198886E+011
  3.816000E+004  1.354196E+009  1.985528E+012  2.522236E+010  3.704454E+009  3.479417E+006  6.261184E+008  1.993415E+008  1.474506E+004  2.198007E+011
  3.825000E+004  1.304941E+009  1.991760E+012  2.526613E+010  3.708585E+009  3.505873E+006  6.269243E+008  1.991115E+008  1.479978E+004  2.197057E+011
  3.834000E+004  1.257227E+009  1.997988E+012  2.530995E+010  3.712674E+009  3.532428E+006  6.277184E+008  1.988838E+008  1.485435E+004  2.196037E+011
  3.843000E+004  1.211017E+009  2.004213E+012  2.535384E+010  3.716720E+009  3.559083E+006  6.285008E+008  1.986581E+008  1.490875E+004  2.194948E+011
  3.852000E+004  1.166273E+009  2.010433E+012  2.539780E+010  3.720725E+009  3.585834E+006  6.292714E+008  1.984346E+008  1.496299E+004  2.193789E+011
  3.861000E+004  1.122958E+009  2.016649E+012  2.544183E+010  3.724692E+009  3.612681E+006  6.300302E+008  1.982131E+008  1.501706E+004  2.192563E+011
  3.870000E+004  1.081035E+009  2.022862E+012  2.548594E+010  3.728620E+009  3.639622E+006  6.307771E+008  1.979935E+008  1.507097E+004  2.191268E+011
  3.879000E+004  1.040468E+009  2.029069E+012  2.553014E+010  3.732511E+009  3.666654E+006  6.315120E+008  1.977758E+008  1.512471E+004  2.189907E+011
  3.888000E+004  1.001222E+009  2.035273E+012  2.557442E+010  3.736367E+009  3.693776E+006  6.322350E+008  1.975599E+008  1.517828E+004  2.188479E+011
  3.897000E+004  9.632633E+008  2.041471E+012  2.561879E+010  3.740189E+009  3.720987E+006  6.329459E+008  1.973458E+008  1.523167E+004  2.186985E+011
  3.906000E+004  9.265563E+008  2.047665E+012  2.566326E+010  3.743977E+009  3.748284E+006  6.336447E+008  1.971334E+008  1.528489E+004  2.185425E+011
  3.915000E+004  8.910682E+008  2.053854E+012  2.570784E+010  3.747732E+009  3.775665E+006  6.343315E+008  1.969227E+008  1.533793E+004  2.183801E+011
  3.924000E+004  8.567658E+008  2.060038E+012  2.575251E+010  3.751457E+009  3.803129E+006  6.350060E+008  1.967136E+008  1.539079E+004  2.182113E+011
  3.933000E+004  8.236170E+008  2.066217E+012  2.579730E+010  3.755152E+009  3.830673E+006  6.356683E+008  1.965060E+008  1.544347E+004  2.180362E+011
  3.942000E+004  7.915901E+008  2.072391E+012  2.584219E+010  3.758817E+009  3.858293E+006  6.363183E+008  1.962999E+008  1.549596E+004  2.178547E+011
  3.951000E+004  7.606539E+008  2.078559E+012  2.588721E+010  3.762455E+009  3.885990E+006  6.369561E+008  1.960952E+008  1.554827E+004  2.176671E+011
  3.960000E+004  7.307779E+008  2.084722E+012  2.593234E+010  3.766064E+009  3.913760E+006  6.375814E+008  1.958920E+008  1.560039E+004  2.174732E+011
  3.969000E+004  7.019322E+008  2.090879E+012  2.597759E+010  3.769648E+009  3.941599E+006  6.381943E+008  1.956901E+008  1.565232E+004  2.172733E+011
  3.978000E+004  6.740874E+008  2.097031E+012  2.602297E+010  3.773206E+009  3.969508E+006  6.387947E+008  1.954895E+008  1.570405E+004  2.170673E+011
  3.987000E+004  6.472149E+008  2.103176E+012  2.606848E+010  3.776738E+009  3.997481E+006  6.393825E+008  1.952901E+008  1.575559E+004  2.168554E+011
  3.996000E+004  6.212865E+008  2.109316E+012  2.611412E+010  3.780247E+009  4.025517E+006  6.399578E+008  1.950919E+008  1.580694E+004  2.166375E+011
  4.005000E+004  5.962746E+008  2.115450E+012  2.615990E+010  3.783732E+009  4.053612E+006  6.405203E+008  1.948949E+008  1.585808E+004  2.164139E+011
  4.014000E+004  5.721523E+008  2.121577E+012  2.620580E+010  3.787194E+009  4.081765E+006  6.410702E+008  1.946991E+008  1.590903E+004  2.161844E+011
  4.023000E+004  5.488931E+008  2.127698E+012  2.625185E+010  3.790633E+009  4.109971E+006  6.416073E+008  1.945043E+008  1.595977E+004  2.159492E+011
  4.032000E+004  5.264713E+008  2.133813E+012  2.629804E+010  3.794050E+009  4.138228E+006  6.421316E+008  1.943106E+008  1.601030E+004  2.157084E+011
  4.041000E+004  5.048614E+008  2.139921E+012  2.634436E+010  3.797446E+009  4.166532E+006  6.426430E+008  1.941178E+008  1.606062E+004  2.154620E+011
  4.050000E+004  4.840389E+008  2.146023E+012  2.639083E+010  3.800821E+009  4.194881E+006  6.431414E+008  1.939261E+008  1.611074E+004  2.152101E+011
  4.059000E+004  4.639796E+008  2.152118E+012  2.643744E+010  3.804174E+009  4.223271E+006  6.436269E+008  1.937353E+008  1.616064E+004  2.149527E+011
  4.068000E+004  4.446599E+008  2.158206E+012  2.648420E+010  3.807507E+009  4.251699E+006  6.440993E+008  1.935454E+008  1.621032E+004  2.146900E+011
  4.077000E+004  4.260567E+008  2.164287E+012  2.653110E+010  3.810820E+009  4.280160E+006  6.445585E+008  1.933564E+008  1.625979E+004  2.144219E+011
  4.086000E+004  4.081476E+008  2.170361E+012  2.657814E+010  3.814113E+009  4.308652E+006  6.450046E+008  1.931683E+008  1.630904E+004  2.141486E+011
  4.095000E+004  3.909105E+008  2.176428E+012  2.662533E+010  3.817385E+009  4.337171E+006  6.454374E+008  1.929810E+008  1.635806E+004  2.138701E+011
  4.104000E+004  3.743241E+008  2.182488E+012  2.667267E+010  3.820637E+009  4.365712E+006  6.458570E+008  1.927945E+008  1.640686E+004  2.135865E+011
  4.113000E+004  3.583673E+008  2.188541E+012  2.672014E+010  3.823870E+009  4.394273E+006  6.462632E+008  1.926088E+008  1.645543E+004  2.132979E+011
  4.122000E+004  3.430199E+008  2.194586E+012  2.676776E+010  3.827082E+009  4.422850E+006  6.466559E+008  1.924239E+008  1.650377E+004  2.130043E+011
  4.131000E+004  3.282619E+008  2.200623E+012  2.681552E+010  3.830274E+009  4.451437E+006  6.470352E+008  1.922397E+008  1.655187E+004  2.127057E+011
  4.140000E+004  3.140739E+008  2.206653E+012  2.686343E+010  3.833446E+009  4.480031E+006  6.474009E+008  1.920563E+008  1.659974E+004  2.124024E+011
  4.149000E+004  3.004371E+008  2.212675E+012  2.691147E+010  3.836598E+009  4.508629E+006  6.477531E+008  1.918735E+008  1.664738E+004  2.120943E+011
  4.158000E+004  2.873330E+008  2.218689E+012  2.695965E+010  3.839729E+009  4.537224E+006  6.480916E+008  1.916915E+008  1.669477E+004  2.117814E+011
  4.167000E+004  2.747436E+008  2.224695E+012  2.700796E+010  3.842838E+009  4.565814E+006  6.484163E+008  1.915101E+008  1.674192E+004  2.114640E+011
  4.176000E+004  2.626517E+008  2.230693E+012  2.705641E+010  3.845927E+009  4.594393E+006  6.487273E+008  1.913294E+008  1.678882E+004  2.111419E+011
  4.185000E+004  2.510401E+008  2.236683E+012  2.710499E+010  3.848994E+009  4.622957E+006  6.490244E+008  1.911494E+008  1.683547E+004  2.108154E+011
  4.194000E+004  2.398924E+008  2.242665E+012  2.715370E+010  3.852039E+009  4.651502E+006  6.493077E+008  1.909700E+008  1.688187E+004  2.104845E+011
  4.203000E+004  2.291925E+008  2.248638E+012  2.720253E+010  3.855061E+009  4.680023E+006  6.495769E+008  1.907912E+008  1.692802E+004  2.101492E+011
  4.212000E+004  2.189247E+008  2.254603E+012  2.725149E+010  3.858060E+009  4.708515E+006  6.498322E+008  1.906131E+008  1.697391E+004  2.098096E+011
  4.221000E+004  2.090740E+008  2.260560E+012  2.730056E+010  3.861035E+009  4.736972E+006  6.500734E+008  1.904356E+008  1.701954E+004  2.094659E+011
  4.230000E+004  1.996254E+008  2.266508E+012  2.734975E+010  3.863987E+009  4.765391E+006  6.503004E+008  1.902588E+008  1.706490E+004  2.091179E+011
  4.239000E+004  1.905647E+008  2.272447E+012  2.739905E+010  3.866913E+009  4.793766E+006  6.505132E+008  1.900825E+008  1.711001E+004  2.087659E+011
  4.248000E+004  1.818780E+008  2.278377E+012  2.744846E+010  3.869814E+009  4.822091E+006  6.507118E+008  1.899069E+008  1.715484E+004  2.084100E+011
  4.257000E+004  1.735518E+008  2.284298E+012  2.749798E+010  3.872689E+009  4.850363E+006  6.508961E+008  1.897318E+008  1.719940E+004  2.080501E+011
  4.266000E+004  1.655728E+008  2.290210E+012  2.754759E+010  3.875537E+009  4.878575E+006  6.510660E+008  1.895574E+008  1.724369E+004  2.076863E+011
  4.275000E+004  1.579285E+008  2.296113E+012  2.759729E+010  3.878357E+009  4.906722E+006  6.512215E+008  1.893836E+008  1.728770E+004  2.073187E+011
  4.284000E+004  1.506065E+008  2.302007E+012  2.764709E+010  3.881148E+009  4.934799E+006  6.513625E+008  1.892104E+008  1.733143E+004  2.069475E+011
  4.293000E+004  1.435947E+008  2.307892E+012  2.769697E+010  3.883911E+009  4.962801E+006  6.514889E+008  1.890378E+008  1.737488E+004  2.065726E+011
  4.302000E+004  1.368816E+008  2.313767E+012  2.774693E+010  3.886643E+009  4.990720E+006  6.516008E+008  1.888658E+008  1.741804E+004  2.061941E+011
  4.311000E+004  1.304559E+008  2.319633E+012  2.779697E+010  3.889344E+009  5.018554E+006  6.516980E+008  1.886944E+008  1.746091E+004  2.058121E+011
  4.320000E+004  1.243068E+008  2.325489E+012  2.784708E+010  3.892013E+009  5.046295E+006  6.517805E+008  1.885236E+008  1.750349E+004  2.054267E+011
